[0.047s] Invoking command in '/home/samar/takwa_ws/build/kobuki_core': CMAKE_PREFIX_PATH=${CMAKE_PREFIX_PATH}:/home/samar/takwa_ws/install/slam_launch:/home/samar/takwa_ws/install/nav2_launch:/home/samar/takwa_ws/install/mon_package:/home/samar/takwa_ws/install/follow_waypoints:/opt/ros/iron /usr/bin/cmake --build /home/samar/takwa_ws/build/kobuki_core -- -j4 -l4
[0.861s] [ 41%] Built target kobuki_core
[0.862s] [ 47%] Built target kobuki_core_demo_chirp
[0.862s] [ 52%] Built target kobuki_core_demo_custom_logging
[0.862s] [ 58%] Built target kobuki_core_demo_buttons
[0.865s] [ 67%] Built target kobuki_core_demo_log_levels
[0.865s] [ 70%] Built target kobuki_core_demo_data_stream
[0.865s] [ 76%] Built target kobuki_core_demo_velocity_commands
[0.866s] [ 82%] Built target kobuki_core_demo_simple_loop
[0.866s] [ 88%] Built target kobuki_core_tool_version_info
[0.866s] [ 94%] Built target kobuki_core_demo_raw_data_stream
[0.866s] [100%] Built target kobuki_core_tool_simple_keyop
[1.247s] Invoked command in '/home/samar/takwa_ws/build/kobuki_core' returned '0': CMAKE_PREFIX_PATH=${CMAKE_PREFIX_PATH}:/home/samar/takwa_ws/install/slam_launch:/home/samar/takwa_ws/install/nav2_launch:/home/samar/takwa_ws/install/mon_package:/home/samar/takwa_ws/install/follow_waypoints:/opt/ros/iron /usr/bin/cmake --build /home/samar/takwa_ws/build/kobuki_core -- -j4 -l4
[1.337s] Invoking command in '/home/samar/takwa_ws/build/kobuki_core': CMAKE_PREFIX_PATH=${CMAKE_PREFIX_PATH}:/home/samar/takwa_ws/install/slam_launch:/home/samar/takwa_ws/install/nav2_launch:/home/samar/takwa_ws/install/mon_package:/home/samar/takwa_ws/install/follow_waypoints:/opt/ros/iron /usr/bin/cmake --install /home/samar/takwa_ws/build/kobuki_core
[1.364s] -- Install configuration: ""
[1.365s] -- Up-to-date: /home/samar/takwa_ws/install/kobuki_core/include
[1.369s] -- Up-to-date: /home/samar/takwa_ws/install/kobuki_core/include/CMakeLists.txt
[1.369s] -- Up-to-date: /home/samar/takwa_ws/install/kobuki_core/include/kobuki_core
[1.371s] -- Up-to-date: /home/samar/takwa_ws/install/kobuki_core/include/kobuki_core/kobuki.hpp
[1.372s] -- Up-to-date: /home/samar/takwa_ws/install/kobuki_core/include/kobuki_core/parameters.hpp
[1.373s] -- Up-to-date: /home/samar/takwa_ws/install/kobuki_core/include/kobuki_core/dock_drive.hpp
[1.374s] -- Up-to-date: /home/samar/takwa_ws/install/kobuki_core/include/kobuki_core/modules
[1.374s] -- Up-to-date: /home/samar/takwa_ws/install/kobuki_core/include/kobuki_core/modules/battery.hpp
[1.375s] -- Up-to-date: /home/samar/takwa_ws/install/kobuki_core/include/kobuki_core/modules/digital_output.hpp
[1.376s] -- Up-to-date: /home/samar/takwa_ws/install/kobuki_core/include/kobuki_core/modules/sound.hpp
[1.376s] -- Up-to-date: /home/samar/takwa_ws/install/kobuki_core/include/kobuki_core/modules/led_array.hpp
[1.376s] -- Up-to-date: /home/samar/takwa_ws/install/kobuki_core/include/kobuki_core/modules/acceleration_limiter.hpp
[1.378s] -- Up-to-date: /home/samar/takwa_ws/install/kobuki_core/include/kobuki_core/modules/diff_drive.hpp
[1.379s] -- Up-to-date: /home/samar/takwa_ws/install/kobuki_core/include/kobuki_core/command.hpp
[1.380s] -- Up-to-date: /home/samar/takwa_ws/install/kobuki_core/include/kobuki_core/event_manager.hpp
[1.380s] -- Up-to-date: /home/samar/takwa_ws/install/kobuki_core/include/kobuki_core/modules.hpp
[1.381s] -- Up-to-date: /home/samar/takwa_ws/install/kobuki_core/include/kobuki_core/logging.hpp
[1.381s] -- Up-to-date: /home/samar/takwa_ws/install/kobuki_core/include/kobuki_core/packets.hpp
[1.381s] -- Up-to-date: /home/samar/takwa_ws/install/kobuki_core/include/kobuki_core/packet_handler
[1.381s] -- Up-to-date: /home/samar/takwa_ws/install/kobuki_core/include/kobuki_core/packet_handler/payload_base.hpp
[1.385s] -- Up-to-date: /home/samar/takwa_ws/install/kobuki_core/include/kobuki_core/packet_handler/payload_headers.hpp
[1.387s] -- Up-to-date: /home/samar/takwa_ws/install/kobuki_core/include/kobuki_core/packet_handler/packet_finder.hpp
[1.387s] -- Up-to-date: /home/samar/takwa_ws/install/kobuki_core/include/kobuki_core/packets
[1.387s] -- Up-to-date: /home/samar/takwa_ws/install/kobuki_core/include/kobuki_core/packets/eeprom.hpp
[1.388s] -- Up-to-date: /home/samar/takwa_ws/install/kobuki_core/include/kobuki_core/packets/gp_input.hpp
[1.389s] -- Up-to-date: /home/samar/takwa_ws/install/kobuki_core/include/kobuki_core/packets/controller_info.hpp
[1.390s] -- Up-to-date: /home/samar/takwa_ws/install/kobuki_core/include/kobuki_core/packets/dock_ir.hpp
[1.391s] -- Up-to-date: /home/samar/takwa_ws/install/kobuki_core/include/kobuki_core/packets/inertia.hpp
[1.391s] -- Up-to-date: /home/samar/takwa_ws/install/kobuki_core/include/kobuki_core/packets/three_axis_gyro.hpp
[1.391s] -- Up-to-date: /home/samar/takwa_ws/install/kobuki_core/include/kobuki_core/packets/core_sensors.hpp
[1.392s] -- Up-to-date: /home/samar/takwa_ws/install/kobuki_core/include/kobuki_core/packets/current.hpp
[1.392s] -- Up-to-date: /home/samar/takwa_ws/install/kobuki_core/include/kobuki_core/packets/firmware.hpp
[1.393s] -- Up-to-date: /home/samar/takwa_ws/install/kobuki_core/include/kobuki_core/packets/hardware.hpp
[1.393s] -- Up-to-date: /home/samar/takwa_ws/install/kobuki_core/include/kobuki_core/packets/cliff.hpp
[1.394s] -- Up-to-date: /home/samar/takwa_ws/install/kobuki_core/include/kobuki_core/packets/unique_device_id.hpp
[1.394s] -- Up-to-date: /home/samar/takwa_ws/install/kobuki_core/include/kobuki_core/version_info.hpp
[1.394s] -- Up-to-date: /home/samar/takwa_ws/install/kobuki_core/include/kobuki_core/macros.hpp
[1.395s] -- Up-to-date: /home/samar/takwa_ws/install/kobuki_core/share/kobuki_core/environment/library_path.sh
[1.396s] -- Up-to-date: /home/samar/takwa_ws/install/kobuki_core/share/kobuki_core/environment/library_path.dsv
[1.396s] -- Up-to-date: /home/samar/takwa_ws/install/kobuki_core/share/ament_index/resource_index/package_run_dependencies/kobuki_core
[1.396s] -- Up-to-date: /home/samar/takwa_ws/install/kobuki_core/share/ament_index/resource_index/parent_prefix_path/kobuki_core
[1.396s] -- Up-to-date: /home/samar/takwa_ws/install/kobuki_core/share/kobuki_core/environment/ament_prefix_path.sh
[1.397s] -- Up-to-date: /home/samar/takwa_ws/install/kobuki_core/share/kobuki_core/environment/ament_prefix_path.dsv
[1.397s] -- Up-to-date: /home/samar/takwa_ws/install/kobuki_core/share/kobuki_core/environment/path.sh
[1.398s] -- Up-to-date: /home/samar/takwa_ws/install/kobuki_core/share/kobuki_core/environment/path.dsv
[1.398s] -- Up-to-date: /home/samar/takwa_ws/install/kobuki_core/share/kobuki_core/local_setup.bash
[1.400s] -- Up-to-date: /home/samar/takwa_ws/install/kobuki_core/share/kobuki_core/local_setup.sh
[1.400s] -- Up-to-date: /home/samar/takwa_ws/install/kobuki_core/share/kobuki_core/local_setup.zsh
[1.400s] -- Up-to-date: /home/samar/takwa_ws/install/kobuki_core/share/kobuki_core/local_setup.dsv
[1.400s] -- Installing: /home/samar/takwa_ws/install/kobuki_core/share/kobuki_core/package.dsv
[1.401s] -- Up-to-date: /home/samar/takwa_ws/install/kobuki_core/share/ament_index/resource_index/packages/kobuki_core
[1.402s] -- Up-to-date: /home/samar/takwa_ws/install/kobuki_core/share/kobuki_core/cmake/kobuki_coreExport.cmake
[1.402s] -- Up-to-date: /home/samar/takwa_ws/install/kobuki_core/share/kobuki_core/cmake/kobuki_coreExport-noconfig.cmake
[1.402s] -- Up-to-date: /home/samar/takwa_ws/install/kobuki_core/share/kobuki_core/cmake/ament_cmake_export_targets-extras.cmake
[1.402s] -- Up-to-date: /home/samar/takwa_ws/install/kobuki_core/share/kobuki_core/cmake/ament_cmake_export_dependencies-extras.cmake
[1.402s] -- Up-to-date: /home/samar/takwa_ws/install/kobuki_core/share/kobuki_core/cmake/ament_cmake_export_include_directories-extras.cmake
[1.403s] -- Up-to-date: /home/samar/takwa_ws/install/kobuki_core/share/kobuki_core/cmake/ament_cmake_export_libraries-extras.cmake
[1.404s] -- Up-to-date: /home/samar/takwa_ws/install/kobuki_core/share/kobuki_core/cmake/kobuki_coreConfig.cmake
[1.404s] -- Up-to-date: /home/samar/takwa_ws/install/kobuki_core/share/kobuki_core/cmake/kobuki_coreConfig-version.cmake
[1.404s] -- Up-to-date: /home/samar/takwa_ws/install/kobuki_core/share/kobuki_core/package.xml
[1.405s] -- Up-to-date: /home/samar/takwa_ws/install/kobuki_core/include/kobuki_core
[1.405s] -- Up-to-date: /home/samar/takwa_ws/install/kobuki_core/include/kobuki_core/kobuki.hpp
[1.405s] -- Up-to-date: /home/samar/takwa_ws/install/kobuki_core/include/kobuki_core/parameters.hpp
[1.405s] -- Up-to-date: /home/samar/takwa_ws/install/kobuki_core/include/kobuki_core/dock_drive.hpp
[1.406s] -- Up-to-date: /home/samar/takwa_ws/install/kobuki_core/include/kobuki_core/modules
[1.406s] -- Up-to-date: /home/samar/takwa_ws/install/kobuki_core/include/kobuki_core/modules/battery.hpp
[1.406s] -- Up-to-date: /home/samar/takwa_ws/install/kobuki_core/include/kobuki_core/modules/digital_output.hpp
[1.407s] -- Up-to-date: /home/samar/takwa_ws/install/kobuki_core/include/kobuki_core/modules/sound.hpp
[1.408s] -- Up-to-date: /home/samar/takwa_ws/install/kobuki_core/include/kobuki_core/modules/led_array.hpp
[1.408s] -- Up-to-date: /home/samar/takwa_ws/install/kobuki_core/include/kobuki_core/modules/acceleration_limiter.hpp
[1.408s] -- Up-to-date: /home/samar/takwa_ws/install/kobuki_core/include/kobuki_core/modules/diff_drive.hpp
[1.408s] -- Up-to-date: /home/samar/takwa_ws/install/kobuki_core/include/kobuki_core/command.hpp
[1.409s] -- Up-to-date: /home/samar/takwa_ws/install/kobuki_core/include/kobuki_core/event_manager.hpp
[1.410s] -- Up-to-date: /home/samar/takwa_ws/install/kobuki_core/include/kobuki_core/modules.hpp
[1.410s] -- Up-to-date: /home/samar/takwa_ws/install/kobuki_core/include/kobuki_core/logging.hpp
[1.410s] -- Up-to-date: /home/samar/takwa_ws/install/kobuki_core/include/kobuki_core/packets.hpp
[1.410s] -- Up-to-date: /home/samar/takwa_ws/install/kobuki_core/include/kobuki_core/packet_handler
[1.410s] -- Up-to-date: /home/samar/takwa_ws/install/kobuki_core/include/kobuki_core/packet_handler/payload_base.hpp
[1.411s] -- Up-to-date: /home/samar/takwa_ws/install/kobuki_core/include/kobuki_core/packet_handler/payload_headers.hpp
[1.412s] -- Up-to-date: /home/samar/takwa_ws/install/kobuki_core/include/kobuki_core/packet_handler/packet_finder.hpp
[1.412s] -- Up-to-date: /home/samar/takwa_ws/install/kobuki_core/include/kobuki_core/packets
[1.412s] -- Up-to-date: /home/samar/takwa_ws/install/kobuki_core/include/kobuki_core/packets/eeprom.hpp
[1.412s] -- Up-to-date: /home/samar/takwa_ws/install/kobuki_core/include/kobuki_core/packets/gp_input.hpp
[1.412s] -- Up-to-date: /home/samar/takwa_ws/install/kobuki_core/include/kobuki_core/packets/controller_info.hpp
[1.412s] -- Up-to-date: /home/samar/takwa_ws/install/kobuki_core/include/kobuki_core/packets/dock_ir.hpp
[1.412s] -- Up-to-date: /home/samar/takwa_ws/install/kobuki_core/include/kobuki_core/packets/inertia.hpp
[1.414s] -- Up-to-date: /home/samar/takwa_ws/install/kobuki_core/include/kobuki_core/packets/three_axis_gyro.hpp
[1.414s] -- Up-to-date: /home/samar/takwa_ws/install/kobuki_core/include/kobuki_core/packets/core_sensors.hpp
[1.414s] -- Up-to-date: /home/samar/takwa_ws/install/kobuki_core/include/kobuki_core/packets/current.hpp
[1.414s] -- Up-to-date: /home/samar/takwa_ws/install/kobuki_core/include/kobuki_core/packets/firmware.hpp
[1.414s] -- Up-to-date: /home/samar/takwa_ws/install/kobuki_core/include/kobuki_core/packets/hardware.hpp
[1.416s] -- Up-to-date: /home/samar/takwa_ws/install/kobuki_core/include/kobuki_core/packets/cliff.hpp
[1.417s] -- Up-to-date: /home/samar/takwa_ws/install/kobuki_core/include/kobuki_core/packets/unique_device_id.hpp
[1.417s] -- Up-to-date: /home/samar/takwa_ws/install/kobuki_core/include/kobuki_core/version_info.hpp
[1.417s] -- Up-to-date: /home/samar/takwa_ws/install/kobuki_core/include/kobuki_core/macros.hpp
[1.419s] -- Up-to-date: /home/samar/takwa_ws/install/kobuki_core/lib/libkobuki_core.so.1.4.0
[1.419s] -- Up-to-date: /home/samar/takwa_ws/install/kobuki_core/lib/libkobuki_core.so
[1.419s] -- Up-to-date: /home/samar/takwa_ws/install/kobuki_core/lib/kobuki_core/demo_buttons
[1.420s] -- Up-to-date: /home/samar/takwa_ws/install/kobuki_core/lib/kobuki_core/demo_chirp
[1.420s] -- Up-to-date: /home/samar/takwa_ws/install/kobuki_core/lib/kobuki_core/demo_custom_logging
[1.420s] -- Up-to-date: /home/samar/takwa_ws/install/kobuki_core/lib/kobuki_core/demo_data_stream
[1.421s] -- Up-to-date: /home/samar/takwa_ws/install/kobuki_core/lib/kobuki_core/demo_log_levels
[1.421s] -- Up-to-date: /home/samar/takwa_ws/install/kobuki_core/lib/kobuki_core/demo_raw_data_stream
[1.421s] -- Up-to-date: /home/samar/takwa_ws/install/kobuki_core/lib/kobuki_core/demo_simple_loop
[1.421s] -- Up-to-date: /home/samar/takwa_ws/install/kobuki_core/lib/kobuki_core/demo_velocity_commands
[1.421s] -- Up-to-date: /home/samar/takwa_ws/install/kobuki_core/bin/kobuki-version-info
[1.422s] -- Up-to-date: /home/samar/takwa_ws/install/kobuki_core/bin/kobuki-simple-keyop
[1.422s] Invoked command in '/home/samar/takwa_ws/build/kobuki_core' returned '0': CMAKE_PREFIX_PATH=${CMAKE_PREFIX_PATH}:/home/samar/takwa_ws/install/slam_launch:/home/samar/takwa_ws/install/nav2_launch:/home/samar/takwa_ws/install/mon_package:/home/samar/takwa_ws/install/follow_waypoints:/opt/ros/iron /usr/bin/cmake --install /home/samar/takwa_ws/build/kobuki_core
