[3.706s] Invoking command in '/home/samar/takwa_ws/src/nav2_launch': PYTHONPATH=/home/samar/takwa_ws/build/nav2_launch/prefix_override:/usr/lib/python3/dist-packages/colcon_core/task/python/colcon_distutils_commands:/home/samar/takwa_ws/install/nav2_launch/lib/python3.10/site-packages:${PYTHONPATH} /usr/bin/python3 -W ignore:setup.py install is deprecated setup.py egg_info --egg-base ../../build/nav2_launch build --build-base /home/samar/takwa_ws/build/nav2_launch/build install --record /home/samar/takwa_ws/build/nav2_launch/install.log --single-version-externally-managed install_data
[4.508s] running egg_info
[4.579s] writing ../../build/nav2_launch/nav2_launch.egg-info/PKG-INFO
[4.579s] writing dependency_links to ../../build/nav2_launch/nav2_launch.egg-info/dependency_links.txt
[4.580s] writing entry points to ../../build/nav2_launch/nav2_launch.egg-info/entry_points.txt
[4.580s] writing requirements to ../../build/nav2_launch/nav2_launch.egg-info/requires.txt
[4.580s] writing top-level names to ../../build/nav2_launch/nav2_launch.egg-info/top_level.txt
[5.755s] reading manifest file '../../build/nav2_launch/nav2_launch.egg-info/SOURCES.txt'
[5.758s] writing manifest file '../../build/nav2_launch/nav2_launch.egg-info/SOURCES.txt'
[5.761s] running build
[5.761s] running build_py
[5.762s] copying nav2_launch/__init__.py -> /home/samar/takwa_ws/build/nav2_launch/build/lib/nav2_launch
[5.762s] running install
[5.777s] running install_lib
[5.831s] running install_data
[5.831s] copying resource/nav2_launch -> /home/samar/takwa_ws/install/nav2_launch/share/ament_index/resource_index/packages
[5.831s] copying package.xml -> /home/samar/takwa_ws/install/nav2_launch/share/nav2_launch
[5.832s] copying launch/amcl_and_map.launch.py -> /home/samar/takwa_ws/install/nav2_launch/share/nav2_launch/launch
[5.832s] copying launch/slam.launch.py -> /home/samar/takwa_ws/install/nav2_launch/share/nav2_launch/launch
[5.838s] copying launch/navigation_launch.py -> /home/samar/takwa_ws/install/nav2_launch/share/nav2_launch/launch
[5.838s] copying config/slam_params.yaml -> /home/samar/takwa_ws/install/nav2_launch/share/nav2_launch/config
[5.839s] running install_egg_info
[5.963s] removing '/home/samar/takwa_ws/install/nav2_launch/lib/python3.10/site-packages/nav2_launch-0.0.0-py3.10.egg-info' (and everything under it)
[5.964s] Copying ../../build/nav2_launch/nav2_launch.egg-info to /home/samar/takwa_ws/install/nav2_launch/lib/python3.10/site-packages/nav2_launch-0.0.0-py3.10.egg-info
[5.971s] running install_scripts
[6.149s] Installing nav2_launch script to /home/samar/takwa_ws/install/nav2_launch/lib/nav2_launch
[6.150s] writing list of installed files to '/home/samar/takwa_ws/build/nav2_launch/install.log'
[6.220s] Invoked command in '/home/samar/takwa_ws/src/nav2_launch' returned '0': PYTHONPATH=/home/samar/takwa_ws/build/nav2_launch/prefix_override:/usr/lib/python3/dist-packages/colcon_core/task/python/colcon_distutils_commands:/home/samar/takwa_ws/install/nav2_launch/lib/python3.10/site-packages:${PYTHONPATH} /usr/bin/python3 -W ignore:setup.py install is deprecated setup.py egg_info --egg-base ../../build/nav2_launch build --build-base /home/samar/takwa_ws/build/nav2_launch/build install --record /home/samar/takwa_ws/build/nav2_launch/install.log --single-version-externally-managed install_data
