[0.013s] Invoking command in '/home/samar/takwa_ws/build/tbot_node': CMAKE_PREFIX_PATH=${CMAKE_PREFIX_PATH}:/home/samar/takwa_ws/install/slam_launch:/home/samar/takwa_ws/install/nav2_launch:/home/samar/takwa_ws/install/mon_package:/home/samar/takwa_ws/install/follow_waypoints:/opt/ros/iron /usr/bin/cmake /home/samar/takwa_ws/src/pkg-tbot/tbot_node -DCMAKE_INSTALL_PREFIX=/home/samar/takwa_ws/install/tbot_node
[0.114s] -- The C compiler identification is GNU 11.4.0
[0.208s] -- The CXX compiler identification is GNU 11.4.0
[0.220s] -- Detecting C compiler ABI info
[0.332s] -- Detecting C compiler ABI info - done
[0.349s] -- Check for working C compiler: /usr/bin/cc - skipped
[0.349s] -- Detecting C compile features
[0.350s] -- Detecting C compile features - done
[0.355s] -- Detecting CXX compiler ABI info
[0.485s] -- Detecting CXX compiler ABI info - done
[0.501s] -- Check for working CXX compiler: /usr/bin/c++ - skipped
[0.501s] -- Detecting CXX compile features
[0.502s] -- Detecting CXX compile features - done
[0.507s] -- Found ament_cmake: 2.0.5 (/opt/ros/iron/share/ament_cmake/cmake)
[1.264s] -- Found Python3: /usr/bin/python3.10 (found version "3.10.12") found components: Interpreter 
[1.450s] -- Found ament_lint_auto: 0.14.3 (/opt/ros/iron/share/ament_lint_auto/cmake)
[1.661s] -- Added test 'flake8' to check Python code syntax and style conventions
[1.663s] -- Configured 'flake8' exclude dirs and/or files: 
[1.664s] -- Added test 'lint_cmake' to check CMake code style
[1.671s] -- Added test 'pep257' to check Python code against some of the docstring style conventions in PEP 257
[1.673s] -- Added test 'xmllint' to check XML markup files
[1.674s] -- Configuring done
[1.691s] -- Generating done
[1.694s] -- Build files have been written to: /home/samar/takwa_ws/build/tbot_node
[1.704s] Invoked command in '/home/samar/takwa_ws/build/tbot_node' returned '0': CMAKE_PREFIX_PATH=${CMAKE_PREFIX_PATH}:/home/samar/takwa_ws/install/slam_launch:/home/samar/takwa_ws/install/nav2_launch:/home/samar/takwa_ws/install/mon_package:/home/samar/takwa_ws/install/follow_waypoints:/opt/ros/iron /usr/bin/cmake /home/samar/takwa_ws/src/pkg-tbot/tbot_node -DCMAKE_INSTALL_PREFIX=/home/samar/takwa_ws/install/tbot_node
[1.709s] Invoking command in '/home/samar/takwa_ws/build/tbot_node': CMAKE_PREFIX_PATH=${CMAKE_PREFIX_PATH}:/home/samar/takwa_ws/install/slam_launch:/home/samar/takwa_ws/install/nav2_launch:/home/samar/takwa_ws/install/mon_package:/home/samar/takwa_ws/install/follow_waypoints:/opt/ros/iron /usr/bin/cmake --build /home/samar/takwa_ws/build/tbot_node -- -j4 -l4
[1.787s] Invoked command in '/home/samar/takwa_ws/build/tbot_node' returned '0': CMAKE_PREFIX_PATH=${CMAKE_PREFIX_PATH}:/home/samar/takwa_ws/install/slam_launch:/home/samar/takwa_ws/install/nav2_launch:/home/samar/takwa_ws/install/mon_package:/home/samar/takwa_ws/install/follow_waypoints:/opt/ros/iron /usr/bin/cmake --build /home/samar/takwa_ws/build/tbot_node -- -j4 -l4
[1.894s] Invoking command in '/home/samar/takwa_ws/build/tbot_node': CMAKE_PREFIX_PATH=${CMAKE_PREFIX_PATH}:/home/samar/takwa_ws/install/slam_launch:/home/samar/takwa_ws/install/nav2_launch:/home/samar/takwa_ws/install/mon_package:/home/samar/takwa_ws/install/follow_waypoints:/opt/ros/iron /usr/bin/cmake --install /home/samar/takwa_ws/build/tbot_node
[1.920s] -- Install configuration: ""
[1.921s] -- Installing: /home/samar/takwa_ws/install/tbot_node/share/tbot_node//launch
[1.921s] -- Installing: /home/samar/takwa_ws/install/tbot_node/share/tbot_node//launch/pibot_launch.yaml
[1.922s] -- Installing: /home/samar/takwa_ws/install/tbot_node/share/tbot_node//launch/minimal_launch.yaml
[1.922s] -- Installing: /home/samar/takwa_ws/install/tbot_node/share/tbot_node//launch/super_launch.yaml
[1.923s] -- Installing: /home/samar/takwa_ws/install/tbot_node/share/tbot_node//urdf
[1.923s] -- Installing: /home/samar/takwa_ws/install/tbot_node/share/tbot_node//urdf/kobuki_standalone.urdf
[1.925s] -- Installing: /home/samar/takwa_ws/install/tbot_node/share/tbot_node//urdf/tbot.urdf
[1.925s] -- Installing: /home/samar/takwa_ws/install/tbot_node/share/tbot_node//urdf/create.urdf
[1.925s] -- Installing: /home/samar/takwa_ws/install/tbot_node/share/tbot_node//rviz
[1.925s] -- Installing: /home/samar/takwa_ws/install/tbot_node/share/tbot_node//rviz/super.rviz
[1.925s] -- Installing: /home/samar/takwa_ws/install/tbot_node/share/ament_index/resource_index/package_run_dependencies/tbot_node
[1.925s] -- Installing: /home/samar/takwa_ws/install/tbot_node/share/ament_index/resource_index/parent_prefix_path/tbot_node
[1.926s] -- Installing: /home/samar/takwa_ws/install/tbot_node/share/tbot_node/environment/ament_prefix_path.sh
[1.926s] -- Installing: /home/samar/takwa_ws/install/tbot_node/share/tbot_node/environment/ament_prefix_path.dsv
[1.927s] -- Installing: /home/samar/takwa_ws/install/tbot_node/share/tbot_node/environment/path.sh
[1.936s] -- Installing: /home/samar/takwa_ws/install/tbot_node/share/tbot_node/environment/path.dsv
[1.936s] -- Installing: /home/samar/takwa_ws/install/tbot_node/share/tbot_node/local_setup.bash
[1.936s] -- Installing: /home/samar/takwa_ws/install/tbot_node/share/tbot_node/local_setup.sh
[1.936s] -- Installing: /home/samar/takwa_ws/install/tbot_node/share/tbot_node/local_setup.zsh
[1.937s] -- Installing: /home/samar/takwa_ws/install/tbot_node/share/tbot_node/local_setup.dsv
[1.937s] -- Installing: /home/samar/takwa_ws/install/tbot_node/share/tbot_node/package.dsv
[1.937s] -- Installing: /home/samar/takwa_ws/install/tbot_node/share/ament_index/resource_index/packages/tbot_node
[1.937s] -- Installing: /home/samar/takwa_ws/install/tbot_node/share/tbot_node/cmake/tbot_nodeConfig.cmake
[1.937s] -- Installing: /home/samar/takwa_ws/install/tbot_node/share/tbot_node/cmake/tbot_nodeConfig-version.cmake
[1.937s] -- Installing: /home/samar/takwa_ws/install/tbot_node/share/tbot_node/package.xml
[1.944s] Invoked command in '/home/samar/takwa_ws/build/tbot_node' returned '0': CMAKE_PREFIX_PATH=${CMAKE_PREFIX_PATH}:/home/samar/takwa_ws/install/slam_launch:/home/samar/takwa_ws/install/nav2_launch:/home/samar/takwa_ws/install/mon_package:/home/samar/takwa_ws/install/follow_waypoints:/opt/ros/iron /usr/bin/cmake --install /home/samar/takwa_ws/build/tbot_node
