-- Install configuration: ""
-- Up-to-date: /home/samar/takwa_ws/install/pkg-nav/share/pkg-nav//launch
-- Up-to-date: /home/samar/takwa_ws/install/pkg-nav/share/pkg-nav//launch/amcl.launch.py
-- Up-to-date: /home/samar/takwa_ws/install/pkg-nav/share/pkg-nav//launch/urg_node.launch.py
-- Up-to-date: /home/samar/takwa_ws/install/pkg-nav/share/pkg-nav//launch/multiplexer.launch.py
-- Up-to-date: /home/samar/takwa_ws/install/pkg-nav/share/pkg-nav//launch/nav2.launch.py
-- Up-to-date: /home/samar/takwa_ws/install/pkg-nav/share/pkg-nav//launch/slam.launch.py
-- Up-to-date: /home/samar/takwa_ws/install/pkg-nav/share/pkg-nav//launch/joy.launch.py
-- Up-to-date: /home/samar/takwa_ws/install/pkg-nav/share/pkg-nav//launch/localization.launch.py
-- Up-to-date: /home/samar/takwa_ws/install/pkg-nav/share/pkg-nav//launch/load_map.launch.py
-- Up-to-date: /home/samar/takwa_ws/install/pkg-nav/share/pkg-nav//config
-- Up-to-date: /home/samar/takwa_ws/install/pkg-nav/share/pkg-nav//config/nav2_params.yaml
-- Up-to-date: /home/samar/takwa_ws/install/pkg-nav/share/pkg-nav//config/amcl_params.yaml
-- Up-to-date: /home/samar/takwa_ws/install/pkg-nav/share/pkg-nav//config/teleop.yaml
-- Up-to-date: /home/samar/takwa_ws/install/pkg-nav/share/pkg-nav//config/slam_params.yaml
-- Up-to-date: /home/samar/takwa_ws/install/pkg-nav/share/pkg-nav//config/multiplexer.yaml
-- Up-to-date: /home/samar/takwa_ws/install/pkg-nav/lib/pkg-nav/human_following.py
-- Up-to-date: /home/samar/takwa_ws/install/pkg-nav/lib/pkg-nav/goal_delay.py
-- Up-to-date: /home/samar/takwa_ws/install/pkg-nav/lib/pkg-nav/velocity_multiplexer.py
-- Up-to-date: /home/samar/takwa_ws/install/pkg-nav/lib/pkg-nav/sim_clock.py
-- Up-to-date: /home/samar/takwa_ws/install/pkg-nav/share/ament_index/resource_index/package_run_dependencies/pkg-nav
-- Up-to-date: /home/samar/takwa_ws/install/pkg-nav/share/ament_index/resource_index/parent_prefix_path/pkg-nav
-- Up-to-date: /home/samar/takwa_ws/install/pkg-nav/share/pkg-nav/environment/ament_prefix_path.sh
-- Up-to-date: /home/samar/takwa_ws/install/pkg-nav/share/pkg-nav/environment/ament_prefix_path.dsv
-- Up-to-date: /home/samar/takwa_ws/install/pkg-nav/share/pkg-nav/environment/path.sh
-- Up-to-date: /home/samar/takwa_ws/install/pkg-nav/share/pkg-nav/environment/path.dsv
-- Up-to-date: /home/samar/takwa_ws/install/pkg-nav/share/pkg-nav/local_setup.bash
-- Up-to-date: /home/samar/takwa_ws/install/pkg-nav/share/pkg-nav/local_setup.sh
-- Up-to-date: /home/samar/takwa_ws/install/pkg-nav/share/pkg-nav/local_setup.zsh
-- Up-to-date: /home/samar/takwa_ws/install/pkg-nav/share/pkg-nav/local_setup.dsv
-- Installing: /home/samar/takwa_ws/install/pkg-nav/share/pkg-nav/package.dsv
-- Up-to-date: /home/samar/takwa_ws/install/pkg-nav/share/ament_index/resource_index/packages/pkg-nav
-- Up-to-date: /home/samar/takwa_ws/install/pkg-nav/share/pkg-nav/cmake/pkg-navConfig.cmake
-- Up-to-date: /home/samar/takwa_ws/install/pkg-nav/share/pkg-nav/cmake/pkg-navConfig-version.cmake
-- Up-to-date: /home/samar/takwa_ws/install/pkg-nav/share/pkg-nav/package.xml
