running egg_info
creating ../../build/nav2_launch/nav2_launch.egg-info
writing ../../build/nav2_launch/nav2_launch.egg-info/PKG-INFO
writing dependency_links to ../../build/nav2_launch/nav2_launch.egg-info/dependency_links.txt
writing entry points to ../../build/nav2_launch/nav2_launch.egg-info/entry_points.txt
writing requirements to ../../build/nav2_launch/nav2_launch.egg-info/requires.txt
writing top-level names to ../../build/nav2_launch/nav2_launch.egg-info/top_level.txt
writing manifest file '../../build/nav2_launch/nav2_launch.egg-info/SOURCES.txt'
reading manifest file '../../build/nav2_launch/nav2_launch.egg-info/SOURCES.txt'
writing manifest file '../../build/nav2_launch/nav2_launch.egg-info/SOURCES.txt'
running build
running build_py
creating /home/samar/takwa_ws/build/nav2_launch/build
creating /home/samar/takwa_ws/build/nav2_launch/build/lib
creating /home/samar/takwa_ws/build/nav2_launch/build/lib/nav2_launch
copying nav2_launch/__init__.py -> /home/samar/takwa_ws/build/nav2_launch/build/lib/nav2_launch
running install
running install_lib
creating /home/samar/takwa_ws/install/nav2_launch/lib/python3.10/site-packages/nav2_launch
copying /home/samar/takwa_ws/build/nav2_launch/build/lib/nav2_launch/__init__.py -> /home/samar/takwa_ws/install/nav2_launch/lib/python3.10/site-packages/nav2_launch
byte-compiling /home/samar/takwa_ws/install/nav2_launch/lib/python3.10/site-packages/nav2_launch/__init__.py to __init__.cpython-310.pyc
running install_data
creating /home/samar/takwa_ws/install/nav2_launch/share/ament_index
creating /home/samar/takwa_ws/install/nav2_launch/share/ament_index/resource_index
creating /home/samar/takwa_ws/install/nav2_launch/share/ament_index/resource_index/packages
copying resource/nav2_launch -> /home/samar/takwa_ws/install/nav2_launch/share/ament_index/resource_index/packages
copying package.xml -> /home/samar/takwa_ws/install/nav2_launch/share/nav2_launch
creating /home/samar/takwa_ws/install/nav2_launch/share/nav2_launch/launch
copying launch/amcl_and_map.launch.py -> /home/samar/takwa_ws/install/nav2_launch/share/nav2_launch/launch
copying launch/slam.launch.py -> /home/samar/takwa_ws/install/nav2_launch/share/nav2_launch/launch
copying launch/navigation_launch.py -> /home/samar/takwa_ws/install/nav2_launch/share/nav2_launch/launch
creating /home/samar/takwa_ws/install/nav2_launch/share/nav2_launch/config
copying config/slam_params.yaml -> /home/samar/takwa_ws/install/nav2_launch/share/nav2_launch/config
running install_egg_info
Copying ../../build/nav2_launch/nav2_launch.egg-info to /home/samar/takwa_ws/install/nav2_launch/lib/python3.10/site-packages/nav2_launch-0.0.0-py3.10.egg-info
running install_scripts
Installing nav2_launch script to /home/samar/takwa_ws/install/nav2_launch/lib/nav2_launch
writing list of installed files to '/home/samar/takwa_ws/build/nav2_launch/install.log'
