[1.783s] Invoking command in '/home/samar/takwa_ws/src/slam_launch': PYTHONPATH=/home/samar/takwa_ws/build/slam_launch/prefix_override:/usr/lib/python3/dist-packages/colcon_core/task/python/colcon_distutils_commands:/home/samar/takwa_ws/install/slam_launch/lib/python3.10/site-packages:${PYTHONPATH} /usr/bin/python3 -W ignore:setup.py install is deprecated setup.py egg_info --egg-base ../../build/slam_launch build --build-base /home/samar/takwa_ws/build/slam_launch/build install --record /home/samar/takwa_ws/build/slam_launch/install.log --single-version-externally-managed install_data
[2.092s] running egg_info
[2.197s] writing ../../build/slam_launch/slam_launch.egg-info/PKG-INFO
[2.202s] writing dependency_links to ../../build/slam_launch/slam_launch.egg-info/dependency_links.txt
[2.205s] writing requirements to ../../build/slam_launch/slam_launch.egg-info/requires.txt
[2.207s] writing top-level names to ../../build/slam_launch/slam_launch.egg-info/top_level.txt
[2.423s] reading manifest file '../../build/slam_launch/slam_launch.egg-info/SOURCES.txt'
[2.424s] writing manifest file '../../build/slam_launch/slam_launch.egg-info/SOURCES.txt'
[2.424s] running build
[2.424s] running build_py
[2.425s] copying slam_launch/__init__.py -> /home/samar/takwa_ws/build/slam_launch/build/lib/slam_launch
[2.425s] running install
[2.430s] running install_lib
[2.453s] running install_data
[2.453s] copying resource/slam_launch -> /home/samar/takwa_ws/install/slam_launch/share/ament_index/resource_index/packages
[2.453s] copying package.xml -> /home/samar/takwa_ws/install/slam_launch/share/slam_launch
[2.453s] running install_egg_info
[2.475s] removing '/home/samar/takwa_ws/install/slam_launch/lib/python3.10/site-packages/slam_launch-0.0.0-py3.10.egg-info' (and everything under it)
[2.476s] Copying ../../build/slam_launch/slam_launch.egg-info to /home/samar/takwa_ws/install/slam_launch/lib/python3.10/site-packages/slam_launch-0.0.0-py3.10.egg-info
[2.477s] running install_scripts
[2.530s] writing list of installed files to '/home/samar/takwa_ws/build/slam_launch/install.log'
[2.564s] Invoked command in '/home/samar/takwa_ws/src/slam_launch' returned '0': PYTHONPATH=/home/samar/takwa_ws/build/slam_launch/prefix_override:/usr/lib/python3/dist-packages/colcon_core/task/python/colcon_distutils_commands:/home/samar/takwa_ws/install/slam_launch/lib/python3.10/site-packages:${PYTHONPATH} /usr/bin/python3 -W ignore:setup.py install is deprecated setup.py egg_info --egg-base ../../build/slam_launch build --build-base /home/samar/takwa_ws/build/slam_launch/build install --record /home/samar/takwa_ws/build/slam_launch/install.log --single-version-externally-managed install_data
