[2.157s] Invoking command in '/home/samar/takwa_ws4/src/nav2_launch': PYTHONPATH=/home/samar/takwa_ws4/build/nav2_launch/prefix_override:/usr/lib/python3/dist-packages/colcon_core/task/python/colcon_distutils_commands:/home/samar/takwa_ws4/install/nav2_launch/lib/python3.10/site-packages:${PYTHONPATH} /usr/bin/python3 -W ignore:setup.py install is deprecated setup.py egg_info --egg-base ../../build/nav2_launch build --build-base /home/samar/takwa_ws4/build/nav2_launch/build install --record /home/samar/takwa_ws4/build/nav2_launch/install.log --single-version-externally-managed install_data
[2.708s] running egg_info
[2.729s] writing ../../build/nav2_launch/nav2_launch.egg-info/PKG-INFO
[2.729s] writing dependency_links to ../../build/nav2_launch/nav2_launch.egg-info/dependency_links.txt
[2.729s] writing entry points to ../../build/nav2_launch/nav2_launch.egg-info/entry_points.txt
[2.730s] writing requirements to ../../build/nav2_launch/nav2_launch.egg-info/requires.txt
[2.730s] writing top-level names to ../../build/nav2_launch/nav2_launch.egg-info/top_level.txt
[2.974s] reading manifest file '../../build/nav2_launch/nav2_launch.egg-info/SOURCES.txt'
[2.975s] writing manifest file '../../build/nav2_launch/nav2_launch.egg-info/SOURCES.txt'
[2.975s] running build
[2.976s] running build_py
[2.976s] copying nav2_launch/__init__.py -> /home/samar/takwa_ws4/build/nav2_launch/build/lib/nav2_launch
[2.977s] running install
[2.986s] running install_lib
[3.028s] running install_data
[3.028s] copying resource/nav2_launch -> /home/samar/takwa_ws4/install/nav2_launch/share/ament_index/resource_index/packages
[3.029s] copying package.xml -> /home/samar/takwa_ws4/install/nav2_launch/share/nav2_launch
[3.029s] copying launch/amcl_and_map.launch.py -> /home/samar/takwa_ws4/install/nav2_launch/share/nav2_launch/launch
[3.030s] copying launch/slam.launch.py -> /home/samar/takwa_ws4/install/nav2_launch/share/nav2_launch/launch
[3.030s] copying launch/navigation_launch.py -> /home/samar/takwa_ws4/install/nav2_launch/share/nav2_launch/launch
[3.031s] copying config/slam_params.yaml -> /home/samar/takwa_ws4/install/nav2_launch/share/nav2_launch/config
[3.031s] running install_egg_info
[3.084s] removing '/home/samar/takwa_ws4/install/nav2_launch/lib/python3.10/site-packages/nav2_launch-0.0.0-py3.10.egg-info' (and everything under it)
[3.084s] Copying ../../build/nav2_launch/nav2_launch.egg-info to /home/samar/takwa_ws4/install/nav2_launch/lib/python3.10/site-packages/nav2_launch-0.0.0-py3.10.egg-info
[3.085s] running install_scripts
[3.173s] Installing nav2_launch script to /home/samar/takwa_ws4/install/nav2_launch/lib/nav2_launch
[3.174s] writing list of installed files to '/home/samar/takwa_ws4/build/nav2_launch/install.log'
[3.218s] Invoked command in '/home/samar/takwa_ws4/src/nav2_launch' returned '0': PYTHONPATH=/home/samar/takwa_ws4/build/nav2_launch/prefix_override:/usr/lib/python3/dist-packages/colcon_core/task/python/colcon_distutils_commands:/home/samar/takwa_ws4/install/nav2_launch/lib/python3.10/site-packages:${PYTHONPATH} /usr/bin/python3 -W ignore:setup.py install is deprecated setup.py egg_info --egg-base ../../build/nav2_launch build --build-base /home/samar/takwa_ws4/build/nav2_launch/build install --record /home/samar/takwa_ws4/build/nav2_launch/install.log --single-version-externally-managed install_data
