[0.032s] Invoking command in '/home/samar/takwa_ws/build/tbot_node': CMAKE_PREFIX_PATH=${CMAKE_PREFIX_PATH}:/home/samar/takwa_ws/install/slam_launch:/home/samar/takwa_ws/install/nav2_launch:/home/samar/takwa_ws/install/mon_package:/home/samar/takwa_ws/install/follow_waypoints:/opt/ros/iron /usr/bin/cmake --build /home/samar/takwa_ws/build/tbot_node -- -j4 -l4
[0.179s] Invoked command in '/home/samar/takwa_ws/build/tbot_node' returned '0': CMAKE_PREFIX_PATH=${CMAKE_PREFIX_PATH}:/home/samar/takwa_ws/install/slam_launch:/home/samar/takwa_ws/install/nav2_launch:/home/samar/takwa_ws/install/mon_package:/home/samar/takwa_ws/install/follow_waypoints:/opt/ros/iron /usr/bin/cmake --build /home/samar/takwa_ws/build/tbot_node -- -j4 -l4
[0.219s] Invoking command in '/home/samar/takwa_ws/build/tbot_node': CMAKE_PREFIX_PATH=${CMAKE_PREFIX_PATH}:/home/samar/takwa_ws/install/slam_launch:/home/samar/takwa_ws/install/nav2_launch:/home/samar/takwa_ws/install/mon_package:/home/samar/takwa_ws/install/follow_waypoints:/opt/ros/iron /usr/bin/cmake --install /home/samar/takwa_ws/build/tbot_node
[0.230s] -- Install configuration: ""
[0.231s] -- Up-to-date: /home/samar/takwa_ws/install/tbot_node/share/tbot_node//launch
[0.231s] -- Up-to-date: /home/samar/takwa_ws/install/tbot_node/share/tbot_node//launch/pibot_launch.yaml
[0.231s] -- Up-to-date: /home/samar/takwa_ws/install/tbot_node/share/tbot_node//launch/minimal_launch.yaml
[0.231s] -- Up-to-date: /home/samar/takwa_ws/install/tbot_node/share/tbot_node//launch/super_launch.yaml
[0.231s] -- Up-to-date: /home/samar/takwa_ws/install/tbot_node/share/tbot_node//urdf
[0.232s] -- Up-to-date: /home/samar/takwa_ws/install/tbot_node/share/tbot_node//urdf/kobuki_standalone.urdf
[0.233s] -- Up-to-date: /home/samar/takwa_ws/install/tbot_node/share/tbot_node//urdf/tbot.urdf
[0.233s] -- Up-to-date: /home/samar/takwa_ws/install/tbot_node/share/tbot_node//urdf/create.urdf
[0.233s] -- Up-to-date: /home/samar/takwa_ws/install/tbot_node/share/tbot_node//rviz
[0.233s] -- Up-to-date: /home/samar/takwa_ws/install/tbot_node/share/tbot_node//rviz/super.rviz
[0.235s] -- Up-to-date: /home/samar/takwa_ws/install/tbot_node/share/ament_index/resource_index/package_run_dependencies/tbot_node
[0.235s] -- Up-to-date: /home/samar/takwa_ws/install/tbot_node/share/ament_index/resource_index/parent_prefix_path/tbot_node
[0.235s] -- Up-to-date: /home/samar/takwa_ws/install/tbot_node/share/tbot_node/environment/ament_prefix_path.sh
[0.235s] -- Up-to-date: /home/samar/takwa_ws/install/tbot_node/share/tbot_node/environment/ament_prefix_path.dsv
[0.235s] -- Up-to-date: /home/samar/takwa_ws/install/tbot_node/share/tbot_node/environment/path.sh
[0.236s] -- Up-to-date: /home/samar/takwa_ws/install/tbot_node/share/tbot_node/environment/path.dsv
[0.236s] -- Up-to-date: /home/samar/takwa_ws/install/tbot_node/share/tbot_node/local_setup.bash
[0.236s] -- Up-to-date: /home/samar/takwa_ws/install/tbot_node/share/tbot_node/local_setup.sh
[0.236s] -- Up-to-date: /home/samar/takwa_ws/install/tbot_node/share/tbot_node/local_setup.zsh
[0.238s] -- Up-to-date: /home/samar/takwa_ws/install/tbot_node/share/tbot_node/local_setup.dsv
[0.238s] -- Installing: /home/samar/takwa_ws/install/tbot_node/share/tbot_node/package.dsv
[0.238s] -- Up-to-date: /home/samar/takwa_ws/install/tbot_node/share/ament_index/resource_index/packages/tbot_node
[0.238s] -- Up-to-date: /home/samar/takwa_ws/install/tbot_node/share/tbot_node/cmake/tbot_nodeConfig.cmake
[0.238s] -- Up-to-date: /home/samar/takwa_ws/install/tbot_node/share/tbot_node/cmake/tbot_nodeConfig-version.cmake
[0.239s] -- Up-to-date: /home/samar/takwa_ws/install/tbot_node/share/tbot_node/package.xml
[0.240s] Invoked command in '/home/samar/takwa_ws/build/tbot_node' returned '0': CMAKE_PREFIX_PATH=${CMAKE_PREFIX_PATH}:/home/samar/takwa_ws/install/slam_launch:/home/samar/takwa_ws/install/nav2_launch:/home/samar/takwa_ws/install/mon_package:/home/samar/takwa_ws/install/follow_waypoints:/opt/ros/iron /usr/bin/cmake --install /home/samar/takwa_ws/build/tbot_node
