[2.734s] Invoking command in '/home/samar/takwa_ws/src/follow_waypoints': PYTHONPATH=/home/samar/takwa_ws/build/follow_waypoints/prefix_override:/usr/lib/python3/dist-packages/colcon_core/task/python/colcon_distutils_commands:/home/samar/takwa_ws/install/follow_waypoints/lib/python3.10/site-packages:${PYTHONPATH} /usr/bin/python3 -W ignore:setup.py install is deprecated setup.py egg_info --egg-base ../../build/follow_waypoints build --build-base /home/samar/takwa_ws/build/follow_waypoints/build install --record /home/samar/takwa_ws/build/follow_waypoints/install.log --single-version-externally-managed install_data
[3.484s] running egg_info
[3.531s] writing ../../build/follow_waypoints/follow_waypoints.egg-info/PKG-INFO
[3.532s] writing dependency_links to ../../build/follow_waypoints/follow_waypoints.egg-info/dependency_links.txt
[3.532s] writing entry points to ../../build/follow_waypoints/follow_waypoints.egg-info/entry_points.txt
[3.533s] writing requirements to ../../build/follow_waypoints/follow_waypoints.egg-info/requires.txt
[3.534s] writing top-level names to ../../build/follow_waypoints/follow_waypoints.egg-info/top_level.txt
[3.979s] reading manifest file '../../build/follow_waypoints/follow_waypoints.egg-info/SOURCES.txt'
[3.984s] writing manifest file '../../build/follow_waypoints/follow_waypoints.egg-info/SOURCES.txt'
[3.984s] running build
[3.984s] running build_py
[3.984s] copying follow_waypoints/__init__.py -> /home/samar/takwa_ws/build/follow_waypoints/build/lib/follow_waypoints
[3.984s] copying follow_waypoints/follow_waypoints.py -> /home/samar/takwa_ws/build/follow_waypoints/build/lib/follow_waypoints
[3.986s] running install
[3.992s] running install_lib
[4.064s] running install_data
[4.066s] copying resource/follow_waypoints -> /home/samar/takwa_ws/install/follow_waypoints/share/ament_index/resource_index/packages
[4.075s] copying package.xml -> /home/samar/takwa_ws/install/follow_waypoints/share/follow_waypoints
[4.080s] running install_egg_info
[4.218s] removing '/home/samar/takwa_ws/install/follow_waypoints/lib/python3.10/site-packages/follow_waypoints-0.0.0-py3.10.egg-info' (and everything under it)
[4.219s] Copying ../../build/follow_waypoints/follow_waypoints.egg-info to /home/samar/takwa_ws/install/follow_waypoints/lib/python3.10/site-packages/follow_waypoints-0.0.0-py3.10.egg-info
[4.221s] running install_scripts
[4.477s] Installing follow_waypoints script to /home/samar/takwa_ws/install/follow_waypoints/lib/follow_waypoints
[4.478s] writing list of installed files to '/home/samar/takwa_ws/build/follow_waypoints/install.log'
[4.912s] Invoked command in '/home/samar/takwa_ws/src/follow_waypoints' returned '0': PYTHONPATH=/home/samar/takwa_ws/build/follow_waypoints/prefix_override:/usr/lib/python3/dist-packages/colcon_core/task/python/colcon_distutils_commands:/home/samar/takwa_ws/install/follow_waypoints/lib/python3.10/site-packages:${PYTHONPATH} /usr/bin/python3 -W ignore:setup.py install is deprecated setup.py egg_info --egg-base ../../build/follow_waypoints build --build-base /home/samar/takwa_ws/build/follow_waypoints/build install --record /home/samar/takwa_ws/build/follow_waypoints/install.log --single-version-externally-managed install_data
