[0.043s] Invoking command in '/home/samar/takwa_ws/build/kobuki_ros_interfaces': CMAKE_PREFIX_PATH=${CMAKE_PREFIX_PATH}:/home/samar/takwa_ws/install/slam_launch:/home/samar/takwa_ws/install/nav2_launch:/home/samar/takwa_ws/install/mon_package:/home/samar/takwa_ws/install/follow_waypoints:/opt/ros/iron /usr/bin/cmake --build /home/samar/takwa_ws/build/kobuki_ros_interfaces -- -j4 -l4
[0.573s] [  1%] Built target kobuki_ros_interfaces__rosidl_generator_type_description
[0.573s] [  1%] Built target ament_cmake_python_copy_kobuki_ros_interfaces
[0.573s] [  1%] Built target kobuki_ros_interfaces__cpp
[0.573s] [ 29%] Built target kobuki_ros_interfaces__rosidl_generator_c
[0.576s] [ 38%] Built target kobuki_ros_interfaces__rosidl_typesupport_cpp
[0.576s] [ 48%] Built target kobuki_ros_interfaces__rosidl_typesupport_introspection_c
[0.576s] [ 58%] Built target kobuki_ros_interfaces__rosidl_typesupport_fastrtps_cpp
[0.576s] [ 68%] Built target kobuki_ros_interfaces__rosidl_typesupport_fastrtps_c
[0.576s] [ 78%] Built target kobuki_ros_interfaces__rosidl_typesupport_c
[0.576s] [ 88%] Built target kobuki_ros_interfaces__rosidl_typesupport_introspection_cpp
[0.577s] [ 88%] Built target kobuki_ros_interfaces
[0.577s] [ 88%] Built target kobuki_ros_interfaces__py
[0.619s] [ 97%] Built target kobuki_ros_interfaces__rosidl_generator_py
[0.664s] [ 98%] Built target kobuki_ros_interfaces__rosidl_typesupport_c__pyext
[0.678s] [ 99%] Built target kobuki_ros_interfaces__rosidl_typesupport_fastrtps_c__pyext
[0.681s] [100%] Built target kobuki_ros_interfaces__rosidl_typesupport_introspection_c__pyext
[0.736s] running egg_info
[0.762s] writing kobuki_ros_interfaces.egg-info/PKG-INFO
[0.762s] writing dependency_links to kobuki_ros_interfaces.egg-info/dependency_links.txt
[0.765s] writing top-level names to kobuki_ros_interfaces.egg-info/top_level.txt
[1.049s] reading manifest file 'kobuki_ros_interfaces.egg-info/SOURCES.txt'
[1.049s] writing manifest file 'kobuki_ros_interfaces.egg-info/SOURCES.txt'
[1.102s] [100%] Built target ament_cmake_python_build_kobuki_ros_interfaces_egg
[1.129s] Invoked command in '/home/samar/takwa_ws/build/kobuki_ros_interfaces' returned '0': CMAKE_PREFIX_PATH=${CMAKE_PREFIX_PATH}:/home/samar/takwa_ws/install/slam_launch:/home/samar/takwa_ws/install/nav2_launch:/home/samar/takwa_ws/install/mon_package:/home/samar/takwa_ws/install/follow_waypoints:/opt/ros/iron /usr/bin/cmake --build /home/samar/takwa_ws/build/kobuki_ros_interfaces -- -j4 -l4
[2.013s] Invoking command in '/home/samar/takwa_ws/build/kobuki_ros_interfaces': CMAKE_PREFIX_PATH=${CMAKE_PREFIX_PATH}:/home/samar/takwa_ws/install/slam_launch:/home/samar/takwa_ws/install/nav2_launch:/home/samar/takwa_ws/install/mon_package:/home/samar/takwa_ws/install/follow_waypoints:/opt/ros/iron /usr/bin/cmake --install /home/samar/takwa_ws/build/kobuki_ros_interfaces
[2.028s] -- Install configuration: ""
[2.033s] -- Up-to-date: /home/samar/takwa_ws/install/kobuki_ros_interfaces/share/ament_index/resource_index/rosidl_interfaces/kobuki_ros_interfaces
[2.033s] -- Up-to-date: /home/samar/takwa_ws/install/kobuki_ros_interfaces/share/kobuki_ros_interfaces/msg/BumperEvent.json
[2.033s] -- Up-to-date: /home/samar/takwa_ws/install/kobuki_ros_interfaces/share/kobuki_ros_interfaces/msg/CliffEvent.json
[2.033s] -- Up-to-date: /home/samar/takwa_ws/install/kobuki_ros_interfaces/share/kobuki_ros_interfaces/msg/DigitalOutput.json
[2.033s] -- Up-to-date: /home/samar/takwa_ws/install/kobuki_ros_interfaces/share/kobuki_ros_interfaces/msg/ExternalPower.json
[2.033s] -- Up-to-date: /home/samar/takwa_ws/install/kobuki_ros_interfaces/share/kobuki_ros_interfaces/msg/Led.json
[2.033s] -- Up-to-date: /home/samar/takwa_ws/install/kobuki_ros_interfaces/share/kobuki_ros_interfaces/msg/PowerSystemEvent.json
[2.034s] -- Up-to-date: /home/samar/takwa_ws/install/kobuki_ros_interfaces/share/kobuki_ros_interfaces/msg/SensorState.json
[2.034s] -- Up-to-date: /home/samar/takwa_ws/install/kobuki_ros_interfaces/share/kobuki_ros_interfaces/msg/VersionInfo.json
[2.034s] -- Up-to-date: /home/samar/takwa_ws/install/kobuki_ros_interfaces/share/kobuki_ros_interfaces/msg/ControllerInfo.json
[2.034s] -- Up-to-date: /home/samar/takwa_ws/install/kobuki_ros_interfaces/share/kobuki_ros_interfaces/msg/ButtonEvent.json
[2.034s] -- Up-to-date: /home/samar/takwa_ws/install/kobuki_ros_interfaces/share/kobuki_ros_interfaces/msg/DigitalInputEvent.json
[2.034s] -- Up-to-date: /home/samar/takwa_ws/install/kobuki_ros_interfaces/share/kobuki_ros_interfaces/msg/DockInfraRed.json
[2.034s] -- Up-to-date: /home/samar/takwa_ws/install/kobuki_ros_interfaces/share/kobuki_ros_interfaces/msg/KeyboardInput.json
[2.034s] -- Up-to-date: /home/samar/takwa_ws/install/kobuki_ros_interfaces/share/kobuki_ros_interfaces/msg/MotorPower.json
[2.034s] -- Up-to-date: /home/samar/takwa_ws/install/kobuki_ros_interfaces/share/kobuki_ros_interfaces/msg/RobotStateEvent.json
[2.035s] -- Up-to-date: /home/samar/takwa_ws/install/kobuki_ros_interfaces/share/kobuki_ros_interfaces/msg/Sound.json
[2.035s] -- Up-to-date: /home/samar/takwa_ws/install/kobuki_ros_interfaces/share/kobuki_ros_interfaces/msg/ScanAngle.json
[2.035s] -- Up-to-date: /home/samar/takwa_ws/install/kobuki_ros_interfaces/share/kobuki_ros_interfaces/msg/WheelDropEvent.json
[2.035s] -- Up-to-date: /home/samar/takwa_ws/install/kobuki_ros_interfaces/share/kobuki_ros_interfaces/action/AutoDocking.json
[2.035s] -- Up-to-date: /home/samar/takwa_ws/install/kobuki_ros_interfaces/include/kobuki_ros_interfaces/kobuki_ros_interfaces
[2.035s] -- Up-to-date: /home/samar/takwa_ws/install/kobuki_ros_interfaces/include/kobuki_ros_interfaces/kobuki_ros_interfaces/action
[2.035s] -- Up-to-date: /home/samar/takwa_ws/install/kobuki_ros_interfaces/include/kobuki_ros_interfaces/kobuki_ros_interfaces/action/auto_docking.h
[2.035s] -- Up-to-date: /home/samar/takwa_ws/install/kobuki_ros_interfaces/include/kobuki_ros_interfaces/kobuki_ros_interfaces/action/detail
[2.042s] -- Up-to-date: /home/samar/takwa_ws/install/kobuki_ros_interfaces/include/kobuki_ros_interfaces/kobuki_ros_interfaces/action/detail/auto_docking__type_support.h
[2.042s] -- Up-to-date: /home/samar/takwa_ws/install/kobuki_ros_interfaces/include/kobuki_ros_interfaces/kobuki_ros_interfaces/action/detail/auto_docking__struct.h
[2.042s] -- Up-to-date: /home/samar/takwa_ws/install/kobuki_ros_interfaces/include/kobuki_ros_interfaces/kobuki_ros_interfaces/action/detail/auto_docking__functions.h
[2.042s] -- Up-to-date: /home/samar/takwa_ws/install/kobuki_ros_interfaces/include/kobuki_ros_interfaces/kobuki_ros_interfaces/action/detail/auto_docking__functions.c
[2.042s] -- Up-to-date: /home/samar/takwa_ws/install/kobuki_ros_interfaces/include/kobuki_ros_interfaces/kobuki_ros_interfaces/action/detail/auto_docking__description.c
[2.043s] -- Installing: /home/samar/takwa_ws/install/kobuki_ros_interfaces/include/kobuki_ros_interfaces/kobuki_ros_interfaces/action/detail/auto_docking__type_support.c
[2.043s] -- Up-to-date: /home/samar/takwa_ws/install/kobuki_ros_interfaces/include/kobuki_ros_interfaces/kobuki_ros_interfaces/msg
[2.043s] -- Up-to-date: /home/samar/takwa_ws/install/kobuki_ros_interfaces/include/kobuki_ros_interfaces/kobuki_ros_interfaces/msg/power_system_event.h
[2.043s] -- Up-to-date: /home/samar/takwa_ws/install/kobuki_ros_interfaces/include/kobuki_ros_interfaces/kobuki_ros_interfaces/msg/rosidl_generator_c__visibility_control.h
[2.043s] -- Up-to-date: /home/samar/takwa_ws/install/kobuki_ros_interfaces/include/kobuki_ros_interfaces/kobuki_ros_interfaces/msg/cliff_event.h
[2.043s] -- Up-to-date: /home/samar/takwa_ws/install/kobuki_ros_interfaces/include/kobuki_ros_interfaces/kobuki_ros_interfaces/msg/digital_input_event.h
[2.043s] -- Up-to-date: /home/samar/takwa_ws/install/kobuki_ros_interfaces/include/kobuki_ros_interfaces/kobuki_ros_interfaces/msg/sensor_state.h
[2.043s] -- Up-to-date: /home/samar/takwa_ws/install/kobuki_ros_interfaces/include/kobuki_ros_interfaces/kobuki_ros_interfaces/msg/button_event.h
[2.043s] -- Up-to-date: /home/samar/takwa_ws/install/kobuki_ros_interfaces/include/kobuki_ros_interfaces/kobuki_ros_interfaces/msg/bumper_event.h
[2.044s] -- Up-to-date: /home/samar/takwa_ws/install/kobuki_ros_interfaces/include/kobuki_ros_interfaces/kobuki_ros_interfaces/msg/robot_state_event.h
[2.044s] -- Up-to-date: /home/samar/takwa_ws/install/kobuki_ros_interfaces/include/kobuki_ros_interfaces/kobuki_ros_interfaces/msg/scan_angle.h
[2.044s] -- Up-to-date: /home/samar/takwa_ws/install/kobuki_ros_interfaces/include/kobuki_ros_interfaces/kobuki_ros_interfaces/msg/version_info.h
[2.044s] -- Up-to-date: /home/samar/takwa_ws/install/kobuki_ros_interfaces/include/kobuki_ros_interfaces/kobuki_ros_interfaces/msg/dock_infra_red.h
[2.044s] -- Up-to-date: /home/samar/takwa_ws/install/kobuki_ros_interfaces/include/kobuki_ros_interfaces/kobuki_ros_interfaces/msg/keyboard_input.h
[2.044s] -- Up-to-date: /home/samar/takwa_ws/install/kobuki_ros_interfaces/include/kobuki_ros_interfaces/kobuki_ros_interfaces/msg/led.h
[2.044s] -- Up-to-date: /home/samar/takwa_ws/install/kobuki_ros_interfaces/include/kobuki_ros_interfaces/kobuki_ros_interfaces/msg/motor_power.h
[2.044s] -- Up-to-date: /home/samar/takwa_ws/install/kobuki_ros_interfaces/include/kobuki_ros_interfaces/kobuki_ros_interfaces/msg/detail
[2.050s] -- Up-to-date: /home/samar/takwa_ws/install/kobuki_ros_interfaces/include/kobuki_ros_interfaces/kobuki_ros_interfaces/msg/detail/external_power__functions.h
[2.051s] -- Up-to-date: /home/samar/takwa_ws/install/kobuki_ros_interfaces/include/kobuki_ros_interfaces/kobuki_ros_interfaces/msg/detail/digital_input_event__type_support.h
[2.051s] -- Up-to-date: /home/samar/takwa_ws/install/kobuki_ros_interfaces/include/kobuki_ros_interfaces/kobuki_ros_interfaces/msg/detail/digital_output__struct.h
[2.051s] -- Up-to-date: /home/samar/takwa_ws/install/kobuki_ros_interfaces/include/kobuki_ros_interfaces/kobuki_ros_interfaces/msg/detail/digital_input_event__functions.c
[2.051s] -- Up-to-date: /home/samar/takwa_ws/install/kobuki_ros_interfaces/include/kobuki_ros_interfaces/kobuki_ros_interfaces/msg/detail/power_system_event__functions.h
[2.051s] -- Installing: /home/samar/takwa_ws/install/kobuki_ros_interfaces/include/kobuki_ros_interfaces/kobuki_ros_interfaces/msg/detail/robot_state_event__type_support.c
[2.051s] -- Up-to-date: /home/samar/takwa_ws/install/kobuki_ros_interfaces/include/kobuki_ros_interfaces/kobuki_ros_interfaces/msg/detail/digital_output__description.c
[2.051s] -- Up-to-date: /home/samar/takwa_ws/install/kobuki_ros_interfaces/include/kobuki_ros_interfaces/kobuki_ros_interfaces/msg/detail/wheel_drop_event__type_support.h
[2.051s] -- Up-to-date: /home/samar/takwa_ws/install/kobuki_ros_interfaces/include/kobuki_ros_interfaces/kobuki_ros_interfaces/msg/detail/led__struct.h
[2.052s] -- Installing: /home/samar/takwa_ws/install/kobuki_ros_interfaces/include/kobuki_ros_interfaces/kobuki_ros_interfaces/msg/detail/sound__type_support.c
[2.052s] -- Installing: /home/samar/takwa_ws/install/kobuki_ros_interfaces/include/kobuki_ros_interfaces/kobuki_ros_interfaces/msg/detail/dock_infra_red__type_support.c
[2.052s] -- Up-to-date: /home/samar/takwa_ws/install/kobuki_ros_interfaces/include/kobuki_ros_interfaces/kobuki_ros_interfaces/msg/detail/external_power__functions.c
[2.052s] -- Up-to-date: /home/samar/takwa_ws/install/kobuki_ros_interfaces/include/kobuki_ros_interfaces/kobuki_ros_interfaces/msg/detail/bumper_event__functions.h
[2.052s] -- Up-to-date: /home/samar/takwa_ws/install/kobuki_ros_interfaces/include/kobuki_ros_interfaces/kobuki_ros_interfaces/msg/detail/led__type_support.h
[2.052s] -- Installing: /home/samar/takwa_ws/install/kobuki_ros_interfaces/include/kobuki_ros_interfaces/kobuki_ros_interfaces/msg/detail/power_system_event__type_support.c
[2.052s] -- Up-to-date: /home/samar/takwa_ws/install/kobuki_ros_interfaces/include/kobuki_ros_interfaces/kobuki_ros_interfaces/msg/detail/dock_infra_red__functions.h
[2.052s] -- Up-to-date: /home/samar/takwa_ws/install/kobuki_ros_interfaces/include/kobuki_ros_interfaces/kobuki_ros_interfaces/msg/detail/version_info__functions.c
[2.052s] -- Up-to-date: /home/samar/takwa_ws/install/kobuki_ros_interfaces/include/kobuki_ros_interfaces/kobuki_ros_interfaces/msg/detail/dock_infra_red__type_support.h
[2.053s] -- Installing: /home/samar/takwa_ws/install/kobuki_ros_interfaces/include/kobuki_ros_interfaces/kobuki_ros_interfaces/msg/detail/keyboard_input__type_support.c
[2.053s] -- Up-to-date: /home/samar/takwa_ws/install/kobuki_ros_interfaces/include/kobuki_ros_interfaces/kobuki_ros_interfaces/msg/detail/sensor_state__functions.h
[2.053s] -- Installing: /home/samar/takwa_ws/install/kobuki_ros_interfaces/include/kobuki_ros_interfaces/kobuki_ros_interfaces/msg/detail/version_info__type_support.c
[2.053s] -- Up-to-date: /home/samar/takwa_ws/install/kobuki_ros_interfaces/include/kobuki_ros_interfaces/kobuki_ros_interfaces/msg/detail/sound__functions.c
[2.053s] -- Installing: /home/samar/takwa_ws/install/kobuki_ros_interfaces/include/kobuki_ros_interfaces/kobuki_ros_interfaces/msg/detail/button_event__type_support.c
[2.059s] -- Up-to-date: /home/samar/takwa_ws/install/kobuki_ros_interfaces/include/kobuki_ros_interfaces/kobuki_ros_interfaces/msg/detail/sensor_state__struct.h
[2.059s] -- Up-to-date: /home/samar/takwa_ws/install/kobuki_ros_interfaces/include/kobuki_ros_interfaces/kobuki_ros_interfaces/msg/detail/sensor_state__functions.c
[2.059s] -- Up-to-date: /home/samar/takwa_ws/install/kobuki_ros_interfaces/include/kobuki_ros_interfaces/kobuki_ros_interfaces/msg/detail/robot_state_event__functions.h
[2.059s] -- Up-to-date: /home/samar/takwa_ws/install/kobuki_ros_interfaces/include/kobuki_ros_interfaces/kobuki_ros_interfaces/msg/detail/keyboard_input__type_support.h
[2.059s] -- Up-to-date: /home/samar/takwa_ws/install/kobuki_ros_interfaces/include/kobuki_ros_interfaces/kobuki_ros_interfaces/msg/detail/scan_angle__functions.h
[2.059s] -- Up-to-date: /home/samar/takwa_ws/install/kobuki_ros_interfaces/include/kobuki_ros_interfaces/kobuki_ros_interfaces/msg/detail/controller_info__type_support.h
[2.059s] -- Up-to-date: /home/samar/takwa_ws/install/kobuki_ros_interfaces/include/kobuki_ros_interfaces/kobuki_ros_interfaces/msg/detail/power_system_event__functions.c
[2.060s] -- Up-to-date: /home/samar/takwa_ws/install/kobuki_ros_interfaces/include/kobuki_ros_interfaces/kobuki_ros_interfaces/msg/detail/external_power__struct.h
[2.060s] -- Installing: /home/samar/takwa_ws/install/kobuki_ros_interfaces/include/kobuki_ros_interfaces/kobuki_ros_interfaces/msg/detail/scan_angle__type_support.c
[2.060s] -- Up-to-date: /home/samar/takwa_ws/install/kobuki_ros_interfaces/include/kobuki_ros_interfaces/kobuki_ros_interfaces/msg/detail/sensor_state__type_support.h
[2.060s] -- Up-to-date: /home/samar/takwa_ws/install/kobuki_ros_interfaces/include/kobuki_ros_interfaces/kobuki_ros_interfaces/msg/detail/sound__functions.h
[2.060s] -- Up-to-date: /home/samar/takwa_ws/install/kobuki_ros_interfaces/include/kobuki_ros_interfaces/kobuki_ros_interfaces/msg/detail/keyboard_input__description.c
[2.060s] -- Installing: /home/samar/takwa_ws/install/kobuki_ros_interfaces/include/kobuki_ros_interfaces/kobuki_ros_interfaces/msg/detail/external_power__type_support.c
[2.060s] -- Up-to-date: /home/samar/takwa_ws/install/kobuki_ros_interfaces/include/kobuki_ros_interfaces/kobuki_ros_interfaces/msg/detail/version_info__description.c
[2.060s] -- Up-to-date: /home/samar/takwa_ws/install/kobuki_ros_interfaces/include/kobuki_ros_interfaces/kobuki_ros_interfaces/msg/detail/cliff_event__description.c
[2.060s] -- Up-to-date: /home/samar/takwa_ws/install/kobuki_ros_interfaces/include/kobuki_ros_interfaces/kobuki_ros_interfaces/msg/detail/wheel_drop_event__functions.h
[2.061s] -- Up-to-date: /home/samar/takwa_ws/install/kobuki_ros_interfaces/include/kobuki_ros_interfaces/kobuki_ros_interfaces/msg/detail/cliff_event__type_support.h
[2.061s] -- Up-to-date: /home/samar/takwa_ws/install/kobuki_ros_interfaces/include/kobuki_ros_interfaces/kobuki_ros_interfaces/msg/detail/controller_info__description.c
[2.061s] -- Up-to-date: /home/samar/takwa_ws/install/kobuki_ros_interfaces/include/kobuki_ros_interfaces/kobuki_ros_interfaces/msg/detail/robot_state_event__description.c
[2.061s] -- Up-to-date: /home/samar/takwa_ws/install/kobuki_ros_interfaces/include/kobuki_ros_interfaces/kobuki_ros_interfaces/msg/detail/sensor_state__description.c
[2.061s] -- Installing: /home/samar/takwa_ws/install/kobuki_ros_interfaces/include/kobuki_ros_interfaces/kobuki_ros_interfaces/msg/detail/controller_info__type_support.c
[2.061s] -- Up-to-date: /home/samar/takwa_ws/install/kobuki_ros_interfaces/include/kobuki_ros_interfaces/kobuki_ros_interfaces/msg/detail/digital_input_event__struct.h
[2.061s] -- Up-to-date: /home/samar/takwa_ws/install/kobuki_ros_interfaces/include/kobuki_ros_interfaces/kobuki_ros_interfaces/msg/detail/digital_output__functions.c
[2.061s] -- Installing: /home/samar/takwa_ws/install/kobuki_ros_interfaces/include/kobuki_ros_interfaces/kobuki_ros_interfaces/msg/detail/wheel_drop_event__type_support.c
[2.061s] -- Up-to-date: /home/samar/takwa_ws/install/kobuki_ros_interfaces/include/kobuki_ros_interfaces/kobuki_ros_interfaces/msg/detail/power_system_event__struct.h
[2.067s] -- Up-to-date: /home/samar/takwa_ws/install/kobuki_ros_interfaces/include/kobuki_ros_interfaces/kobuki_ros_interfaces/msg/detail/digital_input_event__functions.h
[2.067s] -- Up-to-date: /home/samar/takwa_ws/install/kobuki_ros_interfaces/include/kobuki_ros_interfaces/kobuki_ros_interfaces/msg/detail/keyboard_input__struct.h
[2.067s] -- Up-to-date: /home/samar/takwa_ws/install/kobuki_ros_interfaces/include/kobuki_ros_interfaces/kobuki_ros_interfaces/msg/detail/keyboard_input__functions.c
[2.067s] -- Up-to-date: /home/samar/takwa_ws/install/kobuki_ros_interfaces/include/kobuki_ros_interfaces/kobuki_ros_interfaces/msg/detail/scan_angle__type_support.h
[2.068s] -- Up-to-date: /home/samar/takwa_ws/install/kobuki_ros_interfaces/include/kobuki_ros_interfaces/kobuki_ros_interfaces/msg/detail/bumper_event__type_support.h
[2.068s] -- Up-to-date: /home/samar/takwa_ws/install/kobuki_ros_interfaces/include/kobuki_ros_interfaces/kobuki_ros_interfaces/msg/detail/external_power__type_support.h
[2.068s] -- Up-to-date: /home/samar/takwa_ws/install/kobuki_ros_interfaces/include/kobuki_ros_interfaces/kobuki_ros_interfaces/msg/detail/version_info__functions.h
[2.068s] -- Up-to-date: /home/samar/takwa_ws/install/kobuki_ros_interfaces/include/kobuki_ros_interfaces/kobuki_ros_interfaces/msg/detail/controller_info__struct.h
[2.068s] -- Installing: /home/samar/takwa_ws/install/kobuki_ros_interfaces/include/kobuki_ros_interfaces/kobuki_ros_interfaces/msg/detail/motor_power__type_support.c
[2.068s] -- Up-to-date: /home/samar/takwa_ws/install/kobuki_ros_interfaces/include/kobuki_ros_interfaces/kobuki_ros_interfaces/msg/detail/external_power__description.c
[2.068s] -- Up-to-date: /home/samar/takwa_ws/install/kobuki_ros_interfaces/include/kobuki_ros_interfaces/kobuki_ros_interfaces/msg/detail/scan_angle__functions.c
[2.068s] -- Up-to-date: /home/samar/takwa_ws/install/kobuki_ros_interfaces/include/kobuki_ros_interfaces/kobuki_ros_interfaces/msg/detail/led__functions.h
[2.068s] -- Installing: /home/samar/takwa_ws/install/kobuki_ros_interfaces/include/kobuki_ros_interfaces/kobuki_ros_interfaces/msg/detail/digital_input_event__type_support.c
[2.069s] -- Up-to-date: /home/samar/takwa_ws/install/kobuki_ros_interfaces/include/kobuki_ros_interfaces/kobuki_ros_interfaces/msg/detail/motor_power__type_support.h
[2.069s] -- Up-to-date: /home/samar/takwa_ws/install/kobuki_ros_interfaces/include/kobuki_ros_interfaces/kobuki_ros_interfaces/msg/detail/version_info__struct.h
[2.069s] -- Up-to-date: /home/samar/takwa_ws/install/kobuki_ros_interfaces/include/kobuki_ros_interfaces/kobuki_ros_interfaces/msg/detail/sound__description.c
[2.069s] -- Up-to-date: /home/samar/takwa_ws/install/kobuki_ros_interfaces/include/kobuki_ros_interfaces/kobuki_ros_interfaces/msg/detail/keyboard_input__functions.h
[2.069s] -- Up-to-date: /home/samar/takwa_ws/install/kobuki_ros_interfaces/include/kobuki_ros_interfaces/kobuki_ros_interfaces/msg/detail/cliff_event__functions.h
[2.069s] -- Up-to-date: /home/samar/takwa_ws/install/kobuki_ros_interfaces/include/kobuki_ros_interfaces/kobuki_ros_interfaces/msg/detail/cliff_event__functions.c
[2.069s] -- Up-to-date: /home/samar/takwa_ws/install/kobuki_ros_interfaces/include/kobuki_ros_interfaces/kobuki_ros_interfaces/msg/detail/controller_info__functions.h
[2.069s] -- Up-to-date: /home/samar/takwa_ws/install/kobuki_ros_interfaces/include/kobuki_ros_interfaces/kobuki_ros_interfaces/msg/detail/controller_info__functions.c
[2.069s] -- Up-to-date: /home/samar/takwa_ws/install/kobuki_ros_interfaces/include/kobuki_ros_interfaces/kobuki_ros_interfaces/msg/detail/dock_infra_red__struct.h
[2.076s] -- Up-to-date: /home/samar/takwa_ws/install/kobuki_ros_interfaces/include/kobuki_ros_interfaces/kobuki_ros_interfaces/msg/detail/motor_power__description.c
[2.076s] -- Up-to-date: /home/samar/takwa_ws/install/kobuki_ros_interfaces/include/kobuki_ros_interfaces/kobuki_ros_interfaces/msg/detail/wheel_drop_event__functions.c
[2.076s] -- Up-to-date: /home/samar/takwa_ws/install/kobuki_ros_interfaces/include/kobuki_ros_interfaces/kobuki_ros_interfaces/msg/detail/bumper_event__description.c
[2.076s] -- Installing: /home/samar/takwa_ws/install/kobuki_ros_interfaces/include/kobuki_ros_interfaces/kobuki_ros_interfaces/msg/detail/sensor_state__type_support.c
[2.076s] -- Up-to-date: /home/samar/takwa_ws/install/kobuki_ros_interfaces/include/kobuki_ros_interfaces/kobuki_ros_interfaces/msg/detail/scan_angle__description.c
[2.076s] -- Up-to-date: /home/samar/takwa_ws/install/kobuki_ros_interfaces/include/kobuki_ros_interfaces/kobuki_ros_interfaces/msg/detail/led__functions.c
[2.076s] -- Up-to-date: /home/samar/takwa_ws/install/kobuki_ros_interfaces/include/kobuki_ros_interfaces/kobuki_ros_interfaces/msg/detail/digital_input_event__description.c
[2.077s] -- Installing: /home/samar/takwa_ws/install/kobuki_ros_interfaces/include/kobuki_ros_interfaces/kobuki_ros_interfaces/msg/detail/cliff_event__type_support.c
[2.077s] -- Up-to-date: /home/samar/takwa_ws/install/kobuki_ros_interfaces/include/kobuki_ros_interfaces/kobuki_ros_interfaces/msg/detail/robot_state_event__struct.h
[2.077s] -- Up-to-date: /home/samar/takwa_ws/install/kobuki_ros_interfaces/include/kobuki_ros_interfaces/kobuki_ros_interfaces/msg/detail/bumper_event__functions.c
[2.077s] -- Installing: /home/samar/takwa_ws/install/kobuki_ros_interfaces/include/kobuki_ros_interfaces/kobuki_ros_interfaces/msg/detail/bumper_event__type_support.c
[2.077s] -- Up-to-date: /home/samar/takwa_ws/install/kobuki_ros_interfaces/include/kobuki_ros_interfaces/kobuki_ros_interfaces/msg/detail/digital_output__type_support.h
[2.077s] -- Up-to-date: /home/samar/takwa_ws/install/kobuki_ros_interfaces/include/kobuki_ros_interfaces/kobuki_ros_interfaces/msg/detail/digital_output__functions.h
[2.077s] -- Up-to-date: /home/samar/takwa_ws/install/kobuki_ros_interfaces/include/kobuki_ros_interfaces/kobuki_ros_interfaces/msg/detail/cliff_event__struct.h
[2.077s] -- Up-to-date: /home/samar/takwa_ws/install/kobuki_ros_interfaces/include/kobuki_ros_interfaces/kobuki_ros_interfaces/msg/detail/version_info__type_support.h
[2.077s] -- Up-to-date: /home/samar/takwa_ws/install/kobuki_ros_interfaces/include/kobuki_ros_interfaces/kobuki_ros_interfaces/msg/detail/bumper_event__struct.h
[2.078s] -- Up-to-date: /home/samar/takwa_ws/install/kobuki_ros_interfaces/include/kobuki_ros_interfaces/kobuki_ros_interfaces/msg/detail/led__description.c
[2.078s] -- Up-to-date: /home/samar/takwa_ws/install/kobuki_ros_interfaces/include/kobuki_ros_interfaces/kobuki_ros_interfaces/msg/detail/power_system_event__description.c
[2.078s] -- Installing: /home/samar/takwa_ws/install/kobuki_ros_interfaces/include/kobuki_ros_interfaces/kobuki_ros_interfaces/msg/detail/digital_output__type_support.c
[2.078s] -- Up-to-date: /home/samar/takwa_ws/install/kobuki_ros_interfaces/include/kobuki_ros_interfaces/kobuki_ros_interfaces/msg/detail/button_event__struct.h
[2.078s] -- Up-to-date: /home/samar/takwa_ws/install/kobuki_ros_interfaces/include/kobuki_ros_interfaces/kobuki_ros_interfaces/msg/detail/wheel_drop_event__struct.h
[2.078s] -- Up-to-date: /home/samar/takwa_ws/install/kobuki_ros_interfaces/include/kobuki_ros_interfaces/kobuki_ros_interfaces/msg/detail/dock_infra_red__functions.c
[2.078s] -- Up-to-date: /home/samar/takwa_ws/install/kobuki_ros_interfaces/include/kobuki_ros_interfaces/kobuki_ros_interfaces/msg/detail/robot_state_event__type_support.h
[2.078s] -- Up-to-date: /home/samar/takwa_ws/install/kobuki_ros_interfaces/include/kobuki_ros_interfaces/kobuki_ros_interfaces/msg/detail/robot_state_event__functions.c
[2.084s] -- Up-to-date: /home/samar/takwa_ws/install/kobuki_ros_interfaces/include/kobuki_ros_interfaces/kobuki_ros_interfaces/msg/detail/scan_angle__struct.h
[2.084s] -- Up-to-date: /home/samar/takwa_ws/install/kobuki_ros_interfaces/include/kobuki_ros_interfaces/kobuki_ros_interfaces/msg/detail/dock_infra_red__description.c
[2.085s] -- Up-to-date: /home/samar/takwa_ws/install/kobuki_ros_interfaces/include/kobuki_ros_interfaces/kobuki_ros_interfaces/msg/detail/button_event__functions.c
[2.085s] -- Up-to-date: /home/samar/takwa_ws/install/kobuki_ros_interfaces/include/kobuki_ros_interfaces/kobuki_ros_interfaces/msg/detail/motor_power__functions.h
[2.085s] -- Installing: /home/samar/takwa_ws/install/kobuki_ros_interfaces/include/kobuki_ros_interfaces/kobuki_ros_interfaces/msg/detail/led__type_support.c
[2.085s] -- Up-to-date: /home/samar/takwa_ws/install/kobuki_ros_interfaces/include/kobuki_ros_interfaces/kobuki_ros_interfaces/msg/detail/wheel_drop_event__description.c
[2.085s] -- Up-to-date: /home/samar/takwa_ws/install/kobuki_ros_interfaces/include/kobuki_ros_interfaces/kobuki_ros_interfaces/msg/detail/sound__type_support.h
[2.085s] -- Up-to-date: /home/samar/takwa_ws/install/kobuki_ros_interfaces/include/kobuki_ros_interfaces/kobuki_ros_interfaces/msg/detail/motor_power__functions.c
[2.085s] -- Up-to-date: /home/samar/takwa_ws/install/kobuki_ros_interfaces/include/kobuki_ros_interfaces/kobuki_ros_interfaces/msg/detail/sound__struct.h
[2.085s] -- Up-to-date: /home/samar/takwa_ws/install/kobuki_ros_interfaces/include/kobuki_ros_interfaces/kobuki_ros_interfaces/msg/detail/button_event__description.c
[2.085s] -- Up-to-date: /home/samar/takwa_ws/install/kobuki_ros_interfaces/include/kobuki_ros_interfaces/kobuki_ros_interfaces/msg/detail/button_event__type_support.h
[2.086s] -- Up-to-date: /home/samar/takwa_ws/install/kobuki_ros_interfaces/include/kobuki_ros_interfaces/kobuki_ros_interfaces/msg/detail/power_system_event__type_support.h
[2.086s] -- Up-to-date: /home/samar/takwa_ws/install/kobuki_ros_interfaces/include/kobuki_ros_interfaces/kobuki_ros_interfaces/msg/detail/button_event__functions.h
[2.086s] -- Up-to-date: /home/samar/takwa_ws/install/kobuki_ros_interfaces/include/kobuki_ros_interfaces/kobuki_ros_interfaces/msg/detail/motor_power__struct.h
[2.086s] -- Up-to-date: /home/samar/takwa_ws/install/kobuki_ros_interfaces/include/kobuki_ros_interfaces/kobuki_ros_interfaces/msg/wheel_drop_event.h
[2.086s] -- Up-to-date: /home/samar/takwa_ws/install/kobuki_ros_interfaces/include/kobuki_ros_interfaces/kobuki_ros_interfaces/msg/digital_output.h
[2.086s] -- Up-to-date: /home/samar/takwa_ws/install/kobuki_ros_interfaces/include/kobuki_ros_interfaces/kobuki_ros_interfaces/msg/controller_info.h
[2.086s] -- Up-to-date: /home/samar/takwa_ws/install/kobuki_ros_interfaces/include/kobuki_ros_interfaces/kobuki_ros_interfaces/msg/external_power.h
[2.086s] -- Up-to-date: /home/samar/takwa_ws/install/kobuki_ros_interfaces/include/kobuki_ros_interfaces/kobuki_ros_interfaces/msg/sound.h
[2.086s] -- Up-to-date: /home/samar/takwa_ws/install/kobuki_ros_interfaces/share/kobuki_ros_interfaces/environment/library_path.sh
[2.087s] -- Up-to-date: /home/samar/takwa_ws/install/kobuki_ros_interfaces/share/kobuki_ros_interfaces/environment/library_path.dsv
[2.087s] -- Up-to-date: /home/samar/takwa_ws/install/kobuki_ros_interfaces/lib/libkobuki_ros_interfaces__rosidl_generator_c.so
[2.087s] -- Up-to-date: /home/samar/takwa_ws/install/kobuki_ros_interfaces/include/kobuki_ros_interfaces/kobuki_ros_interfaces
[2.087s] -- Up-to-date: /home/samar/takwa_ws/install/kobuki_ros_interfaces/include/kobuki_ros_interfaces/kobuki_ros_interfaces/action
[2.087s] -- Up-to-date: /home/samar/takwa_ws/install/kobuki_ros_interfaces/include/kobuki_ros_interfaces/kobuki_ros_interfaces/action/detail
[2.087s] -- Up-to-date: /home/samar/takwa_ws/install/kobuki_ros_interfaces/include/kobuki_ros_interfaces/kobuki_ros_interfaces/action/detail/auto_docking__rosidl_typesupport_fastrtps_c.h
[2.087s] -- Up-to-date: /home/samar/takwa_ws/install/kobuki_ros_interfaces/include/kobuki_ros_interfaces/kobuki_ros_interfaces/msg
[2.087s] -- Up-to-date: /home/samar/takwa_ws/install/kobuki_ros_interfaces/include/kobuki_ros_interfaces/kobuki_ros_interfaces/msg/rosidl_typesupport_fastrtps_c__visibility_control.h
[2.094s] -- Up-to-date: /home/samar/takwa_ws/install/kobuki_ros_interfaces/include/kobuki_ros_interfaces/kobuki_ros_interfaces/msg/detail
[2.094s] -- Up-to-date: /home/samar/takwa_ws/install/kobuki_ros_interfaces/include/kobuki_ros_interfaces/kobuki_ros_interfaces/msg/detail/dock_infra_red__rosidl_typesupport_fastrtps_c.h
[2.094s] -- Up-to-date: /home/samar/takwa_ws/install/kobuki_ros_interfaces/include/kobuki_ros_interfaces/kobuki_ros_interfaces/msg/detail/external_power__rosidl_typesupport_fastrtps_c.h
[2.094s] -- Up-to-date: /home/samar/takwa_ws/install/kobuki_ros_interfaces/include/kobuki_ros_interfaces/kobuki_ros_interfaces/msg/detail/digital_output__rosidl_typesupport_fastrtps_c.h
[2.094s] -- Up-to-date: /home/samar/takwa_ws/install/kobuki_ros_interfaces/include/kobuki_ros_interfaces/kobuki_ros_interfaces/msg/detail/button_event__rosidl_typesupport_fastrtps_c.h
[2.094s] -- Up-to-date: /home/samar/takwa_ws/install/kobuki_ros_interfaces/include/kobuki_ros_interfaces/kobuki_ros_interfaces/msg/detail/bumper_event__rosidl_typesupport_fastrtps_c.h
[2.094s] -- Up-to-date: /home/samar/takwa_ws/install/kobuki_ros_interfaces/include/kobuki_ros_interfaces/kobuki_ros_interfaces/msg/detail/cliff_event__rosidl_typesupport_fastrtps_c.h
[2.095s] -- Up-to-date: /home/samar/takwa_ws/install/kobuki_ros_interfaces/include/kobuki_ros_interfaces/kobuki_ros_interfaces/msg/detail/motor_power__rosidl_typesupport_fastrtps_c.h
[2.095s] -- Up-to-date: /home/samar/takwa_ws/install/kobuki_ros_interfaces/include/kobuki_ros_interfaces/kobuki_ros_interfaces/msg/detail/scan_angle__rosidl_typesupport_fastrtps_c.h
[2.095s] -- Up-to-date: /home/samar/takwa_ws/install/kobuki_ros_interfaces/include/kobuki_ros_interfaces/kobuki_ros_interfaces/msg/detail/sensor_state__rosidl_typesupport_fastrtps_c.h
[2.095s] -- Up-to-date: /home/samar/takwa_ws/install/kobuki_ros_interfaces/include/kobuki_ros_interfaces/kobuki_ros_interfaces/msg/detail/controller_info__rosidl_typesupport_fastrtps_c.h
[2.095s] -- Up-to-date: /home/samar/takwa_ws/install/kobuki_ros_interfaces/include/kobuki_ros_interfaces/kobuki_ros_interfaces/msg/detail/led__rosidl_typesupport_fastrtps_c.h
[2.095s] -- Up-to-date: /home/samar/takwa_ws/install/kobuki_ros_interfaces/include/kobuki_ros_interfaces/kobuki_ros_interfaces/msg/detail/wheel_drop_event__rosidl_typesupport_fastrtps_c.h
[2.095s] -- Up-to-date: /home/samar/takwa_ws/install/kobuki_ros_interfaces/include/kobuki_ros_interfaces/kobuki_ros_interfaces/msg/detail/version_info__rosidl_typesupport_fastrtps_c.h
[2.095s] -- Up-to-date: /home/samar/takwa_ws/install/kobuki_ros_interfaces/include/kobuki_ros_interfaces/kobuki_ros_interfaces/msg/detail/keyboard_input__rosidl_typesupport_fastrtps_c.h
[2.095s] -- Up-to-date: /home/samar/takwa_ws/install/kobuki_ros_interfaces/include/kobuki_ros_interfaces/kobuki_ros_interfaces/msg/detail/robot_state_event__rosidl_typesupport_fastrtps_c.h
[2.095s] -- Up-to-date: /home/samar/takwa_ws/install/kobuki_ros_interfaces/include/kobuki_ros_interfaces/kobuki_ros_interfaces/msg/detail/digital_input_event__rosidl_typesupport_fastrtps_c.h
[2.096s] -- Up-to-date: /home/samar/takwa_ws/install/kobuki_ros_interfaces/include/kobuki_ros_interfaces/kobuki_ros_interfaces/msg/detail/sound__rosidl_typesupport_fastrtps_c.h
[2.096s] -- Up-to-date: /home/samar/takwa_ws/install/kobuki_ros_interfaces/include/kobuki_ros_interfaces/kobuki_ros_interfaces/msg/detail/power_system_event__rosidl_typesupport_fastrtps_c.h
[2.096s] -- Up-to-date: /home/samar/takwa_ws/install/kobuki_ros_interfaces/lib/libkobuki_ros_interfaces__rosidl_typesupport_fastrtps_c.so
[2.096s] -- Up-to-date: /home/samar/takwa_ws/install/kobuki_ros_interfaces/include/kobuki_ros_interfaces/kobuki_ros_interfaces
[2.096s] -- Up-to-date: /home/samar/takwa_ws/install/kobuki_ros_interfaces/include/kobuki_ros_interfaces/kobuki_ros_interfaces/action
[2.096s] -- Up-to-date: /home/samar/takwa_ws/install/kobuki_ros_interfaces/include/kobuki_ros_interfaces/kobuki_ros_interfaces/action/auto_docking.hpp
[2.096s] -- Up-to-date: /home/samar/takwa_ws/install/kobuki_ros_interfaces/include/kobuki_ros_interfaces/kobuki_ros_interfaces/action/detail
[2.096s] -- Up-to-date: /home/samar/takwa_ws/install/kobuki_ros_interfaces/include/kobuki_ros_interfaces/kobuki_ros_interfaces/action/detail/auto_docking__builder.hpp
[2.096s] -- Up-to-date: /home/samar/takwa_ws/install/kobuki_ros_interfaces/include/kobuki_ros_interfaces/kobuki_ros_interfaces/action/detail/auto_docking__traits.hpp
[2.096s] -- Up-to-date: /home/samar/takwa_ws/install/kobuki_ros_interfaces/include/kobuki_ros_interfaces/kobuki_ros_interfaces/action/detail/auto_docking__struct.hpp
[2.102s] -- Up-to-date: /home/samar/takwa_ws/install/kobuki_ros_interfaces/include/kobuki_ros_interfaces/kobuki_ros_interfaces/msg
[2.102s] -- Up-to-date: /home/samar/takwa_ws/install/kobuki_ros_interfaces/include/kobuki_ros_interfaces/kobuki_ros_interfaces/msg/motor_power.hpp
[2.102s] -- Up-to-date: /home/samar/takwa_ws/install/kobuki_ros_interfaces/include/kobuki_ros_interfaces/kobuki_ros_interfaces/msg/keyboard_input.hpp
[2.103s] -- Up-to-date: /home/samar/takwa_ws/install/kobuki_ros_interfaces/include/kobuki_ros_interfaces/kobuki_ros_interfaces/msg/controller_info.hpp
[2.103s] -- Up-to-date: /home/samar/takwa_ws/install/kobuki_ros_interfaces/include/kobuki_ros_interfaces/kobuki_ros_interfaces/msg/digital_output.hpp
[2.103s] -- Up-to-date: /home/samar/takwa_ws/install/kobuki_ros_interfaces/include/kobuki_ros_interfaces/kobuki_ros_interfaces/msg/led.hpp
[2.103s] -- Up-to-date: /home/samar/takwa_ws/install/kobuki_ros_interfaces/include/kobuki_ros_interfaces/kobuki_ros_interfaces/msg/wheel_drop_event.hpp
[2.103s] -- Up-to-date: /home/samar/takwa_ws/install/kobuki_ros_interfaces/include/kobuki_ros_interfaces/kobuki_ros_interfaces/msg/sound.hpp
[2.103s] -- Up-to-date: /home/samar/takwa_ws/install/kobuki_ros_interfaces/include/kobuki_ros_interfaces/kobuki_ros_interfaces/msg/robot_state_event.hpp
[2.103s] -- Up-to-date: /home/samar/takwa_ws/install/kobuki_ros_interfaces/include/kobuki_ros_interfaces/kobuki_ros_interfaces/msg/cliff_event.hpp
[2.103s] -- Up-to-date: /home/samar/takwa_ws/install/kobuki_ros_interfaces/include/kobuki_ros_interfaces/kobuki_ros_interfaces/msg/bumper_event.hpp
[2.103s] -- Up-to-date: /home/samar/takwa_ws/install/kobuki_ros_interfaces/include/kobuki_ros_interfaces/kobuki_ros_interfaces/msg/digital_input_event.hpp
[2.104s] -- Up-to-date: /home/samar/takwa_ws/install/kobuki_ros_interfaces/include/kobuki_ros_interfaces/kobuki_ros_interfaces/msg/dock_infra_red.hpp
[2.104s] -- Up-to-date: /home/samar/takwa_ws/install/kobuki_ros_interfaces/include/kobuki_ros_interfaces/kobuki_ros_interfaces/msg/sensor_state.hpp
[2.104s] -- Up-to-date: /home/samar/takwa_ws/install/kobuki_ros_interfaces/include/kobuki_ros_interfaces/kobuki_ros_interfaces/msg/button_event.hpp
[2.104s] -- Up-to-date: /home/samar/takwa_ws/install/kobuki_ros_interfaces/include/kobuki_ros_interfaces/kobuki_ros_interfaces/msg/version_info.hpp
[2.104s] -- Up-to-date: /home/samar/takwa_ws/install/kobuki_ros_interfaces/include/kobuki_ros_interfaces/kobuki_ros_interfaces/msg/detail
[2.104s] -- Up-to-date: /home/samar/takwa_ws/install/kobuki_ros_interfaces/include/kobuki_ros_interfaces/kobuki_ros_interfaces/msg/detail/sound__builder.hpp
[2.104s] -- Up-to-date: /home/samar/takwa_ws/install/kobuki_ros_interfaces/include/kobuki_ros_interfaces/kobuki_ros_interfaces/msg/detail/sound__traits.hpp
[2.104s] -- Up-to-date: /home/samar/takwa_ws/install/kobuki_ros_interfaces/include/kobuki_ros_interfaces/kobuki_ros_interfaces/msg/detail/cliff_event__builder.hpp
[2.104s] -- Up-to-date: /home/samar/takwa_ws/install/kobuki_ros_interfaces/include/kobuki_ros_interfaces/kobuki_ros_interfaces/msg/detail/button_event__builder.hpp
[2.105s] -- Up-to-date: /home/samar/takwa_ws/install/kobuki_ros_interfaces/include/kobuki_ros_interfaces/kobuki_ros_interfaces/msg/detail/digital_input_event__traits.hpp
[2.105s] -- Up-to-date: /home/samar/takwa_ws/install/kobuki_ros_interfaces/include/kobuki_ros_interfaces/kobuki_ros_interfaces/msg/detail/power_system_event__traits.hpp
[2.105s] -- Up-to-date: /home/samar/takwa_ws/install/kobuki_ros_interfaces/include/kobuki_ros_interfaces/kobuki_ros_interfaces/msg/detail/controller_info__struct.hpp
[2.105s] -- Up-to-date: /home/samar/takwa_ws/install/kobuki_ros_interfaces/include/kobuki_ros_interfaces/kobuki_ros_interfaces/msg/detail/bumper_event__traits.hpp
[2.105s] -- Up-to-date: /home/samar/takwa_ws/install/kobuki_ros_interfaces/include/kobuki_ros_interfaces/kobuki_ros_interfaces/msg/detail/led__traits.hpp
[2.105s] -- Up-to-date: /home/samar/takwa_ws/install/kobuki_ros_interfaces/include/kobuki_ros_interfaces/kobuki_ros_interfaces/msg/detail/controller_info__traits.hpp
[2.105s] -- Up-to-date: /home/samar/takwa_ws/install/kobuki_ros_interfaces/include/kobuki_ros_interfaces/kobuki_ros_interfaces/msg/detail/led__builder.hpp
[2.105s] -- Up-to-date: /home/samar/takwa_ws/install/kobuki_ros_interfaces/include/kobuki_ros_interfaces/kobuki_ros_interfaces/msg/detail/wheel_drop_event__builder.hpp
[2.105s] -- Up-to-date: /home/samar/takwa_ws/install/kobuki_ros_interfaces/include/kobuki_ros_interfaces/kobuki_ros_interfaces/msg/detail/led__struct.hpp
[2.112s] -- Up-to-date: /home/samar/takwa_ws/install/kobuki_ros_interfaces/include/kobuki_ros_interfaces/kobuki_ros_interfaces/msg/detail/external_power__builder.hpp
[2.112s] -- Up-to-date: /home/samar/takwa_ws/install/kobuki_ros_interfaces/include/kobuki_ros_interfaces/kobuki_ros_interfaces/msg/detail/robot_state_event__builder.hpp
[2.112s] -- Up-to-date: /home/samar/takwa_ws/install/kobuki_ros_interfaces/include/kobuki_ros_interfaces/kobuki_ros_interfaces/msg/detail/version_info__struct.hpp
[2.112s] -- Up-to-date: /home/samar/takwa_ws/install/kobuki_ros_interfaces/include/kobuki_ros_interfaces/kobuki_ros_interfaces/msg/detail/keyboard_input__struct.hpp
[2.112s] -- Up-to-date: /home/samar/takwa_ws/install/kobuki_ros_interfaces/include/kobuki_ros_interfaces/kobuki_ros_interfaces/msg/detail/scan_angle__builder.hpp
[2.113s] -- Up-to-date: /home/samar/takwa_ws/install/kobuki_ros_interfaces/include/kobuki_ros_interfaces/kobuki_ros_interfaces/msg/detail/sensor_state__traits.hpp
[2.113s] -- Up-to-date: /home/samar/takwa_ws/install/kobuki_ros_interfaces/include/kobuki_ros_interfaces/kobuki_ros_interfaces/msg/detail/cliff_event__struct.hpp
[2.113s] -- Up-to-date: /home/samar/takwa_ws/install/kobuki_ros_interfaces/include/kobuki_ros_interfaces/kobuki_ros_interfaces/msg/detail/external_power__traits.hpp
[2.113s] -- Up-to-date: /home/samar/takwa_ws/install/kobuki_ros_interfaces/include/kobuki_ros_interfaces/kobuki_ros_interfaces/msg/detail/motor_power__traits.hpp
[2.113s] -- Up-to-date: /home/samar/takwa_ws/install/kobuki_ros_interfaces/include/kobuki_ros_interfaces/kobuki_ros_interfaces/msg/detail/dock_infra_red__traits.hpp
[2.113s] -- Up-to-date: /home/samar/takwa_ws/install/kobuki_ros_interfaces/include/kobuki_ros_interfaces/kobuki_ros_interfaces/msg/detail/version_info__traits.hpp
[2.113s] -- Up-to-date: /home/samar/takwa_ws/install/kobuki_ros_interfaces/include/kobuki_ros_interfaces/kobuki_ros_interfaces/msg/detail/sensor_state__struct.hpp
[2.113s] -- Up-to-date: /home/samar/takwa_ws/install/kobuki_ros_interfaces/include/kobuki_ros_interfaces/kobuki_ros_interfaces/msg/detail/robot_state_event__struct.hpp
[2.113s] -- Up-to-date: /home/samar/takwa_ws/install/kobuki_ros_interfaces/include/kobuki_ros_interfaces/kobuki_ros_interfaces/msg/detail/controller_info__builder.hpp
[2.114s] -- Up-to-date: /home/samar/takwa_ws/install/kobuki_ros_interfaces/include/kobuki_ros_interfaces/kobuki_ros_interfaces/msg/detail/wheel_drop_event__traits.hpp
[2.114s] -- Up-to-date: /home/samar/takwa_ws/install/kobuki_ros_interfaces/include/kobuki_ros_interfaces/kobuki_ros_interfaces/msg/detail/power_system_event__struct.hpp
[2.117s] -- Up-to-date: /home/samar/takwa_ws/install/kobuki_ros_interfaces/include/kobuki_ros_interfaces/kobuki_ros_interfaces/msg/detail/cliff_event__traits.hpp
[2.117s] -- Up-to-date: /home/samar/takwa_ws/install/kobuki_ros_interfaces/include/kobuki_ros_interfaces/kobuki_ros_interfaces/msg/detail/external_power__struct.hpp
[2.117s] -- Up-to-date: /home/samar/takwa_ws/install/kobuki_ros_interfaces/include/kobuki_ros_interfaces/kobuki_ros_interfaces/msg/detail/digital_output__traits.hpp
[2.117s] -- Up-to-date: /home/samar/takwa_ws/install/kobuki_ros_interfaces/include/kobuki_ros_interfaces/kobuki_ros_interfaces/msg/detail/version_info__builder.hpp
[2.117s] -- Up-to-date: /home/samar/takwa_ws/install/kobuki_ros_interfaces/include/kobuki_ros_interfaces/kobuki_ros_interfaces/msg/detail/motor_power__struct.hpp
[2.117s] -- Up-to-date: /home/samar/takwa_ws/install/kobuki_ros_interfaces/include/kobuki_ros_interfaces/kobuki_ros_interfaces/msg/detail/dock_infra_red__struct.hpp
[2.117s] -- Up-to-date: /home/samar/takwa_ws/install/kobuki_ros_interfaces/include/kobuki_ros_interfaces/kobuki_ros_interfaces/msg/detail/bumper_event__builder.hpp
[2.117s] -- Up-to-date: /home/samar/takwa_ws/install/kobuki_ros_interfaces/include/kobuki_ros_interfaces/kobuki_ros_interfaces/msg/detail/sound__struct.hpp
[2.118s] -- Up-to-date: /home/samar/takwa_ws/install/kobuki_ros_interfaces/include/kobuki_ros_interfaces/kobuki_ros_interfaces/msg/detail/sensor_state__builder.hpp
[2.118s] -- Up-to-date: /home/samar/takwa_ws/install/kobuki_ros_interfaces/include/kobuki_ros_interfaces/kobuki_ros_interfaces/msg/detail/scan_angle__traits.hpp
[2.118s] -- Up-to-date: /home/samar/takwa_ws/install/kobuki_ros_interfaces/include/kobuki_ros_interfaces/kobuki_ros_interfaces/msg/detail/wheel_drop_event__struct.hpp
[2.118s] -- Up-to-date: /home/samar/takwa_ws/install/kobuki_ros_interfaces/include/kobuki_ros_interfaces/kobuki_ros_interfaces/msg/detail/button_event__traits.hpp
[2.118s] -- Up-to-date: /home/samar/takwa_ws/install/kobuki_ros_interfaces/include/kobuki_ros_interfaces/kobuki_ros_interfaces/msg/detail/dock_infra_red__builder.hpp
[2.118s] -- Up-to-date: /home/samar/takwa_ws/install/kobuki_ros_interfaces/include/kobuki_ros_interfaces/kobuki_ros_interfaces/msg/detail/digital_input_event__struct.hpp
[2.118s] -- Up-to-date: /home/samar/takwa_ws/install/kobuki_ros_interfaces/include/kobuki_ros_interfaces/kobuki_ros_interfaces/msg/detail/digital_output__struct.hpp
[2.118s] -- Up-to-date: /home/samar/takwa_ws/install/kobuki_ros_interfaces/include/kobuki_ros_interfaces/kobuki_ros_interfaces/msg/detail/digital_input_event__builder.hpp
[2.121s] -- Up-to-date: /home/samar/takwa_ws/install/kobuki_ros_interfaces/include/kobuki_ros_interfaces/kobuki_ros_interfaces/msg/detail/keyboard_input__traits.hpp
[2.122s] -- Up-to-date: /home/samar/takwa_ws/install/kobuki_ros_interfaces/include/kobuki_ros_interfaces/kobuki_ros_interfaces/msg/detail/robot_state_event__traits.hpp
[2.122s] -- Up-to-date: /home/samar/takwa_ws/install/kobuki_ros_interfaces/include/kobuki_ros_interfaces/kobuki_ros_interfaces/msg/detail/power_system_event__builder.hpp
[2.122s] -- Up-to-date: /home/samar/takwa_ws/install/kobuki_ros_interfaces/include/kobuki_ros_interfaces/kobuki_ros_interfaces/msg/detail/motor_power__builder.hpp
[2.122s] -- Up-to-date: /home/samar/takwa_ws/install/kobuki_ros_interfaces/include/kobuki_ros_interfaces/kobuki_ros_interfaces/msg/detail/digital_output__builder.hpp
[2.122s] -- Up-to-date: /home/samar/takwa_ws/install/kobuki_ros_interfaces/include/kobuki_ros_interfaces/kobuki_ros_interfaces/msg/detail/button_event__struct.hpp
[2.122s] -- Up-to-date: /home/samar/takwa_ws/install/kobuki_ros_interfaces/include/kobuki_ros_interfaces/kobuki_ros_interfaces/msg/detail/scan_angle__struct.hpp
[2.122s] -- Up-to-date: /home/samar/takwa_ws/install/kobuki_ros_interfaces/include/kobuki_ros_interfaces/kobuki_ros_interfaces/msg/detail/bumper_event__struct.hpp
[2.123s] -- Up-to-date: /home/samar/takwa_ws/install/kobuki_ros_interfaces/include/kobuki_ros_interfaces/kobuki_ros_interfaces/msg/detail/keyboard_input__builder.hpp
[2.123s] -- Up-to-date: /home/samar/takwa_ws/install/kobuki_ros_interfaces/include/kobuki_ros_interfaces/kobuki_ros_interfaces/msg/power_system_event.hpp
[2.123s] -- Up-to-date: /home/samar/takwa_ws/install/kobuki_ros_interfaces/include/kobuki_ros_interfaces/kobuki_ros_interfaces/msg/external_power.hpp
[2.123s] -- Up-to-date: /home/samar/takwa_ws/install/kobuki_ros_interfaces/include/kobuki_ros_interfaces/kobuki_ros_interfaces/msg/scan_angle.hpp
[2.123s] -- Up-to-date: /home/samar/takwa_ws/install/kobuki_ros_interfaces/include/kobuki_ros_interfaces/kobuki_ros_interfaces
[2.123s] -- Up-to-date: /home/samar/takwa_ws/install/kobuki_ros_interfaces/include/kobuki_ros_interfaces/kobuki_ros_interfaces/action
[2.123s] -- Up-to-date: /home/samar/takwa_ws/install/kobuki_ros_interfaces/include/kobuki_ros_interfaces/kobuki_ros_interfaces/action/detail
[2.123s] -- Up-to-date: /home/samar/takwa_ws/install/kobuki_ros_interfaces/include/kobuki_ros_interfaces/kobuki_ros_interfaces/action/detail/dds_fastrtps
[2.123s] -- Up-to-date: /home/samar/takwa_ws/install/kobuki_ros_interfaces/include/kobuki_ros_interfaces/kobuki_ros_interfaces/action/detail/auto_docking__rosidl_typesupport_fastrtps_cpp.hpp
[2.124s] -- Up-to-date: /home/samar/takwa_ws/install/kobuki_ros_interfaces/include/kobuki_ros_interfaces/kobuki_ros_interfaces/msg
[2.124s] -- Up-to-date: /home/samar/takwa_ws/install/kobuki_ros_interfaces/include/kobuki_ros_interfaces/kobuki_ros_interfaces/msg/rosidl_typesupport_fastrtps_cpp__visibility_control.h
[2.124s] -- Up-to-date: /home/samar/takwa_ws/install/kobuki_ros_interfaces/include/kobuki_ros_interfaces/kobuki_ros_interfaces/msg/detail
[2.124s] -- Up-to-date: /home/samar/takwa_ws/install/kobuki_ros_interfaces/include/kobuki_ros_interfaces/kobuki_ros_interfaces/msg/detail/cliff_event__rosidl_typesupport_fastrtps_cpp.hpp
[2.124s] -- Up-to-date: /home/samar/takwa_ws/install/kobuki_ros_interfaces/include/kobuki_ros_interfaces/kobuki_ros_interfaces/msg/detail/dds_fastrtps
[2.124s] -- Up-to-date: /home/samar/takwa_ws/install/kobuki_ros_interfaces/include/kobuki_ros_interfaces/kobuki_ros_interfaces/msg/detail/robot_state_event__rosidl_typesupport_fastrtps_cpp.hpp
[2.124s] -- Up-to-date: /home/samar/takwa_ws/install/kobuki_ros_interfaces/include/kobuki_ros_interfaces/kobuki_ros_interfaces/msg/detail/power_system_event__rosidl_typesupport_fastrtps_cpp.hpp
[2.124s] -- Up-to-date: /home/samar/takwa_ws/install/kobuki_ros_interfaces/include/kobuki_ros_interfaces/kobuki_ros_interfaces/msg/detail/digital_input_event__rosidl_typesupport_fastrtps_cpp.hpp
[2.124s] -- Up-to-date: /home/samar/takwa_ws/install/kobuki_ros_interfaces/include/kobuki_ros_interfaces/kobuki_ros_interfaces/msg/detail/sensor_state__rosidl_typesupport_fastrtps_cpp.hpp
[2.128s] -- Up-to-date: /home/samar/takwa_ws/install/kobuki_ros_interfaces/include/kobuki_ros_interfaces/kobuki_ros_interfaces/msg/detail/led__rosidl_typesupport_fastrtps_cpp.hpp
[2.128s] -- Up-to-date: /home/samar/takwa_ws/install/kobuki_ros_interfaces/include/kobuki_ros_interfaces/kobuki_ros_interfaces/msg/detail/digital_output__rosidl_typesupport_fastrtps_cpp.hpp
[2.128s] -- Up-to-date: /home/samar/takwa_ws/install/kobuki_ros_interfaces/include/kobuki_ros_interfaces/kobuki_ros_interfaces/msg/detail/wheel_drop_event__rosidl_typesupport_fastrtps_cpp.hpp
[2.128s] -- Up-to-date: /home/samar/takwa_ws/install/kobuki_ros_interfaces/include/kobuki_ros_interfaces/kobuki_ros_interfaces/msg/detail/motor_power__rosidl_typesupport_fastrtps_cpp.hpp
[2.128s] -- Up-to-date: /home/samar/takwa_ws/install/kobuki_ros_interfaces/include/kobuki_ros_interfaces/kobuki_ros_interfaces/msg/detail/controller_info__rosidl_typesupport_fastrtps_cpp.hpp
[2.128s] -- Up-to-date: /home/samar/takwa_ws/install/kobuki_ros_interfaces/include/kobuki_ros_interfaces/kobuki_ros_interfaces/msg/detail/button_event__rosidl_typesupport_fastrtps_cpp.hpp
[2.128s] -- Up-to-date: /home/samar/takwa_ws/install/kobuki_ros_interfaces/include/kobuki_ros_interfaces/kobuki_ros_interfaces/msg/detail/external_power__rosidl_typesupport_fastrtps_cpp.hpp
[2.128s] -- Up-to-date: /home/samar/takwa_ws/install/kobuki_ros_interfaces/include/kobuki_ros_interfaces/kobuki_ros_interfaces/msg/detail/version_info__rosidl_typesupport_fastrtps_cpp.hpp
[2.128s] -- Up-to-date: /home/samar/takwa_ws/install/kobuki_ros_interfaces/include/kobuki_ros_interfaces/kobuki_ros_interfaces/msg/detail/keyboard_input__rosidl_typesupport_fastrtps_cpp.hpp
[2.129s] -- Up-to-date: /home/samar/takwa_ws/install/kobuki_ros_interfaces/include/kobuki_ros_interfaces/kobuki_ros_interfaces/msg/detail/scan_angle__rosidl_typesupport_fastrtps_cpp.hpp
[2.129s] -- Up-to-date: /home/samar/takwa_ws/install/kobuki_ros_interfaces/include/kobuki_ros_interfaces/kobuki_ros_interfaces/msg/detail/sound__rosidl_typesupport_fastrtps_cpp.hpp
[2.129s] -- Up-to-date: /home/samar/takwa_ws/install/kobuki_ros_interfaces/include/kobuki_ros_interfaces/kobuki_ros_interfaces/msg/detail/dock_infra_red__rosidl_typesupport_fastrtps_cpp.hpp
[2.129s] -- Up-to-date: /home/samar/takwa_ws/install/kobuki_ros_interfaces/include/kobuki_ros_interfaces/kobuki_ros_interfaces/msg/detail/bumper_event__rosidl_typesupport_fastrtps_cpp.hpp
[2.129s] -- Up-to-date: /home/samar/takwa_ws/install/kobuki_ros_interfaces/lib/libkobuki_ros_interfaces__rosidl_typesupport_fastrtps_cpp.so
[2.129s] -- Up-to-date: /home/samar/takwa_ws/install/kobuki_ros_interfaces/include/kobuki_ros_interfaces/kobuki_ros_interfaces
[2.129s] -- Up-to-date: /home/samar/takwa_ws/install/kobuki_ros_interfaces/include/kobuki_ros_interfaces/kobuki_ros_interfaces/action
[2.129s] -- Up-to-date: /home/samar/takwa_ws/install/kobuki_ros_interfaces/include/kobuki_ros_interfaces/kobuki_ros_interfaces/action/detail
[2.129s] -- Up-to-date: /home/samar/takwa_ws/install/kobuki_ros_interfaces/include/kobuki_ros_interfaces/kobuki_ros_interfaces/action/detail/auto_docking__rosidl_typesupport_introspection_c.h
[2.130s] -- Installing: /home/samar/takwa_ws/install/kobuki_ros_interfaces/include/kobuki_ros_interfaces/kobuki_ros_interfaces/action/detail/auto_docking__type_support.c
[2.130s] -- Up-to-date: /home/samar/takwa_ws/install/kobuki_ros_interfaces/include/kobuki_ros_interfaces/kobuki_ros_interfaces/msg
[2.130s] -- Up-to-date: /home/samar/takwa_ws/install/kobuki_ros_interfaces/include/kobuki_ros_interfaces/kobuki_ros_interfaces/msg/rosidl_typesupport_introspection_c__visibility_control.h
[2.130s] -- Up-to-date: /home/samar/takwa_ws/install/kobuki_ros_interfaces/include/kobuki_ros_interfaces/kobuki_ros_interfaces/msg/detail
[2.130s] -- Installing: /home/samar/takwa_ws/install/kobuki_ros_interfaces/include/kobuki_ros_interfaces/kobuki_ros_interfaces/msg/detail/robot_state_event__type_support.c
[2.130s] -- Installing: /home/samar/takwa_ws/install/kobuki_ros_interfaces/include/kobuki_ros_interfaces/kobuki_ros_interfaces/msg/detail/sound__type_support.c
[2.130s] -- Installing: /home/samar/takwa_ws/install/kobuki_ros_interfaces/include/kobuki_ros_interfaces/kobuki_ros_interfaces/msg/detail/dock_infra_red__type_support.c
[2.130s] -- Up-to-date: /home/samar/takwa_ws/install/kobuki_ros_interfaces/include/kobuki_ros_interfaces/kobuki_ros_interfaces/msg/detail/sensor_state__rosidl_typesupport_introspection_c.h
[2.130s] -- Up-to-date: /home/samar/takwa_ws/install/kobuki_ros_interfaces/include/kobuki_ros_interfaces/kobuki_ros_interfaces/msg/detail/wheel_drop_event__rosidl_typesupport_introspection_c.h
[2.134s] -- Installing: /home/samar/takwa_ws/install/kobuki_ros_interfaces/include/kobuki_ros_interfaces/kobuki_ros_interfaces/msg/detail/power_system_event__type_support.c
[2.134s] -- Installing: /home/samar/takwa_ws/install/kobuki_ros_interfaces/include/kobuki_ros_interfaces/kobuki_ros_interfaces/msg/detail/keyboard_input__type_support.c
[2.134s] -- Installing: /home/samar/takwa_ws/install/kobuki_ros_interfaces/include/kobuki_ros_interfaces/kobuki_ros_interfaces/msg/detail/version_info__type_support.c
[2.134s] -- Installing: /home/samar/takwa_ws/install/kobuki_ros_interfaces/include/kobuki_ros_interfaces/kobuki_ros_interfaces/msg/detail/button_event__type_support.c
[2.134s] -- Up-to-date: /home/samar/takwa_ws/install/kobuki_ros_interfaces/include/kobuki_ros_interfaces/kobuki_ros_interfaces/msg/detail/dock_infra_red__rosidl_typesupport_introspection_c.h
[2.134s] -- Up-to-date: /home/samar/takwa_ws/install/kobuki_ros_interfaces/include/kobuki_ros_interfaces/kobuki_ros_interfaces/msg/detail/external_power__rosidl_typesupport_introspection_c.h
[2.134s] -- Up-to-date: /home/samar/takwa_ws/install/kobuki_ros_interfaces/include/kobuki_ros_interfaces/kobuki_ros_interfaces/msg/detail/button_event__rosidl_typesupport_introspection_c.h
[2.134s] -- Installing: /home/samar/takwa_ws/install/kobuki_ros_interfaces/include/kobuki_ros_interfaces/kobuki_ros_interfaces/msg/detail/scan_angle__type_support.c
[2.135s] -- Installing: /home/samar/takwa_ws/install/kobuki_ros_interfaces/include/kobuki_ros_interfaces/kobuki_ros_interfaces/msg/detail/external_power__type_support.c
[2.135s] -- Up-to-date: /home/samar/takwa_ws/install/kobuki_ros_interfaces/include/kobuki_ros_interfaces/kobuki_ros_interfaces/msg/detail/bumper_event__rosidl_typesupport_introspection_c.h
[2.135s] -- Installing: /home/samar/takwa_ws/install/kobuki_ros_interfaces/include/kobuki_ros_interfaces/kobuki_ros_interfaces/msg/detail/controller_info__type_support.c
[2.135s] -- Up-to-date: /home/samar/takwa_ws/install/kobuki_ros_interfaces/include/kobuki_ros_interfaces/kobuki_ros_interfaces/msg/detail/keyboard_input__rosidl_typesupport_introspection_c.h
[2.135s] -- Installing: /home/samar/takwa_ws/install/kobuki_ros_interfaces/include/kobuki_ros_interfaces/kobuki_ros_interfaces/msg/detail/wheel_drop_event__type_support.c
[2.135s] -- Up-to-date: /home/samar/takwa_ws/install/kobuki_ros_interfaces/include/kobuki_ros_interfaces/kobuki_ros_interfaces/msg/detail/robot_state_event__rosidl_typesupport_introspection_c.h
[2.135s] -- Installing: /home/samar/takwa_ws/install/kobuki_ros_interfaces/include/kobuki_ros_interfaces/kobuki_ros_interfaces/msg/detail/motor_power__type_support.c
[2.135s] -- Up-to-date: /home/samar/takwa_ws/install/kobuki_ros_interfaces/include/kobuki_ros_interfaces/kobuki_ros_interfaces/msg/detail/cliff_event__rosidl_typesupport_introspection_c.h
[2.135s] -- Installing: /home/samar/takwa_ws/install/kobuki_ros_interfaces/include/kobuki_ros_interfaces/kobuki_ros_interfaces/msg/detail/digital_input_event__type_support.c
[2.135s] -- Up-to-date: /home/samar/takwa_ws/install/kobuki_ros_interfaces/include/kobuki_ros_interfaces/kobuki_ros_interfaces/msg/detail/scan_angle__rosidl_typesupport_introspection_c.h
[2.136s] -- Up-to-date: /home/samar/takwa_ws/install/kobuki_ros_interfaces/include/kobuki_ros_interfaces/kobuki_ros_interfaces/msg/detail/digital_input_event__rosidl_typesupport_introspection_c.h
[2.136s] -- Installing: /home/samar/takwa_ws/install/kobuki_ros_interfaces/include/kobuki_ros_interfaces/kobuki_ros_interfaces/msg/detail/sensor_state__type_support.c
[2.136s] -- Up-to-date: /home/samar/takwa_ws/install/kobuki_ros_interfaces/include/kobuki_ros_interfaces/kobuki_ros_interfaces/msg/detail/motor_power__rosidl_typesupport_introspection_c.h
[2.136s] -- Installing: /home/samar/takwa_ws/install/kobuki_ros_interfaces/include/kobuki_ros_interfaces/kobuki_ros_interfaces/msg/detail/cliff_event__type_support.c
[2.136s] -- Installing: /home/samar/takwa_ws/install/kobuki_ros_interfaces/include/kobuki_ros_interfaces/kobuki_ros_interfaces/msg/detail/bumper_event__type_support.c
[2.136s] -- Up-to-date: /home/samar/takwa_ws/install/kobuki_ros_interfaces/include/kobuki_ros_interfaces/kobuki_ros_interfaces/msg/detail/led__rosidl_typesupport_introspection_c.h
[2.136s] -- Up-to-date: /home/samar/takwa_ws/install/kobuki_ros_interfaces/include/kobuki_ros_interfaces/kobuki_ros_interfaces/msg/detail/digital_output__rosidl_typesupport_introspection_c.h
[2.136s] -- Installing: /home/samar/takwa_ws/install/kobuki_ros_interfaces/include/kobuki_ros_interfaces/kobuki_ros_interfaces/msg/detail/digital_output__type_support.c
[2.139s] -- Up-to-date: /home/samar/takwa_ws/install/kobuki_ros_interfaces/include/kobuki_ros_interfaces/kobuki_ros_interfaces/msg/detail/sound__rosidl_typesupport_introspection_c.h
[2.140s] -- Installing: /home/samar/takwa_ws/install/kobuki_ros_interfaces/include/kobuki_ros_interfaces/kobuki_ros_interfaces/msg/detail/led__type_support.c
[2.140s] -- Up-to-date: /home/samar/takwa_ws/install/kobuki_ros_interfaces/include/kobuki_ros_interfaces/kobuki_ros_interfaces/msg/detail/power_system_event__rosidl_typesupport_introspection_c.h
[2.140s] -- Up-to-date: /home/samar/takwa_ws/install/kobuki_ros_interfaces/include/kobuki_ros_interfaces/kobuki_ros_interfaces/msg/detail/version_info__rosidl_typesupport_introspection_c.h
[2.140s] -- Up-to-date: /home/samar/takwa_ws/install/kobuki_ros_interfaces/include/kobuki_ros_interfaces/kobuki_ros_interfaces/msg/detail/controller_info__rosidl_typesupport_introspection_c.h
[2.140s] -- Up-to-date: /home/samar/takwa_ws/install/kobuki_ros_interfaces/lib/libkobuki_ros_interfaces__rosidl_typesupport_introspection_c.so
[2.140s] -- Up-to-date: /home/samar/takwa_ws/install/kobuki_ros_interfaces/lib/libkobuki_ros_interfaces__rosidl_typesupport_c.so
[2.140s] -- Up-to-date: /home/samar/takwa_ws/install/kobuki_ros_interfaces/include/kobuki_ros_interfaces/kobuki_ros_interfaces
[2.140s] -- Up-to-date: /home/samar/takwa_ws/install/kobuki_ros_interfaces/include/kobuki_ros_interfaces/kobuki_ros_interfaces/action
[2.141s] -- Up-to-date: /home/samar/takwa_ws/install/kobuki_ros_interfaces/include/kobuki_ros_interfaces/kobuki_ros_interfaces/action/detail
[2.141s] -- Up-to-date: /home/samar/takwa_ws/install/kobuki_ros_interfaces/include/kobuki_ros_interfaces/kobuki_ros_interfaces/action/detail/auto_docking__rosidl_typesupport_introspection_cpp.hpp
[2.141s] -- Up-to-date: /home/samar/takwa_ws/install/kobuki_ros_interfaces/include/kobuki_ros_interfaces/kobuki_ros_interfaces/action/detail/auto_docking__type_support.cpp
[2.141s] -- Up-to-date: /home/samar/takwa_ws/install/kobuki_ros_interfaces/include/kobuki_ros_interfaces/kobuki_ros_interfaces/msg
[2.141s] -- Up-to-date: /home/samar/takwa_ws/install/kobuki_ros_interfaces/include/kobuki_ros_interfaces/kobuki_ros_interfaces/msg/detail
[2.141s] -- Up-to-date: /home/samar/takwa_ws/install/kobuki_ros_interfaces/include/kobuki_ros_interfaces/kobuki_ros_interfaces/msg/detail/sound__type_support.cpp
[2.141s] -- Up-to-date: /home/samar/takwa_ws/install/kobuki_ros_interfaces/include/kobuki_ros_interfaces/kobuki_ros_interfaces/msg/detail/robot_state_event__rosidl_typesupport_introspection_cpp.hpp
[2.141s] -- Up-to-date: /home/samar/takwa_ws/install/kobuki_ros_interfaces/include/kobuki_ros_interfaces/kobuki_ros_interfaces/msg/detail/motor_power__type_support.cpp
[2.141s] -- Up-to-date: /home/samar/takwa_ws/install/kobuki_ros_interfaces/include/kobuki_ros_interfaces/kobuki_ros_interfaces/msg/detail/external_power__type_support.cpp
[2.141s] -- Up-to-date: /home/samar/takwa_ws/install/kobuki_ros_interfaces/include/kobuki_ros_interfaces/kobuki_ros_interfaces/msg/detail/digital_output__rosidl_typesupport_introspection_cpp.hpp
[2.142s] -- Up-to-date: /home/samar/takwa_ws/install/kobuki_ros_interfaces/include/kobuki_ros_interfaces/kobuki_ros_interfaces/msg/detail/sound__rosidl_typesupport_introspection_cpp.hpp
[2.142s] -- Up-to-date: /home/samar/takwa_ws/install/kobuki_ros_interfaces/include/kobuki_ros_interfaces/kobuki_ros_interfaces/msg/detail/bumper_event__rosidl_typesupport_introspection_cpp.hpp
[2.142s] -- Up-to-date: /home/samar/takwa_ws/install/kobuki_ros_interfaces/include/kobuki_ros_interfaces/kobuki_ros_interfaces/msg/detail/wheel_drop_event__rosidl_typesupport_introspection_cpp.hpp
[2.142s] -- Up-to-date: /home/samar/takwa_ws/install/kobuki_ros_interfaces/include/kobuki_ros_interfaces/kobuki_ros_interfaces/msg/detail/bumper_event__type_support.cpp
[2.142s] -- Up-to-date: /home/samar/takwa_ws/install/kobuki_ros_interfaces/include/kobuki_ros_interfaces/kobuki_ros_interfaces/msg/detail/button_event__rosidl_typesupport_introspection_cpp.hpp
[2.142s] -- Up-to-date: /home/samar/takwa_ws/install/kobuki_ros_interfaces/include/kobuki_ros_interfaces/kobuki_ros_interfaces/msg/detail/robot_state_event__type_support.cpp
[2.142s] -- Up-to-date: /home/samar/takwa_ws/install/kobuki_ros_interfaces/include/kobuki_ros_interfaces/kobuki_ros_interfaces/msg/detail/version_info__rosidl_typesupport_introspection_cpp.hpp
[2.142s] -- Up-to-date: /home/samar/takwa_ws/install/kobuki_ros_interfaces/include/kobuki_ros_interfaces/kobuki_ros_interfaces/msg/detail/digital_output__type_support.cpp
[2.146s] -- Up-to-date: /home/samar/takwa_ws/install/kobuki_ros_interfaces/include/kobuki_ros_interfaces/kobuki_ros_interfaces/msg/detail/scan_angle__type_support.cpp
[2.146s] -- Up-to-date: /home/samar/takwa_ws/install/kobuki_ros_interfaces/include/kobuki_ros_interfaces/kobuki_ros_interfaces/msg/detail/motor_power__rosidl_typesupport_introspection_cpp.hpp
[2.146s] -- Up-to-date: /home/samar/takwa_ws/install/kobuki_ros_interfaces/include/kobuki_ros_interfaces/kobuki_ros_interfaces/msg/detail/keyboard_input__rosidl_typesupport_introspection_cpp.hpp
[2.146s] -- Up-to-date: /home/samar/takwa_ws/install/kobuki_ros_interfaces/include/kobuki_ros_interfaces/kobuki_ros_interfaces/msg/detail/dock_infra_red__rosidl_typesupport_introspection_cpp.hpp
[2.146s] -- Up-to-date: /home/samar/takwa_ws/install/kobuki_ros_interfaces/include/kobuki_ros_interfaces/kobuki_ros_interfaces/msg/detail/controller_info__type_support.cpp
[2.146s] -- Up-to-date: /home/samar/takwa_ws/install/kobuki_ros_interfaces/include/kobuki_ros_interfaces/kobuki_ros_interfaces/msg/detail/digital_input_event__type_support.cpp
[2.146s] -- Up-to-date: /home/samar/takwa_ws/install/kobuki_ros_interfaces/include/kobuki_ros_interfaces/kobuki_ros_interfaces/msg/detail/version_info__type_support.cpp
[2.146s] -- Up-to-date: /home/samar/takwa_ws/install/kobuki_ros_interfaces/include/kobuki_ros_interfaces/kobuki_ros_interfaces/msg/detail/sensor_state__type_support.cpp
[2.147s] -- Up-to-date: /home/samar/takwa_ws/install/kobuki_ros_interfaces/include/kobuki_ros_interfaces/kobuki_ros_interfaces/msg/detail/cliff_event__rosidl_typesupport_introspection_cpp.hpp
[2.147s] -- Up-to-date: /home/samar/takwa_ws/install/kobuki_ros_interfaces/include/kobuki_ros_interfaces/kobuki_ros_interfaces/msg/detail/keyboard_input__type_support.cpp
[2.147s] -- Up-to-date: /home/samar/takwa_ws/install/kobuki_ros_interfaces/include/kobuki_ros_interfaces/kobuki_ros_interfaces/msg/detail/led__type_support.cpp
[2.147s] -- Up-to-date: /home/samar/takwa_ws/install/kobuki_ros_interfaces/include/kobuki_ros_interfaces/kobuki_ros_interfaces/msg/detail/wheel_drop_event__type_support.cpp
[2.147s] -- Up-to-date: /home/samar/takwa_ws/install/kobuki_ros_interfaces/include/kobuki_ros_interfaces/kobuki_ros_interfaces/msg/detail/power_system_event__type_support.cpp
[2.147s] -- Up-to-date: /home/samar/takwa_ws/install/kobuki_ros_interfaces/include/kobuki_ros_interfaces/kobuki_ros_interfaces/msg/detail/power_system_event__rosidl_typesupport_introspection_cpp.hpp
[2.147s] -- Up-to-date: /home/samar/takwa_ws/install/kobuki_ros_interfaces/include/kobuki_ros_interfaces/kobuki_ros_interfaces/msg/detail/cliff_event__type_support.cpp
[2.147s] -- Up-to-date: /home/samar/takwa_ws/install/kobuki_ros_interfaces/include/kobuki_ros_interfaces/kobuki_ros_interfaces/msg/detail/led__rosidl_typesupport_introspection_cpp.hpp
[2.147s] -- Up-to-date: /home/samar/takwa_ws/install/kobuki_ros_interfaces/include/kobuki_ros_interfaces/kobuki_ros_interfaces/msg/detail/scan_angle__rosidl_typesupport_introspection_cpp.hpp
[2.148s] -- Up-to-date: /home/samar/takwa_ws/install/kobuki_ros_interfaces/include/kobuki_ros_interfaces/kobuki_ros_interfaces/msg/detail/digital_input_event__rosidl_typesupport_introspection_cpp.hpp
[2.148s] -- Up-to-date: /home/samar/takwa_ws/install/kobuki_ros_interfaces/include/kobuki_ros_interfaces/kobuki_ros_interfaces/msg/detail/external_power__rosidl_typesupport_introspection_cpp.hpp
[2.148s] -- Up-to-date: /home/samar/takwa_ws/install/kobuki_ros_interfaces/include/kobuki_ros_interfaces/kobuki_ros_interfaces/msg/detail/sensor_state__rosidl_typesupport_introspection_cpp.hpp
[2.148s] -- Up-to-date: /home/samar/takwa_ws/install/kobuki_ros_interfaces/include/kobuki_ros_interfaces/kobuki_ros_interfaces/msg/detail/button_event__type_support.cpp
[2.148s] -- Up-to-date: /home/samar/takwa_ws/install/kobuki_ros_interfaces/include/kobuki_ros_interfaces/kobuki_ros_interfaces/msg/detail/controller_info__rosidl_typesupport_introspection_cpp.hpp
[2.148s] -- Up-to-date: /home/samar/takwa_ws/install/kobuki_ros_interfaces/include/kobuki_ros_interfaces/kobuki_ros_interfaces/msg/detail/dock_infra_red__type_support.cpp
[2.148s] -- Up-to-date: /home/samar/takwa_ws/install/kobuki_ros_interfaces/lib/libkobuki_ros_interfaces__rosidl_typesupport_introspection_cpp.so
[2.148s] -- Up-to-date: /home/samar/takwa_ws/install/kobuki_ros_interfaces/lib/libkobuki_ros_interfaces__rosidl_typesupport_cpp.so
[2.151s] -- Up-to-date: /home/samar/takwa_ws/install/kobuki_ros_interfaces/share/kobuki_ros_interfaces/environment/pythonpath.sh
[2.152s] -- Up-to-date: /home/samar/takwa_ws/install/kobuki_ros_interfaces/share/kobuki_ros_interfaces/environment/pythonpath.dsv
[2.152s] -- Up-to-date: /home/samar/takwa_ws/install/kobuki_ros_interfaces/lib/python3.10/site-packages/kobuki_ros_interfaces-1.0.0-py3.10.egg-info
[2.152s] -- Installing: /home/samar/takwa_ws/install/kobuki_ros_interfaces/lib/python3.10/site-packages/kobuki_ros_interfaces-1.0.0-py3.10.egg-info/top_level.txt
[2.152s] -- Installing: /home/samar/takwa_ws/install/kobuki_ros_interfaces/lib/python3.10/site-packages/kobuki_ros_interfaces-1.0.0-py3.10.egg-info/PKG-INFO
[2.152s] -- Installing: /home/samar/takwa_ws/install/kobuki_ros_interfaces/lib/python3.10/site-packages/kobuki_ros_interfaces-1.0.0-py3.10.egg-info/dependency_links.txt
[2.152s] -- Installing: /home/samar/takwa_ws/install/kobuki_ros_interfaces/lib/python3.10/site-packages/kobuki_ros_interfaces-1.0.0-py3.10.egg-info/SOURCES.txt
[2.152s] -- Up-to-date: /home/samar/takwa_ws/install/kobuki_ros_interfaces/lib/python3.10/site-packages/kobuki_ros_interfaces
[2.152s] -- Up-to-date: /home/samar/takwa_ws/install/kobuki_ros_interfaces/lib/python3.10/site-packages/kobuki_ros_interfaces/kobuki_ros_interfaces_s__rosidl_typesupport_c.cpython-310-x86_64-linux-gnu.so
[2.152s] -- Up-to-date: /home/samar/takwa_ws/install/kobuki_ros_interfaces/lib/python3.10/site-packages/kobuki_ros_interfaces/_kobuki_ros_interfaces_s.ep.rosidl_typesupport_introspection_c.c
[2.153s] -- Up-to-date: /home/samar/takwa_ws/install/kobuki_ros_interfaces/lib/python3.10/site-packages/kobuki_ros_interfaces/_kobuki_ros_interfaces_s.ep.rosidl_typesupport_c.c
[2.153s] -- Up-to-date: /home/samar/takwa_ws/install/kobuki_ros_interfaces/lib/python3.10/site-packages/kobuki_ros_interfaces/libkobuki_ros_interfaces__rosidl_generator_py.so
[2.153s] -- Up-to-date: /home/samar/takwa_ws/install/kobuki_ros_interfaces/lib/python3.10/site-packages/kobuki_ros_interfaces/__init__.py
[2.153s] -- Up-to-date: /home/samar/takwa_ws/install/kobuki_ros_interfaces/lib/python3.10/site-packages/kobuki_ros_interfaces/action
[2.153s] -- Up-to-date: /home/samar/takwa_ws/install/kobuki_ros_interfaces/lib/python3.10/site-packages/kobuki_ros_interfaces/action/__init__.py
[2.153s] -- Up-to-date: /home/samar/takwa_ws/install/kobuki_ros_interfaces/lib/python3.10/site-packages/kobuki_ros_interfaces/action/_auto_docking_s.c
[2.153s] -- Up-to-date: /home/samar/takwa_ws/install/kobuki_ros_interfaces/lib/python3.10/site-packages/kobuki_ros_interfaces/action/_auto_docking.py
[2.153s] -- Up-to-date: /home/samar/takwa_ws/install/kobuki_ros_interfaces/lib/python3.10/site-packages/kobuki_ros_interfaces/kobuki_ros_interfaces_s__rosidl_typesupport_fastrtps_c.cpython-310-x86_64-linux-gnu.so
[2.153s] -- Up-to-date: /home/samar/takwa_ws/install/kobuki_ros_interfaces/lib/python3.10/site-packages/kobuki_ros_interfaces/msg
[2.154s] -- Up-to-date: /home/samar/takwa_ws/install/kobuki_ros_interfaces/lib/python3.10/site-packages/kobuki_ros_interfaces/msg/_wheel_drop_event.py
[2.154s] -- Up-to-date: /home/samar/takwa_ws/install/kobuki_ros_interfaces/lib/python3.10/site-packages/kobuki_ros_interfaces/msg/_cliff_event.py
[2.154s] -- Up-to-date: /home/samar/takwa_ws/install/kobuki_ros_interfaces/lib/python3.10/site-packages/kobuki_ros_interfaces/msg/_button_event_s.c
[2.154s] -- Up-to-date: /home/samar/takwa_ws/install/kobuki_ros_interfaces/lib/python3.10/site-packages/kobuki_ros_interfaces/msg/_external_power_s.c
[2.154s] -- Up-to-date: /home/samar/takwa_ws/install/kobuki_ros_interfaces/lib/python3.10/site-packages/kobuki_ros_interfaces/msg/_robot_state_event_s.c
[2.154s] -- Up-to-date: /home/samar/takwa_ws/install/kobuki_ros_interfaces/lib/python3.10/site-packages/kobuki_ros_interfaces/msg/_dock_infra_red.py
[2.154s] -- Up-to-date: /home/samar/takwa_ws/install/kobuki_ros_interfaces/lib/python3.10/site-packages/kobuki_ros_interfaces/msg/_digital_output_s.c
[2.154s] -- Up-to-date: /home/samar/takwa_ws/install/kobuki_ros_interfaces/lib/python3.10/site-packages/kobuki_ros_interfaces/msg/_dock_infra_red_s.c
[2.154s] -- Up-to-date: /home/samar/takwa_ws/install/kobuki_ros_interfaces/lib/python3.10/site-packages/kobuki_ros_interfaces/msg/__init__.py
[2.158s] -- Up-to-date: /home/samar/takwa_ws/install/kobuki_ros_interfaces/lib/python3.10/site-packages/kobuki_ros_interfaces/msg/_power_system_event_s.c
[2.158s] -- Up-to-date: /home/samar/takwa_ws/install/kobuki_ros_interfaces/lib/python3.10/site-packages/kobuki_ros_interfaces/msg/_sensor_state_s.c
[2.158s] -- Up-to-date: /home/samar/takwa_ws/install/kobuki_ros_interfaces/lib/python3.10/site-packages/kobuki_ros_interfaces/msg/_robot_state_event.py
[2.158s] -- Up-to-date: /home/samar/takwa_ws/install/kobuki_ros_interfaces/lib/python3.10/site-packages/kobuki_ros_interfaces/msg/_power_system_event.py
[2.158s] -- Up-to-date: /home/samar/takwa_ws/install/kobuki_ros_interfaces/lib/python3.10/site-packages/kobuki_ros_interfaces/msg/_keyboard_input.py
[2.158s] -- Up-to-date: /home/samar/takwa_ws/install/kobuki_ros_interfaces/lib/python3.10/site-packages/kobuki_ros_interfaces/msg/_bumper_event.py
[2.158s] -- Up-to-date: /home/samar/takwa_ws/install/kobuki_ros_interfaces/lib/python3.10/site-packages/kobuki_ros_interfaces/msg/_led.py
[2.158s] -- Up-to-date: /home/samar/takwa_ws/install/kobuki_ros_interfaces/lib/python3.10/site-packages/kobuki_ros_interfaces/msg/_led_s.c
[2.158s] -- Up-to-date: /home/samar/takwa_ws/install/kobuki_ros_interfaces/lib/python3.10/site-packages/kobuki_ros_interfaces/msg/_button_event.py
[2.159s] -- Up-to-date: /home/samar/takwa_ws/install/kobuki_ros_interfaces/lib/python3.10/site-packages/kobuki_ros_interfaces/msg/_motor_power_s.c
[2.159s] -- Up-to-date: /home/samar/takwa_ws/install/kobuki_ros_interfaces/lib/python3.10/site-packages/kobuki_ros_interfaces/msg/_digital_output.py
[2.159s] -- Up-to-date: /home/samar/takwa_ws/install/kobuki_ros_interfaces/lib/python3.10/site-packages/kobuki_ros_interfaces/msg/_sound_s.c
[2.159s] -- Up-to-date: /home/samar/takwa_ws/install/kobuki_ros_interfaces/lib/python3.10/site-packages/kobuki_ros_interfaces/msg/_digital_input_event.py
[2.159s] -- Up-to-date: /home/samar/takwa_ws/install/kobuki_ros_interfaces/lib/python3.10/site-packages/kobuki_ros_interfaces/msg/_sensor_state.py
[2.159s] -- Up-to-date: /home/samar/takwa_ws/install/kobuki_ros_interfaces/lib/python3.10/site-packages/kobuki_ros_interfaces/msg/_controller_info_s.c
[2.159s] -- Up-to-date: /home/samar/takwa_ws/install/kobuki_ros_interfaces/lib/python3.10/site-packages/kobuki_ros_interfaces/msg/_keyboard_input_s.c
[2.159s] -- Up-to-date: /home/samar/takwa_ws/install/kobuki_ros_interfaces/lib/python3.10/site-packages/kobuki_ros_interfaces/msg/_bumper_event_s.c
[2.159s] -- Up-to-date: /home/samar/takwa_ws/install/kobuki_ros_interfaces/lib/python3.10/site-packages/kobuki_ros_interfaces/msg/_external_power.py
[2.159s] -- Up-to-date: /home/samar/takwa_ws/install/kobuki_ros_interfaces/lib/python3.10/site-packages/kobuki_ros_interfaces/msg/_wheel_drop_event_s.c
[2.159s] -- Up-to-date: /home/samar/takwa_ws/install/kobuki_ros_interfaces/lib/python3.10/site-packages/kobuki_ros_interfaces/msg/_version_info.py
[2.160s] -- Up-to-date: /home/samar/takwa_ws/install/kobuki_ros_interfaces/lib/python3.10/site-packages/kobuki_ros_interfaces/msg/_version_info_s.c
[2.160s] -- Up-to-date: /home/samar/takwa_ws/install/kobuki_ros_interfaces/lib/python3.10/site-packages/kobuki_ros_interfaces/msg/_sound.py
[2.160s] -- Up-to-date: /home/samar/takwa_ws/install/kobuki_ros_interfaces/lib/python3.10/site-packages/kobuki_ros_interfaces/msg/_digital_input_event_s.c
[2.160s] -- Up-to-date: /home/samar/takwa_ws/install/kobuki_ros_interfaces/lib/python3.10/site-packages/kobuki_ros_interfaces/msg/_scan_angle_s.c
[2.161s] -- Up-to-date: /home/samar/takwa_ws/install/kobuki_ros_interfaces/lib/python3.10/site-packages/kobuki_ros_interfaces/msg/_scan_angle.py
[2.161s] -- Up-to-date: /home/samar/takwa_ws/install/kobuki_ros_interfaces/lib/python3.10/site-packages/kobuki_ros_interfaces/msg/_cliff_event_s.c
[2.161s] -- Up-to-date: /home/samar/takwa_ws/install/kobuki_ros_interfaces/lib/python3.10/site-packages/kobuki_ros_interfaces/msg/_controller_info.py
[2.161s] -- Up-to-date: /home/samar/takwa_ws/install/kobuki_ros_interfaces/lib/python3.10/site-packages/kobuki_ros_interfaces/msg/_motor_power.py
[2.162s] -- Up-to-date: /home/samar/takwa_ws/install/kobuki_ros_interfaces/lib/python3.10/site-packages/kobuki_ros_interfaces/_kobuki_ros_interfaces_s.ep.rosidl_typesupport_fastrtps_c.c
[2.162s] -- Up-to-date: /home/samar/takwa_ws/install/kobuki_ros_interfaces/lib/python3.10/site-packages/kobuki_ros_interfaces/kobuki_ros_interfaces_s__rosidl_typesupport_introspection_c.cpython-310-x86_64-linux-gnu.so
[2.232s] Listing '/home/samar/takwa_ws/install/kobuki_ros_interfaces/lib/python3.10/site-packages/kobuki_ros_interfaces'...
[2.232s] Listing '/home/samar/takwa_ws/install/kobuki_ros_interfaces/lib/python3.10/site-packages/kobuki_ros_interfaces/action'...
[2.232s] Listing '/home/samar/takwa_ws/install/kobuki_ros_interfaces/lib/python3.10/site-packages/kobuki_ros_interfaces/msg'...
[2.247s] -- Up-to-date: /home/samar/takwa_ws/install/kobuki_ros_interfaces/lib/python3.10/site-packages/kobuki_ros_interfaces/kobuki_ros_interfaces_s__rosidl_typesupport_fastrtps_c.cpython-310-x86_64-linux-gnu.so
[2.248s] -- Up-to-date: /home/samar/takwa_ws/install/kobuki_ros_interfaces/lib/python3.10/site-packages/kobuki_ros_interfaces/kobuki_ros_interfaces_s__rosidl_typesupport_introspection_c.cpython-310-x86_64-linux-gnu.so
[2.248s] -- Up-to-date: /home/samar/takwa_ws/install/kobuki_ros_interfaces/lib/python3.10/site-packages/kobuki_ros_interfaces/kobuki_ros_interfaces_s__rosidl_typesupport_c.cpython-310-x86_64-linux-gnu.so
[2.249s] -- Up-to-date: /home/samar/takwa_ws/install/kobuki_ros_interfaces/lib/libkobuki_ros_interfaces__rosidl_generator_py.so
[2.249s] -- Up-to-date: /home/samar/takwa_ws/install/kobuki_ros_interfaces/share/kobuki_ros_interfaces/msg/BumperEvent.idl
[2.250s] -- Up-to-date: /home/samar/takwa_ws/install/kobuki_ros_interfaces/share/kobuki_ros_interfaces/msg/CliffEvent.idl
[2.251s] -- Up-to-date: /home/samar/takwa_ws/install/kobuki_ros_interfaces/share/kobuki_ros_interfaces/msg/DigitalOutput.idl
[2.251s] -- Up-to-date: /home/samar/takwa_ws/install/kobuki_ros_interfaces/share/kobuki_ros_interfaces/msg/ExternalPower.idl
[2.251s] -- Up-to-date: /home/samar/takwa_ws/install/kobuki_ros_interfaces/share/kobuki_ros_interfaces/msg/Led.idl
[2.252s] -- Up-to-date: /home/samar/takwa_ws/install/kobuki_ros_interfaces/share/kobuki_ros_interfaces/msg/PowerSystemEvent.idl
[2.252s] -- Up-to-date: /home/samar/takwa_ws/install/kobuki_ros_interfaces/share/kobuki_ros_interfaces/msg/SensorState.idl
[2.252s] -- Up-to-date: /home/samar/takwa_ws/install/kobuki_ros_interfaces/share/kobuki_ros_interfaces/msg/VersionInfo.idl
[2.252s] -- Up-to-date: /home/samar/takwa_ws/install/kobuki_ros_interfaces/share/kobuki_ros_interfaces/msg/ControllerInfo.idl
[2.252s] -- Up-to-date: /home/samar/takwa_ws/install/kobuki_ros_interfaces/share/kobuki_ros_interfaces/msg/ButtonEvent.idl
[2.252s] -- Up-to-date: /home/samar/takwa_ws/install/kobuki_ros_interfaces/share/kobuki_ros_interfaces/msg/DigitalInputEvent.idl
[2.252s] -- Up-to-date: /home/samar/takwa_ws/install/kobuki_ros_interfaces/share/kobuki_ros_interfaces/msg/DockInfraRed.idl
[2.252s] -- Up-to-date: /home/samar/takwa_ws/install/kobuki_ros_interfaces/share/kobuki_ros_interfaces/msg/KeyboardInput.idl
[2.253s] -- Up-to-date: /home/samar/takwa_ws/install/kobuki_ros_interfaces/share/kobuki_ros_interfaces/msg/MotorPower.idl
[2.253s] -- Up-to-date: /home/samar/takwa_ws/install/kobuki_ros_interfaces/share/kobuki_ros_interfaces/msg/RobotStateEvent.idl
[2.253s] -- Up-to-date: /home/samar/takwa_ws/install/kobuki_ros_interfaces/share/kobuki_ros_interfaces/msg/Sound.idl
[2.254s] -- Up-to-date: /home/samar/takwa_ws/install/kobuki_ros_interfaces/share/kobuki_ros_interfaces/msg/ScanAngle.idl
[2.254s] -- Up-to-date: /home/samar/takwa_ws/install/kobuki_ros_interfaces/share/kobuki_ros_interfaces/msg/WheelDropEvent.idl
[2.254s] -- Up-to-date: /home/samar/takwa_ws/install/kobuki_ros_interfaces/share/kobuki_ros_interfaces/action/AutoDocking.idl
[2.254s] -- Up-to-date: /home/samar/takwa_ws/install/kobuki_ros_interfaces/share/kobuki_ros_interfaces/msg/BumperEvent.msg
[2.254s] -- Up-to-date: /home/samar/takwa_ws/install/kobuki_ros_interfaces/share/kobuki_ros_interfaces/msg/CliffEvent.msg
[2.254s] -- Up-to-date: /home/samar/takwa_ws/install/kobuki_ros_interfaces/share/kobuki_ros_interfaces/msg/DigitalOutput.msg
[2.254s] -- Up-to-date: /home/samar/takwa_ws/install/kobuki_ros_interfaces/share/kobuki_ros_interfaces/msg/ExternalPower.msg
[2.254s] -- Up-to-date: /home/samar/takwa_ws/install/kobuki_ros_interfaces/share/kobuki_ros_interfaces/msg/Led.msg
[2.255s] -- Up-to-date: /home/samar/takwa_ws/install/kobuki_ros_interfaces/share/kobuki_ros_interfaces/msg/PowerSystemEvent.msg
[2.255s] -- Up-to-date: /home/samar/takwa_ws/install/kobuki_ros_interfaces/share/kobuki_ros_interfaces/msg/SensorState.msg
[2.255s] -- Up-to-date: /home/samar/takwa_ws/install/kobuki_ros_interfaces/share/kobuki_ros_interfaces/msg/VersionInfo.msg
[2.255s] -- Up-to-date: /home/samar/takwa_ws/install/kobuki_ros_interfaces/share/kobuki_ros_interfaces/msg/ControllerInfo.msg
[2.255s] -- Up-to-date: /home/samar/takwa_ws/install/kobuki_ros_interfaces/share/kobuki_ros_interfaces/msg/ButtonEvent.msg
[2.258s] -- Up-to-date: /home/samar/takwa_ws/install/kobuki_ros_interfaces/share/kobuki_ros_interfaces/msg/DigitalInputEvent.msg
[2.259s] -- Up-to-date: /home/samar/takwa_ws/install/kobuki_ros_interfaces/share/kobuki_ros_interfaces/msg/DockInfraRed.msg
[2.259s] -- Up-to-date: /home/samar/takwa_ws/install/kobuki_ros_interfaces/share/kobuki_ros_interfaces/msg/KeyboardInput.msg
[2.259s] -- Up-to-date: /home/samar/takwa_ws/install/kobuki_ros_interfaces/share/kobuki_ros_interfaces/msg/MotorPower.msg
[2.259s] -- Up-to-date: /home/samar/takwa_ws/install/kobuki_ros_interfaces/share/kobuki_ros_interfaces/msg/RobotStateEvent.msg
[2.259s] -- Up-to-date: /home/samar/takwa_ws/install/kobuki_ros_interfaces/share/kobuki_ros_interfaces/msg/Sound.msg
[2.260s] -- Up-to-date: /home/samar/takwa_ws/install/kobuki_ros_interfaces/share/kobuki_ros_interfaces/msg/ScanAngle.msg
[2.260s] -- Up-to-date: /home/samar/takwa_ws/install/kobuki_ros_interfaces/share/kobuki_ros_interfaces/msg/WheelDropEvent.msg
[2.260s] -- Up-to-date: /home/samar/takwa_ws/install/kobuki_ros_interfaces/share/kobuki_ros_interfaces/action/AutoDocking.action
[2.260s] -- Up-to-date: /home/samar/takwa_ws/install/kobuki_ros_interfaces/share/ament_index/resource_index/package_run_dependencies/kobuki_ros_interfaces
[2.260s] -- Up-to-date: /home/samar/takwa_ws/install/kobuki_ros_interfaces/share/ament_index/resource_index/parent_prefix_path/kobuki_ros_interfaces
[2.260s] -- Up-to-date: /home/samar/takwa_ws/install/kobuki_ros_interfaces/share/kobuki_ros_interfaces/environment/ament_prefix_path.sh
[2.260s] -- Up-to-date: /home/samar/takwa_ws/install/kobuki_ros_interfaces/share/kobuki_ros_interfaces/environment/ament_prefix_path.dsv
[2.260s] -- Up-to-date: /home/samar/takwa_ws/install/kobuki_ros_interfaces/share/kobuki_ros_interfaces/environment/path.sh
[2.260s] -- Up-to-date: /home/samar/takwa_ws/install/kobuki_ros_interfaces/share/kobuki_ros_interfaces/environment/path.dsv
[2.261s] -- Up-to-date: /home/samar/takwa_ws/install/kobuki_ros_interfaces/share/kobuki_ros_interfaces/local_setup.bash
[2.261s] -- Up-to-date: /home/samar/takwa_ws/install/kobuki_ros_interfaces/share/kobuki_ros_interfaces/local_setup.sh
[2.261s] -- Up-to-date: /home/samar/takwa_ws/install/kobuki_ros_interfaces/share/kobuki_ros_interfaces/local_setup.zsh
[2.261s] -- Up-to-date: /home/samar/takwa_ws/install/kobuki_ros_interfaces/share/kobuki_ros_interfaces/local_setup.dsv
[2.261s] -- Installing: /home/samar/takwa_ws/install/kobuki_ros_interfaces/share/kobuki_ros_interfaces/package.dsv
[2.261s] -- Up-to-date: /home/samar/takwa_ws/install/kobuki_ros_interfaces/share/ament_index/resource_index/packages/kobuki_ros_interfaces
[2.261s] -- Up-to-date: /home/samar/takwa_ws/install/kobuki_ros_interfaces/share/kobuki_ros_interfaces/cmake/export_kobuki_ros_interfaces__rosidl_generator_cExport.cmake
[2.261s] -- Up-to-date: /home/samar/takwa_ws/install/kobuki_ros_interfaces/share/kobuki_ros_interfaces/cmake/export_kobuki_ros_interfaces__rosidl_generator_cExport-noconfig.cmake
[2.264s] -- Up-to-date: /home/samar/takwa_ws/install/kobuki_ros_interfaces/share/kobuki_ros_interfaces/cmake/export_kobuki_ros_interfaces__rosidl_typesupport_fastrtps_cExport.cmake
[2.268s] -- Up-to-date: /home/samar/takwa_ws/install/kobuki_ros_interfaces/share/kobuki_ros_interfaces/cmake/export_kobuki_ros_interfaces__rosidl_typesupport_fastrtps_cExport-noconfig.cmake
[2.268s] -- Up-to-date: /home/samar/takwa_ws/install/kobuki_ros_interfaces/share/kobuki_ros_interfaces/cmake/export_kobuki_ros_interfaces__rosidl_generator_cppExport.cmake
[2.268s] -- Up-to-date: /home/samar/takwa_ws/install/kobuki_ros_interfaces/share/kobuki_ros_interfaces/cmake/export_kobuki_ros_interfaces__rosidl_typesupport_fastrtps_cppExport.cmake
[2.268s] -- Up-to-date: /home/samar/takwa_ws/install/kobuki_ros_interfaces/share/kobuki_ros_interfaces/cmake/export_kobuki_ros_interfaces__rosidl_typesupport_fastrtps_cppExport-noconfig.cmake
[2.268s] -- Up-to-date: /home/samar/takwa_ws/install/kobuki_ros_interfaces/share/kobuki_ros_interfaces/cmake/kobuki_ros_interfaces__rosidl_typesupport_introspection_cExport.cmake
[2.268s] -- Up-to-date: /home/samar/takwa_ws/install/kobuki_ros_interfaces/share/kobuki_ros_interfaces/cmake/kobuki_ros_interfaces__rosidl_typesupport_introspection_cExport-noconfig.cmake
[2.268s] -- Up-to-date: /home/samar/takwa_ws/install/kobuki_ros_interfaces/share/kobuki_ros_interfaces/cmake/kobuki_ros_interfaces__rosidl_typesupport_cExport.cmake
[2.269s] -- Up-to-date: /home/samar/takwa_ws/install/kobuki_ros_interfaces/share/kobuki_ros_interfaces/cmake/kobuki_ros_interfaces__rosidl_typesupport_cExport-noconfig.cmake
[2.269s] -- Up-to-date: /home/samar/takwa_ws/install/kobuki_ros_interfaces/share/kobuki_ros_interfaces/cmake/kobuki_ros_interfaces__rosidl_typesupport_introspection_cppExport.cmake
[2.269s] -- Up-to-date: /home/samar/takwa_ws/install/kobuki_ros_interfaces/share/kobuki_ros_interfaces/cmake/kobuki_ros_interfaces__rosidl_typesupport_introspection_cppExport-noconfig.cmake
[2.269s] -- Up-to-date: /home/samar/takwa_ws/install/kobuki_ros_interfaces/share/kobuki_ros_interfaces/cmake/kobuki_ros_interfaces__rosidl_typesupport_cppExport.cmake
[2.269s] -- Up-to-date: /home/samar/takwa_ws/install/kobuki_ros_interfaces/share/kobuki_ros_interfaces/cmake/kobuki_ros_interfaces__rosidl_typesupport_cppExport-noconfig.cmake
[2.269s] -- Up-to-date: /home/samar/takwa_ws/install/kobuki_ros_interfaces/share/kobuki_ros_interfaces/cmake/export_kobuki_ros_interfaces__rosidl_generator_pyExport.cmake
[2.269s] -- Up-to-date: /home/samar/takwa_ws/install/kobuki_ros_interfaces/share/kobuki_ros_interfaces/cmake/export_kobuki_ros_interfaces__rosidl_generator_pyExport-noconfig.cmake
[2.269s] -- Up-to-date: /home/samar/takwa_ws/install/kobuki_ros_interfaces/share/kobuki_ros_interfaces/cmake/rosidl_cmake-extras.cmake
[2.269s] -- Up-to-date: /home/samar/takwa_ws/install/kobuki_ros_interfaces/share/kobuki_ros_interfaces/cmake/ament_cmake_export_dependencies-extras.cmake
[2.270s] -- Up-to-date: /home/samar/takwa_ws/install/kobuki_ros_interfaces/share/kobuki_ros_interfaces/cmake/ament_cmake_export_include_directories-extras.cmake
[2.270s] -- Up-to-date: /home/samar/takwa_ws/install/kobuki_ros_interfaces/share/kobuki_ros_interfaces/cmake/ament_cmake_export_libraries-extras.cmake
[2.270s] -- Up-to-date: /home/samar/takwa_ws/install/kobuki_ros_interfaces/share/kobuki_ros_interfaces/cmake/ament_cmake_export_targets-extras.cmake
[2.270s] -- Up-to-date: /home/samar/takwa_ws/install/kobuki_ros_interfaces/share/kobuki_ros_interfaces/cmake/rosidl_cmake_export_typesupport_targets-extras.cmake
[2.270s] -- Up-to-date: /home/samar/takwa_ws/install/kobuki_ros_interfaces/share/kobuki_ros_interfaces/cmake/rosidl_cmake_export_typesupport_libraries-extras.cmake
[2.270s] -- Up-to-date: /home/samar/takwa_ws/install/kobuki_ros_interfaces/share/kobuki_ros_interfaces/cmake/kobuki_ros_interfacesConfig.cmake
[2.270s] -- Up-to-date: /home/samar/takwa_ws/install/kobuki_ros_interfaces/share/kobuki_ros_interfaces/cmake/kobuki_ros_interfacesConfig-version.cmake
[2.270s] -- Up-to-date: /home/samar/takwa_ws/install/kobuki_ros_interfaces/share/kobuki_ros_interfaces/package.xml
[2.279s] Invoked command in '/home/samar/takwa_ws/build/kobuki_ros_interfaces' returned '0': CMAKE_PREFIX_PATH=${CMAKE_PREFIX_PATH}:/home/samar/takwa_ws/install/slam_launch:/home/samar/takwa_ws/install/nav2_launch:/home/samar/takwa_ws/install/mon_package:/home/samar/takwa_ws/install/follow_waypoints:/opt/ros/iron /usr/bin/cmake --install /home/samar/takwa_ws/build/kobuki_ros_interfaces
