/home/samar/takwa_ws4/install/mon_package/lib/python3.10/site-packages/mon_package/diagnostic_file_logger.py
/home/samar/takwa_ws4/install/mon_package/lib/python3.10/site-packages/mon_package/checkpoint_monitor_node.py
/home/samar/takwa_ws4/install/mon_package/lib/python3.10/site-packages/mon_package/__init__.py
/home/samar/takwa_ws4/install/mon_package/lib/python3.10/site-packages/mon_package/influxdb_logger_node.py
/home/samar/takwa_ws4/install/mon_package/lib/python3.10/site-packages/mon_package/mqtt_subscriber_node.py
/home/samar/takwa_ws4/install/mon_package/lib/python3.10/site-packages/mon_package/diagnostic_saver.py
/home/samar/takwa_ws4/install/mon_package/lib/python3.10/site-packages/mon_package/anomaly_detector_node.py
/home/samar/takwa_ws4/install/mon_package/lib/python3.10/site-packages/mon_package/__pycache__/diagnostic_file_logger.cpython-310.pyc
/home/samar/takwa_ws4/install/mon_package/lib/python3.10/site-packages/mon_package/__pycache__/checkpoint_monitor_node.cpython-310.pyc
/home/samar/takwa_ws4/install/mon_package/lib/python3.10/site-packages/mon_package/__pycache__/__init__.cpython-310.pyc
/home/samar/takwa_ws4/install/mon_package/lib/python3.10/site-packages/mon_package/__pycache__/influxdb_logger_node.cpython-310.pyc
/home/samar/takwa_ws4/install/mon_package/lib/python3.10/site-packages/mon_package/__pycache__/mqtt_subscriber_node.cpython-310.pyc
/home/samar/takwa_ws4/install/mon_package/lib/python3.10/site-packages/mon_package/__pycache__/diagnostic_saver.cpython-310.pyc
/home/samar/takwa_ws4/install/mon_package/lib/python3.10/site-packages/mon_package/__pycache__/anomaly_detector_node.cpython-310.pyc
/home/samar/takwa_ws4/install/mon_package/share/ament_index/resource_index/packages/mon_package
/home/samar/takwa_ws4/install/mon_package/share/mon_package/package.xml
/home/samar/takwa_ws4/install/mon_package/share/mon_package/launch/main_launch.py
/home/samar/takwa_ws4/install/mon_package/lib/python3.10/site-packages/mon_package-0.0.0-py3.10.egg-info/zip-safe
/home/samar/takwa_ws4/install/mon_package/lib/python3.10/site-packages/mon_package-0.0.0-py3.10.egg-info/top_level.txt
/home/samar/takwa_ws4/install/mon_package/lib/python3.10/site-packages/mon_package-0.0.0-py3.10.egg-info/requires.txt
/home/samar/takwa_ws4/install/mon_package/lib/python3.10/site-packages/mon_package-0.0.0-py3.10.egg-info/PKG-INFO
/home/samar/takwa_ws4/install/mon_package/lib/python3.10/site-packages/mon_package-0.0.0-py3.10.egg-info/dependency_links.txt
/home/samar/takwa_ws4/install/mon_package/lib/python3.10/site-packages/mon_package-0.0.0-py3.10.egg-info/entry_points.txt
/home/samar/takwa_ws4/install/mon_package/lib/python3.10/site-packages/mon_package-0.0.0-py3.10.egg-info/SOURCES.txt
/home/samar/takwa_ws4/install/mon_package/lib/mon_package/anomaly_detector_node
/home/samar/takwa_ws4/install/mon_package/lib/mon_package/checkpoint_monitor_node
/home/samar/takwa_ws4/install/mon_package/lib/mon_package/diagnostic_file_logger_node
/home/samar/takwa_ws4/install/mon_package/lib/mon_package/diagnostic_saver_node
/home/samar/takwa_ws4/install/mon_package/lib/mon_package/influxdb_logger_node
/home/samar/takwa_ws4/install/mon_package/lib/mon_package/mqtt_subscriber_node
