[0.037s] Invoking command in '/home/samar/takwa_ws/build/kobuki_node': CMAKE_PREFIX_PATH=/home/samar/takwa_ws/install/kobuki_ros_interfaces:/home/samar/takwa_ws/install/kobuki_core:/home/samar/takwa_ws/install/tbot_node:/home/samar/takwa_ws/install/pkg-nav:/home/samar/takwa_ws/install/kobuki_ros:/home/samar/takwa_ws/install/kobuki_node:/home/samar/mb6-space/install/draft_pkg:/home/samar/mb6-space/install/basic_node:/home/samar/mb6-space/install/basic_msgs:/home/samar/takwa_ws/install/slam_launch:/home/samar/takwa_ws/install/nav2_launch:/home/samar/takwa_ws/install/mon_package:/home/samar/takwa_ws/install/follow_waypoints:/opt/ros/iron LD_LIBRARY_PATH=/home/samar/takwa_ws/install/kobuki_ros_interfaces/lib:/home/samar/takwa_ws/install/kobuki_core/lib:/home/samar/takwa_ws/install/kobuki_node/lib:/home/samar/mb6-space/install/basic_msgs/lib:/usr/lib/x86_64-linux-gnu/gazebo-11/plugins:/opt/ros/iron/opt/rviz_ogre_vendor/lib:/opt/ros/iron/lib/x86_64-linux-gnu:/opt/ros/iron/lib PYTHONPATH=/home/samar/takwa_ws/install/kobuki_ros_interfaces/lib/python3.10/site-packages:/home/samar/takwa_ws/install/slam_launch/lib/python3.10/site-packages:/home/samar/takwa_ws/install/nav2_launch/lib/python3.10/site-packages:/home/samar/takwa_ws/install/mon_package/lib/python3.10/site-packages:/home/samar/takwa_ws/install/follow_waypoints/lib/python3.10/site-packages:/home/samar/mb6-space/install/basic_msgs/lib/python3.10/site-packages:/opt/ros/iron/lib/python3.10/site-packages /usr/bin/cmake --build /home/samar/takwa_ws/build/kobuki_node -- -j4 -l4
[0.175s] [ 33%] Built target kobuki_ros_node
[0.191s] [100%] Built target kobuki_ros
[0.209s] Invoked command in '/home/samar/takwa_ws/build/kobuki_node' returned '0': CMAKE_PREFIX_PATH=/home/samar/takwa_ws/install/kobuki_ros_interfaces:/home/samar/takwa_ws/install/kobuki_core:/home/samar/takwa_ws/install/tbot_node:/home/samar/takwa_ws/install/pkg-nav:/home/samar/takwa_ws/install/kobuki_ros:/home/samar/takwa_ws/install/kobuki_node:/home/samar/mb6-space/install/draft_pkg:/home/samar/mb6-space/install/basic_node:/home/samar/mb6-space/install/basic_msgs:/home/samar/takwa_ws/install/slam_launch:/home/samar/takwa_ws/install/nav2_launch:/home/samar/takwa_ws/install/mon_package:/home/samar/takwa_ws/install/follow_waypoints:/opt/ros/iron LD_LIBRARY_PATH=/home/samar/takwa_ws/install/kobuki_ros_interfaces/lib:/home/samar/takwa_ws/install/kobuki_core/lib:/home/samar/takwa_ws/install/kobuki_node/lib:/home/samar/mb6-space/install/basic_msgs/lib:/usr/lib/x86_64-linux-gnu/gazebo-11/plugins:/opt/ros/iron/opt/rviz_ogre_vendor/lib:/opt/ros/iron/lib/x86_64-linux-gnu:/opt/ros/iron/lib PYTHONPATH=/home/samar/takwa_ws/install/kobuki_ros_interfaces/lib/python3.10/site-packages:/home/samar/takwa_ws/install/slam_launch/lib/python3.10/site-packages:/home/samar/takwa_ws/install/nav2_launch/lib/python3.10/site-packages:/home/samar/takwa_ws/install/mon_package/lib/python3.10/site-packages:/home/samar/takwa_ws/install/follow_waypoints/lib/python3.10/site-packages:/home/samar/mb6-space/install/basic_msgs/lib/python3.10/site-packages:/opt/ros/iron/lib/python3.10/site-packages /usr/bin/cmake --build /home/samar/takwa_ws/build/kobuki_node -- -j4 -l4
[0.273s] Invoking command in '/home/samar/takwa_ws/build/kobuki_node': CMAKE_PREFIX_PATH=/home/samar/takwa_ws/install/kobuki_ros_interfaces:/home/samar/takwa_ws/install/kobuki_core:/home/samar/takwa_ws/install/tbot_node:/home/samar/takwa_ws/install/pkg-nav:/home/samar/takwa_ws/install/kobuki_ros:/home/samar/takwa_ws/install/kobuki_node:/home/samar/mb6-space/install/draft_pkg:/home/samar/mb6-space/install/basic_node:/home/samar/mb6-space/install/basic_msgs:/home/samar/takwa_ws/install/slam_launch:/home/samar/takwa_ws/install/nav2_launch:/home/samar/takwa_ws/install/mon_package:/home/samar/takwa_ws/install/follow_waypoints:/opt/ros/iron LD_LIBRARY_PATH=/home/samar/takwa_ws/install/kobuki_ros_interfaces/lib:/home/samar/takwa_ws/install/kobuki_core/lib:/home/samar/takwa_ws/install/kobuki_node/lib:/home/samar/mb6-space/install/basic_msgs/lib:/usr/lib/x86_64-linux-gnu/gazebo-11/plugins:/opt/ros/iron/opt/rviz_ogre_vendor/lib:/opt/ros/iron/lib/x86_64-linux-gnu:/opt/ros/iron/lib PYTHONPATH=/home/samar/takwa_ws/install/kobuki_ros_interfaces/lib/python3.10/site-packages:/home/samar/takwa_ws/install/slam_launch/lib/python3.10/site-packages:/home/samar/takwa_ws/install/nav2_launch/lib/python3.10/site-packages:/home/samar/takwa_ws/install/mon_package/lib/python3.10/site-packages:/home/samar/takwa_ws/install/follow_waypoints/lib/python3.10/site-packages:/home/samar/mb6-space/install/basic_msgs/lib/python3.10/site-packages:/opt/ros/iron/lib/python3.10/site-packages /usr/bin/cmake --install /home/samar/takwa_ws/build/kobuki_node
[0.279s] -- Install configuration: ""
[0.280s] -- Up-to-date: /home/samar/takwa_ws/install/kobuki_node/lib/kobuki_node/kobuki_ros_node
[0.280s] -- Up-to-date: /home/samar/takwa_ws/install/kobuki_node/lib/libkobuki_ros.so
[0.281s] -- Up-to-date: /home/samar/takwa_ws/install/kobuki_node/include/kobuki_node
[0.281s] -- Up-to-date: /home/samar/takwa_ws/install/kobuki_node/include/kobuki_node/odometry.hpp
[0.281s] -- Up-to-date: /home/samar/takwa_ws/install/kobuki_node/include/kobuki_node/diagnostics.hpp
[0.281s] -- Up-to-date: /home/samar/takwa_ws/install/kobuki_node/include/kobuki_node/kobuki_ros.hpp
[0.281s] -- Up-to-date: /home/samar/takwa_ws/install/kobuki_node/share/kobuki_node/config
[0.281s] -- Up-to-date: /home/samar/takwa_ws/install/kobuki_node/share/kobuki_node/config/kobuki_node_params.yaml
[0.282s] -- Up-to-date: /home/samar/takwa_ws/install/kobuki_node/share/kobuki_node/launch
[0.282s] -- Up-to-date: /home/samar/takwa_ws/install/kobuki_node/share/kobuki_node/launch/kobuki_node-composed-launch.py
[0.287s] -- Up-to-date: /home/samar/takwa_ws/install/kobuki_node/share/kobuki_node/launch/kobuki_node-launch.py
[0.288s] -- Up-to-date: /home/samar/takwa_ws/install/kobuki_node/share/ament_index/resource_index/package_run_dependencies/kobuki_node
[0.288s] -- Up-to-date: /home/samar/takwa_ws/install/kobuki_node/share/ament_index/resource_index/parent_prefix_path/kobuki_node
[0.289s] -- Up-to-date: /home/samar/takwa_ws/install/kobuki_node/share/kobuki_node/environment/ament_prefix_path.sh
[0.289s] -- Up-to-date: /home/samar/takwa_ws/install/kobuki_node/share/kobuki_node/environment/ament_prefix_path.dsv
[0.289s] -- Up-to-date: /home/samar/takwa_ws/install/kobuki_node/share/kobuki_node/environment/path.sh
[0.289s] -- Up-to-date: /home/samar/takwa_ws/install/kobuki_node/share/kobuki_node/environment/path.dsv
[0.289s] -- Up-to-date: /home/samar/takwa_ws/install/kobuki_node/share/kobuki_node/local_setup.bash
[0.289s] -- Up-to-date: /home/samar/takwa_ws/install/kobuki_node/share/kobuki_node/local_setup.sh
[0.292s] -- Up-to-date: /home/samar/takwa_ws/install/kobuki_node/share/kobuki_node/local_setup.zsh
[0.292s] -- Up-to-date: /home/samar/takwa_ws/install/kobuki_node/share/kobuki_node/local_setup.dsv
[0.292s] -- Installing: /home/samar/takwa_ws/install/kobuki_node/share/kobuki_node/package.dsv
[0.292s] -- Up-to-date: /home/samar/takwa_ws/install/kobuki_node/share/ament_index/resource_index/packages/kobuki_node
[0.293s] -- Up-to-date: /home/samar/takwa_ws/install/kobuki_node/share/ament_index/resource_index/rclcpp_components/kobuki_node
[0.293s] -- Up-to-date: /home/samar/takwa_ws/install/kobuki_node/share/kobuki_node/cmake/kobuki_nodeConfig.cmake
[0.294s] -- Up-to-date: /home/samar/takwa_ws/install/kobuki_node/share/kobuki_node/cmake/kobuki_nodeConfig-version.cmake
[0.295s] -- Up-to-date: /home/samar/takwa_ws/install/kobuki_node/share/kobuki_node/package.xml
[0.295s] Invoked command in '/home/samar/takwa_ws/build/kobuki_node' returned '0': CMAKE_PREFIX_PATH=/home/samar/takwa_ws/install/kobuki_ros_interfaces:/home/samar/takwa_ws/install/kobuki_core:/home/samar/takwa_ws/install/tbot_node:/home/samar/takwa_ws/install/pkg-nav:/home/samar/takwa_ws/install/kobuki_ros:/home/samar/takwa_ws/install/kobuki_node:/home/samar/mb6-space/install/draft_pkg:/home/samar/mb6-space/install/basic_node:/home/samar/mb6-space/install/basic_msgs:/home/samar/takwa_ws/install/slam_launch:/home/samar/takwa_ws/install/nav2_launch:/home/samar/takwa_ws/install/mon_package:/home/samar/takwa_ws/install/follow_waypoints:/opt/ros/iron LD_LIBRARY_PATH=/home/samar/takwa_ws/install/kobuki_ros_interfaces/lib:/home/samar/takwa_ws/install/kobuki_core/lib:/home/samar/takwa_ws/install/kobuki_node/lib:/home/samar/mb6-space/install/basic_msgs/lib:/usr/lib/x86_64-linux-gnu/gazebo-11/plugins:/opt/ros/iron/opt/rviz_ogre_vendor/lib:/opt/ros/iron/lib/x86_64-linux-gnu:/opt/ros/iron/lib PYTHONPATH=/home/samar/takwa_ws/install/kobuki_ros_interfaces/lib/python3.10/site-packages:/home/samar/takwa_ws/install/slam_launch/lib/python3.10/site-packages:/home/samar/takwa_ws/install/nav2_launch/lib/python3.10/site-packages:/home/samar/takwa_ws/install/mon_package/lib/python3.10/site-packages:/home/samar/takwa_ws/install/follow_waypoints/lib/python3.10/site-packages:/home/samar/mb6-space/install/basic_msgs/lib/python3.10/site-packages:/opt/ros/iron/lib/python3.10/site-packages /usr/bin/cmake --install /home/samar/takwa_ws/build/kobuki_node
