[0.036s] Invoking command in '/home/samar/takwa_ws/build/kobuki_ros_interfaces': CMAKE_PREFIX_PATH=${CMAKE_PREFIX_PATH}:/home/samar/takwa_ws/install/slam_launch:/home/samar/takwa_ws/install/nav2_launch:/home/samar/takwa_ws/install/mon_package:/home/samar/takwa_ws/install/follow_waypoints:/opt/ros/iron /usr/bin/cmake --build /home/samar/takwa_ws/build/kobuki_ros_interfaces -- -j4 -l4
[0.650s] [  1%] Built target kobuki_ros_interfaces__rosidl_generator_type_description
[0.650s] [  1%] Built target ament_cmake_python_copy_kobuki_ros_interfaces
[0.650s] [  1%] Built target kobuki_ros_interfaces__cpp
[0.651s] [ 29%] Built target kobuki_ros_interfaces__rosidl_generator_c
[0.651s] [ 38%] Built target kobuki_ros_interfaces__rosidl_typesupport_cpp
[0.651s] [ 48%] Built target kobuki_ros_interfaces__rosidl_typesupport_fastrtps_c
[0.651s] [ 58%] Built target kobuki_ros_interfaces__rosidl_typesupport_fastrtps_cpp
[0.651s] [ 68%] Built target kobuki_ros_interfaces__rosidl_typesupport_introspection_c
[0.651s] [ 78%] Built target kobuki_ros_interfaces__rosidl_typesupport_c
[0.651s] [ 88%] Built target kobuki_ros_interfaces__rosidl_typesupport_introspection_cpp
[0.652s] [ 88%] Built target kobuki_ros_interfaces
[0.652s] [ 88%] Built target kobuki_ros_interfaces__py
[0.652s] [ 97%] Built target kobuki_ros_interfaces__rosidl_generator_py
[0.652s] [ 98%] Built target kobuki_ros_interfaces__rosidl_typesupport_fastrtps_c__pyext
[0.653s] [ 99%] Built target kobuki_ros_interfaces__rosidl_typesupport_introspection_c__pyext
[0.653s] [100%] Built target kobuki_ros_interfaces__rosidl_typesupport_c__pyext
[0.714s] running egg_info
[0.737s] writing kobuki_ros_interfaces.egg-info/PKG-INFO
[0.738s] writing dependency_links to kobuki_ros_interfaces.egg-info/dependency_links.txt
[0.738s] writing top-level names to kobuki_ros_interfaces.egg-info/top_level.txt
[1.029s] reading manifest file 'kobuki_ros_interfaces.egg-info/SOURCES.txt'
[1.029s] writing manifest file 'kobuki_ros_interfaces.egg-info/SOURCES.txt'
[1.104s] [100%] Built target ament_cmake_python_build_kobuki_ros_interfaces_egg
[1.130s] Invoked command in '/home/samar/takwa_ws/build/kobuki_ros_interfaces' returned '0': CMAKE_PREFIX_PATH=${CMAKE_PREFIX_PATH}:/home/samar/takwa_ws/install/slam_launch:/home/samar/takwa_ws/install/nav2_launch:/home/samar/takwa_ws/install/mon_package:/home/samar/takwa_ws/install/follow_waypoints:/opt/ros/iron /usr/bin/cmake --build /home/samar/takwa_ws/build/kobuki_ros_interfaces -- -j4 -l4
[2.151s] Invoking command in '/home/samar/takwa_ws/build/kobuki_ros_interfaces': CMAKE_PREFIX_PATH=${CMAKE_PREFIX_PATH}:/home/samar/takwa_ws/install/slam_launch:/home/samar/takwa_ws/install/nav2_launch:/home/samar/takwa_ws/install/mon_package:/home/samar/takwa_ws/install/follow_waypoints:/opt/ros/iron /usr/bin/cmake --install /home/samar/takwa_ws/build/kobuki_ros_interfaces
[2.164s] -- Install configuration: ""
[2.164s] -- Up-to-date: /home/samar/takwa_ws/install/kobuki_ros_interfaces/share/ament_index/resource_index/rosidl_interfaces/kobuki_ros_interfaces
[2.164s] -- Up-to-date: /home/samar/takwa_ws/install/kobuki_ros_interfaces/share/kobuki_ros_interfaces/msg/BumperEvent.json
[2.164s] -- Up-to-date: /home/samar/takwa_ws/install/kobuki_ros_interfaces/share/kobuki_ros_interfaces/msg/CliffEvent.json
[2.165s] -- Up-to-date: /home/samar/takwa_ws/install/kobuki_ros_interfaces/share/kobuki_ros_interfaces/msg/DigitalOutput.json
[2.165s] -- Up-to-date: /home/samar/takwa_ws/install/kobuki_ros_interfaces/share/kobuki_ros_interfaces/msg/ExternalPower.json
[2.165s] -- Up-to-date: /home/samar/takwa_ws/install/kobuki_ros_interfaces/share/kobuki_ros_interfaces/msg/Led.json
[2.165s] -- Up-to-date: /home/samar/takwa_ws/install/kobuki_ros_interfaces/share/kobuki_ros_interfaces/msg/PowerSystemEvent.json
[2.165s] -- Up-to-date: /home/samar/takwa_ws/install/kobuki_ros_interfaces/share/kobuki_ros_interfaces/msg/SensorState.json
[2.165s] -- Up-to-date: /home/samar/takwa_ws/install/kobuki_ros_interfaces/share/kobuki_ros_interfaces/msg/VersionInfo.json
[2.165s] -- Up-to-date: /home/samar/takwa_ws/install/kobuki_ros_interfaces/share/kobuki_ros_interfaces/msg/ControllerInfo.json
[2.169s] -- Up-to-date: /home/samar/takwa_ws/install/kobuki_ros_interfaces/share/kobuki_ros_interfaces/msg/ButtonEvent.json
[2.169s] -- Up-to-date: /home/samar/takwa_ws/install/kobuki_ros_interfaces/share/kobuki_ros_interfaces/msg/DigitalInputEvent.json
[2.170s] -- Up-to-date: /home/samar/takwa_ws/install/kobuki_ros_interfaces/share/kobuki_ros_interfaces/msg/DockInfraRed.json
[2.170s] -- Up-to-date: /home/samar/takwa_ws/install/kobuki_ros_interfaces/share/kobuki_ros_interfaces/msg/KeyboardInput.json
[2.170s] -- Up-to-date: /home/samar/takwa_ws/install/kobuki_ros_interfaces/share/kobuki_ros_interfaces/msg/MotorPower.json
[2.170s] -- Up-to-date: /home/samar/takwa_ws/install/kobuki_ros_interfaces/share/kobuki_ros_interfaces/msg/RobotStateEvent.json
[2.170s] -- Up-to-date: /home/samar/takwa_ws/install/kobuki_ros_interfaces/share/kobuki_ros_interfaces/msg/Sound.json
[2.170s] -- Up-to-date: /home/samar/takwa_ws/install/kobuki_ros_interfaces/share/kobuki_ros_interfaces/msg/ScanAngle.json
[2.170s] -- Up-to-date: /home/samar/takwa_ws/install/kobuki_ros_interfaces/share/kobuki_ros_interfaces/msg/WheelDropEvent.json
[2.170s] -- Up-to-date: /home/samar/takwa_ws/install/kobuki_ros_interfaces/share/kobuki_ros_interfaces/action/AutoDocking.json
[2.170s] -- Up-to-date: /home/samar/takwa_ws/install/kobuki_ros_interfaces/include/kobuki_ros_interfaces/kobuki_ros_interfaces
[2.171s] -- Up-to-date: /home/samar/takwa_ws/install/kobuki_ros_interfaces/include/kobuki_ros_interfaces/kobuki_ros_interfaces/action
[2.171s] -- Up-to-date: /home/samar/takwa_ws/install/kobuki_ros_interfaces/include/kobuki_ros_interfaces/kobuki_ros_interfaces/action/auto_docking.h
[2.171s] -- Up-to-date: /home/samar/takwa_ws/install/kobuki_ros_interfaces/include/kobuki_ros_interfaces/kobuki_ros_interfaces/action/detail
[2.171s] -- Up-to-date: /home/samar/takwa_ws/install/kobuki_ros_interfaces/include/kobuki_ros_interfaces/kobuki_ros_interfaces/action/detail/auto_docking__type_support.h
[2.171s] -- Up-to-date: /home/samar/takwa_ws/install/kobuki_ros_interfaces/include/kobuki_ros_interfaces/kobuki_ros_interfaces/action/detail/auto_docking__struct.h
[2.171s] -- Up-to-date: /home/samar/takwa_ws/install/kobuki_ros_interfaces/include/kobuki_ros_interfaces/kobuki_ros_interfaces/action/detail/auto_docking__functions.h
[2.171s] -- Up-to-date: /home/samar/takwa_ws/install/kobuki_ros_interfaces/include/kobuki_ros_interfaces/kobuki_ros_interfaces/action/detail/auto_docking__functions.c
[2.171s] -- Up-to-date: /home/samar/takwa_ws/install/kobuki_ros_interfaces/include/kobuki_ros_interfaces/kobuki_ros_interfaces/action/detail/auto_docking__description.c
[2.171s] -- Installing: /home/samar/takwa_ws/install/kobuki_ros_interfaces/include/kobuki_ros_interfaces/kobuki_ros_interfaces/action/detail/auto_docking__type_support.c
[2.172s] -- Up-to-date: /home/samar/takwa_ws/install/kobuki_ros_interfaces/include/kobuki_ros_interfaces/kobuki_ros_interfaces/msg
[2.172s] -- Up-to-date: /home/samar/takwa_ws/install/kobuki_ros_interfaces/include/kobuki_ros_interfaces/kobuki_ros_interfaces/msg/power_system_event.h
[2.172s] -- Up-to-date: /home/samar/takwa_ws/install/kobuki_ros_interfaces/include/kobuki_ros_interfaces/kobuki_ros_interfaces/msg/rosidl_generator_c__visibility_control.h
[2.172s] -- Up-to-date: /home/samar/takwa_ws/install/kobuki_ros_interfaces/include/kobuki_ros_interfaces/kobuki_ros_interfaces/msg/cliff_event.h
[2.178s] -- Up-to-date: /home/samar/takwa_ws/install/kobuki_ros_interfaces/include/kobuki_ros_interfaces/kobuki_ros_interfaces/msg/digital_input_event.h
[2.179s] -- Up-to-date: /home/samar/takwa_ws/install/kobuki_ros_interfaces/include/kobuki_ros_interfaces/kobuki_ros_interfaces/msg/sensor_state.h
[2.179s] -- Up-to-date: /home/samar/takwa_ws/install/kobuki_ros_interfaces/include/kobuki_ros_interfaces/kobuki_ros_interfaces/msg/button_event.h
[2.179s] -- Up-to-date: /home/samar/takwa_ws/install/kobuki_ros_interfaces/include/kobuki_ros_interfaces/kobuki_ros_interfaces/msg/bumper_event.h
[2.179s] -- Up-to-date: /home/samar/takwa_ws/install/kobuki_ros_interfaces/include/kobuki_ros_interfaces/kobuki_ros_interfaces/msg/robot_state_event.h
[2.179s] -- Up-to-date: /home/samar/takwa_ws/install/kobuki_ros_interfaces/include/kobuki_ros_interfaces/kobuki_ros_interfaces/msg/scan_angle.h
[2.179s] -- Up-to-date: /home/samar/takwa_ws/install/kobuki_ros_interfaces/include/kobuki_ros_interfaces/kobuki_ros_interfaces/msg/version_info.h
[2.179s] -- Up-to-date: /home/samar/takwa_ws/install/kobuki_ros_interfaces/include/kobuki_ros_interfaces/kobuki_ros_interfaces/msg/dock_infra_red.h
[2.179s] -- Up-to-date: /home/samar/takwa_ws/install/kobuki_ros_interfaces/include/kobuki_ros_interfaces/kobuki_ros_interfaces/msg/keyboard_input.h
[2.179s] -- Up-to-date: /home/samar/takwa_ws/install/kobuki_ros_interfaces/include/kobuki_ros_interfaces/kobuki_ros_interfaces/msg/led.h
[2.180s] -- Up-to-date: /home/samar/takwa_ws/install/kobuki_ros_interfaces/include/kobuki_ros_interfaces/kobuki_ros_interfaces/msg/motor_power.h
[2.180s] -- Up-to-date: /home/samar/takwa_ws/install/kobuki_ros_interfaces/include/kobuki_ros_interfaces/kobuki_ros_interfaces/msg/detail
[2.180s] -- Up-to-date: /home/samar/takwa_ws/install/kobuki_ros_interfaces/include/kobuki_ros_interfaces/kobuki_ros_interfaces/msg/detail/external_power__functions.h
[2.180s] -- Up-to-date: /home/samar/takwa_ws/install/kobuki_ros_interfaces/include/kobuki_ros_interfaces/kobuki_ros_interfaces/msg/detail/digital_input_event__type_support.h
[2.180s] -- Up-to-date: /home/samar/takwa_ws/install/kobuki_ros_interfaces/include/kobuki_ros_interfaces/kobuki_ros_interfaces/msg/detail/digital_output__struct.h
[2.180s] -- Up-to-date: /home/samar/takwa_ws/install/kobuki_ros_interfaces/include/kobuki_ros_interfaces/kobuki_ros_interfaces/msg/detail/digital_input_event__functions.c
[2.180s] -- Up-to-date: /home/samar/takwa_ws/install/kobuki_ros_interfaces/include/kobuki_ros_interfaces/kobuki_ros_interfaces/msg/detail/power_system_event__functions.h
[2.180s] -- Installing: /home/samar/takwa_ws/install/kobuki_ros_interfaces/include/kobuki_ros_interfaces/kobuki_ros_interfaces/msg/detail/robot_state_event__type_support.c
[2.180s] -- Up-to-date: /home/samar/takwa_ws/install/kobuki_ros_interfaces/include/kobuki_ros_interfaces/kobuki_ros_interfaces/msg/detail/digital_output__description.c
[2.181s] -- Up-to-date: /home/samar/takwa_ws/install/kobuki_ros_interfaces/include/kobuki_ros_interfaces/kobuki_ros_interfaces/msg/detail/wheel_drop_event__type_support.h
[2.181s] -- Up-to-date: /home/samar/takwa_ws/install/kobuki_ros_interfaces/include/kobuki_ros_interfaces/kobuki_ros_interfaces/msg/detail/led__struct.h
[2.181s] -- Installing: /home/samar/takwa_ws/install/kobuki_ros_interfaces/include/kobuki_ros_interfaces/kobuki_ros_interfaces/msg/detail/sound__type_support.c
[2.181s] -- Installing: /home/samar/takwa_ws/install/kobuki_ros_interfaces/include/kobuki_ros_interfaces/kobuki_ros_interfaces/msg/detail/dock_infra_red__type_support.c
[2.181s] -- Up-to-date: /home/samar/takwa_ws/install/kobuki_ros_interfaces/include/kobuki_ros_interfaces/kobuki_ros_interfaces/msg/detail/external_power__functions.c
[2.184s] -- Up-to-date: /home/samar/takwa_ws/install/kobuki_ros_interfaces/include/kobuki_ros_interfaces/kobuki_ros_interfaces/msg/detail/bumper_event__functions.h
[2.185s] -- Up-to-date: /home/samar/takwa_ws/install/kobuki_ros_interfaces/include/kobuki_ros_interfaces/kobuki_ros_interfaces/msg/detail/led__type_support.h
[2.185s] -- Installing: /home/samar/takwa_ws/install/kobuki_ros_interfaces/include/kobuki_ros_interfaces/kobuki_ros_interfaces/msg/detail/power_system_event__type_support.c
[2.186s] -- Up-to-date: /home/samar/takwa_ws/install/kobuki_ros_interfaces/include/kobuki_ros_interfaces/kobuki_ros_interfaces/msg/detail/dock_infra_red__functions.h
[2.186s] -- Up-to-date: /home/samar/takwa_ws/install/kobuki_ros_interfaces/include/kobuki_ros_interfaces/kobuki_ros_interfaces/msg/detail/version_info__functions.c
[2.188s] -- Up-to-date: /home/samar/takwa_ws/install/kobuki_ros_interfaces/include/kobuki_ros_interfaces/kobuki_ros_interfaces/msg/detail/dock_infra_red__type_support.h
[2.188s] -- Installing: /home/samar/takwa_ws/install/kobuki_ros_interfaces/include/kobuki_ros_interfaces/kobuki_ros_interfaces/msg/detail/keyboard_input__type_support.c
[2.192s] -- Up-to-date: /home/samar/takwa_ws/install/kobuki_ros_interfaces/include/kobuki_ros_interfaces/kobuki_ros_interfaces/msg/detail/sensor_state__functions.h
[2.193s] -- Installing: /home/samar/takwa_ws/install/kobuki_ros_interfaces/include/kobuki_ros_interfaces/kobuki_ros_interfaces/msg/detail/version_info__type_support.c
[2.193s] -- Up-to-date: /home/samar/takwa_ws/install/kobuki_ros_interfaces/include/kobuki_ros_interfaces/kobuki_ros_interfaces/msg/detail/sound__functions.c
[2.193s] -- Installing: /home/samar/takwa_ws/install/kobuki_ros_interfaces/include/kobuki_ros_interfaces/kobuki_ros_interfaces/msg/detail/button_event__type_support.c
[2.193s] -- Up-to-date: /home/samar/takwa_ws/install/kobuki_ros_interfaces/include/kobuki_ros_interfaces/kobuki_ros_interfaces/msg/detail/sensor_state__struct.h
[2.193s] -- Up-to-date: /home/samar/takwa_ws/install/kobuki_ros_interfaces/include/kobuki_ros_interfaces/kobuki_ros_interfaces/msg/detail/sensor_state__functions.c
[2.193s] -- Up-to-date: /home/samar/takwa_ws/install/kobuki_ros_interfaces/include/kobuki_ros_interfaces/kobuki_ros_interfaces/msg/detail/robot_state_event__functions.h
[2.193s] -- Up-to-date: /home/samar/takwa_ws/install/kobuki_ros_interfaces/include/kobuki_ros_interfaces/kobuki_ros_interfaces/msg/detail/keyboard_input__type_support.h
[2.193s] -- Up-to-date: /home/samar/takwa_ws/install/kobuki_ros_interfaces/include/kobuki_ros_interfaces/kobuki_ros_interfaces/msg/detail/scan_angle__functions.h
[2.193s] -- Up-to-date: /home/samar/takwa_ws/install/kobuki_ros_interfaces/include/kobuki_ros_interfaces/kobuki_ros_interfaces/msg/detail/controller_info__type_support.h
[2.194s] -- Up-to-date: /home/samar/takwa_ws/install/kobuki_ros_interfaces/include/kobuki_ros_interfaces/kobuki_ros_interfaces/msg/detail/power_system_event__functions.c
[2.194s] -- Up-to-date: /home/samar/takwa_ws/install/kobuki_ros_interfaces/include/kobuki_ros_interfaces/kobuki_ros_interfaces/msg/detail/external_power__struct.h
[2.194s] -- Installing: /home/samar/takwa_ws/install/kobuki_ros_interfaces/include/kobuki_ros_interfaces/kobuki_ros_interfaces/msg/detail/scan_angle__type_support.c
[2.194s] -- Up-to-date: /home/samar/takwa_ws/install/kobuki_ros_interfaces/include/kobuki_ros_interfaces/kobuki_ros_interfaces/msg/detail/sensor_state__type_support.h
[2.194s] -- Up-to-date: /home/samar/takwa_ws/install/kobuki_ros_interfaces/include/kobuki_ros_interfaces/kobuki_ros_interfaces/msg/detail/sound__functions.h
[2.198s] -- Up-to-date: /home/samar/takwa_ws/install/kobuki_ros_interfaces/include/kobuki_ros_interfaces/kobuki_ros_interfaces/msg/detail/keyboard_input__description.c
[2.198s] -- Installing: /home/samar/takwa_ws/install/kobuki_ros_interfaces/include/kobuki_ros_interfaces/kobuki_ros_interfaces/msg/detail/external_power__type_support.c
[2.198s] -- Up-to-date: /home/samar/takwa_ws/install/kobuki_ros_interfaces/include/kobuki_ros_interfaces/kobuki_ros_interfaces/msg/detail/version_info__description.c
[2.198s] -- Up-to-date: /home/samar/takwa_ws/install/kobuki_ros_interfaces/include/kobuki_ros_interfaces/kobuki_ros_interfaces/msg/detail/cliff_event__description.c
[2.199s] -- Up-to-date: /home/samar/takwa_ws/install/kobuki_ros_interfaces/include/kobuki_ros_interfaces/kobuki_ros_interfaces/msg/detail/wheel_drop_event__functions.h
[2.199s] -- Up-to-date: /home/samar/takwa_ws/install/kobuki_ros_interfaces/include/kobuki_ros_interfaces/kobuki_ros_interfaces/msg/detail/cliff_event__type_support.h
[2.199s] -- Up-to-date: /home/samar/takwa_ws/install/kobuki_ros_interfaces/include/kobuki_ros_interfaces/kobuki_ros_interfaces/msg/detail/controller_info__description.c
[2.199s] -- Up-to-date: /home/samar/takwa_ws/install/kobuki_ros_interfaces/include/kobuki_ros_interfaces/kobuki_ros_interfaces/msg/detail/robot_state_event__description.c
[2.199s] -- Up-to-date: /home/samar/takwa_ws/install/kobuki_ros_interfaces/include/kobuki_ros_interfaces/kobuki_ros_interfaces/msg/detail/sensor_state__description.c
[2.199s] -- Installing: /home/samar/takwa_ws/install/kobuki_ros_interfaces/include/kobuki_ros_interfaces/kobuki_ros_interfaces/msg/detail/controller_info__type_support.c
[2.199s] -- Up-to-date: /home/samar/takwa_ws/install/kobuki_ros_interfaces/include/kobuki_ros_interfaces/kobuki_ros_interfaces/msg/detail/digital_input_event__struct.h
[2.199s] -- Up-to-date: /home/samar/takwa_ws/install/kobuki_ros_interfaces/include/kobuki_ros_interfaces/kobuki_ros_interfaces/msg/detail/digital_output__functions.c
[2.200s] -- Installing: /home/samar/takwa_ws/install/kobuki_ros_interfaces/include/kobuki_ros_interfaces/kobuki_ros_interfaces/msg/detail/wheel_drop_event__type_support.c
[2.200s] -- Up-to-date: /home/samar/takwa_ws/install/kobuki_ros_interfaces/include/kobuki_ros_interfaces/kobuki_ros_interfaces/msg/detail/power_system_event__struct.h
[2.200s] -- Up-to-date: /home/samar/takwa_ws/install/kobuki_ros_interfaces/include/kobuki_ros_interfaces/kobuki_ros_interfaces/msg/detail/digital_input_event__functions.h
[2.200s] -- Up-to-date: /home/samar/takwa_ws/install/kobuki_ros_interfaces/include/kobuki_ros_interfaces/kobuki_ros_interfaces/msg/detail/keyboard_input__struct.h
[2.200s] -- Up-to-date: /home/samar/takwa_ws/install/kobuki_ros_interfaces/include/kobuki_ros_interfaces/kobuki_ros_interfaces/msg/detail/keyboard_input__functions.c
[2.202s] -- Up-to-date: /home/samar/takwa_ws/install/kobuki_ros_interfaces/include/kobuki_ros_interfaces/kobuki_ros_interfaces/msg/detail/scan_angle__type_support.h
[2.202s] -- Up-to-date: /home/samar/takwa_ws/install/kobuki_ros_interfaces/include/kobuki_ros_interfaces/kobuki_ros_interfaces/msg/detail/bumper_event__type_support.h
[2.202s] -- Up-to-date: /home/samar/takwa_ws/install/kobuki_ros_interfaces/include/kobuki_ros_interfaces/kobuki_ros_interfaces/msg/detail/external_power__type_support.h
[2.203s] -- Up-to-date: /home/samar/takwa_ws/install/kobuki_ros_interfaces/include/kobuki_ros_interfaces/kobuki_ros_interfaces/msg/detail/version_info__functions.h
[2.203s] -- Up-to-date: /home/samar/takwa_ws/install/kobuki_ros_interfaces/include/kobuki_ros_interfaces/kobuki_ros_interfaces/msg/detail/controller_info__struct.h
[2.203s] -- Installing: /home/samar/takwa_ws/install/kobuki_ros_interfaces/include/kobuki_ros_interfaces/kobuki_ros_interfaces/msg/detail/motor_power__type_support.c
[2.203s] -- Up-to-date: /home/samar/takwa_ws/install/kobuki_ros_interfaces/include/kobuki_ros_interfaces/kobuki_ros_interfaces/msg/detail/external_power__description.c
[2.203s] -- Up-to-date: /home/samar/takwa_ws/install/kobuki_ros_interfaces/include/kobuki_ros_interfaces/kobuki_ros_interfaces/msg/detail/scan_angle__functions.c
[2.203s] -- Up-to-date: /home/samar/takwa_ws/install/kobuki_ros_interfaces/include/kobuki_ros_interfaces/kobuki_ros_interfaces/msg/detail/led__functions.h
[2.203s] -- Installing: /home/samar/takwa_ws/install/kobuki_ros_interfaces/include/kobuki_ros_interfaces/kobuki_ros_interfaces/msg/detail/digital_input_event__type_support.c
[2.203s] -- Up-to-date: /home/samar/takwa_ws/install/kobuki_ros_interfaces/include/kobuki_ros_interfaces/kobuki_ros_interfaces/msg/detail/motor_power__type_support.h
[2.203s] -- Up-to-date: /home/samar/takwa_ws/install/kobuki_ros_interfaces/include/kobuki_ros_interfaces/kobuki_ros_interfaces/msg/detail/version_info__struct.h
[2.204s] -- Up-to-date: /home/samar/takwa_ws/install/kobuki_ros_interfaces/include/kobuki_ros_interfaces/kobuki_ros_interfaces/msg/detail/sound__description.c
[2.204s] -- Up-to-date: /home/samar/takwa_ws/install/kobuki_ros_interfaces/include/kobuki_ros_interfaces/kobuki_ros_interfaces/msg/detail/keyboard_input__functions.h
[2.204s] -- Up-to-date: /home/samar/takwa_ws/install/kobuki_ros_interfaces/include/kobuki_ros_interfaces/kobuki_ros_interfaces/msg/detail/cliff_event__functions.h
[2.204s] -- Up-to-date: /home/samar/takwa_ws/install/kobuki_ros_interfaces/include/kobuki_ros_interfaces/kobuki_ros_interfaces/msg/detail/cliff_event__functions.c
[2.204s] -- Up-to-date: /home/samar/takwa_ws/install/kobuki_ros_interfaces/include/kobuki_ros_interfaces/kobuki_ros_interfaces/msg/detail/controller_info__functions.h
[2.204s] -- Up-to-date: /home/samar/takwa_ws/install/kobuki_ros_interfaces/include/kobuki_ros_interfaces/kobuki_ros_interfaces/msg/detail/controller_info__functions.c
[2.204s] -- Up-to-date: /home/samar/takwa_ws/install/kobuki_ros_interfaces/include/kobuki_ros_interfaces/kobuki_ros_interfaces/msg/detail/dock_infra_red__struct.h
[2.204s] -- Up-to-date: /home/samar/takwa_ws/install/kobuki_ros_interfaces/include/kobuki_ros_interfaces/kobuki_ros_interfaces/msg/detail/motor_power__description.c
[2.205s] -- Up-to-date: /home/samar/takwa_ws/install/kobuki_ros_interfaces/include/kobuki_ros_interfaces/kobuki_ros_interfaces/msg/detail/wheel_drop_event__functions.c
[2.205s] -- Up-to-date: /home/samar/takwa_ws/install/kobuki_ros_interfaces/include/kobuki_ros_interfaces/kobuki_ros_interfaces/msg/detail/bumper_event__description.c
[2.205s] -- Installing: /home/samar/takwa_ws/install/kobuki_ros_interfaces/include/kobuki_ros_interfaces/kobuki_ros_interfaces/msg/detail/sensor_state__type_support.c
[2.205s] -- Up-to-date: /home/samar/takwa_ws/install/kobuki_ros_interfaces/include/kobuki_ros_interfaces/kobuki_ros_interfaces/msg/detail/scan_angle__description.c
[2.208s] -- Up-to-date: /home/samar/takwa_ws/install/kobuki_ros_interfaces/include/kobuki_ros_interfaces/kobuki_ros_interfaces/msg/detail/led__functions.c
[2.209s] -- Up-to-date: /home/samar/takwa_ws/install/kobuki_ros_interfaces/include/kobuki_ros_interfaces/kobuki_ros_interfaces/msg/detail/digital_input_event__description.c
[2.209s] -- Installing: /home/samar/takwa_ws/install/kobuki_ros_interfaces/include/kobuki_ros_interfaces/kobuki_ros_interfaces/msg/detail/cliff_event__type_support.c
[2.209s] -- Up-to-date: /home/samar/takwa_ws/install/kobuki_ros_interfaces/include/kobuki_ros_interfaces/kobuki_ros_interfaces/msg/detail/robot_state_event__struct.h
[2.209s] -- Up-to-date: /home/samar/takwa_ws/install/kobuki_ros_interfaces/include/kobuki_ros_interfaces/kobuki_ros_interfaces/msg/detail/bumper_event__functions.c
[2.209s] -- Installing: /home/samar/takwa_ws/install/kobuki_ros_interfaces/include/kobuki_ros_interfaces/kobuki_ros_interfaces/msg/detail/bumper_event__type_support.c
[2.209s] -- Up-to-date: /home/samar/takwa_ws/install/kobuki_ros_interfaces/include/kobuki_ros_interfaces/kobuki_ros_interfaces/msg/detail/digital_output__type_support.h
[2.209s] -- Up-to-date: /home/samar/takwa_ws/install/kobuki_ros_interfaces/include/kobuki_ros_interfaces/kobuki_ros_interfaces/msg/detail/digital_output__functions.h
[2.209s] -- Up-to-date: /home/samar/takwa_ws/install/kobuki_ros_interfaces/include/kobuki_ros_interfaces/kobuki_ros_interfaces/msg/detail/cliff_event__struct.h
[2.209s] -- Up-to-date: /home/samar/takwa_ws/install/kobuki_ros_interfaces/include/kobuki_ros_interfaces/kobuki_ros_interfaces/msg/detail/version_info__type_support.h
[2.210s] -- Up-to-date: /home/samar/takwa_ws/install/kobuki_ros_interfaces/include/kobuki_ros_interfaces/kobuki_ros_interfaces/msg/detail/bumper_event__struct.h
[2.210s] -- Up-to-date: /home/samar/takwa_ws/install/kobuki_ros_interfaces/include/kobuki_ros_interfaces/kobuki_ros_interfaces/msg/detail/led__description.c
[2.210s] -- Up-to-date: /home/samar/takwa_ws/install/kobuki_ros_interfaces/include/kobuki_ros_interfaces/kobuki_ros_interfaces/msg/detail/power_system_event__description.c
[2.210s] -- Installing: /home/samar/takwa_ws/install/kobuki_ros_interfaces/include/kobuki_ros_interfaces/kobuki_ros_interfaces/msg/detail/digital_output__type_support.c
[2.210s] -- Up-to-date: /home/samar/takwa_ws/install/kobuki_ros_interfaces/include/kobuki_ros_interfaces/kobuki_ros_interfaces/msg/detail/button_event__struct.h
[2.210s] -- Up-to-date: /home/samar/takwa_ws/install/kobuki_ros_interfaces/include/kobuki_ros_interfaces/kobuki_ros_interfaces/msg/detail/wheel_drop_event__struct.h
[2.210s] -- Up-to-date: /home/samar/takwa_ws/install/kobuki_ros_interfaces/include/kobuki_ros_interfaces/kobuki_ros_interfaces/msg/detail/dock_infra_red__functions.c
[2.210s] -- Up-to-date: /home/samar/takwa_ws/install/kobuki_ros_interfaces/include/kobuki_ros_interfaces/kobuki_ros_interfaces/msg/detail/robot_state_event__type_support.h
[2.210s] -- Up-to-date: /home/samar/takwa_ws/install/kobuki_ros_interfaces/include/kobuki_ros_interfaces/kobuki_ros_interfaces/msg/detail/robot_state_event__functions.c
[2.211s] -- Up-to-date: /home/samar/takwa_ws/install/kobuki_ros_interfaces/include/kobuki_ros_interfaces/kobuki_ros_interfaces/msg/detail/scan_angle__struct.h
[2.211s] -- Up-to-date: /home/samar/takwa_ws/install/kobuki_ros_interfaces/include/kobuki_ros_interfaces/kobuki_ros_interfaces/msg/detail/dock_infra_red__description.c
[2.211s] -- Up-to-date: /home/samar/takwa_ws/install/kobuki_ros_interfaces/include/kobuki_ros_interfaces/kobuki_ros_interfaces/msg/detail/button_event__functions.c
[2.211s] -- Up-to-date: /home/samar/takwa_ws/install/kobuki_ros_interfaces/include/kobuki_ros_interfaces/kobuki_ros_interfaces/msg/detail/motor_power__functions.h
[2.211s] -- Installing: /home/samar/takwa_ws/install/kobuki_ros_interfaces/include/kobuki_ros_interfaces/kobuki_ros_interfaces/msg/detail/led__type_support.c
[2.214s] -- Up-to-date: /home/samar/takwa_ws/install/kobuki_ros_interfaces/include/kobuki_ros_interfaces/kobuki_ros_interfaces/msg/detail/wheel_drop_event__description.c
[2.214s] -- Up-to-date: /home/samar/takwa_ws/install/kobuki_ros_interfaces/include/kobuki_ros_interfaces/kobuki_ros_interfaces/msg/detail/sound__type_support.h
[2.214s] -- Up-to-date: /home/samar/takwa_ws/install/kobuki_ros_interfaces/include/kobuki_ros_interfaces/kobuki_ros_interfaces/msg/detail/motor_power__functions.c
[2.215s] -- Up-to-date: /home/samar/takwa_ws/install/kobuki_ros_interfaces/include/kobuki_ros_interfaces/kobuki_ros_interfaces/msg/detail/sound__struct.h
[2.215s] -- Up-to-date: /home/samar/takwa_ws/install/kobuki_ros_interfaces/include/kobuki_ros_interfaces/kobuki_ros_interfaces/msg/detail/button_event__description.c
[2.215s] -- Up-to-date: /home/samar/takwa_ws/install/kobuki_ros_interfaces/include/kobuki_ros_interfaces/kobuki_ros_interfaces/msg/detail/button_event__type_support.h
[2.215s] -- Up-to-date: /home/samar/takwa_ws/install/kobuki_ros_interfaces/include/kobuki_ros_interfaces/kobuki_ros_interfaces/msg/detail/power_system_event__type_support.h
[2.215s] -- Up-to-date: /home/samar/takwa_ws/install/kobuki_ros_interfaces/include/kobuki_ros_interfaces/kobuki_ros_interfaces/msg/detail/button_event__functions.h
[2.218s] -- Up-to-date: /home/samar/takwa_ws/install/kobuki_ros_interfaces/include/kobuki_ros_interfaces/kobuki_ros_interfaces/msg/detail/motor_power__struct.h
[2.218s] -- Up-to-date: /home/samar/takwa_ws/install/kobuki_ros_interfaces/include/kobuki_ros_interfaces/kobuki_ros_interfaces/msg/wheel_drop_event.h
[2.218s] -- Up-to-date: /home/samar/takwa_ws/install/kobuki_ros_interfaces/include/kobuki_ros_interfaces/kobuki_ros_interfaces/msg/digital_output.h
[2.219s] -- Up-to-date: /home/samar/takwa_ws/install/kobuki_ros_interfaces/include/kobuki_ros_interfaces/kobuki_ros_interfaces/msg/controller_info.h
[2.219s] -- Up-to-date: /home/samar/takwa_ws/install/kobuki_ros_interfaces/include/kobuki_ros_interfaces/kobuki_ros_interfaces/msg/external_power.h
[2.219s] -- Up-to-date: /home/samar/takwa_ws/install/kobuki_ros_interfaces/include/kobuki_ros_interfaces/kobuki_ros_interfaces/msg/sound.h
[2.219s] -- Up-to-date: /home/samar/takwa_ws/install/kobuki_ros_interfaces/share/kobuki_ros_interfaces/environment/library_path.sh
[2.219s] -- Up-to-date: /home/samar/takwa_ws/install/kobuki_ros_interfaces/share/kobuki_ros_interfaces/environment/library_path.dsv
[2.219s] -- Up-to-date: /home/samar/takwa_ws/install/kobuki_ros_interfaces/lib/libkobuki_ros_interfaces__rosidl_generator_c.so
[2.220s] -- Up-to-date: /home/samar/takwa_ws/install/kobuki_ros_interfaces/include/kobuki_ros_interfaces/kobuki_ros_interfaces
[2.220s] -- Up-to-date: /home/samar/takwa_ws/install/kobuki_ros_interfaces/include/kobuki_ros_interfaces/kobuki_ros_interfaces/action
[2.220s] -- Up-to-date: /home/samar/takwa_ws/install/kobuki_ros_interfaces/include/kobuki_ros_interfaces/kobuki_ros_interfaces/action/detail
[2.220s] -- Up-to-date: /home/samar/takwa_ws/install/kobuki_ros_interfaces/include/kobuki_ros_interfaces/kobuki_ros_interfaces/action/detail/auto_docking__rosidl_typesupport_fastrtps_c.h
[2.220s] -- Up-to-date: /home/samar/takwa_ws/install/kobuki_ros_interfaces/include/kobuki_ros_interfaces/kobuki_ros_interfaces/msg
[2.220s] -- Up-to-date: /home/samar/takwa_ws/install/kobuki_ros_interfaces/include/kobuki_ros_interfaces/kobuki_ros_interfaces/msg/rosidl_typesupport_fastrtps_c__visibility_control.h
[2.220s] -- Up-to-date: /home/samar/takwa_ws/install/kobuki_ros_interfaces/include/kobuki_ros_interfaces/kobuki_ros_interfaces/msg/detail
[2.221s] -- Up-to-date: /home/samar/takwa_ws/install/kobuki_ros_interfaces/include/kobuki_ros_interfaces/kobuki_ros_interfaces/msg/detail/dock_infra_red__rosidl_typesupport_fastrtps_c.h
[2.221s] -- Up-to-date: /home/samar/takwa_ws/install/kobuki_ros_interfaces/include/kobuki_ros_interfaces/kobuki_ros_interfaces/msg/detail/external_power__rosidl_typesupport_fastrtps_c.h
[2.221s] -- Up-to-date: /home/samar/takwa_ws/install/kobuki_ros_interfaces/include/kobuki_ros_interfaces/kobuki_ros_interfaces/msg/detail/digital_output__rosidl_typesupport_fastrtps_c.h
[2.221s] -- Up-to-date: /home/samar/takwa_ws/install/kobuki_ros_interfaces/include/kobuki_ros_interfaces/kobuki_ros_interfaces/msg/detail/button_event__rosidl_typesupport_fastrtps_c.h
[2.221s] -- Up-to-date: /home/samar/takwa_ws/install/kobuki_ros_interfaces/include/kobuki_ros_interfaces/kobuki_ros_interfaces/msg/detail/bumper_event__rosidl_typesupport_fastrtps_c.h
[2.221s] -- Up-to-date: /home/samar/takwa_ws/install/kobuki_ros_interfaces/include/kobuki_ros_interfaces/kobuki_ros_interfaces/msg/detail/cliff_event__rosidl_typesupport_fastrtps_c.h
[2.221s] -- Up-to-date: /home/samar/takwa_ws/install/kobuki_ros_interfaces/include/kobuki_ros_interfaces/kobuki_ros_interfaces/msg/detail/motor_power__rosidl_typesupport_fastrtps_c.h
[2.221s] -- Up-to-date: /home/samar/takwa_ws/install/kobuki_ros_interfaces/include/kobuki_ros_interfaces/kobuki_ros_interfaces/msg/detail/scan_angle__rosidl_typesupport_fastrtps_c.h
[2.221s] -- Up-to-date: /home/samar/takwa_ws/install/kobuki_ros_interfaces/include/kobuki_ros_interfaces/kobuki_ros_interfaces/msg/detail/sensor_state__rosidl_typesupport_fastrtps_c.h
[2.221s] -- Up-to-date: /home/samar/takwa_ws/install/kobuki_ros_interfaces/include/kobuki_ros_interfaces/kobuki_ros_interfaces/msg/detail/controller_info__rosidl_typesupport_fastrtps_c.h
[2.222s] -- Up-to-date: /home/samar/takwa_ws/install/kobuki_ros_interfaces/include/kobuki_ros_interfaces/kobuki_ros_interfaces/msg/detail/led__rosidl_typesupport_fastrtps_c.h
[2.222s] -- Up-to-date: /home/samar/takwa_ws/install/kobuki_ros_interfaces/include/kobuki_ros_interfaces/kobuki_ros_interfaces/msg/detail/wheel_drop_event__rosidl_typesupport_fastrtps_c.h
[2.222s] -- Up-to-date: /home/samar/takwa_ws/install/kobuki_ros_interfaces/include/kobuki_ros_interfaces/kobuki_ros_interfaces/msg/detail/version_info__rosidl_typesupport_fastrtps_c.h
[2.222s] -- Up-to-date: /home/samar/takwa_ws/install/kobuki_ros_interfaces/include/kobuki_ros_interfaces/kobuki_ros_interfaces/msg/detail/keyboard_input__rosidl_typesupport_fastrtps_c.h
[2.222s] -- Up-to-date: /home/samar/takwa_ws/install/kobuki_ros_interfaces/include/kobuki_ros_interfaces/kobuki_ros_interfaces/msg/detail/robot_state_event__rosidl_typesupport_fastrtps_c.h
[2.222s] -- Up-to-date: /home/samar/takwa_ws/install/kobuki_ros_interfaces/include/kobuki_ros_interfaces/kobuki_ros_interfaces/msg/detail/digital_input_event__rosidl_typesupport_fastrtps_c.h
[2.222s] -- Up-to-date: /home/samar/takwa_ws/install/kobuki_ros_interfaces/include/kobuki_ros_interfaces/kobuki_ros_interfaces/msg/detail/sound__rosidl_typesupport_fastrtps_c.h
[2.222s] -- Up-to-date: /home/samar/takwa_ws/install/kobuki_ros_interfaces/include/kobuki_ros_interfaces/kobuki_ros_interfaces/msg/detail/power_system_event__rosidl_typesupport_fastrtps_c.h
[2.223s] -- Up-to-date: /home/samar/takwa_ws/install/kobuki_ros_interfaces/lib/libkobuki_ros_interfaces__rosidl_typesupport_fastrtps_c.so
[2.223s] -- Up-to-date: /home/samar/takwa_ws/install/kobuki_ros_interfaces/include/kobuki_ros_interfaces/kobuki_ros_interfaces
[2.223s] -- Up-to-date: /home/samar/takwa_ws/install/kobuki_ros_interfaces/include/kobuki_ros_interfaces/kobuki_ros_interfaces/action
[2.223s] -- Up-to-date: /home/samar/takwa_ws/install/kobuki_ros_interfaces/include/kobuki_ros_interfaces/kobuki_ros_interfaces/action/auto_docking.hpp
[2.223s] -- Up-to-date: /home/samar/takwa_ws/install/kobuki_ros_interfaces/include/kobuki_ros_interfaces/kobuki_ros_interfaces/action/detail
[2.226s] -- Up-to-date: /home/samar/takwa_ws/install/kobuki_ros_interfaces/include/kobuki_ros_interfaces/kobuki_ros_interfaces/action/detail/auto_docking__builder.hpp
[2.226s] -- Up-to-date: /home/samar/takwa_ws/install/kobuki_ros_interfaces/include/kobuki_ros_interfaces/kobuki_ros_interfaces/action/detail/auto_docking__traits.hpp
[2.227s] -- Up-to-date: /home/samar/takwa_ws/install/kobuki_ros_interfaces/include/kobuki_ros_interfaces/kobuki_ros_interfaces/action/detail/auto_docking__struct.hpp
[2.227s] -- Up-to-date: /home/samar/takwa_ws/install/kobuki_ros_interfaces/include/kobuki_ros_interfaces/kobuki_ros_interfaces/msg
[2.230s] -- Up-to-date: /home/samar/takwa_ws/install/kobuki_ros_interfaces/include/kobuki_ros_interfaces/kobuki_ros_interfaces/msg/motor_power.hpp
[2.230s] -- Up-to-date: /home/samar/takwa_ws/install/kobuki_ros_interfaces/include/kobuki_ros_interfaces/kobuki_ros_interfaces/msg/keyboard_input.hpp
[2.230s] -- Up-to-date: /home/samar/takwa_ws/install/kobuki_ros_interfaces/include/kobuki_ros_interfaces/kobuki_ros_interfaces/msg/controller_info.hpp
[2.231s] -- Up-to-date: /home/samar/takwa_ws/install/kobuki_ros_interfaces/include/kobuki_ros_interfaces/kobuki_ros_interfaces/msg/digital_output.hpp
[2.231s] -- Up-to-date: /home/samar/takwa_ws/install/kobuki_ros_interfaces/include/kobuki_ros_interfaces/kobuki_ros_interfaces/msg/led.hpp
[2.231s] -- Up-to-date: /home/samar/takwa_ws/install/kobuki_ros_interfaces/include/kobuki_ros_interfaces/kobuki_ros_interfaces/msg/wheel_drop_event.hpp
[2.231s] -- Up-to-date: /home/samar/takwa_ws/install/kobuki_ros_interfaces/include/kobuki_ros_interfaces/kobuki_ros_interfaces/msg/sound.hpp
[2.231s] -- Up-to-date: /home/samar/takwa_ws/install/kobuki_ros_interfaces/include/kobuki_ros_interfaces/kobuki_ros_interfaces/msg/robot_state_event.hpp
[2.231s] -- Up-to-date: /home/samar/takwa_ws/install/kobuki_ros_interfaces/include/kobuki_ros_interfaces/kobuki_ros_interfaces/msg/cliff_event.hpp
[2.231s] -- Up-to-date: /home/samar/takwa_ws/install/kobuki_ros_interfaces/include/kobuki_ros_interfaces/kobuki_ros_interfaces/msg/bumper_event.hpp
[2.231s] -- Up-to-date: /home/samar/takwa_ws/install/kobuki_ros_interfaces/include/kobuki_ros_interfaces/kobuki_ros_interfaces/msg/digital_input_event.hpp
[2.231s] -- Up-to-date: /home/samar/takwa_ws/install/kobuki_ros_interfaces/include/kobuki_ros_interfaces/kobuki_ros_interfaces/msg/dock_infra_red.hpp
[2.232s] -- Up-to-date: /home/samar/takwa_ws/install/kobuki_ros_interfaces/include/kobuki_ros_interfaces/kobuki_ros_interfaces/msg/sensor_state.hpp
[2.232s] -- Up-to-date: /home/samar/takwa_ws/install/kobuki_ros_interfaces/include/kobuki_ros_interfaces/kobuki_ros_interfaces/msg/button_event.hpp
[2.232s] -- Up-to-date: /home/samar/takwa_ws/install/kobuki_ros_interfaces/include/kobuki_ros_interfaces/kobuki_ros_interfaces/msg/version_info.hpp
[2.232s] -- Up-to-date: /home/samar/takwa_ws/install/kobuki_ros_interfaces/include/kobuki_ros_interfaces/kobuki_ros_interfaces/msg/detail
[2.232s] -- Up-to-date: /home/samar/takwa_ws/install/kobuki_ros_interfaces/include/kobuki_ros_interfaces/kobuki_ros_interfaces/msg/detail/sound__builder.hpp
[2.232s] -- Up-to-date: /home/samar/takwa_ws/install/kobuki_ros_interfaces/include/kobuki_ros_interfaces/kobuki_ros_interfaces/msg/detail/sound__traits.hpp
[2.232s] -- Up-to-date: /home/samar/takwa_ws/install/kobuki_ros_interfaces/include/kobuki_ros_interfaces/kobuki_ros_interfaces/msg/detail/cliff_event__builder.hpp
[2.232s] -- Up-to-date: /home/samar/takwa_ws/install/kobuki_ros_interfaces/include/kobuki_ros_interfaces/kobuki_ros_interfaces/msg/detail/button_event__builder.hpp
[2.233s] -- Up-to-date: /home/samar/takwa_ws/install/kobuki_ros_interfaces/include/kobuki_ros_interfaces/kobuki_ros_interfaces/msg/detail/digital_input_event__traits.hpp
[2.233s] -- Up-to-date: /home/samar/takwa_ws/install/kobuki_ros_interfaces/include/kobuki_ros_interfaces/kobuki_ros_interfaces/msg/detail/power_system_event__traits.hpp
[2.233s] -- Up-to-date: /home/samar/takwa_ws/install/kobuki_ros_interfaces/include/kobuki_ros_interfaces/kobuki_ros_interfaces/msg/detail/controller_info__struct.hpp
[2.233s] -- Up-to-date: /home/samar/takwa_ws/install/kobuki_ros_interfaces/include/kobuki_ros_interfaces/kobuki_ros_interfaces/msg/detail/bumper_event__traits.hpp
[2.233s] -- Up-to-date: /home/samar/takwa_ws/install/kobuki_ros_interfaces/include/kobuki_ros_interfaces/kobuki_ros_interfaces/msg/detail/led__traits.hpp
[2.234s] -- Up-to-date: /home/samar/takwa_ws/install/kobuki_ros_interfaces/include/kobuki_ros_interfaces/kobuki_ros_interfaces/msg/detail/controller_info__traits.hpp
[2.234s] -- Up-to-date: /home/samar/takwa_ws/install/kobuki_ros_interfaces/include/kobuki_ros_interfaces/kobuki_ros_interfaces/msg/detail/led__builder.hpp
[2.234s] -- Up-to-date: /home/samar/takwa_ws/install/kobuki_ros_interfaces/include/kobuki_ros_interfaces/kobuki_ros_interfaces/msg/detail/wheel_drop_event__builder.hpp
[2.234s] -- Up-to-date: /home/samar/takwa_ws/install/kobuki_ros_interfaces/include/kobuki_ros_interfaces/kobuki_ros_interfaces/msg/detail/led__struct.hpp
[2.234s] -- Up-to-date: /home/samar/takwa_ws/install/kobuki_ros_interfaces/include/kobuki_ros_interfaces/kobuki_ros_interfaces/msg/detail/external_power__builder.hpp
[2.234s] -- Up-to-date: /home/samar/takwa_ws/install/kobuki_ros_interfaces/include/kobuki_ros_interfaces/kobuki_ros_interfaces/msg/detail/robot_state_event__builder.hpp
[2.235s] -- Up-to-date: /home/samar/takwa_ws/install/kobuki_ros_interfaces/include/kobuki_ros_interfaces/kobuki_ros_interfaces/msg/detail/version_info__struct.hpp
[2.235s] -- Up-to-date: /home/samar/takwa_ws/install/kobuki_ros_interfaces/include/kobuki_ros_interfaces/kobuki_ros_interfaces/msg/detail/keyboard_input__struct.hpp
[2.235s] -- Up-to-date: /home/samar/takwa_ws/install/kobuki_ros_interfaces/include/kobuki_ros_interfaces/kobuki_ros_interfaces/msg/detail/scan_angle__builder.hpp
[2.235s] -- Up-to-date: /home/samar/takwa_ws/install/kobuki_ros_interfaces/include/kobuki_ros_interfaces/kobuki_ros_interfaces/msg/detail/sensor_state__traits.hpp
[2.235s] -- Up-to-date: /home/samar/takwa_ws/install/kobuki_ros_interfaces/include/kobuki_ros_interfaces/kobuki_ros_interfaces/msg/detail/cliff_event__struct.hpp
[2.238s] -- Up-to-date: /home/samar/takwa_ws/install/kobuki_ros_interfaces/include/kobuki_ros_interfaces/kobuki_ros_interfaces/msg/detail/external_power__traits.hpp
[2.238s] -- Up-to-date: /home/samar/takwa_ws/install/kobuki_ros_interfaces/include/kobuki_ros_interfaces/kobuki_ros_interfaces/msg/detail/motor_power__traits.hpp
[2.239s] -- Up-to-date: /home/samar/takwa_ws/install/kobuki_ros_interfaces/include/kobuki_ros_interfaces/kobuki_ros_interfaces/msg/detail/dock_infra_red__traits.hpp
[2.239s] -- Up-to-date: /home/samar/takwa_ws/install/kobuki_ros_interfaces/include/kobuki_ros_interfaces/kobuki_ros_interfaces/msg/detail/version_info__traits.hpp
[2.239s] -- Up-to-date: /home/samar/takwa_ws/install/kobuki_ros_interfaces/include/kobuki_ros_interfaces/kobuki_ros_interfaces/msg/detail/sensor_state__struct.hpp
[2.239s] -- Up-to-date: /home/samar/takwa_ws/install/kobuki_ros_interfaces/include/kobuki_ros_interfaces/kobuki_ros_interfaces/msg/detail/robot_state_event__struct.hpp
[2.239s] -- Up-to-date: /home/samar/takwa_ws/install/kobuki_ros_interfaces/include/kobuki_ros_interfaces/kobuki_ros_interfaces/msg/detail/controller_info__builder.hpp
[2.242s] -- Up-to-date: /home/samar/takwa_ws/install/kobuki_ros_interfaces/include/kobuki_ros_interfaces/kobuki_ros_interfaces/msg/detail/wheel_drop_event__traits.hpp
[2.242s] -- Up-to-date: /home/samar/takwa_ws/install/kobuki_ros_interfaces/include/kobuki_ros_interfaces/kobuki_ros_interfaces/msg/detail/power_system_event__struct.hpp
[2.243s] -- Up-to-date: /home/samar/takwa_ws/install/kobuki_ros_interfaces/include/kobuki_ros_interfaces/kobuki_ros_interfaces/msg/detail/cliff_event__traits.hpp
[2.243s] -- Up-to-date: /home/samar/takwa_ws/install/kobuki_ros_interfaces/include/kobuki_ros_interfaces/kobuki_ros_interfaces/msg/detail/external_power__struct.hpp
[2.243s] -- Up-to-date: /home/samar/takwa_ws/install/kobuki_ros_interfaces/include/kobuki_ros_interfaces/kobuki_ros_interfaces/msg/detail/digital_output__traits.hpp
[2.243s] -- Up-to-date: /home/samar/takwa_ws/install/kobuki_ros_interfaces/include/kobuki_ros_interfaces/kobuki_ros_interfaces/msg/detail/version_info__builder.hpp
[2.243s] -- Up-to-date: /home/samar/takwa_ws/install/kobuki_ros_interfaces/include/kobuki_ros_interfaces/kobuki_ros_interfaces/msg/detail/motor_power__struct.hpp
[2.243s] -- Up-to-date: /home/samar/takwa_ws/install/kobuki_ros_interfaces/include/kobuki_ros_interfaces/kobuki_ros_interfaces/msg/detail/dock_infra_red__struct.hpp
[2.243s] -- Up-to-date: /home/samar/takwa_ws/install/kobuki_ros_interfaces/include/kobuki_ros_interfaces/kobuki_ros_interfaces/msg/detail/bumper_event__builder.hpp
[2.244s] -- Up-to-date: /home/samar/takwa_ws/install/kobuki_ros_interfaces/include/kobuki_ros_interfaces/kobuki_ros_interfaces/msg/detail/sound__struct.hpp
[2.244s] -- Up-to-date: /home/samar/takwa_ws/install/kobuki_ros_interfaces/include/kobuki_ros_interfaces/kobuki_ros_interfaces/msg/detail/sensor_state__builder.hpp
[2.244s] -- Up-to-date: /home/samar/takwa_ws/install/kobuki_ros_interfaces/include/kobuki_ros_interfaces/kobuki_ros_interfaces/msg/detail/scan_angle__traits.hpp
[2.244s] -- Up-to-date: /home/samar/takwa_ws/install/kobuki_ros_interfaces/include/kobuki_ros_interfaces/kobuki_ros_interfaces/msg/detail/wheel_drop_event__struct.hpp
[2.244s] -- Up-to-date: /home/samar/takwa_ws/install/kobuki_ros_interfaces/include/kobuki_ros_interfaces/kobuki_ros_interfaces/msg/detail/button_event__traits.hpp
[2.244s] -- Up-to-date: /home/samar/takwa_ws/install/kobuki_ros_interfaces/include/kobuki_ros_interfaces/kobuki_ros_interfaces/msg/detail/dock_infra_red__builder.hpp
[2.244s] -- Up-to-date: /home/samar/takwa_ws/install/kobuki_ros_interfaces/include/kobuki_ros_interfaces/kobuki_ros_interfaces/msg/detail/digital_input_event__struct.hpp
[2.244s] -- Up-to-date: /home/samar/takwa_ws/install/kobuki_ros_interfaces/include/kobuki_ros_interfaces/kobuki_ros_interfaces/msg/detail/digital_output__struct.hpp
[2.245s] -- Up-to-date: /home/samar/takwa_ws/install/kobuki_ros_interfaces/include/kobuki_ros_interfaces/kobuki_ros_interfaces/msg/detail/digital_input_event__builder.hpp
[2.245s] -- Up-to-date: /home/samar/takwa_ws/install/kobuki_ros_interfaces/include/kobuki_ros_interfaces/kobuki_ros_interfaces/msg/detail/keyboard_input__traits.hpp
[2.245s] -- Up-to-date: /home/samar/takwa_ws/install/kobuki_ros_interfaces/include/kobuki_ros_interfaces/kobuki_ros_interfaces/msg/detail/robot_state_event__traits.hpp
[2.245s] -- Up-to-date: /home/samar/takwa_ws/install/kobuki_ros_interfaces/include/kobuki_ros_interfaces/kobuki_ros_interfaces/msg/detail/power_system_event__builder.hpp
[2.245s] -- Up-to-date: /home/samar/takwa_ws/install/kobuki_ros_interfaces/include/kobuki_ros_interfaces/kobuki_ros_interfaces/msg/detail/motor_power__builder.hpp
[2.245s] -- Up-to-date: /home/samar/takwa_ws/install/kobuki_ros_interfaces/include/kobuki_ros_interfaces/kobuki_ros_interfaces/msg/detail/digital_output__builder.hpp
[2.245s] -- Up-to-date: /home/samar/takwa_ws/install/kobuki_ros_interfaces/include/kobuki_ros_interfaces/kobuki_ros_interfaces/msg/detail/button_event__struct.hpp
[2.245s] -- Up-to-date: /home/samar/takwa_ws/install/kobuki_ros_interfaces/include/kobuki_ros_interfaces/kobuki_ros_interfaces/msg/detail/scan_angle__struct.hpp
[2.246s] -- Up-to-date: /home/samar/takwa_ws/install/kobuki_ros_interfaces/include/kobuki_ros_interfaces/kobuki_ros_interfaces/msg/detail/bumper_event__struct.hpp
[2.246s] -- Up-to-date: /home/samar/takwa_ws/install/kobuki_ros_interfaces/include/kobuki_ros_interfaces/kobuki_ros_interfaces/msg/detail/keyboard_input__builder.hpp
[2.246s] -- Up-to-date: /home/samar/takwa_ws/install/kobuki_ros_interfaces/include/kobuki_ros_interfaces/kobuki_ros_interfaces/msg/power_system_event.hpp
[2.246s] -- Up-to-date: /home/samar/takwa_ws/install/kobuki_ros_interfaces/include/kobuki_ros_interfaces/kobuki_ros_interfaces/msg/external_power.hpp
[2.246s] -- Up-to-date: /home/samar/takwa_ws/install/kobuki_ros_interfaces/include/kobuki_ros_interfaces/kobuki_ros_interfaces/msg/scan_angle.hpp
[2.249s] -- Up-to-date: /home/samar/takwa_ws/install/kobuki_ros_interfaces/include/kobuki_ros_interfaces/kobuki_ros_interfaces
[2.249s] -- Up-to-date: /home/samar/takwa_ws/install/kobuki_ros_interfaces/include/kobuki_ros_interfaces/kobuki_ros_interfaces/action
[2.250s] -- Up-to-date: /home/samar/takwa_ws/install/kobuki_ros_interfaces/include/kobuki_ros_interfaces/kobuki_ros_interfaces/action/detail
[2.250s] -- Up-to-date: /home/samar/takwa_ws/install/kobuki_ros_interfaces/include/kobuki_ros_interfaces/kobuki_ros_interfaces/action/detail/dds_fastrtps
[2.250s] -- Up-to-date: /home/samar/takwa_ws/install/kobuki_ros_interfaces/include/kobuki_ros_interfaces/kobuki_ros_interfaces/action/detail/auto_docking__rosidl_typesupport_fastrtps_cpp.hpp
[2.250s] -- Up-to-date: /home/samar/takwa_ws/install/kobuki_ros_interfaces/include/kobuki_ros_interfaces/kobuki_ros_interfaces/msg
[2.250s] -- Up-to-date: /home/samar/takwa_ws/install/kobuki_ros_interfaces/include/kobuki_ros_interfaces/kobuki_ros_interfaces/msg/rosidl_typesupport_fastrtps_cpp__visibility_control.h
[2.250s] -- Up-to-date: /home/samar/takwa_ws/install/kobuki_ros_interfaces/include/kobuki_ros_interfaces/kobuki_ros_interfaces/msg/detail
[2.250s] -- Up-to-date: /home/samar/takwa_ws/install/kobuki_ros_interfaces/include/kobuki_ros_interfaces/kobuki_ros_interfaces/msg/detail/cliff_event__rosidl_typesupport_fastrtps_cpp.hpp
[2.250s] -- Up-to-date: /home/samar/takwa_ws/install/kobuki_ros_interfaces/include/kobuki_ros_interfaces/kobuki_ros_interfaces/msg/detail/dds_fastrtps
[2.250s] -- Up-to-date: /home/samar/takwa_ws/install/kobuki_ros_interfaces/include/kobuki_ros_interfaces/kobuki_ros_interfaces/msg/detail/robot_state_event__rosidl_typesupport_fastrtps_cpp.hpp
[2.251s] -- Up-to-date: /home/samar/takwa_ws/install/kobuki_ros_interfaces/include/kobuki_ros_interfaces/kobuki_ros_interfaces/msg/detail/power_system_event__rosidl_typesupport_fastrtps_cpp.hpp
[2.251s] -- Up-to-date: /home/samar/takwa_ws/install/kobuki_ros_interfaces/include/kobuki_ros_interfaces/kobuki_ros_interfaces/msg/detail/digital_input_event__rosidl_typesupport_fastrtps_cpp.hpp
[2.251s] -- Up-to-date: /home/samar/takwa_ws/install/kobuki_ros_interfaces/include/kobuki_ros_interfaces/kobuki_ros_interfaces/msg/detail/sensor_state__rosidl_typesupport_fastrtps_cpp.hpp
[2.251s] -- Up-to-date: /home/samar/takwa_ws/install/kobuki_ros_interfaces/include/kobuki_ros_interfaces/kobuki_ros_interfaces/msg/detail/led__rosidl_typesupport_fastrtps_cpp.hpp
[2.251s] -- Up-to-date: /home/samar/takwa_ws/install/kobuki_ros_interfaces/include/kobuki_ros_interfaces/kobuki_ros_interfaces/msg/detail/digital_output__rosidl_typesupport_fastrtps_cpp.hpp
[2.251s] -- Up-to-date: /home/samar/takwa_ws/install/kobuki_ros_interfaces/include/kobuki_ros_interfaces/kobuki_ros_interfaces/msg/detail/wheel_drop_event__rosidl_typesupport_fastrtps_cpp.hpp
[2.251s] -- Up-to-date: /home/samar/takwa_ws/install/kobuki_ros_interfaces/include/kobuki_ros_interfaces/kobuki_ros_interfaces/msg/detail/motor_power__rosidl_typesupport_fastrtps_cpp.hpp
[2.251s] -- Up-to-date: /home/samar/takwa_ws/install/kobuki_ros_interfaces/include/kobuki_ros_interfaces/kobuki_ros_interfaces/msg/detail/controller_info__rosidl_typesupport_fastrtps_cpp.hpp
[2.252s] -- Up-to-date: /home/samar/takwa_ws/install/kobuki_ros_interfaces/include/kobuki_ros_interfaces/kobuki_ros_interfaces/msg/detail/button_event__rosidl_typesupport_fastrtps_cpp.hpp
[2.252s] -- Up-to-date: /home/samar/takwa_ws/install/kobuki_ros_interfaces/include/kobuki_ros_interfaces/kobuki_ros_interfaces/msg/detail/external_power__rosidl_typesupport_fastrtps_cpp.hpp
[2.252s] -- Up-to-date: /home/samar/takwa_ws/install/kobuki_ros_interfaces/include/kobuki_ros_interfaces/kobuki_ros_interfaces/msg/detail/version_info__rosidl_typesupport_fastrtps_cpp.hpp
[2.252s] -- Up-to-date: /home/samar/takwa_ws/install/kobuki_ros_interfaces/include/kobuki_ros_interfaces/kobuki_ros_interfaces/msg/detail/keyboard_input__rosidl_typesupport_fastrtps_cpp.hpp
[2.255s] -- Up-to-date: /home/samar/takwa_ws/install/kobuki_ros_interfaces/include/kobuki_ros_interfaces/kobuki_ros_interfaces/msg/detail/scan_angle__rosidl_typesupport_fastrtps_cpp.hpp
[2.256s] -- Up-to-date: /home/samar/takwa_ws/install/kobuki_ros_interfaces/include/kobuki_ros_interfaces/kobuki_ros_interfaces/msg/detail/sound__rosidl_typesupport_fastrtps_cpp.hpp
[2.256s] -- Up-to-date: /home/samar/takwa_ws/install/kobuki_ros_interfaces/include/kobuki_ros_interfaces/kobuki_ros_interfaces/msg/detail/dock_infra_red__rosidl_typesupport_fastrtps_cpp.hpp
[2.256s] -- Up-to-date: /home/samar/takwa_ws/install/kobuki_ros_interfaces/include/kobuki_ros_interfaces/kobuki_ros_interfaces/msg/detail/bumper_event__rosidl_typesupport_fastrtps_cpp.hpp
[2.256s] -- Up-to-date: /home/samar/takwa_ws/install/kobuki_ros_interfaces/lib/libkobuki_ros_interfaces__rosidl_typesupport_fastrtps_cpp.so
[2.256s] -- Up-to-date: /home/samar/takwa_ws/install/kobuki_ros_interfaces/include/kobuki_ros_interfaces/kobuki_ros_interfaces
[2.256s] -- Up-to-date: /home/samar/takwa_ws/install/kobuki_ros_interfaces/include/kobuki_ros_interfaces/kobuki_ros_interfaces/action
[2.256s] -- Up-to-date: /home/samar/takwa_ws/install/kobuki_ros_interfaces/include/kobuki_ros_interfaces/kobuki_ros_interfaces/action/detail
[2.256s] -- Up-to-date: /home/samar/takwa_ws/install/kobuki_ros_interfaces/include/kobuki_ros_interfaces/kobuki_ros_interfaces/action/detail/auto_docking__rosidl_typesupport_introspection_c.h
[2.257s] -- Installing: /home/samar/takwa_ws/install/kobuki_ros_interfaces/include/kobuki_ros_interfaces/kobuki_ros_interfaces/action/detail/auto_docking__type_support.c
[2.257s] -- Up-to-date: /home/samar/takwa_ws/install/kobuki_ros_interfaces/include/kobuki_ros_interfaces/kobuki_ros_interfaces/msg
[2.257s] -- Up-to-date: /home/samar/takwa_ws/install/kobuki_ros_interfaces/include/kobuki_ros_interfaces/kobuki_ros_interfaces/msg/rosidl_typesupport_introspection_c__visibility_control.h
[2.257s] -- Up-to-date: /home/samar/takwa_ws/install/kobuki_ros_interfaces/include/kobuki_ros_interfaces/kobuki_ros_interfaces/msg/detail
[2.257s] -- Installing: /home/samar/takwa_ws/install/kobuki_ros_interfaces/include/kobuki_ros_interfaces/kobuki_ros_interfaces/msg/detail/robot_state_event__type_support.c
[2.257s] -- Installing: /home/samar/takwa_ws/install/kobuki_ros_interfaces/include/kobuki_ros_interfaces/kobuki_ros_interfaces/msg/detail/sound__type_support.c
[2.257s] -- Installing: /home/samar/takwa_ws/install/kobuki_ros_interfaces/include/kobuki_ros_interfaces/kobuki_ros_interfaces/msg/detail/dock_infra_red__type_support.c
[2.257s] -- Up-to-date: /home/samar/takwa_ws/install/kobuki_ros_interfaces/include/kobuki_ros_interfaces/kobuki_ros_interfaces/msg/detail/sensor_state__rosidl_typesupport_introspection_c.h
[2.258s] -- Up-to-date: /home/samar/takwa_ws/install/kobuki_ros_interfaces/include/kobuki_ros_interfaces/kobuki_ros_interfaces/msg/detail/wheel_drop_event__rosidl_typesupport_introspection_c.h
[2.258s] -- Installing: /home/samar/takwa_ws/install/kobuki_ros_interfaces/include/kobuki_ros_interfaces/kobuki_ros_interfaces/msg/detail/power_system_event__type_support.c
[2.258s] -- Installing: /home/samar/takwa_ws/install/kobuki_ros_interfaces/include/kobuki_ros_interfaces/kobuki_ros_interfaces/msg/detail/keyboard_input__type_support.c
[2.258s] -- Installing: /home/samar/takwa_ws/install/kobuki_ros_interfaces/include/kobuki_ros_interfaces/kobuki_ros_interfaces/msg/detail/version_info__type_support.c
[2.261s] -- Installing: /home/samar/takwa_ws/install/kobuki_ros_interfaces/include/kobuki_ros_interfaces/kobuki_ros_interfaces/msg/detail/button_event__type_support.c
[2.262s] -- Up-to-date: /home/samar/takwa_ws/install/kobuki_ros_interfaces/include/kobuki_ros_interfaces/kobuki_ros_interfaces/msg/detail/dock_infra_red__rosidl_typesupport_introspection_c.h
[2.262s] -- Up-to-date: /home/samar/takwa_ws/install/kobuki_ros_interfaces/include/kobuki_ros_interfaces/kobuki_ros_interfaces/msg/detail/external_power__rosidl_typesupport_introspection_c.h
[2.262s] -- Up-to-date: /home/samar/takwa_ws/install/kobuki_ros_interfaces/include/kobuki_ros_interfaces/kobuki_ros_interfaces/msg/detail/button_event__rosidl_typesupport_introspection_c.h
[2.262s] -- Installing: /home/samar/takwa_ws/install/kobuki_ros_interfaces/include/kobuki_ros_interfaces/kobuki_ros_interfaces/msg/detail/scan_angle__type_support.c
[2.262s] -- Installing: /home/samar/takwa_ws/install/kobuki_ros_interfaces/include/kobuki_ros_interfaces/kobuki_ros_interfaces/msg/detail/external_power__type_support.c
[2.262s] -- Up-to-date: /home/samar/takwa_ws/install/kobuki_ros_interfaces/include/kobuki_ros_interfaces/kobuki_ros_interfaces/msg/detail/bumper_event__rosidl_typesupport_introspection_c.h
[2.263s] -- Installing: /home/samar/takwa_ws/install/kobuki_ros_interfaces/include/kobuki_ros_interfaces/kobuki_ros_interfaces/msg/detail/controller_info__type_support.c
[2.263s] -- Up-to-date: /home/samar/takwa_ws/install/kobuki_ros_interfaces/include/kobuki_ros_interfaces/kobuki_ros_interfaces/msg/detail/keyboard_input__rosidl_typesupport_introspection_c.h
[2.263s] -- Installing: /home/samar/takwa_ws/install/kobuki_ros_interfaces/include/kobuki_ros_interfaces/kobuki_ros_interfaces/msg/detail/wheel_drop_event__type_support.c
[2.266s] -- Up-to-date: /home/samar/takwa_ws/install/kobuki_ros_interfaces/include/kobuki_ros_interfaces/kobuki_ros_interfaces/msg/detail/robot_state_event__rosidl_typesupport_introspection_c.h
[2.266s] -- Installing: /home/samar/takwa_ws/install/kobuki_ros_interfaces/include/kobuki_ros_interfaces/kobuki_ros_interfaces/msg/detail/motor_power__type_support.c
[2.267s] -- Up-to-date: /home/samar/takwa_ws/install/kobuki_ros_interfaces/include/kobuki_ros_interfaces/kobuki_ros_interfaces/msg/detail/cliff_event__rosidl_typesupport_introspection_c.h
[2.267s] -- Installing: /home/samar/takwa_ws/install/kobuki_ros_interfaces/include/kobuki_ros_interfaces/kobuki_ros_interfaces/msg/detail/digital_input_event__type_support.c
[2.267s] -- Up-to-date: /home/samar/takwa_ws/install/kobuki_ros_interfaces/include/kobuki_ros_interfaces/kobuki_ros_interfaces/msg/detail/scan_angle__rosidl_typesupport_introspection_c.h
[2.267s] -- Up-to-date: /home/samar/takwa_ws/install/kobuki_ros_interfaces/include/kobuki_ros_interfaces/kobuki_ros_interfaces/msg/detail/digital_input_event__rosidl_typesupport_introspection_c.h
[2.267s] -- Installing: /home/samar/takwa_ws/install/kobuki_ros_interfaces/include/kobuki_ros_interfaces/kobuki_ros_interfaces/msg/detail/sensor_state__type_support.c
[2.267s] -- Up-to-date: /home/samar/takwa_ws/install/kobuki_ros_interfaces/include/kobuki_ros_interfaces/kobuki_ros_interfaces/msg/detail/motor_power__rosidl_typesupport_introspection_c.h
[2.268s] -- Installing: /home/samar/takwa_ws/install/kobuki_ros_interfaces/include/kobuki_ros_interfaces/kobuki_ros_interfaces/msg/detail/cliff_event__type_support.c
[2.268s] -- Installing: /home/samar/takwa_ws/install/kobuki_ros_interfaces/include/kobuki_ros_interfaces/kobuki_ros_interfaces/msg/detail/bumper_event__type_support.c
[2.268s] -- Up-to-date: /home/samar/takwa_ws/install/kobuki_ros_interfaces/include/kobuki_ros_interfaces/kobuki_ros_interfaces/msg/detail/led__rosidl_typesupport_introspection_c.h
[2.268s] -- Up-to-date: /home/samar/takwa_ws/install/kobuki_ros_interfaces/include/kobuki_ros_interfaces/kobuki_ros_interfaces/msg/detail/digital_output__rosidl_typesupport_introspection_c.h
[2.268s] -- Installing: /home/samar/takwa_ws/install/kobuki_ros_interfaces/include/kobuki_ros_interfaces/kobuki_ros_interfaces/msg/detail/digital_output__type_support.c
[2.268s] -- Up-to-date: /home/samar/takwa_ws/install/kobuki_ros_interfaces/include/kobuki_ros_interfaces/kobuki_ros_interfaces/msg/detail/sound__rosidl_typesupport_introspection_c.h
[2.269s] -- Installing: /home/samar/takwa_ws/install/kobuki_ros_interfaces/include/kobuki_ros_interfaces/kobuki_ros_interfaces/msg/detail/led__type_support.c
[2.271s] -- Up-to-date: /home/samar/takwa_ws/install/kobuki_ros_interfaces/include/kobuki_ros_interfaces/kobuki_ros_interfaces/msg/detail/power_system_event__rosidl_typesupport_introspection_c.h
[2.271s] -- Up-to-date: /home/samar/takwa_ws/install/kobuki_ros_interfaces/include/kobuki_ros_interfaces/kobuki_ros_interfaces/msg/detail/version_info__rosidl_typesupport_introspection_c.h
[2.272s] -- Up-to-date: /home/samar/takwa_ws/install/kobuki_ros_interfaces/include/kobuki_ros_interfaces/kobuki_ros_interfaces/msg/detail/controller_info__rosidl_typesupport_introspection_c.h
[2.272s] -- Up-to-date: /home/samar/takwa_ws/install/kobuki_ros_interfaces/lib/libkobuki_ros_interfaces__rosidl_typesupport_introspection_c.so
[2.272s] -- Up-to-date: /home/samar/takwa_ws/install/kobuki_ros_interfaces/lib/libkobuki_ros_interfaces__rosidl_typesupport_c.so
[2.272s] -- Up-to-date: /home/samar/takwa_ws/install/kobuki_ros_interfaces/include/kobuki_ros_interfaces/kobuki_ros_interfaces
[2.273s] -- Up-to-date: /home/samar/takwa_ws/install/kobuki_ros_interfaces/include/kobuki_ros_interfaces/kobuki_ros_interfaces/action
[2.273s] -- Up-to-date: /home/samar/takwa_ws/install/kobuki_ros_interfaces/include/kobuki_ros_interfaces/kobuki_ros_interfaces/action/detail
[2.273s] -- Up-to-date: /home/samar/takwa_ws/install/kobuki_ros_interfaces/include/kobuki_ros_interfaces/kobuki_ros_interfaces/action/detail/auto_docking__rosidl_typesupport_introspection_cpp.hpp
[2.273s] -- Up-to-date: /home/samar/takwa_ws/install/kobuki_ros_interfaces/include/kobuki_ros_interfaces/kobuki_ros_interfaces/action/detail/auto_docking__type_support.cpp
[2.273s] -- Up-to-date: /home/samar/takwa_ws/install/kobuki_ros_interfaces/include/kobuki_ros_interfaces/kobuki_ros_interfaces/msg
[2.274s] -- Up-to-date: /home/samar/takwa_ws/install/kobuki_ros_interfaces/include/kobuki_ros_interfaces/kobuki_ros_interfaces/msg/detail
[2.274s] -- Up-to-date: /home/samar/takwa_ws/install/kobuki_ros_interfaces/include/kobuki_ros_interfaces/kobuki_ros_interfaces/msg/detail/sound__type_support.cpp
[2.277s] -- Up-to-date: /home/samar/takwa_ws/install/kobuki_ros_interfaces/include/kobuki_ros_interfaces/kobuki_ros_interfaces/msg/detail/robot_state_event__rosidl_typesupport_introspection_cpp.hpp
[2.277s] -- Up-to-date: /home/samar/takwa_ws/install/kobuki_ros_interfaces/include/kobuki_ros_interfaces/kobuki_ros_interfaces/msg/detail/motor_power__type_support.cpp
[2.277s] -- Up-to-date: /home/samar/takwa_ws/install/kobuki_ros_interfaces/include/kobuki_ros_interfaces/kobuki_ros_interfaces/msg/detail/external_power__type_support.cpp
[2.277s] -- Up-to-date: /home/samar/takwa_ws/install/kobuki_ros_interfaces/include/kobuki_ros_interfaces/kobuki_ros_interfaces/msg/detail/digital_output__rosidl_typesupport_introspection_cpp.hpp
[2.278s] -- Up-to-date: /home/samar/takwa_ws/install/kobuki_ros_interfaces/include/kobuki_ros_interfaces/kobuki_ros_interfaces/msg/detail/sound__rosidl_typesupport_introspection_cpp.hpp
[2.278s] -- Up-to-date: /home/samar/takwa_ws/install/kobuki_ros_interfaces/include/kobuki_ros_interfaces/kobuki_ros_interfaces/msg/detail/bumper_event__rosidl_typesupport_introspection_cpp.hpp
[2.278s] -- Up-to-date: /home/samar/takwa_ws/install/kobuki_ros_interfaces/include/kobuki_ros_interfaces/kobuki_ros_interfaces/msg/detail/wheel_drop_event__rosidl_typesupport_introspection_cpp.hpp
[2.283s] -- Up-to-date: /home/samar/takwa_ws/install/kobuki_ros_interfaces/include/kobuki_ros_interfaces/kobuki_ros_interfaces/msg/detail/bumper_event__type_support.cpp
[2.283s] -- Up-to-date: /home/samar/takwa_ws/install/kobuki_ros_interfaces/include/kobuki_ros_interfaces/kobuki_ros_interfaces/msg/detail/button_event__rosidl_typesupport_introspection_cpp.hpp
[2.284s] -- Up-to-date: /home/samar/takwa_ws/install/kobuki_ros_interfaces/include/kobuki_ros_interfaces/kobuki_ros_interfaces/msg/detail/robot_state_event__type_support.cpp
[2.284s] -- Up-to-date: /home/samar/takwa_ws/install/kobuki_ros_interfaces/include/kobuki_ros_interfaces/kobuki_ros_interfaces/msg/detail/version_info__rosidl_typesupport_introspection_cpp.hpp
[2.284s] -- Up-to-date: /home/samar/takwa_ws/install/kobuki_ros_interfaces/include/kobuki_ros_interfaces/kobuki_ros_interfaces/msg/detail/digital_output__type_support.cpp
[2.284s] -- Up-to-date: /home/samar/takwa_ws/install/kobuki_ros_interfaces/include/kobuki_ros_interfaces/kobuki_ros_interfaces/msg/detail/scan_angle__type_support.cpp
[2.284s] -- Up-to-date: /home/samar/takwa_ws/install/kobuki_ros_interfaces/include/kobuki_ros_interfaces/kobuki_ros_interfaces/msg/detail/motor_power__rosidl_typesupport_introspection_cpp.hpp
[2.285s] -- Up-to-date: /home/samar/takwa_ws/install/kobuki_ros_interfaces/include/kobuki_ros_interfaces/kobuki_ros_interfaces/msg/detail/keyboard_input__rosidl_typesupport_introspection_cpp.hpp
[2.285s] -- Up-to-date: /home/samar/takwa_ws/install/kobuki_ros_interfaces/include/kobuki_ros_interfaces/kobuki_ros_interfaces/msg/detail/dock_infra_red__rosidl_typesupport_introspection_cpp.hpp
[2.285s] -- Up-to-date: /home/samar/takwa_ws/install/kobuki_ros_interfaces/include/kobuki_ros_interfaces/kobuki_ros_interfaces/msg/detail/controller_info__type_support.cpp
[2.285s] -- Up-to-date: /home/samar/takwa_ws/install/kobuki_ros_interfaces/include/kobuki_ros_interfaces/kobuki_ros_interfaces/msg/detail/digital_input_event__type_support.cpp
[2.285s] -- Up-to-date: /home/samar/takwa_ws/install/kobuki_ros_interfaces/include/kobuki_ros_interfaces/kobuki_ros_interfaces/msg/detail/version_info__type_support.cpp
[2.285s] -- Up-to-date: /home/samar/takwa_ws/install/kobuki_ros_interfaces/include/kobuki_ros_interfaces/kobuki_ros_interfaces/msg/detail/sensor_state__type_support.cpp
[2.285s] -- Up-to-date: /home/samar/takwa_ws/install/kobuki_ros_interfaces/include/kobuki_ros_interfaces/kobuki_ros_interfaces/msg/detail/cliff_event__rosidl_typesupport_introspection_cpp.hpp
[2.286s] -- Up-to-date: /home/samar/takwa_ws/install/kobuki_ros_interfaces/include/kobuki_ros_interfaces/kobuki_ros_interfaces/msg/detail/keyboard_input__type_support.cpp
[2.286s] -- Up-to-date: /home/samar/takwa_ws/install/kobuki_ros_interfaces/include/kobuki_ros_interfaces/kobuki_ros_interfaces/msg/detail/led__type_support.cpp
[2.286s] -- Up-to-date: /home/samar/takwa_ws/install/kobuki_ros_interfaces/include/kobuki_ros_interfaces/kobuki_ros_interfaces/msg/detail/wheel_drop_event__type_support.cpp
[2.286s] -- Up-to-date: /home/samar/takwa_ws/install/kobuki_ros_interfaces/include/kobuki_ros_interfaces/kobuki_ros_interfaces/msg/detail/power_system_event__type_support.cpp
[2.288s] -- Up-to-date: /home/samar/takwa_ws/install/kobuki_ros_interfaces/include/kobuki_ros_interfaces/kobuki_ros_interfaces/msg/detail/power_system_event__rosidl_typesupport_introspection_cpp.hpp
[2.288s] -- Up-to-date: /home/samar/takwa_ws/install/kobuki_ros_interfaces/include/kobuki_ros_interfaces/kobuki_ros_interfaces/msg/detail/cliff_event__type_support.cpp
[2.288s] -- Up-to-date: /home/samar/takwa_ws/install/kobuki_ros_interfaces/include/kobuki_ros_interfaces/kobuki_ros_interfaces/msg/detail/led__rosidl_typesupport_introspection_cpp.hpp
[2.288s] -- Up-to-date: /home/samar/takwa_ws/install/kobuki_ros_interfaces/include/kobuki_ros_interfaces/kobuki_ros_interfaces/msg/detail/scan_angle__rosidl_typesupport_introspection_cpp.hpp
[2.289s] -- Up-to-date: /home/samar/takwa_ws/install/kobuki_ros_interfaces/include/kobuki_ros_interfaces/kobuki_ros_interfaces/msg/detail/digital_input_event__rosidl_typesupport_introspection_cpp.hpp
[2.289s] -- Up-to-date: /home/samar/takwa_ws/install/kobuki_ros_interfaces/include/kobuki_ros_interfaces/kobuki_ros_interfaces/msg/detail/external_power__rosidl_typesupport_introspection_cpp.hpp
[2.289s] -- Up-to-date: /home/samar/takwa_ws/install/kobuki_ros_interfaces/include/kobuki_ros_interfaces/kobuki_ros_interfaces/msg/detail/sensor_state__rosidl_typesupport_introspection_cpp.hpp
[2.289s] -- Up-to-date: /home/samar/takwa_ws/install/kobuki_ros_interfaces/include/kobuki_ros_interfaces/kobuki_ros_interfaces/msg/detail/button_event__type_support.cpp
[2.289s] -- Up-to-date: /home/samar/takwa_ws/install/kobuki_ros_interfaces/include/kobuki_ros_interfaces/kobuki_ros_interfaces/msg/detail/controller_info__rosidl_typesupport_introspection_cpp.hpp
[2.289s] -- Up-to-date: /home/samar/takwa_ws/install/kobuki_ros_interfaces/include/kobuki_ros_interfaces/kobuki_ros_interfaces/msg/detail/dock_infra_red__type_support.cpp
[2.289s] -- Up-to-date: /home/samar/takwa_ws/install/kobuki_ros_interfaces/lib/libkobuki_ros_interfaces__rosidl_typesupport_introspection_cpp.so
[2.293s] -- Up-to-date: /home/samar/takwa_ws/install/kobuki_ros_interfaces/lib/libkobuki_ros_interfaces__rosidl_typesupport_cpp.so
[2.293s] -- Up-to-date: /home/samar/takwa_ws/install/kobuki_ros_interfaces/share/kobuki_ros_interfaces/environment/pythonpath.sh
[2.293s] -- Up-to-date: /home/samar/takwa_ws/install/kobuki_ros_interfaces/share/kobuki_ros_interfaces/environment/pythonpath.dsv
[2.294s] -- Up-to-date: /home/samar/takwa_ws/install/kobuki_ros_interfaces/lib/python3.10/site-packages/kobuki_ros_interfaces-1.0.0-py3.10.egg-info
[2.294s] -- Installing: /home/samar/takwa_ws/install/kobuki_ros_interfaces/lib/python3.10/site-packages/kobuki_ros_interfaces-1.0.0-py3.10.egg-info/top_level.txt
[2.294s] -- Installing: /home/samar/takwa_ws/install/kobuki_ros_interfaces/lib/python3.10/site-packages/kobuki_ros_interfaces-1.0.0-py3.10.egg-info/PKG-INFO
[2.294s] -- Installing: /home/samar/takwa_ws/install/kobuki_ros_interfaces/lib/python3.10/site-packages/kobuki_ros_interfaces-1.0.0-py3.10.egg-info/dependency_links.txt
[2.294s] -- Installing: /home/samar/takwa_ws/install/kobuki_ros_interfaces/lib/python3.10/site-packages/kobuki_ros_interfaces-1.0.0-py3.10.egg-info/SOURCES.txt
[2.294s] -- Up-to-date: /home/samar/takwa_ws/install/kobuki_ros_interfaces/lib/python3.10/site-packages/kobuki_ros_interfaces
[2.294s] -- Up-to-date: /home/samar/takwa_ws/install/kobuki_ros_interfaces/lib/python3.10/site-packages/kobuki_ros_interfaces/kobuki_ros_interfaces_s__rosidl_typesupport_c.cpython-310-x86_64-linux-gnu.so
[2.294s] -- Up-to-date: /home/samar/takwa_ws/install/kobuki_ros_interfaces/lib/python3.10/site-packages/kobuki_ros_interfaces/_kobuki_ros_interfaces_s.ep.rosidl_typesupport_introspection_c.c
[2.295s] -- Up-to-date: /home/samar/takwa_ws/install/kobuki_ros_interfaces/lib/python3.10/site-packages/kobuki_ros_interfaces/_kobuki_ros_interfaces_s.ep.rosidl_typesupport_c.c
[2.295s] -- Up-to-date: /home/samar/takwa_ws/install/kobuki_ros_interfaces/lib/python3.10/site-packages/kobuki_ros_interfaces/libkobuki_ros_interfaces__rosidl_generator_py.so
[2.295s] -- Up-to-date: /home/samar/takwa_ws/install/kobuki_ros_interfaces/lib/python3.10/site-packages/kobuki_ros_interfaces/__init__.py
[2.295s] -- Up-to-date: /home/samar/takwa_ws/install/kobuki_ros_interfaces/lib/python3.10/site-packages/kobuki_ros_interfaces/action
[2.295s] -- Up-to-date: /home/samar/takwa_ws/install/kobuki_ros_interfaces/lib/python3.10/site-packages/kobuki_ros_interfaces/action/__init__.py
[2.295s] -- Up-to-date: /home/samar/takwa_ws/install/kobuki_ros_interfaces/lib/python3.10/site-packages/kobuki_ros_interfaces/action/_auto_docking_s.c
[2.295s] -- Up-to-date: /home/samar/takwa_ws/install/kobuki_ros_interfaces/lib/python3.10/site-packages/kobuki_ros_interfaces/action/_auto_docking.py
[2.295s] -- Up-to-date: /home/samar/takwa_ws/install/kobuki_ros_interfaces/lib/python3.10/site-packages/kobuki_ros_interfaces/kobuki_ros_interfaces_s__rosidl_typesupport_fastrtps_c.cpython-310-x86_64-linux-gnu.so
[2.295s] -- Up-to-date: /home/samar/takwa_ws/install/kobuki_ros_interfaces/lib/python3.10/site-packages/kobuki_ros_interfaces/msg
[2.296s] -- Up-to-date: /home/samar/takwa_ws/install/kobuki_ros_interfaces/lib/python3.10/site-packages/kobuki_ros_interfaces/msg/_wheel_drop_event.py
[2.296s] -- Up-to-date: /home/samar/takwa_ws/install/kobuki_ros_interfaces/lib/python3.10/site-packages/kobuki_ros_interfaces/msg/_cliff_event.py
[2.296s] -- Up-to-date: /home/samar/takwa_ws/install/kobuki_ros_interfaces/lib/python3.10/site-packages/kobuki_ros_interfaces/msg/_button_event_s.c
[2.296s] -- Up-to-date: /home/samar/takwa_ws/install/kobuki_ros_interfaces/lib/python3.10/site-packages/kobuki_ros_interfaces/msg/_external_power_s.c
[2.299s] -- Up-to-date: /home/samar/takwa_ws/install/kobuki_ros_interfaces/lib/python3.10/site-packages/kobuki_ros_interfaces/msg/_robot_state_event_s.c
[2.299s] -- Up-to-date: /home/samar/takwa_ws/install/kobuki_ros_interfaces/lib/python3.10/site-packages/kobuki_ros_interfaces/msg/_dock_infra_red.py
[2.299s] -- Up-to-date: /home/samar/takwa_ws/install/kobuki_ros_interfaces/lib/python3.10/site-packages/kobuki_ros_interfaces/msg/_digital_output_s.c
[2.299s] -- Up-to-date: /home/samar/takwa_ws/install/kobuki_ros_interfaces/lib/python3.10/site-packages/kobuki_ros_interfaces/msg/_dock_infra_red_s.c
[2.299s] -- Up-to-date: /home/samar/takwa_ws/install/kobuki_ros_interfaces/lib/python3.10/site-packages/kobuki_ros_interfaces/msg/__init__.py
[2.301s] -- Up-to-date: /home/samar/takwa_ws/install/kobuki_ros_interfaces/lib/python3.10/site-packages/kobuki_ros_interfaces/msg/_power_system_event_s.c
[2.302s] -- Up-to-date: /home/samar/takwa_ws/install/kobuki_ros_interfaces/lib/python3.10/site-packages/kobuki_ros_interfaces/msg/_sensor_state_s.c
[2.302s] -- Up-to-date: /home/samar/takwa_ws/install/kobuki_ros_interfaces/lib/python3.10/site-packages/kobuki_ros_interfaces/msg/_robot_state_event.py
[2.302s] -- Up-to-date: /home/samar/takwa_ws/install/kobuki_ros_interfaces/lib/python3.10/site-packages/kobuki_ros_interfaces/msg/_power_system_event.py
[2.302s] -- Up-to-date: /home/samar/takwa_ws/install/kobuki_ros_interfaces/lib/python3.10/site-packages/kobuki_ros_interfaces/msg/_keyboard_input.py
[2.302s] -- Up-to-date: /home/samar/takwa_ws/install/kobuki_ros_interfaces/lib/python3.10/site-packages/kobuki_ros_interfaces/msg/_bumper_event.py
[2.302s] -- Up-to-date: /home/samar/takwa_ws/install/kobuki_ros_interfaces/lib/python3.10/site-packages/kobuki_ros_interfaces/msg/_led.py
[2.302s] -- Up-to-date: /home/samar/takwa_ws/install/kobuki_ros_interfaces/lib/python3.10/site-packages/kobuki_ros_interfaces/msg/_led_s.c
[2.302s] -- Up-to-date: /home/samar/takwa_ws/install/kobuki_ros_interfaces/lib/python3.10/site-packages/kobuki_ros_interfaces/msg/_button_event.py
[2.302s] -- Up-to-date: /home/samar/takwa_ws/install/kobuki_ros_interfaces/lib/python3.10/site-packages/kobuki_ros_interfaces/msg/_motor_power_s.c
[2.303s] -- Up-to-date: /home/samar/takwa_ws/install/kobuki_ros_interfaces/lib/python3.10/site-packages/kobuki_ros_interfaces/msg/_digital_output.py
[2.303s] -- Up-to-date: /home/samar/takwa_ws/install/kobuki_ros_interfaces/lib/python3.10/site-packages/kobuki_ros_interfaces/msg/_sound_s.c
[2.303s] -- Up-to-date: /home/samar/takwa_ws/install/kobuki_ros_interfaces/lib/python3.10/site-packages/kobuki_ros_interfaces/msg/_digital_input_event.py
[2.303s] -- Up-to-date: /home/samar/takwa_ws/install/kobuki_ros_interfaces/lib/python3.10/site-packages/kobuki_ros_interfaces/msg/_sensor_state.py
[2.303s] -- Up-to-date: /home/samar/takwa_ws/install/kobuki_ros_interfaces/lib/python3.10/site-packages/kobuki_ros_interfaces/msg/_controller_info_s.c
[2.303s] -- Up-to-date: /home/samar/takwa_ws/install/kobuki_ros_interfaces/lib/python3.10/site-packages/kobuki_ros_interfaces/msg/_keyboard_input_s.c
[2.303s] -- Up-to-date: /home/samar/takwa_ws/install/kobuki_ros_interfaces/lib/python3.10/site-packages/kobuki_ros_interfaces/msg/_bumper_event_s.c
[2.303s] -- Up-to-date: /home/samar/takwa_ws/install/kobuki_ros_interfaces/lib/python3.10/site-packages/kobuki_ros_interfaces/msg/_external_power.py
[2.303s] -- Up-to-date: /home/samar/takwa_ws/install/kobuki_ros_interfaces/lib/python3.10/site-packages/kobuki_ros_interfaces/msg/_wheel_drop_event_s.c
[2.304s] -- Up-to-date: /home/samar/takwa_ws/install/kobuki_ros_interfaces/lib/python3.10/site-packages/kobuki_ros_interfaces/msg/_version_info.py
[2.304s] -- Up-to-date: /home/samar/takwa_ws/install/kobuki_ros_interfaces/lib/python3.10/site-packages/kobuki_ros_interfaces/msg/_version_info_s.c
[2.304s] -- Up-to-date: /home/samar/takwa_ws/install/kobuki_ros_interfaces/lib/python3.10/site-packages/kobuki_ros_interfaces/msg/_sound.py
[2.307s] -- Up-to-date: /home/samar/takwa_ws/install/kobuki_ros_interfaces/lib/python3.10/site-packages/kobuki_ros_interfaces/msg/_digital_input_event_s.c
[2.307s] -- Up-to-date: /home/samar/takwa_ws/install/kobuki_ros_interfaces/lib/python3.10/site-packages/kobuki_ros_interfaces/msg/_scan_angle_s.c
[2.307s] -- Up-to-date: /home/samar/takwa_ws/install/kobuki_ros_interfaces/lib/python3.10/site-packages/kobuki_ros_interfaces/msg/_scan_angle.py
[2.308s] -- Up-to-date: /home/samar/takwa_ws/install/kobuki_ros_interfaces/lib/python3.10/site-packages/kobuki_ros_interfaces/msg/_cliff_event_s.c
[2.308s] -- Up-to-date: /home/samar/takwa_ws/install/kobuki_ros_interfaces/lib/python3.10/site-packages/kobuki_ros_interfaces/msg/_controller_info.py
[2.308s] -- Up-to-date: /home/samar/takwa_ws/install/kobuki_ros_interfaces/lib/python3.10/site-packages/kobuki_ros_interfaces/msg/_motor_power.py
[2.308s] -- Up-to-date: /home/samar/takwa_ws/install/kobuki_ros_interfaces/lib/python3.10/site-packages/kobuki_ros_interfaces/_kobuki_ros_interfaces_s.ep.rosidl_typesupport_fastrtps_c.c
[2.308s] -- Up-to-date: /home/samar/takwa_ws/install/kobuki_ros_interfaces/lib/python3.10/site-packages/kobuki_ros_interfaces/kobuki_ros_interfaces_s__rosidl_typesupport_introspection_c.cpython-310-x86_64-linux-gnu.so
[2.308s] Listing '/home/samar/takwa_ws/install/kobuki_ros_interfaces/lib/python3.10/site-packages/kobuki_ros_interfaces'...
[2.308s] Listing '/home/samar/takwa_ws/install/kobuki_ros_interfaces/lib/python3.10/site-packages/kobuki_ros_interfaces/action'...
[2.309s] Listing '/home/samar/takwa_ws/install/kobuki_ros_interfaces/lib/python3.10/site-packages/kobuki_ros_interfaces/msg'...
[2.309s] -- Up-to-date: /home/samar/takwa_ws/install/kobuki_ros_interfaces/lib/python3.10/site-packages/kobuki_ros_interfaces/kobuki_ros_interfaces_s__rosidl_typesupport_fastrtps_c.cpython-310-x86_64-linux-gnu.so
[2.309s] -- Up-to-date: /home/samar/takwa_ws/install/kobuki_ros_interfaces/lib/python3.10/site-packages/kobuki_ros_interfaces/kobuki_ros_interfaces_s__rosidl_typesupport_introspection_c.cpython-310-x86_64-linux-gnu.so
[2.309s] -- Up-to-date: /home/samar/takwa_ws/install/kobuki_ros_interfaces/lib/python3.10/site-packages/kobuki_ros_interfaces/kobuki_ros_interfaces_s__rosidl_typesupport_c.cpython-310-x86_64-linux-gnu.so
[2.309s] -- Up-to-date: /home/samar/takwa_ws/install/kobuki_ros_interfaces/lib/libkobuki_ros_interfaces__rosidl_generator_py.so
[2.309s] -- Up-to-date: /home/samar/takwa_ws/install/kobuki_ros_interfaces/share/kobuki_ros_interfaces/msg/BumperEvent.idl
[2.309s] -- Up-to-date: /home/samar/takwa_ws/install/kobuki_ros_interfaces/share/kobuki_ros_interfaces/msg/CliffEvent.idl
[2.309s] -- Up-to-date: /home/samar/takwa_ws/install/kobuki_ros_interfaces/share/kobuki_ros_interfaces/msg/DigitalOutput.idl
[2.309s] -- Up-to-date: /home/samar/takwa_ws/install/kobuki_ros_interfaces/share/kobuki_ros_interfaces/msg/ExternalPower.idl
[2.310s] -- Up-to-date: /home/samar/takwa_ws/install/kobuki_ros_interfaces/share/kobuki_ros_interfaces/msg/Led.idl
[2.310s] -- Up-to-date: /home/samar/takwa_ws/install/kobuki_ros_interfaces/share/kobuki_ros_interfaces/msg/PowerSystemEvent.idl
[2.310s] -- Up-to-date: /home/samar/takwa_ws/install/kobuki_ros_interfaces/share/kobuki_ros_interfaces/msg/SensorState.idl
[2.310s] -- Up-to-date: /home/samar/takwa_ws/install/kobuki_ros_interfaces/share/kobuki_ros_interfaces/msg/VersionInfo.idl
[2.310s] -- Up-to-date: /home/samar/takwa_ws/install/kobuki_ros_interfaces/share/kobuki_ros_interfaces/msg/ControllerInfo.idl
[2.313s] -- Up-to-date: /home/samar/takwa_ws/install/kobuki_ros_interfaces/share/kobuki_ros_interfaces/msg/ButtonEvent.idl
[2.313s] -- Up-to-date: /home/samar/takwa_ws/install/kobuki_ros_interfaces/share/kobuki_ros_interfaces/msg/DigitalInputEvent.idl
[2.314s] -- Up-to-date: /home/samar/takwa_ws/install/kobuki_ros_interfaces/share/kobuki_ros_interfaces/msg/DockInfraRed.idl
[2.314s] -- Up-to-date: /home/samar/takwa_ws/install/kobuki_ros_interfaces/share/kobuki_ros_interfaces/msg/KeyboardInput.idl
[2.314s] -- Up-to-date: /home/samar/takwa_ws/install/kobuki_ros_interfaces/share/kobuki_ros_interfaces/msg/MotorPower.idl
[2.314s] -- Up-to-date: /home/samar/takwa_ws/install/kobuki_ros_interfaces/share/kobuki_ros_interfaces/msg/RobotStateEvent.idl
[2.314s] -- Up-to-date: /home/samar/takwa_ws/install/kobuki_ros_interfaces/share/kobuki_ros_interfaces/msg/Sound.idl
[2.314s] -- Up-to-date: /home/samar/takwa_ws/install/kobuki_ros_interfaces/share/kobuki_ros_interfaces/msg/ScanAngle.idl
[2.314s] -- Up-to-date: /home/samar/takwa_ws/install/kobuki_ros_interfaces/share/kobuki_ros_interfaces/msg/WheelDropEvent.idl
[2.314s] -- Up-to-date: /home/samar/takwa_ws/install/kobuki_ros_interfaces/share/kobuki_ros_interfaces/action/AutoDocking.idl
[2.315s] -- Up-to-date: /home/samar/takwa_ws/install/kobuki_ros_interfaces/share/kobuki_ros_interfaces/msg/BumperEvent.msg
[2.315s] -- Up-to-date: /home/samar/takwa_ws/install/kobuki_ros_interfaces/share/kobuki_ros_interfaces/msg/CliffEvent.msg
[2.315s] -- Up-to-date: /home/samar/takwa_ws/install/kobuki_ros_interfaces/share/kobuki_ros_interfaces/msg/DigitalOutput.msg
[2.315s] -- Up-to-date: /home/samar/takwa_ws/install/kobuki_ros_interfaces/share/kobuki_ros_interfaces/msg/ExternalPower.msg
[2.315s] -- Up-to-date: /home/samar/takwa_ws/install/kobuki_ros_interfaces/share/kobuki_ros_interfaces/msg/Led.msg
[2.315s] -- Up-to-date: /home/samar/takwa_ws/install/kobuki_ros_interfaces/share/kobuki_ros_interfaces/msg/PowerSystemEvent.msg
[2.315s] -- Up-to-date: /home/samar/takwa_ws/install/kobuki_ros_interfaces/share/kobuki_ros_interfaces/msg/SensorState.msg
[2.315s] -- Up-to-date: /home/samar/takwa_ws/install/kobuki_ros_interfaces/share/kobuki_ros_interfaces/msg/VersionInfo.msg
[2.315s] -- Up-to-date: /home/samar/takwa_ws/install/kobuki_ros_interfaces/share/kobuki_ros_interfaces/msg/ControllerInfo.msg
[2.316s] -- Up-to-date: /home/samar/takwa_ws/install/kobuki_ros_interfaces/share/kobuki_ros_interfaces/msg/ButtonEvent.msg
[2.316s] -- Up-to-date: /home/samar/takwa_ws/install/kobuki_ros_interfaces/share/kobuki_ros_interfaces/msg/DigitalInputEvent.msg
[2.316s] -- Up-to-date: /home/samar/takwa_ws/install/kobuki_ros_interfaces/share/kobuki_ros_interfaces/msg/DockInfraRed.msg
[2.316s] -- Up-to-date: /home/samar/takwa_ws/install/kobuki_ros_interfaces/share/kobuki_ros_interfaces/msg/KeyboardInput.msg
[2.316s] -- Up-to-date: /home/samar/takwa_ws/install/kobuki_ros_interfaces/share/kobuki_ros_interfaces/msg/MotorPower.msg
[2.319s] -- Up-to-date: /home/samar/takwa_ws/install/kobuki_ros_interfaces/share/kobuki_ros_interfaces/msg/RobotStateEvent.msg
[2.319s] -- Up-to-date: /home/samar/takwa_ws/install/kobuki_ros_interfaces/share/kobuki_ros_interfaces/msg/Sound.msg
[2.319s] -- Up-to-date: /home/samar/takwa_ws/install/kobuki_ros_interfaces/share/kobuki_ros_interfaces/msg/ScanAngle.msg
[2.320s] -- Up-to-date: /home/samar/takwa_ws/install/kobuki_ros_interfaces/share/kobuki_ros_interfaces/msg/WheelDropEvent.msg
[2.320s] -- Up-to-date: /home/samar/takwa_ws/install/kobuki_ros_interfaces/share/kobuki_ros_interfaces/action/AutoDocking.action
[2.320s] -- Up-to-date: /home/samar/takwa_ws/install/kobuki_ros_interfaces/share/ament_index/resource_index/package_run_dependencies/kobuki_ros_interfaces
[2.320s] -- Up-to-date: /home/samar/takwa_ws/install/kobuki_ros_interfaces/share/ament_index/resource_index/parent_prefix_path/kobuki_ros_interfaces
[2.320s] -- Up-to-date: /home/samar/takwa_ws/install/kobuki_ros_interfaces/share/kobuki_ros_interfaces/environment/ament_prefix_path.sh
[2.320s] -- Up-to-date: /home/samar/takwa_ws/install/kobuki_ros_interfaces/share/kobuki_ros_interfaces/environment/ament_prefix_path.dsv
[2.320s] -- Up-to-date: /home/samar/takwa_ws/install/kobuki_ros_interfaces/share/kobuki_ros_interfaces/environment/path.sh
[2.320s] -- Up-to-date: /home/samar/takwa_ws/install/kobuki_ros_interfaces/share/kobuki_ros_interfaces/environment/path.dsv
[2.321s] -- Up-to-date: /home/samar/takwa_ws/install/kobuki_ros_interfaces/share/kobuki_ros_interfaces/local_setup.bash
[2.321s] -- Up-to-date: /home/samar/takwa_ws/install/kobuki_ros_interfaces/share/kobuki_ros_interfaces/local_setup.sh
[2.321s] -- Up-to-date: /home/samar/takwa_ws/install/kobuki_ros_interfaces/share/kobuki_ros_interfaces/local_setup.zsh
[2.321s] -- Up-to-date: /home/samar/takwa_ws/install/kobuki_ros_interfaces/share/kobuki_ros_interfaces/local_setup.dsv
[2.321s] -- Installing: /home/samar/takwa_ws/install/kobuki_ros_interfaces/share/kobuki_ros_interfaces/package.dsv
[2.321s] -- Up-to-date: /home/samar/takwa_ws/install/kobuki_ros_interfaces/share/ament_index/resource_index/packages/kobuki_ros_interfaces
[2.321s] -- Up-to-date: /home/samar/takwa_ws/install/kobuki_ros_interfaces/share/kobuki_ros_interfaces/cmake/export_kobuki_ros_interfaces__rosidl_generator_cExport.cmake
[2.321s] -- Up-to-date: /home/samar/takwa_ws/install/kobuki_ros_interfaces/share/kobuki_ros_interfaces/cmake/export_kobuki_ros_interfaces__rosidl_generator_cExport-noconfig.cmake
[2.321s] -- Up-to-date: /home/samar/takwa_ws/install/kobuki_ros_interfaces/share/kobuki_ros_interfaces/cmake/export_kobuki_ros_interfaces__rosidl_typesupport_fastrtps_cExport.cmake
[2.322s] -- Up-to-date: /home/samar/takwa_ws/install/kobuki_ros_interfaces/share/kobuki_ros_interfaces/cmake/export_kobuki_ros_interfaces__rosidl_typesupport_fastrtps_cExport-noconfig.cmake
[2.322s] -- Up-to-date: /home/samar/takwa_ws/install/kobuki_ros_interfaces/share/kobuki_ros_interfaces/cmake/export_kobuki_ros_interfaces__rosidl_generator_cppExport.cmake
[2.322s] -- Up-to-date: /home/samar/takwa_ws/install/kobuki_ros_interfaces/share/kobuki_ros_interfaces/cmake/export_kobuki_ros_interfaces__rosidl_typesupport_fastrtps_cppExport.cmake
[2.322s] -- Up-to-date: /home/samar/takwa_ws/install/kobuki_ros_interfaces/share/kobuki_ros_interfaces/cmake/export_kobuki_ros_interfaces__rosidl_typesupport_fastrtps_cppExport-noconfig.cmake
[2.322s] -- Up-to-date: /home/samar/takwa_ws/install/kobuki_ros_interfaces/share/kobuki_ros_interfaces/cmake/kobuki_ros_interfaces__rosidl_typesupport_introspection_cExport.cmake
[2.323s] -- Up-to-date: /home/samar/takwa_ws/install/kobuki_ros_interfaces/share/kobuki_ros_interfaces/cmake/kobuki_ros_interfaces__rosidl_typesupport_introspection_cExport-noconfig.cmake
[2.323s] -- Up-to-date: /home/samar/takwa_ws/install/kobuki_ros_interfaces/share/kobuki_ros_interfaces/cmake/kobuki_ros_interfaces__rosidl_typesupport_cExport.cmake
[2.323s] -- Up-to-date: /home/samar/takwa_ws/install/kobuki_ros_interfaces/share/kobuki_ros_interfaces/cmake/kobuki_ros_interfaces__rosidl_typesupport_cExport-noconfig.cmake
[2.324s] -- Up-to-date: /home/samar/takwa_ws/install/kobuki_ros_interfaces/share/kobuki_ros_interfaces/cmake/kobuki_ros_interfaces__rosidl_typesupport_introspection_cppExport.cmake
[2.324s] -- Up-to-date: /home/samar/takwa_ws/install/kobuki_ros_interfaces/share/kobuki_ros_interfaces/cmake/kobuki_ros_interfaces__rosidl_typesupport_introspection_cppExport-noconfig.cmake
[2.324s] -- Up-to-date: /home/samar/takwa_ws/install/kobuki_ros_interfaces/share/kobuki_ros_interfaces/cmake/kobuki_ros_interfaces__rosidl_typesupport_cppExport.cmake
[2.324s] -- Up-to-date: /home/samar/takwa_ws/install/kobuki_ros_interfaces/share/kobuki_ros_interfaces/cmake/kobuki_ros_interfaces__rosidl_typesupport_cppExport-noconfig.cmake
[2.325s] -- Up-to-date: /home/samar/takwa_ws/install/kobuki_ros_interfaces/share/kobuki_ros_interfaces/cmake/export_kobuki_ros_interfaces__rosidl_generator_pyExport.cmake
[2.325s] -- Up-to-date: /home/samar/takwa_ws/install/kobuki_ros_interfaces/share/kobuki_ros_interfaces/cmake/export_kobuki_ros_interfaces__rosidl_generator_pyExport-noconfig.cmake
[2.325s] -- Up-to-date: /home/samar/takwa_ws/install/kobuki_ros_interfaces/share/kobuki_ros_interfaces/cmake/rosidl_cmake-extras.cmake
[2.325s] -- Up-to-date: /home/samar/takwa_ws/install/kobuki_ros_interfaces/share/kobuki_ros_interfaces/cmake/ament_cmake_export_dependencies-extras.cmake
[2.325s] -- Up-to-date: /home/samar/takwa_ws/install/kobuki_ros_interfaces/share/kobuki_ros_interfaces/cmake/ament_cmake_export_include_directories-extras.cmake
[2.325s] -- Up-to-date: /home/samar/takwa_ws/install/kobuki_ros_interfaces/share/kobuki_ros_interfaces/cmake/ament_cmake_export_libraries-extras.cmake
[2.325s] -- Up-to-date: /home/samar/takwa_ws/install/kobuki_ros_interfaces/share/kobuki_ros_interfaces/cmake/ament_cmake_export_targets-extras.cmake
[2.326s] -- Up-to-date: /home/samar/takwa_ws/install/kobuki_ros_interfaces/share/kobuki_ros_interfaces/cmake/rosidl_cmake_export_typesupport_targets-extras.cmake
[2.326s] -- Up-to-date: /home/samar/takwa_ws/install/kobuki_ros_interfaces/share/kobuki_ros_interfaces/cmake/rosidl_cmake_export_typesupport_libraries-extras.cmake
[2.326s] -- Up-to-date: /home/samar/takwa_ws/install/kobuki_ros_interfaces/share/kobuki_ros_interfaces/cmake/kobuki_ros_interfacesConfig.cmake
[2.332s] -- Up-to-date: /home/samar/takwa_ws/install/kobuki_ros_interfaces/share/kobuki_ros_interfaces/cmake/kobuki_ros_interfacesConfig-version.cmake
[2.332s] -- Up-to-date: /home/samar/takwa_ws/install/kobuki_ros_interfaces/share/kobuki_ros_interfaces/package.xml
[2.333s] Invoked command in '/home/samar/takwa_ws/build/kobuki_ros_interfaces' returned '0': CMAKE_PREFIX_PATH=${CMAKE_PREFIX_PATH}:/home/samar/takwa_ws/install/slam_launch:/home/samar/takwa_ws/install/nav2_launch:/home/samar/takwa_ws/install/mon_package:/home/samar/takwa_ws/install/follow_waypoints:/opt/ros/iron /usr/bin/cmake --install /home/samar/takwa_ws/build/kobuki_ros_interfaces
