running egg_info
writing ../../build/follow_waypoints/follow_waypoints.egg-info/PKG-INFO
writing dependency_links to ../../build/follow_waypoints/follow_waypoints.egg-info/dependency_links.txt
writing entry points to ../../build/follow_waypoints/follow_waypoints.egg-info/entry_points.txt
writing requirements to ../../build/follow_waypoints/follow_waypoints.egg-info/requires.txt
writing top-level names to ../../build/follow_waypoints/follow_waypoints.egg-info/top_level.txt
reading manifest file '../../build/follow_waypoints/follow_waypoints.egg-info/SOURCES.txt'
writing manifest file '../../build/follow_waypoints/follow_waypoints.egg-info/SOURCES.txt'
running build
running build_py
copying follow_waypoints/__init__.py -> /home/samar/takwa_ws4/build/follow_waypoints/build/lib/follow_waypoints
copying follow_waypoints/follow_waypoints.py -> /home/samar/takwa_ws4/build/follow_waypoints/build/lib/follow_waypoints
running install
running install_lib
running install_data
copying resource/follow_waypoints -> /home/samar/takwa_ws4/install/follow_waypoints/share/ament_index/resource_index/packages
copying package.xml -> /home/samar/takwa_ws4/install/follow_waypoints/share/follow_waypoints
running install_egg_info
removing '/home/samar/takwa_ws4/install/follow_waypoints/lib/python3.10/site-packages/follow_waypoints-0.0.0-py3.10.egg-info' (and everything under it)
Copying ../../build/follow_waypoints/follow_waypoints.egg-info to /home/samar/takwa_ws4/install/follow_waypoints/lib/python3.10/site-packages/follow_waypoints-0.0.0-py3.10.egg-info
running install_scripts
Installing follow_waypoints script to /home/samar/takwa_ws4/install/follow_waypoints/lib/follow_waypoints
writing list of installed files to '/home/samar/takwa_ws4/build/follow_waypoints/install.log'
