[2.244s] Invoking command in '/home/samar/takwa_ws/src/slam_launch': PYTHONPATH=/home/samar/takwa_ws/build/slam_launch/prefix_override:/usr/lib/python3/dist-packages/colcon_core/task/python/colcon_distutils_commands:/home/samar/takwa_ws/install/slam_launch/lib/python3.10/site-packages:${PYTHONPATH} /usr/bin/python3 -W ignore:setup.py install is deprecated setup.py egg_info --egg-base ../../build/slam_launch build --build-base /home/samar/takwa_ws/build/slam_launch/build install --record /home/samar/takwa_ws/build/slam_launch/install.log --single-version-externally-managed install_data
[2.694s] running egg_info
[2.729s] writing ../../build/slam_launch/slam_launch.egg-info/PKG-INFO
[2.730s] writing dependency_links to ../../build/slam_launch/slam_launch.egg-info/dependency_links.txt
[2.730s] writing requirements to ../../build/slam_launch/slam_launch.egg-info/requires.txt
[2.730s] writing top-level names to ../../build/slam_launch/slam_launch.egg-info/top_level.txt
[3.012s] reading manifest file '../../build/slam_launch/slam_launch.egg-info/SOURCES.txt'
[3.014s] writing manifest file '../../build/slam_launch/slam_launch.egg-info/SOURCES.txt'
[3.014s] running build
[3.014s] running build_py
[3.014s] copying slam_launch/__init__.py -> /home/samar/takwa_ws/build/slam_launch/build/lib/slam_launch
[3.016s] running install
[3.026s] running install_lib
[3.068s] running install_data
[3.069s] copying resource/slam_launch -> /home/samar/takwa_ws/install/slam_launch/share/ament_index/resource_index/packages
[3.069s] copying package.xml -> /home/samar/takwa_ws/install/slam_launch/share/slam_launch
[3.069s] running install_egg_info
[3.108s] removing '/home/samar/takwa_ws/install/slam_launch/lib/python3.10/site-packages/slam_launch-0.0.0-py3.10.egg-info' (and everything under it)
[3.109s] Copying ../../build/slam_launch/slam_launch.egg-info to /home/samar/takwa_ws/install/slam_launch/lib/python3.10/site-packages/slam_launch-0.0.0-py3.10.egg-info
[3.110s] running install_scripts
[3.217s] writing list of installed files to '/home/samar/takwa_ws/build/slam_launch/install.log'
[3.266s] Invoked command in '/home/samar/takwa_ws/src/slam_launch' returned '0': PYTHONPATH=/home/samar/takwa_ws/build/slam_launch/prefix_override:/usr/lib/python3/dist-packages/colcon_core/task/python/colcon_distutils_commands:/home/samar/takwa_ws/install/slam_launch/lib/python3.10/site-packages:${PYTHONPATH} /usr/bin/python3 -W ignore:setup.py install is deprecated setup.py egg_info --egg-base ../../build/slam_launch build --build-base /home/samar/takwa_ws/build/slam_launch/build install --record /home/samar/takwa_ws/build/slam_launch/install.log --single-version-externally-managed install_data
