[0mCMake Error: The current CMakeCache.txt directory /home/samar/takwa_ws4/build/kobuki_node/CMakeCache.txt is different than the directory /home/samar/takwa_ws/build/kobuki_node where CMakeCache.txt was created. This may result in binaries being created in the wrong place. If you are not sure, reedit the CMakeCache.txt[0m
[ 33%] Built target kobuki_ros_node
[100%] Built target kobuki_ros
-- Install configuration: ""
-- Up-to-date: /home/samar/takwa_ws/install/kobuki_node/lib/kobuki_node/kobuki_ros_node
-- Up-to-date: /home/samar/takwa_ws/install/kobuki_node/lib/libkobuki_ros.so
-- Up-to-date: /home/samar/takwa_ws/install/kobuki_node/include/kobuki_node
-- Up-to-date: /home/samar/takwa_ws/install/kobuki_node/include/kobuki_node/odometry.hpp
-- Up-to-date: /home/samar/takwa_ws/install/kobuki_node/include/kobuki_node/diagnostics.hpp
-- Up-to-date: /home/samar/takwa_ws/install/kobuki_node/include/kobuki_node/kobuki_ros.hpp
-- Up-to-date: /home/samar/takwa_ws/install/kobuki_node/share/kobuki_node/config
-- Up-to-date: /home/samar/takwa_ws/install/kobuki_node/share/kobuki_node/config/kobuki_node_params.yaml
-- Up-to-date: /home/samar/takwa_ws/install/kobuki_node/share/kobuki_node/launch
-- Up-to-date: /home/samar/takwa_ws/install/kobuki_node/share/kobuki_node/launch/kobuki_node-composed-launch.py
-- Up-to-date: /home/samar/takwa_ws/install/kobuki_node/share/kobuki_node/launch/kobuki_node-launch.py
-- Up-to-date: /home/samar/takwa_ws/install/kobuki_node/share/ament_index/resource_index/package_run_dependencies/kobuki_node
-- Up-to-date: /home/samar/takwa_ws/install/kobuki_node/share/ament_index/resource_index/parent_prefix_path/kobuki_node
-- Up-to-date: /home/samar/takwa_ws/install/kobuki_node/share/kobuki_node/environment/ament_prefix_path.sh
-- Up-to-date: /home/samar/takwa_ws/install/kobuki_node/share/kobuki_node/environment/ament_prefix_path.dsv
-- Up-to-date: /home/samar/takwa_ws/install/kobuki_node/share/kobuki_node/environment/path.sh
-- Up-to-date: /home/samar/takwa_ws/install/kobuki_node/share/kobuki_node/environment/path.dsv
-- Up-to-date: /home/samar/takwa_ws/install/kobuki_node/share/kobuki_node/local_setup.bash
-- Up-to-date: /home/samar/takwa_ws/install/kobuki_node/share/kobuki_node/local_setup.sh
-- Up-to-date: /home/samar/takwa_ws/install/kobuki_node/share/kobuki_node/local_setup.zsh
-- Up-to-date: /home/samar/takwa_ws/install/kobuki_node/share/kobuki_node/local_setup.dsv
-- Installing: /home/samar/takwa_ws/install/kobuki_node/share/kobuki_node/package.dsv
-- Up-to-date: /home/samar/takwa_ws/install/kobuki_node/share/ament_index/resource_index/packages/kobuki_node
-- Up-to-date: /home/samar/takwa_ws/install/kobuki_node/share/ament_index/resource_index/rclcpp_components/kobuki_node
-- Up-to-date: /home/samar/takwa_ws/install/kobuki_node/share/kobuki_node/cmake/kobuki_nodeConfig.cmake
-- Up-to-date: /home/samar/takwa_ws/install/kobuki_node/share/kobuki_node/cmake/kobuki_nodeConfig-version.cmake
-- Up-to-date: /home/samar/takwa_ws/install/kobuki_node/share/kobuki_node/package.xml
