[0.028s] Invoking command in '/home/samar/takwa_ws4/build/kobuki_node': CMAKE_PREFIX_PATH=/home/samar/takwa_ws4/install/kobuki_ros_interfaces:/home/samar/takwa_ws4/install/kobuki_core:/home/samar/takwa_ws/install/tbot_node:/home/samar/takwa_ws/install/pkg-nav:/home/samar/takwa_ws/install/kobuki_ros:/home/samar/takwa_ws/install/kobuki_node:/home/samar/takwa_ws/install/kobuki_ros_interfaces:/home/samar/takwa_ws/install/kobuki_core:/home/samar/takwa_ws3/install/tbot_node:/home/samar/takwa_ws3/install/pkg-nav:/home/samar/takwa_ws3/install/kobuki_ros:/home/samar/takwa_ws3/install/kobuki_node:/home/samar/takwa_ws3/install/kobuki_ros_interfaces:/home/samar/takwa_ws3/install/kobuki_core:/home/samar/mb6-space/install/draft_pkg:/home/samar/mb6-space/install/basic_node:/home/samar/mb6-space/install/basic_msgs:/home/samar/takwa_ws3/install/slam_launch:/home/samar/takwa_ws3/install/nav2_launch:/home/samar/takwa_ws3/install/mon_package:/home/samar/takwa_ws3/install/follow_waypoints:/home/samar/takwa_ws/install/slam_launch:/home/samar/takwa_ws/install/nav2_launch:/home/samar/takwa_ws/install/mon_package:/home/samar/takwa_ws/install/follow_waypoints:/opt/ros/iron LD_LIBRARY_PATH=/home/samar/takwa_ws4/install/kobuki_ros_interfaces/lib:/home/samar/takwa_ws4/install/kobuki_core/lib:${LD_LIBRARY_PATH} PATH=/home/samar/takwa_ws4/install/kobuki_core/bin:${PATH} PYTHONPATH=/home/samar/takwa_ws4/install/kobuki_ros_interfaces/lib/python3.10/site-packages:${PYTHONPATH} /usr/bin/cmake --build /home/samar/takwa_ws4/build/kobuki_node -- -j4 -l4
[0.042s] [0mCMake Error: The current CMakeCache.txt directory /home/samar/takwa_ws4/build/kobuki_node/CMakeCache.txt is different than the directory /home/samar/takwa_ws/build/kobuki_node where CMakeCache.txt was created. This may result in binaries being created in the wrong place. If you are not sure, reedit the CMakeCache.txt[0m
[0.168s] [ 33%] Built target kobuki_ros_node
[0.175s] [100%] Built target kobuki_ros
[0.193s] Invoked command in '/home/samar/takwa_ws4/build/kobuki_node' returned '0': CMAKE_PREFIX_PATH=/home/samar/takwa_ws4/install/kobuki_ros_interfaces:/home/samar/takwa_ws4/install/kobuki_core:/home/samar/takwa_ws/install/tbot_node:/home/samar/takwa_ws/install/pkg-nav:/home/samar/takwa_ws/install/kobuki_ros:/home/samar/takwa_ws/install/kobuki_node:/home/samar/takwa_ws/install/kobuki_ros_interfaces:/home/samar/takwa_ws/install/kobuki_core:/home/samar/takwa_ws3/install/tbot_node:/home/samar/takwa_ws3/install/pkg-nav:/home/samar/takwa_ws3/install/kobuki_ros:/home/samar/takwa_ws3/install/kobuki_node:/home/samar/takwa_ws3/install/kobuki_ros_interfaces:/home/samar/takwa_ws3/install/kobuki_core:/home/samar/mb6-space/install/draft_pkg:/home/samar/mb6-space/install/basic_node:/home/samar/mb6-space/install/basic_msgs:/home/samar/takwa_ws3/install/slam_launch:/home/samar/takwa_ws3/install/nav2_launch:/home/samar/takwa_ws3/install/mon_package:/home/samar/takwa_ws3/install/follow_waypoints:/home/samar/takwa_ws/install/slam_launch:/home/samar/takwa_ws/install/nav2_launch:/home/samar/takwa_ws/install/mon_package:/home/samar/takwa_ws/install/follow_waypoints:/opt/ros/iron LD_LIBRARY_PATH=/home/samar/takwa_ws4/install/kobuki_ros_interfaces/lib:/home/samar/takwa_ws4/install/kobuki_core/lib:${LD_LIBRARY_PATH} PATH=/home/samar/takwa_ws4/install/kobuki_core/bin:${PATH} PYTHONPATH=/home/samar/takwa_ws4/install/kobuki_ros_interfaces/lib/python3.10/site-packages:${PYTHONPATH} /usr/bin/cmake --build /home/samar/takwa_ws4/build/kobuki_node -- -j4 -l4
[0.266s] Invoking command in '/home/samar/takwa_ws4/build/kobuki_node': CMAKE_PREFIX_PATH=/home/samar/takwa_ws4/install/kobuki_ros_interfaces:/home/samar/takwa_ws4/install/kobuki_core:/home/samar/takwa_ws/install/tbot_node:/home/samar/takwa_ws/install/pkg-nav:/home/samar/takwa_ws/install/kobuki_ros:/home/samar/takwa_ws/install/kobuki_node:/home/samar/takwa_ws/install/kobuki_ros_interfaces:/home/samar/takwa_ws/install/kobuki_core:/home/samar/takwa_ws3/install/tbot_node:/home/samar/takwa_ws3/install/pkg-nav:/home/samar/takwa_ws3/install/kobuki_ros:/home/samar/takwa_ws3/install/kobuki_node:/home/samar/takwa_ws3/install/kobuki_ros_interfaces:/home/samar/takwa_ws3/install/kobuki_core:/home/samar/mb6-space/install/draft_pkg:/home/samar/mb6-space/install/basic_node:/home/samar/mb6-space/install/basic_msgs:/home/samar/takwa_ws3/install/slam_launch:/home/samar/takwa_ws3/install/nav2_launch:/home/samar/takwa_ws3/install/mon_package:/home/samar/takwa_ws3/install/follow_waypoints:/home/samar/takwa_ws/install/slam_launch:/home/samar/takwa_ws/install/nav2_launch:/home/samar/takwa_ws/install/mon_package:/home/samar/takwa_ws/install/follow_waypoints:/opt/ros/iron LD_LIBRARY_PATH=/home/samar/takwa_ws4/install/kobuki_ros_interfaces/lib:/home/samar/takwa_ws4/install/kobuki_core/lib:${LD_LIBRARY_PATH} PATH=/home/samar/takwa_ws4/install/kobuki_core/bin:${PATH} PYTHONPATH=/home/samar/takwa_ws4/install/kobuki_ros_interfaces/lib/python3.10/site-packages:${PYTHONPATH} /usr/bin/cmake --install /home/samar/takwa_ws4/build/kobuki_node
[0.285s] -- Install configuration: ""
[0.286s] -- Up-to-date: /home/samar/takwa_ws/install/kobuki_node/lib/kobuki_node/kobuki_ros_node
[0.287s] -- Up-to-date: /home/samar/takwa_ws/install/kobuki_node/lib/libkobuki_ros.so
[0.288s] -- Up-to-date: /home/samar/takwa_ws/install/kobuki_node/include/kobuki_node
[0.288s] -- Up-to-date: /home/samar/takwa_ws/install/kobuki_node/include/kobuki_node/odometry.hpp
[0.289s] -- Up-to-date: /home/samar/takwa_ws/install/kobuki_node/include/kobuki_node/diagnostics.hpp
[0.289s] -- Up-to-date: /home/samar/takwa_ws/install/kobuki_node/include/kobuki_node/kobuki_ros.hpp
[0.289s] -- Up-to-date: /home/samar/takwa_ws/install/kobuki_node/share/kobuki_node/config
[0.289s] -- Up-to-date: /home/samar/takwa_ws/install/kobuki_node/share/kobuki_node/config/kobuki_node_params.yaml
[0.290s] -- Up-to-date: /home/samar/takwa_ws/install/kobuki_node/share/kobuki_node/launch
[0.290s] -- Up-to-date: /home/samar/takwa_ws/install/kobuki_node/share/kobuki_node/launch/kobuki_node-composed-launch.py
[0.290s] -- Up-to-date: /home/samar/takwa_ws/install/kobuki_node/share/kobuki_node/launch/kobuki_node-launch.py
[0.290s] -- Up-to-date: /home/samar/takwa_ws/install/kobuki_node/share/ament_index/resource_index/package_run_dependencies/kobuki_node
[0.291s] -- Up-to-date: /home/samar/takwa_ws/install/kobuki_node/share/ament_index/resource_index/parent_prefix_path/kobuki_node
[0.291s] -- Up-to-date: /home/samar/takwa_ws/install/kobuki_node/share/kobuki_node/environment/ament_prefix_path.sh
[0.291s] -- Up-to-date: /home/samar/takwa_ws/install/kobuki_node/share/kobuki_node/environment/ament_prefix_path.dsv
[0.291s] -- Up-to-date: /home/samar/takwa_ws/install/kobuki_node/share/kobuki_node/environment/path.sh
[0.292s] -- Up-to-date: /home/samar/takwa_ws/install/kobuki_node/share/kobuki_node/environment/path.dsv
[0.292s] -- Up-to-date: /home/samar/takwa_ws/install/kobuki_node/share/kobuki_node/local_setup.bash
[0.292s] -- Up-to-date: /home/samar/takwa_ws/install/kobuki_node/share/kobuki_node/local_setup.sh
[0.292s] -- Up-to-date: /home/samar/takwa_ws/install/kobuki_node/share/kobuki_node/local_setup.zsh
[0.293s] -- Up-to-date: /home/samar/takwa_ws/install/kobuki_node/share/kobuki_node/local_setup.dsv
[0.293s] -- Installing: /home/samar/takwa_ws/install/kobuki_node/share/kobuki_node/package.dsv
[0.293s] -- Up-to-date: /home/samar/takwa_ws/install/kobuki_node/share/ament_index/resource_index/packages/kobuki_node
[0.294s] -- Up-to-date: /home/samar/takwa_ws/install/kobuki_node/share/ament_index/resource_index/rclcpp_components/kobuki_node
[0.294s] -- Up-to-date: /home/samar/takwa_ws/install/kobuki_node/share/kobuki_node/cmake/kobuki_nodeConfig.cmake
[0.294s] -- Up-to-date: /home/samar/takwa_ws/install/kobuki_node/share/kobuki_node/cmake/kobuki_nodeConfig-version.cmake
[0.295s] -- Up-to-date: /home/samar/takwa_ws/install/kobuki_node/share/kobuki_node/package.xml
[0.297s] Invoked command in '/home/samar/takwa_ws4/build/kobuki_node' returned '0': CMAKE_PREFIX_PATH=/home/samar/takwa_ws4/install/kobuki_ros_interfaces:/home/samar/takwa_ws4/install/kobuki_core:/home/samar/takwa_ws/install/tbot_node:/home/samar/takwa_ws/install/pkg-nav:/home/samar/takwa_ws/install/kobuki_ros:/home/samar/takwa_ws/install/kobuki_node:/home/samar/takwa_ws/install/kobuki_ros_interfaces:/home/samar/takwa_ws/install/kobuki_core:/home/samar/takwa_ws3/install/tbot_node:/home/samar/takwa_ws3/install/pkg-nav:/home/samar/takwa_ws3/install/kobuki_ros:/home/samar/takwa_ws3/install/kobuki_node:/home/samar/takwa_ws3/install/kobuki_ros_interfaces:/home/samar/takwa_ws3/install/kobuki_core:/home/samar/mb6-space/install/draft_pkg:/home/samar/mb6-space/install/basic_node:/home/samar/mb6-space/install/basic_msgs:/home/samar/takwa_ws3/install/slam_launch:/home/samar/takwa_ws3/install/nav2_launch:/home/samar/takwa_ws3/install/mon_package:/home/samar/takwa_ws3/install/follow_waypoints:/home/samar/takwa_ws/install/slam_launch:/home/samar/takwa_ws/install/nav2_launch:/home/samar/takwa_ws/install/mon_package:/home/samar/takwa_ws/install/follow_waypoints:/opt/ros/iron LD_LIBRARY_PATH=/home/samar/takwa_ws4/install/kobuki_ros_interfaces/lib:/home/samar/takwa_ws4/install/kobuki_core/lib:${LD_LIBRARY_PATH} PATH=/home/samar/takwa_ws4/install/kobuki_core/bin:${PATH} PYTHONPATH=/home/samar/takwa_ws4/install/kobuki_ros_interfaces/lib/python3.10/site-packages:${PYTHONPATH} /usr/bin/cmake --install /home/samar/takwa_ws4/build/kobuki_node
