[3.185s] Invoking command in '/home/samar/takwa_ws/src/mon_package': PYTHONPATH=/home/samar/takwa_ws/build/mon_package/prefix_override:/usr/lib/python3/dist-packages/colcon_core/task/python/colcon_distutils_commands:/home/samar/takwa_ws/install/mon_package/lib/python3.10/site-packages:${PYTHONPATH} /usr/bin/python3 -W ignore:setup.py install is deprecated setup.py egg_info --egg-base ../../build/mon_package build --build-base /home/samar/takwa_ws/build/mon_package/build install --record /home/samar/takwa_ws/build/mon_package/install.log --single-version-externally-managed install_data
[4.060s] running egg_info
[4.120s] writing ../../build/mon_package/mon_package.egg-info/PKG-INFO
[4.121s] writing dependency_links to ../../build/mon_package/mon_package.egg-info/dependency_links.txt
[4.122s] writing entry points to ../../build/mon_package/mon_package.egg-info/entry_points.txt
[4.122s] writing requirements to ../../build/mon_package/mon_package.egg-info/requires.txt
[4.123s] writing top-level names to ../../build/mon_package/mon_package.egg-info/top_level.txt
[4.632s] reading manifest file '../../build/mon_package/mon_package.egg-info/SOURCES.txt'
[4.635s] writing manifest file '../../build/mon_package/mon_package.egg-info/SOURCES.txt'
[4.636s] running build
[4.636s] running build_py
[4.637s] copying mon_package/diagnostic_file_logger.py -> /home/samar/takwa_ws/build/mon_package/build/lib/mon_package
[4.639s] copying mon_package/checkpoint_monitor_node.py -> /home/samar/takwa_ws/build/mon_package/build/lib/mon_package
[4.643s] copying mon_package/__init__.py -> /home/samar/takwa_ws/build/mon_package/build/lib/mon_package
[4.643s] copying mon_package/influxdb_logger_node.py -> /home/samar/takwa_ws/build/mon_package/build/lib/mon_package
[4.643s] copying mon_package/mqtt_subscriber_node.py -> /home/samar/takwa_ws/build/mon_package/build/lib/mon_package
[4.644s] copying mon_package/diagnostic_saver.py -> /home/samar/takwa_ws/build/mon_package/build/lib/mon_package
[4.644s] copying mon_package/anomaly_detector_node.py -> /home/samar/takwa_ws/build/mon_package/build/lib/mon_package
[4.648s] running install
[4.664s] running install_lib
[4.711s] copying /home/samar/takwa_ws/build/mon_package/build/lib/mon_package/mqtt_subscriber_node.py -> /home/samar/takwa_ws/install/mon_package/lib/python3.10/site-packages/mon_package
[4.714s] byte-compiling /home/samar/takwa_ws/install/mon_package/lib/python3.10/site-packages/mon_package/mqtt_subscriber_node.py to mqtt_subscriber_node.cpython-310.pyc
[4.716s] running install_data
[4.716s] copying resource/mon_package -> /home/samar/takwa_ws/install/mon_package/share/ament_index/resource_index/packages
[4.717s] copying package.xml -> /home/samar/takwa_ws/install/mon_package/share/mon_package
[4.720s] copying launch/main_launch.py -> /home/samar/takwa_ws/install/mon_package/share/mon_package/launch
[4.722s] running install_egg_info
[4.774s] removing '/home/samar/takwa_ws/install/mon_package/lib/python3.10/site-packages/mon_package-0.0.0-py3.10.egg-info' (and everything under it)
[4.774s] Copying ../../build/mon_package/mon_package.egg-info to /home/samar/takwa_ws/install/mon_package/lib/python3.10/site-packages/mon_package-0.0.0-py3.10.egg-info
[4.774s] running install_scripts
[4.912s] Installing anomaly_detector_node script to /home/samar/takwa_ws/install/mon_package/lib/mon_package
[4.913s] Installing checkpoint_monitor_node script to /home/samar/takwa_ws/install/mon_package/lib/mon_package
[4.913s] Installing diagnostic_file_logger_node script to /home/samar/takwa_ws/install/mon_package/lib/mon_package
[4.914s] Installing diagnostic_saver_node script to /home/samar/takwa_ws/install/mon_package/lib/mon_package
[4.914s] Installing influxdb_logger_node script to /home/samar/takwa_ws/install/mon_package/lib/mon_package
[4.914s] Installing mqtt_subscriber_node script to /home/samar/takwa_ws/install/mon_package/lib/mon_package
[4.915s] writing list of installed files to '/home/samar/takwa_ws/build/mon_package/install.log'
[4.998s] Invoked command in '/home/samar/takwa_ws/src/mon_package' returned '0': PYTHONPATH=/home/samar/takwa_ws/build/mon_package/prefix_override:/usr/lib/python3/dist-packages/colcon_core/task/python/colcon_distutils_commands:/home/samar/takwa_ws/install/mon_package/lib/python3.10/site-packages:${PYTHONPATH} /usr/bin/python3 -W ignore:setup.py install is deprecated setup.py egg_info --egg-base ../../build/mon_package build --build-base /home/samar/takwa_ws/build/mon_package/build install --record /home/samar/takwa_ws/build/mon_package/install.log --single-version-externally-managed install_data
