[9.503s] Invoking command in '/home/samar/takwa_ws/src/follow_waypoints': PYTHONPATH=/home/samar/takwa_ws/build/follow_waypoints/prefix_override:/usr/lib/python3/dist-packages/colcon_core/task/python/colcon_distutils_commands:/home/samar/takwa_ws/install/follow_waypoints/lib/python3.10/site-packages:${PYTHONPATH} /usr/bin/python3 -W ignore:setup.py install is deprecated setup.py egg_info --egg-base ../../build/follow_waypoints build --build-base /home/samar/takwa_ws/build/follow_waypoints/build install --record /home/samar/takwa_ws/build/follow_waypoints/install.log --single-version-externally-managed install_data
[10.926s] running egg_info
[11.114s] writing ../../build/follow_waypoints/follow_waypoints.egg-info/PKG-INFO
[11.114s] writing dependency_links to ../../build/follow_waypoints/follow_waypoints.egg-info/dependency_links.txt
[11.114s] writing entry points to ../../build/follow_waypoints/follow_waypoints.egg-info/entry_points.txt
[11.114s] writing requirements to ../../build/follow_waypoints/follow_waypoints.egg-info/requires.txt
[11.114s] writing top-level names to ../../build/follow_waypoints/follow_waypoints.egg-info/top_level.txt
[12.510s] reading manifest file '../../build/follow_waypoints/follow_waypoints.egg-info/SOURCES.txt'
[12.526s] writing manifest file '../../build/follow_waypoints/follow_waypoints.egg-info/SOURCES.txt'
[12.538s] running build
[12.539s] running build_py
[12.543s] copying follow_waypoints/__init__.py -> /home/samar/takwa_ws/build/follow_waypoints/build/lib/follow_waypoints
[12.546s] copying follow_waypoints/follow_waypoints.py -> /home/samar/takwa_ws/build/follow_waypoints/build/lib/follow_waypoints
[12.546s] running install
[12.546s] running install_lib
[12.618s] copying /home/samar/takwa_ws/build/follow_waypoints/build/lib/follow_waypoints/follow_waypoints.py -> /home/samar/takwa_ws/install/follow_waypoints/lib/python3.10/site-packages/follow_waypoints
[12.619s] byte-compiling /home/samar/takwa_ws/install/follow_waypoints/lib/python3.10/site-packages/follow_waypoints/follow_waypoints.py to follow_waypoints.cpython-310.pyc
[12.624s] running install_data
[12.629s] copying resource/follow_waypoints -> /home/samar/takwa_ws/install/follow_waypoints/share/ament_index/resource_index/packages
[12.636s] copying package.xml -> /home/samar/takwa_ws/install/follow_waypoints/share/follow_waypoints
[12.641s] running install_egg_info
[12.993s] removing '/home/samar/takwa_ws/install/follow_waypoints/lib/python3.10/site-packages/follow_waypoints-0.0.0-py3.10.egg-info' (and everything under it)
[13.006s] Copying ../../build/follow_waypoints/follow_waypoints.egg-info to /home/samar/takwa_ws/install/follow_waypoints/lib/python3.10/site-packages/follow_waypoints-0.0.0-py3.10.egg-info
[13.007s] running install_scripts
[13.358s] Installing follow_waypoints script to /home/samar/takwa_ws/install/follow_waypoints/lib/follow_waypoints
[13.360s] writing list of installed files to '/home/samar/takwa_ws/build/follow_waypoints/install.log'
[13.781s] Invoked command in '/home/samar/takwa_ws/src/follow_waypoints' returned '0': PYTHONPATH=/home/samar/takwa_ws/build/follow_waypoints/prefix_override:/usr/lib/python3/dist-packages/colcon_core/task/python/colcon_distutils_commands:/home/samar/takwa_ws/install/follow_waypoints/lib/python3.10/site-packages:${PYTHONPATH} /usr/bin/python3 -W ignore:setup.py install is deprecated setup.py egg_info --egg-base ../../build/follow_waypoints build --build-base /home/samar/takwa_ws/build/follow_waypoints/build install --record /home/samar/takwa_ws/build/follow_waypoints/install.log --single-version-externally-managed install_data
