[0.017s] Invoking command in '/home/samar/takwa_ws/build/kobuki_ros': CMAKE_PREFIX_PATH=/home/samar/takwa_ws/install/kobuki_node:/home/samar/takwa_ws/install/kobuki_ros_interfaces:/home/samar/takwa_ws/install/kobuki_core:/home/samar/takwa_ws/install/tbot_node:/home/samar/takwa_ws/install/pkg-nav:/home/samar/takwa_ws/install/kobuki_ros:/home/samar/mb6-space/install/draft_pkg:/home/samar/mb6-space/install/basic_node:/home/samar/mb6-space/install/basic_msgs:/home/samar/takwa_ws/install/slam_launch:/home/samar/takwa_ws/install/nav2_launch:/home/samar/takwa_ws/install/mon_package:/home/samar/takwa_ws/install/follow_waypoints:/opt/ros/iron PYTHONPATH=/home/samar/takwa_ws/install/kobuki_ros_interfaces/lib/python3.10/site-packages:/home/samar/takwa_ws/build/mon_package:/home/samar/takwa_ws/build/follow_waypoints:/home/samar/takwa_ws/install/slam_launch/lib/python3.10/site-packages:/home/samar/takwa_ws/install/nav2_launch/lib/python3.10/site-packages:/home/samar/takwa_ws/install/mon_package/lib/python3.10/site-packages:/home/samar/takwa_ws/install/follow_waypoints/lib/python3.10/site-packages:/home/samar/mb6-space/install/basic_msgs/lib/python3.10/site-packages:/opt/ros/iron/lib/python3.10/site-packages /usr/bin/cmake /home/samar/takwa_ws/src/pkg-tbot/kobuki_ros -DCMAKE_INSTALL_PREFIX=/home/samar/takwa_ws/install/kobuki_ros
[0.084s] -- The C compiler identification is GNU 11.4.0
[0.144s] -- The CXX compiler identification is GNU 11.4.0
[0.151s] -- Detecting C compiler ABI info
[0.228s] -- Detecting C compiler ABI info - done
[0.235s] -- Check for working C compiler: /usr/bin/cc - skipped
[0.236s] -- Detecting C compile features
[0.236s] -- Detecting C compile features - done
[0.239s] -- Detecting CXX compiler ABI info
[0.325s] -- Detecting CXX compiler ABI info - done
[0.335s] -- Check for working CXX compiler: /usr/bin/c++ - skipped
[0.336s] -- Detecting CXX compile features
[0.336s] -- Detecting CXX compile features - done
[0.340s] -- Found ament_cmake: 2.0.5 (/opt/ros/iron/share/ament_cmake/cmake)
[0.810s] -- Found Python3: /usr/bin/python3.10 (found version "3.10.12") found components: Interpreter 
[1.012s] -- Configuring done
[1.016s] -- Generating done
[1.016s] -- Build files have been written to: /home/samar/takwa_ws/build/kobuki_ros
[1.021s] Invoked command in '/home/samar/takwa_ws/build/kobuki_ros' returned '0': CMAKE_PREFIX_PATH=/home/samar/takwa_ws/install/kobuki_node:/home/samar/takwa_ws/install/kobuki_ros_interfaces:/home/samar/takwa_ws/install/kobuki_core:/home/samar/takwa_ws/install/tbot_node:/home/samar/takwa_ws/install/pkg-nav:/home/samar/takwa_ws/install/kobuki_ros:/home/samar/mb6-space/install/draft_pkg:/home/samar/mb6-space/install/basic_node:/home/samar/mb6-space/install/basic_msgs:/home/samar/takwa_ws/install/slam_launch:/home/samar/takwa_ws/install/nav2_launch:/home/samar/takwa_ws/install/mon_package:/home/samar/takwa_ws/install/follow_waypoints:/opt/ros/iron PYTHONPATH=/home/samar/takwa_ws/install/kobuki_ros_interfaces/lib/python3.10/site-packages:/home/samar/takwa_ws/build/mon_package:/home/samar/takwa_ws/build/follow_waypoints:/home/samar/takwa_ws/install/slam_launch/lib/python3.10/site-packages:/home/samar/takwa_ws/install/nav2_launch/lib/python3.10/site-packages:/home/samar/takwa_ws/install/mon_package/lib/python3.10/site-packages:/home/samar/takwa_ws/install/follow_waypoints/lib/python3.10/site-packages:/home/samar/mb6-space/install/basic_msgs/lib/python3.10/site-packages:/opt/ros/iron/lib/python3.10/site-packages /usr/bin/cmake /home/samar/takwa_ws/src/pkg-tbot/kobuki_ros -DCMAKE_INSTALL_PREFIX=/home/samar/takwa_ws/install/kobuki_ros
[1.023s] Invoking command in '/home/samar/takwa_ws/build/kobuki_ros': CMAKE_PREFIX_PATH=/home/samar/takwa_ws/install/kobuki_node:/home/samar/takwa_ws/install/kobuki_ros_interfaces:/home/samar/takwa_ws/install/kobuki_core:/home/samar/takwa_ws/install/tbot_node:/home/samar/takwa_ws/install/pkg-nav:/home/samar/takwa_ws/install/kobuki_ros:/home/samar/mb6-space/install/draft_pkg:/home/samar/mb6-space/install/basic_node:/home/samar/mb6-space/install/basic_msgs:/home/samar/takwa_ws/install/slam_launch:/home/samar/takwa_ws/install/nav2_launch:/home/samar/takwa_ws/install/mon_package:/home/samar/takwa_ws/install/follow_waypoints:/opt/ros/iron PYTHONPATH=/home/samar/takwa_ws/install/kobuki_ros_interfaces/lib/python3.10/site-packages:/home/samar/takwa_ws/build/mon_package:/home/samar/takwa_ws/build/follow_waypoints:/home/samar/takwa_ws/install/slam_launch/lib/python3.10/site-packages:/home/samar/takwa_ws/install/nav2_launch/lib/python3.10/site-packages:/home/samar/takwa_ws/install/mon_package/lib/python3.10/site-packages:/home/samar/takwa_ws/install/follow_waypoints/lib/python3.10/site-packages:/home/samar/mb6-space/install/basic_msgs/lib/python3.10/site-packages:/opt/ros/iron/lib/python3.10/site-packages /usr/bin/cmake --build /home/samar/takwa_ws/build/kobuki_ros -- -j4 -l4
[1.066s] Invoked command in '/home/samar/takwa_ws/build/kobuki_ros' returned '0': CMAKE_PREFIX_PATH=/home/samar/takwa_ws/install/kobuki_node:/home/samar/takwa_ws/install/kobuki_ros_interfaces:/home/samar/takwa_ws/install/kobuki_core:/home/samar/takwa_ws/install/tbot_node:/home/samar/takwa_ws/install/pkg-nav:/home/samar/takwa_ws/install/kobuki_ros:/home/samar/mb6-space/install/draft_pkg:/home/samar/mb6-space/install/basic_node:/home/samar/mb6-space/install/basic_msgs:/home/samar/takwa_ws/install/slam_launch:/home/samar/takwa_ws/install/nav2_launch:/home/samar/takwa_ws/install/mon_package:/home/samar/takwa_ws/install/follow_waypoints:/opt/ros/iron PYTHONPATH=/home/samar/takwa_ws/install/kobuki_ros_interfaces/lib/python3.10/site-packages:/home/samar/takwa_ws/build/mon_package:/home/samar/takwa_ws/build/follow_waypoints:/home/samar/takwa_ws/install/slam_launch/lib/python3.10/site-packages:/home/samar/takwa_ws/install/nav2_launch/lib/python3.10/site-packages:/home/samar/takwa_ws/install/mon_package/lib/python3.10/site-packages:/home/samar/takwa_ws/install/follow_waypoints/lib/python3.10/site-packages:/home/samar/mb6-space/install/basic_msgs/lib/python3.10/site-packages:/opt/ros/iron/lib/python3.10/site-packages /usr/bin/cmake --build /home/samar/takwa_ws/build/kobuki_ros -- -j4 -l4
[1.093s] Invoking command in '/home/samar/takwa_ws/build/kobuki_ros': CMAKE_PREFIX_PATH=/home/samar/takwa_ws/install/kobuki_node:/home/samar/takwa_ws/install/kobuki_ros_interfaces:/home/samar/takwa_ws/install/kobuki_core:/home/samar/takwa_ws/install/tbot_node:/home/samar/takwa_ws/install/pkg-nav:/home/samar/takwa_ws/install/kobuki_ros:/home/samar/mb6-space/install/draft_pkg:/home/samar/mb6-space/install/basic_node:/home/samar/mb6-space/install/basic_msgs:/home/samar/takwa_ws/install/slam_launch:/home/samar/takwa_ws/install/nav2_launch:/home/samar/takwa_ws/install/mon_package:/home/samar/takwa_ws/install/follow_waypoints:/opt/ros/iron PYTHONPATH=/home/samar/takwa_ws/install/kobuki_ros_interfaces/lib/python3.10/site-packages:/home/samar/takwa_ws/build/mon_package:/home/samar/takwa_ws/build/follow_waypoints:/home/samar/takwa_ws/install/slam_launch/lib/python3.10/site-packages:/home/samar/takwa_ws/install/nav2_launch/lib/python3.10/site-packages:/home/samar/takwa_ws/install/mon_package/lib/python3.10/site-packages:/home/samar/takwa_ws/install/follow_waypoints/lib/python3.10/site-packages:/home/samar/mb6-space/install/basic_msgs/lib/python3.10/site-packages:/opt/ros/iron/lib/python3.10/site-packages /usr/bin/cmake --install /home/samar/takwa_ws/build/kobuki_ros
[1.101s] -- Install configuration: ""
[1.102s] -- Installing: /home/samar/takwa_ws/install/kobuki_ros/share/ament_index/resource_index/package_run_dependencies/kobuki_ros
[1.102s] -- Installing: /home/samar/takwa_ws/install/kobuki_ros/share/ament_index/resource_index/parent_prefix_path/kobuki_ros
[1.102s] -- Installing: /home/samar/takwa_ws/install/kobuki_ros/share/kobuki_ros/environment/ament_prefix_path.sh
[1.102s] -- Installing: /home/samar/takwa_ws/install/kobuki_ros/share/kobuki_ros/environment/ament_prefix_path.dsv
[1.102s] -- Installing: /home/samar/takwa_ws/install/kobuki_ros/share/kobuki_ros/environment/path.sh
[1.103s] -- Installing: /home/samar/takwa_ws/install/kobuki_ros/share/kobuki_ros/environment/path.dsv
[1.103s] -- Installing: /home/samar/takwa_ws/install/kobuki_ros/share/kobuki_ros/local_setup.bash
[1.103s] -- Installing: /home/samar/takwa_ws/install/kobuki_ros/share/kobuki_ros/local_setup.sh
[1.103s] -- Installing: /home/samar/takwa_ws/install/kobuki_ros/share/kobuki_ros/local_setup.zsh
[1.103s] -- Installing: /home/samar/takwa_ws/install/kobuki_ros/share/kobuki_ros/local_setup.dsv
[1.104s] -- Installing: /home/samar/takwa_ws/install/kobuki_ros/share/kobuki_ros/package.dsv
[1.104s] -- Installing: /home/samar/takwa_ws/install/kobuki_ros/share/ament_index/resource_index/packages/kobuki_ros
[1.104s] -- Installing: /home/samar/takwa_ws/install/kobuki_ros/share/kobuki_ros/cmake/kobuki_rosConfig.cmake
[1.104s] -- Installing: /home/samar/takwa_ws/install/kobuki_ros/share/kobuki_ros/cmake/kobuki_rosConfig-version.cmake
[1.104s] -- Installing: /home/samar/takwa_ws/install/kobuki_ros/share/kobuki_ros/package.xml
[1.106s] Invoked command in '/home/samar/takwa_ws/build/kobuki_ros' returned '0': CMAKE_PREFIX_PATH=/home/samar/takwa_ws/install/kobuki_node:/home/samar/takwa_ws/install/kobuki_ros_interfaces:/home/samar/takwa_ws/install/kobuki_core:/home/samar/takwa_ws/install/tbot_node:/home/samar/takwa_ws/install/pkg-nav:/home/samar/takwa_ws/install/kobuki_ros:/home/samar/mb6-space/install/draft_pkg:/home/samar/mb6-space/install/basic_node:/home/samar/mb6-space/install/basic_msgs:/home/samar/takwa_ws/install/slam_launch:/home/samar/takwa_ws/install/nav2_launch:/home/samar/takwa_ws/install/mon_package:/home/samar/takwa_ws/install/follow_waypoints:/opt/ros/iron PYTHONPATH=/home/samar/takwa_ws/install/kobuki_ros_interfaces/lib/python3.10/site-packages:/home/samar/takwa_ws/build/mon_package:/home/samar/takwa_ws/build/follow_waypoints:/home/samar/takwa_ws/install/slam_launch/lib/python3.10/site-packages:/home/samar/takwa_ws/install/nav2_launch/lib/python3.10/site-packages:/home/samar/takwa_ws/install/mon_package/lib/python3.10/site-packages:/home/samar/takwa_ws/install/follow_waypoints/lib/python3.10/site-packages:/home/samar/mb6-space/install/basic_msgs/lib/python3.10/site-packages:/opt/ros/iron/lib/python3.10/site-packages /usr/bin/cmake --install /home/samar/takwa_ws/build/kobuki_ros
