[10.864s] Invoking command in '/home/samar/takwa_ws/src/follow_waypoints': PYTHONPATH=/home/samar/takwa_ws/build/follow_waypoints/prefix_override:/usr/lib/python3/dist-packages/colcon_core/task/python/colcon_distutils_commands:/home/samar/takwa_ws/install/follow_waypoints/lib/python3.10/site-packages:${PYTHONPATH} /usr/bin/python3 -W ignore:setup.py install is deprecated setup.py egg_info --egg-base ../../build/follow_waypoints build --build-base /home/samar/takwa_ws/build/follow_waypoints/build install --record /home/samar/takwa_ws/build/follow_waypoints/install.log --single-version-externally-managed install_data
[11.776s] running egg_info
[11.838s] writing ../../build/follow_waypoints/follow_waypoints.egg-info/PKG-INFO
[11.840s] writing dependency_links to ../../build/follow_waypoints/follow_waypoints.egg-info/dependency_links.txt
[11.840s] writing entry points to ../../build/follow_waypoints/follow_waypoints.egg-info/entry_points.txt
[11.841s] writing requirements to ../../build/follow_waypoints/follow_waypoints.egg-info/requires.txt
[11.842s] writing top-level names to ../../build/follow_waypoints/follow_waypoints.egg-info/top_level.txt
[12.496s] reading manifest file '../../build/follow_waypoints/follow_waypoints.egg-info/SOURCES.txt'
[12.497s] writing manifest file '../../build/follow_waypoints/follow_waypoints.egg-info/SOURCES.txt'
[12.499s] running build
[12.499s] running build_py
[12.499s] copying follow_waypoints/__init__.py -> /home/samar/takwa_ws/build/follow_waypoints/build/lib/follow_waypoints
[12.499s] copying follow_waypoints/follow_waypoints.py -> /home/samar/takwa_ws/build/follow_waypoints/build/lib/follow_waypoints
[12.501s] running install
[12.514s] running install_lib
[12.593s] running install_data
[12.593s] copying resource/follow_waypoints -> /home/samar/takwa_ws/install/follow_waypoints/share/ament_index/resource_index/packages
[12.593s] copying package.xml -> /home/samar/takwa_ws/install/follow_waypoints/share/follow_waypoints
[12.593s] running install_egg_info
[12.660s] removing '/home/samar/takwa_ws/install/follow_waypoints/lib/python3.10/site-packages/follow_waypoints-0.0.0-py3.10.egg-info' (and everything under it)
[12.663s] Copying ../../build/follow_waypoints/follow_waypoints.egg-info to /home/samar/takwa_ws/install/follow_waypoints/lib/python3.10/site-packages/follow_waypoints-0.0.0-py3.10.egg-info
[12.663s] running install_scripts
[12.807s] Installing follow_waypoints script to /home/samar/takwa_ws/install/follow_waypoints/lib/follow_waypoints
[12.807s] writing list of installed files to '/home/samar/takwa_ws/build/follow_waypoints/install.log'
[12.886s] Invoked command in '/home/samar/takwa_ws/src/follow_waypoints' returned '0': PYTHONPATH=/home/samar/takwa_ws/build/follow_waypoints/prefix_override:/usr/lib/python3/dist-packages/colcon_core/task/python/colcon_distutils_commands:/home/samar/takwa_ws/install/follow_waypoints/lib/python3.10/site-packages:${PYTHONPATH} /usr/bin/python3 -W ignore:setup.py install is deprecated setup.py egg_info --egg-base ../../build/follow_waypoints build --build-base /home/samar/takwa_ws/build/follow_waypoints/build install --record /home/samar/takwa_ws/build/follow_waypoints/install.log --single-version-externally-managed install_data
