[0.041s] Invoking command in '/home/samar/takwa_ws/build/kobuki_ros_interfaces': CMAKE_PREFIX_PATH=${CMAKE_PREFIX_PATH}:/home/samar/takwa_ws/install/slam_launch:/home/samar/takwa_ws/install/nav2_launch:/home/samar/takwa_ws/install/mon_package:/home/samar/takwa_ws/install/follow_waypoints:/opt/ros/iron /usr/bin/cmake --build /home/samar/takwa_ws/build/kobuki_ros_interfaces -- -j4 -l4
[0.880s] [  1%] Built target kobuki_ros_interfaces__rosidl_generator_type_description
[0.881s] [  1%] Built target ament_cmake_python_copy_kobuki_ros_interfaces
[0.881s] [  1%] Built target kobuki_ros_interfaces__cpp
[0.881s] [ 29%] Built target kobuki_ros_interfaces__rosidl_generator_c
[0.881s] [ 39%] Built target kobuki_ros_interfaces__rosidl_typesupport_fastrtps_c
[0.882s] [ 48%] Built target kobuki_ros_interfaces__rosidl_typesupport_cpp
[0.882s] [ 58%] Built target kobuki_ros_interfaces__rosidl_typesupport_fastrtps_cpp
[0.882s] [ 68%] Built target kobuki_ros_interfaces__rosidl_typesupport_introspection_c
[0.882s] [ 88%] Built target kobuki_ros_interfaces__rosidl_typesupport_introspection_cpp
[0.883s] [ 88%] Built target kobuki_ros_interfaces__rosidl_typesupport_c
[0.883s] [ 88%] Built target kobuki_ros_interfaces
[0.883s] [ 88%] Built target kobuki_ros_interfaces__py
[0.883s] [ 97%] Built target kobuki_ros_interfaces__rosidl_generator_py
[0.883s] [ 98%] Built target kobuki_ros_interfaces__rosidl_typesupport_fastrtps_c__pyext
[0.884s] [ 99%] Built target kobuki_ros_interfaces__rosidl_typesupport_c__pyext
[0.884s] [100%] Built target kobuki_ros_interfaces__rosidl_typesupport_introspection_c__pyext
[0.956s] running egg_info
[0.978s] writing kobuki_ros_interfaces.egg-info/PKG-INFO
[0.979s] writing dependency_links to kobuki_ros_interfaces.egg-info/dependency_links.txt
[0.979s] writing top-level names to kobuki_ros_interfaces.egg-info/top_level.txt
[1.273s] reading manifest file 'kobuki_ros_interfaces.egg-info/SOURCES.txt'
[1.278s] writing manifest file 'kobuki_ros_interfaces.egg-info/SOURCES.txt'
[1.352s] [100%] Built target ament_cmake_python_build_kobuki_ros_interfaces_egg
[1.392s] Invoked command in '/home/samar/takwa_ws/build/kobuki_ros_interfaces' returned '0': CMAKE_PREFIX_PATH=${CMAKE_PREFIX_PATH}:/home/samar/takwa_ws/install/slam_launch:/home/samar/takwa_ws/install/nav2_launch:/home/samar/takwa_ws/install/mon_package:/home/samar/takwa_ws/install/follow_waypoints:/opt/ros/iron /usr/bin/cmake --build /home/samar/takwa_ws/build/kobuki_ros_interfaces -- -j4 -l4
[2.894s] Invoking command in '/home/samar/takwa_ws/build/kobuki_ros_interfaces': CMAKE_PREFIX_PATH=${CMAKE_PREFIX_PATH}:/home/samar/takwa_ws/install/slam_launch:/home/samar/takwa_ws/install/nav2_launch:/home/samar/takwa_ws/install/mon_package:/home/samar/takwa_ws/install/follow_waypoints:/opt/ros/iron /usr/bin/cmake --install /home/samar/takwa_ws/build/kobuki_ros_interfaces
[2.909s] -- Install configuration: ""
[2.909s] -- Up-to-date: /home/samar/takwa_ws/install/kobuki_ros_interfaces/share/ament_index/resource_index/rosidl_interfaces/kobuki_ros_interfaces
[2.909s] -- Up-to-date: /home/samar/takwa_ws/install/kobuki_ros_interfaces/share/kobuki_ros_interfaces/msg/BumperEvent.json
[2.909s] -- Up-to-date: /home/samar/takwa_ws/install/kobuki_ros_interfaces/share/kobuki_ros_interfaces/msg/CliffEvent.json
[2.910s] -- Up-to-date: /home/samar/takwa_ws/install/kobuki_ros_interfaces/share/kobuki_ros_interfaces/msg/DigitalOutput.json
[2.910s] -- Up-to-date: /home/samar/takwa_ws/install/kobuki_ros_interfaces/share/kobuki_ros_interfaces/msg/ExternalPower.json
[2.910s] -- Up-to-date: /home/samar/takwa_ws/install/kobuki_ros_interfaces/share/kobuki_ros_interfaces/msg/Led.json
[2.910s] -- Up-to-date: /home/samar/takwa_ws/install/kobuki_ros_interfaces/share/kobuki_ros_interfaces/msg/PowerSystemEvent.json
[2.913s] -- Up-to-date: /home/samar/takwa_ws/install/kobuki_ros_interfaces/share/kobuki_ros_interfaces/msg/SensorState.json
[2.913s] -- Up-to-date: /home/samar/takwa_ws/install/kobuki_ros_interfaces/share/kobuki_ros_interfaces/msg/VersionInfo.json
[2.913s] -- Up-to-date: /home/samar/takwa_ws/install/kobuki_ros_interfaces/share/kobuki_ros_interfaces/msg/ControllerInfo.json
[2.913s] -- Up-to-date: /home/samar/takwa_ws/install/kobuki_ros_interfaces/share/kobuki_ros_interfaces/msg/ButtonEvent.json
[2.913s] -- Up-to-date: /home/samar/takwa_ws/install/kobuki_ros_interfaces/share/kobuki_ros_interfaces/msg/DigitalInputEvent.json
[2.913s] -- Up-to-date: /home/samar/takwa_ws/install/kobuki_ros_interfaces/share/kobuki_ros_interfaces/msg/DockInfraRed.json
[2.914s] -- Up-to-date: /home/samar/takwa_ws/install/kobuki_ros_interfaces/share/kobuki_ros_interfaces/msg/KeyboardInput.json
[2.914s] -- Up-to-date: /home/samar/takwa_ws/install/kobuki_ros_interfaces/share/kobuki_ros_interfaces/msg/MotorPower.json
[2.914s] -- Up-to-date: /home/samar/takwa_ws/install/kobuki_ros_interfaces/share/kobuki_ros_interfaces/msg/RobotStateEvent.json
[2.914s] -- Up-to-date: /home/samar/takwa_ws/install/kobuki_ros_interfaces/share/kobuki_ros_interfaces/msg/Sound.json
[2.914s] -- Up-to-date: /home/samar/takwa_ws/install/kobuki_ros_interfaces/share/kobuki_ros_interfaces/msg/ScanAngle.json
[2.914s] -- Up-to-date: /home/samar/takwa_ws/install/kobuki_ros_interfaces/share/kobuki_ros_interfaces/msg/WheelDropEvent.json
[2.914s] -- Up-to-date: /home/samar/takwa_ws/install/kobuki_ros_interfaces/share/kobuki_ros_interfaces/action/AutoDocking.json
[2.914s] -- Up-to-date: /home/samar/takwa_ws/install/kobuki_ros_interfaces/include/kobuki_ros_interfaces/kobuki_ros_interfaces
[2.914s] -- Up-to-date: /home/samar/takwa_ws/install/kobuki_ros_interfaces/include/kobuki_ros_interfaces/kobuki_ros_interfaces/action
[2.915s] -- Up-to-date: /home/samar/takwa_ws/install/kobuki_ros_interfaces/include/kobuki_ros_interfaces/kobuki_ros_interfaces/action/auto_docking.h
[2.918s] -- Up-to-date: /home/samar/takwa_ws/install/kobuki_ros_interfaces/include/kobuki_ros_interfaces/kobuki_ros_interfaces/action/detail
[2.918s] -- Up-to-date: /home/samar/takwa_ws/install/kobuki_ros_interfaces/include/kobuki_ros_interfaces/kobuki_ros_interfaces/action/detail/auto_docking__type_support.h
[2.919s] -- Up-to-date: /home/samar/takwa_ws/install/kobuki_ros_interfaces/include/kobuki_ros_interfaces/kobuki_ros_interfaces/action/detail/auto_docking__struct.h
[2.919s] -- Up-to-date: /home/samar/takwa_ws/install/kobuki_ros_interfaces/include/kobuki_ros_interfaces/kobuki_ros_interfaces/action/detail/auto_docking__functions.h
[2.919s] -- Up-to-date: /home/samar/takwa_ws/install/kobuki_ros_interfaces/include/kobuki_ros_interfaces/kobuki_ros_interfaces/action/detail/auto_docking__functions.c
[2.922s] -- Up-to-date: /home/samar/takwa_ws/install/kobuki_ros_interfaces/include/kobuki_ros_interfaces/kobuki_ros_interfaces/action/detail/auto_docking__description.c
[2.922s] -- Installing: /home/samar/takwa_ws/install/kobuki_ros_interfaces/include/kobuki_ros_interfaces/kobuki_ros_interfaces/action/detail/auto_docking__type_support.c
[2.922s] -- Up-to-date: /home/samar/takwa_ws/install/kobuki_ros_interfaces/include/kobuki_ros_interfaces/kobuki_ros_interfaces/msg
[2.923s] -- Up-to-date: /home/samar/takwa_ws/install/kobuki_ros_interfaces/include/kobuki_ros_interfaces/kobuki_ros_interfaces/msg/power_system_event.h
[2.923s] -- Up-to-date: /home/samar/takwa_ws/install/kobuki_ros_interfaces/include/kobuki_ros_interfaces/kobuki_ros_interfaces/msg/rosidl_generator_c__visibility_control.h
[2.923s] -- Up-to-date: /home/samar/takwa_ws/install/kobuki_ros_interfaces/include/kobuki_ros_interfaces/kobuki_ros_interfaces/msg/cliff_event.h
[2.924s] -- Up-to-date: /home/samar/takwa_ws/install/kobuki_ros_interfaces/include/kobuki_ros_interfaces/kobuki_ros_interfaces/msg/digital_input_event.h
[2.924s] -- Up-to-date: /home/samar/takwa_ws/install/kobuki_ros_interfaces/include/kobuki_ros_interfaces/kobuki_ros_interfaces/msg/sensor_state.h
[2.927s] -- Up-to-date: /home/samar/takwa_ws/install/kobuki_ros_interfaces/include/kobuki_ros_interfaces/kobuki_ros_interfaces/msg/button_event.h
[2.927s] -- Up-to-date: /home/samar/takwa_ws/install/kobuki_ros_interfaces/include/kobuki_ros_interfaces/kobuki_ros_interfaces/msg/bumper_event.h
[2.927s] -- Up-to-date: /home/samar/takwa_ws/install/kobuki_ros_interfaces/include/kobuki_ros_interfaces/kobuki_ros_interfaces/msg/robot_state_event.h
[2.927s] -- Up-to-date: /home/samar/takwa_ws/install/kobuki_ros_interfaces/include/kobuki_ros_interfaces/kobuki_ros_interfaces/msg/scan_angle.h
[2.927s] -- Up-to-date: /home/samar/takwa_ws/install/kobuki_ros_interfaces/include/kobuki_ros_interfaces/kobuki_ros_interfaces/msg/version_info.h
[2.927s] -- Up-to-date: /home/samar/takwa_ws/install/kobuki_ros_interfaces/include/kobuki_ros_interfaces/kobuki_ros_interfaces/msg/dock_infra_red.h
[2.927s] -- Up-to-date: /home/samar/takwa_ws/install/kobuki_ros_interfaces/include/kobuki_ros_interfaces/kobuki_ros_interfaces/msg/keyboard_input.h
[2.928s] -- Up-to-date: /home/samar/takwa_ws/install/kobuki_ros_interfaces/include/kobuki_ros_interfaces/kobuki_ros_interfaces/msg/led.h
[2.928s] -- Up-to-date: /home/samar/takwa_ws/install/kobuki_ros_interfaces/include/kobuki_ros_interfaces/kobuki_ros_interfaces/msg/motor_power.h
[2.928s] -- Up-to-date: /home/samar/takwa_ws/install/kobuki_ros_interfaces/include/kobuki_ros_interfaces/kobuki_ros_interfaces/msg/detail
[2.929s] -- Up-to-date: /home/samar/takwa_ws/install/kobuki_ros_interfaces/include/kobuki_ros_interfaces/kobuki_ros_interfaces/msg/detail/external_power__functions.h
[2.929s] -- Up-to-date: /home/samar/takwa_ws/install/kobuki_ros_interfaces/include/kobuki_ros_interfaces/kobuki_ros_interfaces/msg/detail/digital_input_event__type_support.h
[2.929s] -- Up-to-date: /home/samar/takwa_ws/install/kobuki_ros_interfaces/include/kobuki_ros_interfaces/kobuki_ros_interfaces/msg/detail/digital_output__struct.h
[2.929s] -- Up-to-date: /home/samar/takwa_ws/install/kobuki_ros_interfaces/include/kobuki_ros_interfaces/kobuki_ros_interfaces/msg/detail/digital_input_event__functions.c
[2.929s] -- Up-to-date: /home/samar/takwa_ws/install/kobuki_ros_interfaces/include/kobuki_ros_interfaces/kobuki_ros_interfaces/msg/detail/power_system_event__functions.h
[2.929s] -- Installing: /home/samar/takwa_ws/install/kobuki_ros_interfaces/include/kobuki_ros_interfaces/kobuki_ros_interfaces/msg/detail/robot_state_event__type_support.c
[2.930s] -- Up-to-date: /home/samar/takwa_ws/install/kobuki_ros_interfaces/include/kobuki_ros_interfaces/kobuki_ros_interfaces/msg/detail/digital_output__description.c
[2.930s] -- Up-to-date: /home/samar/takwa_ws/install/kobuki_ros_interfaces/include/kobuki_ros_interfaces/kobuki_ros_interfaces/msg/detail/wheel_drop_event__type_support.h
[2.930s] -- Up-to-date: /home/samar/takwa_ws/install/kobuki_ros_interfaces/include/kobuki_ros_interfaces/kobuki_ros_interfaces/msg/detail/led__struct.h
[2.933s] -- Installing: /home/samar/takwa_ws/install/kobuki_ros_interfaces/include/kobuki_ros_interfaces/kobuki_ros_interfaces/msg/detail/sound__type_support.c
[2.933s] -- Installing: /home/samar/takwa_ws/install/kobuki_ros_interfaces/include/kobuki_ros_interfaces/kobuki_ros_interfaces/msg/detail/dock_infra_red__type_support.c
[2.933s] -- Up-to-date: /home/samar/takwa_ws/install/kobuki_ros_interfaces/include/kobuki_ros_interfaces/kobuki_ros_interfaces/msg/detail/external_power__functions.c
[2.933s] -- Up-to-date: /home/samar/takwa_ws/install/kobuki_ros_interfaces/include/kobuki_ros_interfaces/kobuki_ros_interfaces/msg/detail/bumper_event__functions.h
[2.933s] -- Up-to-date: /home/samar/takwa_ws/install/kobuki_ros_interfaces/include/kobuki_ros_interfaces/kobuki_ros_interfaces/msg/detail/led__type_support.h
[2.933s] -- Installing: /home/samar/takwa_ws/install/kobuki_ros_interfaces/include/kobuki_ros_interfaces/kobuki_ros_interfaces/msg/detail/power_system_event__type_support.c
[2.933s] -- Up-to-date: /home/samar/takwa_ws/install/kobuki_ros_interfaces/include/kobuki_ros_interfaces/kobuki_ros_interfaces/msg/detail/dock_infra_red__functions.h
[2.934s] -- Up-to-date: /home/samar/takwa_ws/install/kobuki_ros_interfaces/include/kobuki_ros_interfaces/kobuki_ros_interfaces/msg/detail/version_info__functions.c
[2.934s] -- Up-to-date: /home/samar/takwa_ws/install/kobuki_ros_interfaces/include/kobuki_ros_interfaces/kobuki_ros_interfaces/msg/detail/dock_infra_red__type_support.h
[2.934s] -- Installing: /home/samar/takwa_ws/install/kobuki_ros_interfaces/include/kobuki_ros_interfaces/kobuki_ros_interfaces/msg/detail/keyboard_input__type_support.c
[2.934s] -- Up-to-date: /home/samar/takwa_ws/install/kobuki_ros_interfaces/include/kobuki_ros_interfaces/kobuki_ros_interfaces/msg/detail/sensor_state__functions.h
[2.934s] -- Installing: /home/samar/takwa_ws/install/kobuki_ros_interfaces/include/kobuki_ros_interfaces/kobuki_ros_interfaces/msg/detail/version_info__type_support.c
[2.934s] -- Up-to-date: /home/samar/takwa_ws/install/kobuki_ros_interfaces/include/kobuki_ros_interfaces/kobuki_ros_interfaces/msg/detail/sound__functions.c
[2.934s] -- Installing: /home/samar/takwa_ws/install/kobuki_ros_interfaces/include/kobuki_ros_interfaces/kobuki_ros_interfaces/msg/detail/button_event__type_support.c
[2.934s] -- Up-to-date: /home/samar/takwa_ws/install/kobuki_ros_interfaces/include/kobuki_ros_interfaces/kobuki_ros_interfaces/msg/detail/sensor_state__struct.h
[2.934s] -- Up-to-date: /home/samar/takwa_ws/install/kobuki_ros_interfaces/include/kobuki_ros_interfaces/kobuki_ros_interfaces/msg/detail/sensor_state__functions.c
[2.934s] -- Up-to-date: /home/samar/takwa_ws/install/kobuki_ros_interfaces/include/kobuki_ros_interfaces/kobuki_ros_interfaces/msg/detail/robot_state_event__functions.h
[2.935s] -- Up-to-date: /home/samar/takwa_ws/install/kobuki_ros_interfaces/include/kobuki_ros_interfaces/kobuki_ros_interfaces/msg/detail/keyboard_input__type_support.h
[2.935s] -- Up-to-date: /home/samar/takwa_ws/install/kobuki_ros_interfaces/include/kobuki_ros_interfaces/kobuki_ros_interfaces/msg/detail/scan_angle__functions.h
[2.935s] -- Up-to-date: /home/samar/takwa_ws/install/kobuki_ros_interfaces/include/kobuki_ros_interfaces/kobuki_ros_interfaces/msg/detail/controller_info__type_support.h
[2.935s] -- Up-to-date: /home/samar/takwa_ws/install/kobuki_ros_interfaces/include/kobuki_ros_interfaces/kobuki_ros_interfaces/msg/detail/power_system_event__functions.c
[2.935s] -- Up-to-date: /home/samar/takwa_ws/install/kobuki_ros_interfaces/include/kobuki_ros_interfaces/kobuki_ros_interfaces/msg/detail/external_power__struct.h
[2.935s] -- Installing: /home/samar/takwa_ws/install/kobuki_ros_interfaces/include/kobuki_ros_interfaces/kobuki_ros_interfaces/msg/detail/scan_angle__type_support.c
[2.935s] -- Up-to-date: /home/samar/takwa_ws/install/kobuki_ros_interfaces/include/kobuki_ros_interfaces/kobuki_ros_interfaces/msg/detail/sensor_state__type_support.h
[2.935s] -- Up-to-date: /home/samar/takwa_ws/install/kobuki_ros_interfaces/include/kobuki_ros_interfaces/kobuki_ros_interfaces/msg/detail/sound__functions.h
[2.935s] -- Up-to-date: /home/samar/takwa_ws/install/kobuki_ros_interfaces/include/kobuki_ros_interfaces/kobuki_ros_interfaces/msg/detail/keyboard_input__description.c
[2.935s] -- Installing: /home/samar/takwa_ws/install/kobuki_ros_interfaces/include/kobuki_ros_interfaces/kobuki_ros_interfaces/msg/detail/external_power__type_support.c
[2.935s] -- Up-to-date: /home/samar/takwa_ws/install/kobuki_ros_interfaces/include/kobuki_ros_interfaces/kobuki_ros_interfaces/msg/detail/version_info__description.c
[2.936s] -- Up-to-date: /home/samar/takwa_ws/install/kobuki_ros_interfaces/include/kobuki_ros_interfaces/kobuki_ros_interfaces/msg/detail/cliff_event__description.c
[2.936s] -- Up-to-date: /home/samar/takwa_ws/install/kobuki_ros_interfaces/include/kobuki_ros_interfaces/kobuki_ros_interfaces/msg/detail/wheel_drop_event__functions.h
[2.936s] -- Up-to-date: /home/samar/takwa_ws/install/kobuki_ros_interfaces/include/kobuki_ros_interfaces/kobuki_ros_interfaces/msg/detail/cliff_event__type_support.h
[2.936s] -- Up-to-date: /home/samar/takwa_ws/install/kobuki_ros_interfaces/include/kobuki_ros_interfaces/kobuki_ros_interfaces/msg/detail/controller_info__description.c
[2.936s] -- Up-to-date: /home/samar/takwa_ws/install/kobuki_ros_interfaces/include/kobuki_ros_interfaces/kobuki_ros_interfaces/msg/detail/robot_state_event__description.c
[2.936s] -- Up-to-date: /home/samar/takwa_ws/install/kobuki_ros_interfaces/include/kobuki_ros_interfaces/kobuki_ros_interfaces/msg/detail/sensor_state__description.c
[2.936s] -- Installing: /home/samar/takwa_ws/install/kobuki_ros_interfaces/include/kobuki_ros_interfaces/kobuki_ros_interfaces/msg/detail/controller_info__type_support.c
[2.936s] -- Up-to-date: /home/samar/takwa_ws/install/kobuki_ros_interfaces/include/kobuki_ros_interfaces/kobuki_ros_interfaces/msg/detail/digital_input_event__struct.h
[2.936s] -- Up-to-date: /home/samar/takwa_ws/install/kobuki_ros_interfaces/include/kobuki_ros_interfaces/kobuki_ros_interfaces/msg/detail/digital_output__functions.c
[2.936s] -- Installing: /home/samar/takwa_ws/install/kobuki_ros_interfaces/include/kobuki_ros_interfaces/kobuki_ros_interfaces/msg/detail/wheel_drop_event__type_support.c
[2.936s] -- Up-to-date: /home/samar/takwa_ws/install/kobuki_ros_interfaces/include/kobuki_ros_interfaces/kobuki_ros_interfaces/msg/detail/power_system_event__struct.h
[2.937s] -- Up-to-date: /home/samar/takwa_ws/install/kobuki_ros_interfaces/include/kobuki_ros_interfaces/kobuki_ros_interfaces/msg/detail/digital_input_event__functions.h
[2.937s] -- Up-to-date: /home/samar/takwa_ws/install/kobuki_ros_interfaces/include/kobuki_ros_interfaces/kobuki_ros_interfaces/msg/detail/keyboard_input__struct.h
[2.940s] -- Up-to-date: /home/samar/takwa_ws/install/kobuki_ros_interfaces/include/kobuki_ros_interfaces/kobuki_ros_interfaces/msg/detail/keyboard_input__functions.c
[2.940s] -- Up-to-date: /home/samar/takwa_ws/install/kobuki_ros_interfaces/include/kobuki_ros_interfaces/kobuki_ros_interfaces/msg/detail/scan_angle__type_support.h
[2.940s] -- Up-to-date: /home/samar/takwa_ws/install/kobuki_ros_interfaces/include/kobuki_ros_interfaces/kobuki_ros_interfaces/msg/detail/bumper_event__type_support.h
[2.940s] -- Up-to-date: /home/samar/takwa_ws/install/kobuki_ros_interfaces/include/kobuki_ros_interfaces/kobuki_ros_interfaces/msg/detail/external_power__type_support.h
[2.940s] -- Up-to-date: /home/samar/takwa_ws/install/kobuki_ros_interfaces/include/kobuki_ros_interfaces/kobuki_ros_interfaces/msg/detail/version_info__functions.h
[2.940s] -- Up-to-date: /home/samar/takwa_ws/install/kobuki_ros_interfaces/include/kobuki_ros_interfaces/kobuki_ros_interfaces/msg/detail/controller_info__struct.h
[2.940s] -- Installing: /home/samar/takwa_ws/install/kobuki_ros_interfaces/include/kobuki_ros_interfaces/kobuki_ros_interfaces/msg/detail/motor_power__type_support.c
[2.943s] -- Up-to-date: /home/samar/takwa_ws/install/kobuki_ros_interfaces/include/kobuki_ros_interfaces/kobuki_ros_interfaces/msg/detail/external_power__description.c
[2.944s] -- Up-to-date: /home/samar/takwa_ws/install/kobuki_ros_interfaces/include/kobuki_ros_interfaces/kobuki_ros_interfaces/msg/detail/scan_angle__functions.c
[2.944s] -- Up-to-date: /home/samar/takwa_ws/install/kobuki_ros_interfaces/include/kobuki_ros_interfaces/kobuki_ros_interfaces/msg/detail/led__functions.h
[2.944s] -- Installing: /home/samar/takwa_ws/install/kobuki_ros_interfaces/include/kobuki_ros_interfaces/kobuki_ros_interfaces/msg/detail/digital_input_event__type_support.c
[2.944s] -- Up-to-date: /home/samar/takwa_ws/install/kobuki_ros_interfaces/include/kobuki_ros_interfaces/kobuki_ros_interfaces/msg/detail/motor_power__type_support.h
[2.944s] -- Up-to-date: /home/samar/takwa_ws/install/kobuki_ros_interfaces/include/kobuki_ros_interfaces/kobuki_ros_interfaces/msg/detail/version_info__struct.h
[2.944s] -- Up-to-date: /home/samar/takwa_ws/install/kobuki_ros_interfaces/include/kobuki_ros_interfaces/kobuki_ros_interfaces/msg/detail/sound__description.c
[2.945s] -- Up-to-date: /home/samar/takwa_ws/install/kobuki_ros_interfaces/include/kobuki_ros_interfaces/kobuki_ros_interfaces/msg/detail/keyboard_input__functions.h
[2.945s] -- Up-to-date: /home/samar/takwa_ws/install/kobuki_ros_interfaces/include/kobuki_ros_interfaces/kobuki_ros_interfaces/msg/detail/cliff_event__functions.h
[2.945s] -- Up-to-date: /home/samar/takwa_ws/install/kobuki_ros_interfaces/include/kobuki_ros_interfaces/kobuki_ros_interfaces/msg/detail/cliff_event__functions.c
[2.948s] -- Up-to-date: /home/samar/takwa_ws/install/kobuki_ros_interfaces/include/kobuki_ros_interfaces/kobuki_ros_interfaces/msg/detail/controller_info__functions.h
[2.948s] -- Up-to-date: /home/samar/takwa_ws/install/kobuki_ros_interfaces/include/kobuki_ros_interfaces/kobuki_ros_interfaces/msg/detail/controller_info__functions.c
[2.948s] -- Up-to-date: /home/samar/takwa_ws/install/kobuki_ros_interfaces/include/kobuki_ros_interfaces/kobuki_ros_interfaces/msg/detail/dock_infra_red__struct.h
[2.948s] -- Up-to-date: /home/samar/takwa_ws/install/kobuki_ros_interfaces/include/kobuki_ros_interfaces/kobuki_ros_interfaces/msg/detail/motor_power__description.c
[2.948s] -- Up-to-date: /home/samar/takwa_ws/install/kobuki_ros_interfaces/include/kobuki_ros_interfaces/kobuki_ros_interfaces/msg/detail/wheel_drop_event__functions.c
[2.948s] -- Up-to-date: /home/samar/takwa_ws/install/kobuki_ros_interfaces/include/kobuki_ros_interfaces/kobuki_ros_interfaces/msg/detail/bumper_event__description.c
[2.948s] -- Installing: /home/samar/takwa_ws/install/kobuki_ros_interfaces/include/kobuki_ros_interfaces/kobuki_ros_interfaces/msg/detail/sensor_state__type_support.c
[2.949s] -- Up-to-date: /home/samar/takwa_ws/install/kobuki_ros_interfaces/include/kobuki_ros_interfaces/kobuki_ros_interfaces/msg/detail/scan_angle__description.c
[2.949s] -- Up-to-date: /home/samar/takwa_ws/install/kobuki_ros_interfaces/include/kobuki_ros_interfaces/kobuki_ros_interfaces/msg/detail/led__functions.c
[2.949s] -- Up-to-date: /home/samar/takwa_ws/install/kobuki_ros_interfaces/include/kobuki_ros_interfaces/kobuki_ros_interfaces/msg/detail/digital_input_event__description.c
[2.949s] -- Installing: /home/samar/takwa_ws/install/kobuki_ros_interfaces/include/kobuki_ros_interfaces/kobuki_ros_interfaces/msg/detail/cliff_event__type_support.c
[2.949s] -- Up-to-date: /home/samar/takwa_ws/install/kobuki_ros_interfaces/include/kobuki_ros_interfaces/kobuki_ros_interfaces/msg/detail/robot_state_event__struct.h
[2.949s] -- Up-to-date: /home/samar/takwa_ws/install/kobuki_ros_interfaces/include/kobuki_ros_interfaces/kobuki_ros_interfaces/msg/detail/bumper_event__functions.c
[2.949s] -- Installing: /home/samar/takwa_ws/install/kobuki_ros_interfaces/include/kobuki_ros_interfaces/kobuki_ros_interfaces/msg/detail/bumper_event__type_support.c
[2.949s] -- Up-to-date: /home/samar/takwa_ws/install/kobuki_ros_interfaces/include/kobuki_ros_interfaces/kobuki_ros_interfaces/msg/detail/digital_output__type_support.h
[2.949s] -- Up-to-date: /home/samar/takwa_ws/install/kobuki_ros_interfaces/include/kobuki_ros_interfaces/kobuki_ros_interfaces/msg/detail/digital_output__functions.h
[2.950s] -- Up-to-date: /home/samar/takwa_ws/install/kobuki_ros_interfaces/include/kobuki_ros_interfaces/kobuki_ros_interfaces/msg/detail/cliff_event__struct.h
[2.950s] -- Up-to-date: /home/samar/takwa_ws/install/kobuki_ros_interfaces/include/kobuki_ros_interfaces/kobuki_ros_interfaces/msg/detail/version_info__type_support.h
[2.950s] -- Up-to-date: /home/samar/takwa_ws/install/kobuki_ros_interfaces/include/kobuki_ros_interfaces/kobuki_ros_interfaces/msg/detail/bumper_event__struct.h
[2.950s] -- Up-to-date: /home/samar/takwa_ws/install/kobuki_ros_interfaces/include/kobuki_ros_interfaces/kobuki_ros_interfaces/msg/detail/led__description.c
[2.950s] -- Up-to-date: /home/samar/takwa_ws/install/kobuki_ros_interfaces/include/kobuki_ros_interfaces/kobuki_ros_interfaces/msg/detail/power_system_event__description.c
[2.950s] -- Installing: /home/samar/takwa_ws/install/kobuki_ros_interfaces/include/kobuki_ros_interfaces/kobuki_ros_interfaces/msg/detail/digital_output__type_support.c
[2.950s] -- Up-to-date: /home/samar/takwa_ws/install/kobuki_ros_interfaces/include/kobuki_ros_interfaces/kobuki_ros_interfaces/msg/detail/button_event__struct.h
[2.950s] -- Up-to-date: /home/samar/takwa_ws/install/kobuki_ros_interfaces/include/kobuki_ros_interfaces/kobuki_ros_interfaces/msg/detail/wheel_drop_event__struct.h
[2.950s] -- Up-to-date: /home/samar/takwa_ws/install/kobuki_ros_interfaces/include/kobuki_ros_interfaces/kobuki_ros_interfaces/msg/detail/dock_infra_red__functions.c
[2.950s] -- Up-to-date: /home/samar/takwa_ws/install/kobuki_ros_interfaces/include/kobuki_ros_interfaces/kobuki_ros_interfaces/msg/detail/robot_state_event__type_support.h
[2.951s] -- Up-to-date: /home/samar/takwa_ws/install/kobuki_ros_interfaces/include/kobuki_ros_interfaces/kobuki_ros_interfaces/msg/detail/robot_state_event__functions.c
[2.951s] -- Up-to-date: /home/samar/takwa_ws/install/kobuki_ros_interfaces/include/kobuki_ros_interfaces/kobuki_ros_interfaces/msg/detail/scan_angle__struct.h
[2.951s] -- Up-to-date: /home/samar/takwa_ws/install/kobuki_ros_interfaces/include/kobuki_ros_interfaces/kobuki_ros_interfaces/msg/detail/dock_infra_red__description.c
[2.951s] -- Up-to-date: /home/samar/takwa_ws/install/kobuki_ros_interfaces/include/kobuki_ros_interfaces/kobuki_ros_interfaces/msg/detail/button_event__functions.c
[2.951s] -- Up-to-date: /home/samar/takwa_ws/install/kobuki_ros_interfaces/include/kobuki_ros_interfaces/kobuki_ros_interfaces/msg/detail/motor_power__functions.h
[2.951s] -- Installing: /home/samar/takwa_ws/install/kobuki_ros_interfaces/include/kobuki_ros_interfaces/kobuki_ros_interfaces/msg/detail/led__type_support.c
[2.951s] -- Up-to-date: /home/samar/takwa_ws/install/kobuki_ros_interfaces/include/kobuki_ros_interfaces/kobuki_ros_interfaces/msg/detail/wheel_drop_event__description.c
[2.951s] -- Up-to-date: /home/samar/takwa_ws/install/kobuki_ros_interfaces/include/kobuki_ros_interfaces/kobuki_ros_interfaces/msg/detail/sound__type_support.h
[2.951s] -- Up-to-date: /home/samar/takwa_ws/install/kobuki_ros_interfaces/include/kobuki_ros_interfaces/kobuki_ros_interfaces/msg/detail/motor_power__functions.c
[2.952s] -- Up-to-date: /home/samar/takwa_ws/install/kobuki_ros_interfaces/include/kobuki_ros_interfaces/kobuki_ros_interfaces/msg/detail/sound__struct.h
[2.952s] -- Up-to-date: /home/samar/takwa_ws/install/kobuki_ros_interfaces/include/kobuki_ros_interfaces/kobuki_ros_interfaces/msg/detail/button_event__description.c
[2.952s] -- Up-to-date: /home/samar/takwa_ws/install/kobuki_ros_interfaces/include/kobuki_ros_interfaces/kobuki_ros_interfaces/msg/detail/button_event__type_support.h
[2.952s] -- Up-to-date: /home/samar/takwa_ws/install/kobuki_ros_interfaces/include/kobuki_ros_interfaces/kobuki_ros_interfaces/msg/detail/power_system_event__type_support.h
[2.952s] -- Up-to-date: /home/samar/takwa_ws/install/kobuki_ros_interfaces/include/kobuki_ros_interfaces/kobuki_ros_interfaces/msg/detail/button_event__functions.h
[2.952s] -- Up-to-date: /home/samar/takwa_ws/install/kobuki_ros_interfaces/include/kobuki_ros_interfaces/kobuki_ros_interfaces/msg/detail/motor_power__struct.h
[2.952s] -- Up-to-date: /home/samar/takwa_ws/install/kobuki_ros_interfaces/include/kobuki_ros_interfaces/kobuki_ros_interfaces/msg/wheel_drop_event.h
[2.952s] -- Up-to-date: /home/samar/takwa_ws/install/kobuki_ros_interfaces/include/kobuki_ros_interfaces/kobuki_ros_interfaces/msg/digital_output.h
[2.953s] -- Up-to-date: /home/samar/takwa_ws/install/kobuki_ros_interfaces/include/kobuki_ros_interfaces/kobuki_ros_interfaces/msg/controller_info.h
[2.953s] -- Up-to-date: /home/samar/takwa_ws/install/kobuki_ros_interfaces/include/kobuki_ros_interfaces/kobuki_ros_interfaces/msg/external_power.h
[2.959s] -- Up-to-date: /home/samar/takwa_ws/install/kobuki_ros_interfaces/include/kobuki_ros_interfaces/kobuki_ros_interfaces/msg/sound.h
[2.959s] -- Up-to-date: /home/samar/takwa_ws/install/kobuki_ros_interfaces/share/kobuki_ros_interfaces/environment/library_path.sh
[2.961s] -- Up-to-date: /home/samar/takwa_ws/install/kobuki_ros_interfaces/share/kobuki_ros_interfaces/environment/library_path.dsv
[2.968s] -- Up-to-date: /home/samar/takwa_ws/install/kobuki_ros_interfaces/lib/libkobuki_ros_interfaces__rosidl_generator_c.so
[2.970s] -- Up-to-date: /home/samar/takwa_ws/install/kobuki_ros_interfaces/include/kobuki_ros_interfaces/kobuki_ros_interfaces
[2.977s] -- Up-to-date: /home/samar/takwa_ws/install/kobuki_ros_interfaces/include/kobuki_ros_interfaces/kobuki_ros_interfaces/action
[2.978s] -- Up-to-date: /home/samar/takwa_ws/install/kobuki_ros_interfaces/include/kobuki_ros_interfaces/kobuki_ros_interfaces/action/detail
[2.978s] -- Up-to-date: /home/samar/takwa_ws/install/kobuki_ros_interfaces/include/kobuki_ros_interfaces/kobuki_ros_interfaces/action/detail/auto_docking__rosidl_typesupport_fastrtps_c.h
[2.979s] -- Up-to-date: /home/samar/takwa_ws/install/kobuki_ros_interfaces/include/kobuki_ros_interfaces/kobuki_ros_interfaces/msg
[2.979s] -- Up-to-date: /home/samar/takwa_ws/install/kobuki_ros_interfaces/include/kobuki_ros_interfaces/kobuki_ros_interfaces/msg/rosidl_typesupport_fastrtps_c__visibility_control.h
[2.979s] -- Up-to-date: /home/samar/takwa_ws/install/kobuki_ros_interfaces/include/kobuki_ros_interfaces/kobuki_ros_interfaces/msg/detail
[2.980s] -- Up-to-date: /home/samar/takwa_ws/install/kobuki_ros_interfaces/include/kobuki_ros_interfaces/kobuki_ros_interfaces/msg/detail/dock_infra_red__rosidl_typesupport_fastrtps_c.h
[2.984s] -- Up-to-date: /home/samar/takwa_ws/install/kobuki_ros_interfaces/include/kobuki_ros_interfaces/kobuki_ros_interfaces/msg/detail/external_power__rosidl_typesupport_fastrtps_c.h
[2.984s] -- Up-to-date: /home/samar/takwa_ws/install/kobuki_ros_interfaces/include/kobuki_ros_interfaces/kobuki_ros_interfaces/msg/detail/digital_output__rosidl_typesupport_fastrtps_c.h
[2.985s] -- Up-to-date: /home/samar/takwa_ws/install/kobuki_ros_interfaces/include/kobuki_ros_interfaces/kobuki_ros_interfaces/msg/detail/button_event__rosidl_typesupport_fastrtps_c.h
[2.985s] -- Up-to-date: /home/samar/takwa_ws/install/kobuki_ros_interfaces/include/kobuki_ros_interfaces/kobuki_ros_interfaces/msg/detail/bumper_event__rosidl_typesupport_fastrtps_c.h
[2.985s] -- Up-to-date: /home/samar/takwa_ws/install/kobuki_ros_interfaces/include/kobuki_ros_interfaces/kobuki_ros_interfaces/msg/detail/cliff_event__rosidl_typesupport_fastrtps_c.h
[2.986s] -- Up-to-date: /home/samar/takwa_ws/install/kobuki_ros_interfaces/include/kobuki_ros_interfaces/kobuki_ros_interfaces/msg/detail/motor_power__rosidl_typesupport_fastrtps_c.h
[2.986s] -- Up-to-date: /home/samar/takwa_ws/install/kobuki_ros_interfaces/include/kobuki_ros_interfaces/kobuki_ros_interfaces/msg/detail/scan_angle__rosidl_typesupport_fastrtps_c.h
[2.986s] -- Up-to-date: /home/samar/takwa_ws/install/kobuki_ros_interfaces/include/kobuki_ros_interfaces/kobuki_ros_interfaces/msg/detail/sensor_state__rosidl_typesupport_fastrtps_c.h
[2.987s] -- Up-to-date: /home/samar/takwa_ws/install/kobuki_ros_interfaces/include/kobuki_ros_interfaces/kobuki_ros_interfaces/msg/detail/controller_info__rosidl_typesupport_fastrtps_c.h
[2.991s] -- Up-to-date: /home/samar/takwa_ws/install/kobuki_ros_interfaces/include/kobuki_ros_interfaces/kobuki_ros_interfaces/msg/detail/led__rosidl_typesupport_fastrtps_c.h
[2.991s] -- Up-to-date: /home/samar/takwa_ws/install/kobuki_ros_interfaces/include/kobuki_ros_interfaces/kobuki_ros_interfaces/msg/detail/wheel_drop_event__rosidl_typesupport_fastrtps_c.h
[2.992s] -- Up-to-date: /home/samar/takwa_ws/install/kobuki_ros_interfaces/include/kobuki_ros_interfaces/kobuki_ros_interfaces/msg/detail/version_info__rosidl_typesupport_fastrtps_c.h
[2.992s] -- Up-to-date: /home/samar/takwa_ws/install/kobuki_ros_interfaces/include/kobuki_ros_interfaces/kobuki_ros_interfaces/msg/detail/keyboard_input__rosidl_typesupport_fastrtps_c.h
[2.992s] -- Up-to-date: /home/samar/takwa_ws/install/kobuki_ros_interfaces/include/kobuki_ros_interfaces/kobuki_ros_interfaces/msg/detail/robot_state_event__rosidl_typesupport_fastrtps_c.h
[2.993s] -- Up-to-date: /home/samar/takwa_ws/install/kobuki_ros_interfaces/include/kobuki_ros_interfaces/kobuki_ros_interfaces/msg/detail/digital_input_event__rosidl_typesupport_fastrtps_c.h
[2.993s] -- Up-to-date: /home/samar/takwa_ws/install/kobuki_ros_interfaces/include/kobuki_ros_interfaces/kobuki_ros_interfaces/msg/detail/sound__rosidl_typesupport_fastrtps_c.h
[2.993s] -- Up-to-date: /home/samar/takwa_ws/install/kobuki_ros_interfaces/include/kobuki_ros_interfaces/kobuki_ros_interfaces/msg/detail/power_system_event__rosidl_typesupport_fastrtps_c.h
[2.993s] -- Up-to-date: /home/samar/takwa_ws/install/kobuki_ros_interfaces/lib/libkobuki_ros_interfaces__rosidl_typesupport_fastrtps_c.so
[2.994s] -- Up-to-date: /home/samar/takwa_ws/install/kobuki_ros_interfaces/include/kobuki_ros_interfaces/kobuki_ros_interfaces
[2.997s] -- Up-to-date: /home/samar/takwa_ws/install/kobuki_ros_interfaces/include/kobuki_ros_interfaces/kobuki_ros_interfaces/action
[2.998s] -- Up-to-date: /home/samar/takwa_ws/install/kobuki_ros_interfaces/include/kobuki_ros_interfaces/kobuki_ros_interfaces/action/auto_docking.hpp
[2.998s] -- Up-to-date: /home/samar/takwa_ws/install/kobuki_ros_interfaces/include/kobuki_ros_interfaces/kobuki_ros_interfaces/action/detail
[2.998s] -- Up-to-date: /home/samar/takwa_ws/install/kobuki_ros_interfaces/include/kobuki_ros_interfaces/kobuki_ros_interfaces/action/detail/auto_docking__builder.hpp
[2.998s] -- Up-to-date: /home/samar/takwa_ws/install/kobuki_ros_interfaces/include/kobuki_ros_interfaces/kobuki_ros_interfaces/action/detail/auto_docking__traits.hpp
[2.998s] -- Up-to-date: /home/samar/takwa_ws/install/kobuki_ros_interfaces/include/kobuki_ros_interfaces/kobuki_ros_interfaces/action/detail/auto_docking__struct.hpp
[2.998s] -- Up-to-date: /home/samar/takwa_ws/install/kobuki_ros_interfaces/include/kobuki_ros_interfaces/kobuki_ros_interfaces/msg
[2.999s] -- Up-to-date: /home/samar/takwa_ws/install/kobuki_ros_interfaces/include/kobuki_ros_interfaces/kobuki_ros_interfaces/msg/motor_power.hpp
[2.999s] -- Up-to-date: /home/samar/takwa_ws/install/kobuki_ros_interfaces/include/kobuki_ros_interfaces/kobuki_ros_interfaces/msg/keyboard_input.hpp
[2.999s] -- Up-to-date: /home/samar/takwa_ws/install/kobuki_ros_interfaces/include/kobuki_ros_interfaces/kobuki_ros_interfaces/msg/controller_info.hpp
[2.999s] -- Up-to-date: /home/samar/takwa_ws/install/kobuki_ros_interfaces/include/kobuki_ros_interfaces/kobuki_ros_interfaces/msg/digital_output.hpp
[2.999s] -- Up-to-date: /home/samar/takwa_ws/install/kobuki_ros_interfaces/include/kobuki_ros_interfaces/kobuki_ros_interfaces/msg/led.hpp
[3.000s] -- Up-to-date: /home/samar/takwa_ws/install/kobuki_ros_interfaces/include/kobuki_ros_interfaces/kobuki_ros_interfaces/msg/wheel_drop_event.hpp
[3.003s] -- Up-to-date: /home/samar/takwa_ws/install/kobuki_ros_interfaces/include/kobuki_ros_interfaces/kobuki_ros_interfaces/msg/sound.hpp
[3.003s] -- Up-to-date: /home/samar/takwa_ws/install/kobuki_ros_interfaces/include/kobuki_ros_interfaces/kobuki_ros_interfaces/msg/robot_state_event.hpp
[3.004s] -- Up-to-date: /home/samar/takwa_ws/install/kobuki_ros_interfaces/include/kobuki_ros_interfaces/kobuki_ros_interfaces/msg/cliff_event.hpp
[3.004s] -- Up-to-date: /home/samar/takwa_ws/install/kobuki_ros_interfaces/include/kobuki_ros_interfaces/kobuki_ros_interfaces/msg/bumper_event.hpp
[3.004s] -- Up-to-date: /home/samar/takwa_ws/install/kobuki_ros_interfaces/include/kobuki_ros_interfaces/kobuki_ros_interfaces/msg/digital_input_event.hpp
[3.004s] -- Up-to-date: /home/samar/takwa_ws/install/kobuki_ros_interfaces/include/kobuki_ros_interfaces/kobuki_ros_interfaces/msg/dock_infra_red.hpp
[3.004s] -- Up-to-date: /home/samar/takwa_ws/install/kobuki_ros_interfaces/include/kobuki_ros_interfaces/kobuki_ros_interfaces/msg/sensor_state.hpp
[3.005s] -- Up-to-date: /home/samar/takwa_ws/install/kobuki_ros_interfaces/include/kobuki_ros_interfaces/kobuki_ros_interfaces/msg/button_event.hpp
[3.005s] -- Up-to-date: /home/samar/takwa_ws/install/kobuki_ros_interfaces/include/kobuki_ros_interfaces/kobuki_ros_interfaces/msg/version_info.hpp
[3.005s] -- Up-to-date: /home/samar/takwa_ws/install/kobuki_ros_interfaces/include/kobuki_ros_interfaces/kobuki_ros_interfaces/msg/detail
[3.005s] -- Up-to-date: /home/samar/takwa_ws/install/kobuki_ros_interfaces/include/kobuki_ros_interfaces/kobuki_ros_interfaces/msg/detail/sound__builder.hpp
[3.005s] -- Up-to-date: /home/samar/takwa_ws/install/kobuki_ros_interfaces/include/kobuki_ros_interfaces/kobuki_ros_interfaces/msg/detail/sound__traits.hpp
[3.005s] -- Up-to-date: /home/samar/takwa_ws/install/kobuki_ros_interfaces/include/kobuki_ros_interfaces/kobuki_ros_interfaces/msg/detail/cliff_event__builder.hpp
[3.006s] -- Up-to-date: /home/samar/takwa_ws/install/kobuki_ros_interfaces/include/kobuki_ros_interfaces/kobuki_ros_interfaces/msg/detail/button_event__builder.hpp
[3.008s] -- Up-to-date: /home/samar/takwa_ws/install/kobuki_ros_interfaces/include/kobuki_ros_interfaces/kobuki_ros_interfaces/msg/detail/digital_input_event__traits.hpp
[3.008s] -- Up-to-date: /home/samar/takwa_ws/install/kobuki_ros_interfaces/include/kobuki_ros_interfaces/kobuki_ros_interfaces/msg/detail/power_system_event__traits.hpp
[3.009s] -- Up-to-date: /home/samar/takwa_ws/install/kobuki_ros_interfaces/include/kobuki_ros_interfaces/kobuki_ros_interfaces/msg/detail/controller_info__struct.hpp
[3.009s] -- Up-to-date: /home/samar/takwa_ws/install/kobuki_ros_interfaces/include/kobuki_ros_interfaces/kobuki_ros_interfaces/msg/detail/bumper_event__traits.hpp
[3.009s] -- Up-to-date: /home/samar/takwa_ws/install/kobuki_ros_interfaces/include/kobuki_ros_interfaces/kobuki_ros_interfaces/msg/detail/led__traits.hpp
[3.009s] -- Up-to-date: /home/samar/takwa_ws/install/kobuki_ros_interfaces/include/kobuki_ros_interfaces/kobuki_ros_interfaces/msg/detail/controller_info__traits.hpp
[3.009s] -- Up-to-date: /home/samar/takwa_ws/install/kobuki_ros_interfaces/include/kobuki_ros_interfaces/kobuki_ros_interfaces/msg/detail/led__builder.hpp
[3.009s] -- Up-to-date: /home/samar/takwa_ws/install/kobuki_ros_interfaces/include/kobuki_ros_interfaces/kobuki_ros_interfaces/msg/detail/wheel_drop_event__builder.hpp
[3.010s] -- Up-to-date: /home/samar/takwa_ws/install/kobuki_ros_interfaces/include/kobuki_ros_interfaces/kobuki_ros_interfaces/msg/detail/led__struct.hpp
[3.010s] -- Up-to-date: /home/samar/takwa_ws/install/kobuki_ros_interfaces/include/kobuki_ros_interfaces/kobuki_ros_interfaces/msg/detail/external_power__builder.hpp
[3.013s] -- Up-to-date: /home/samar/takwa_ws/install/kobuki_ros_interfaces/include/kobuki_ros_interfaces/kobuki_ros_interfaces/msg/detail/robot_state_event__builder.hpp
[3.013s] -- Up-to-date: /home/samar/takwa_ws/install/kobuki_ros_interfaces/include/kobuki_ros_interfaces/kobuki_ros_interfaces/msg/detail/version_info__struct.hpp
[3.013s] -- Up-to-date: /home/samar/takwa_ws/install/kobuki_ros_interfaces/include/kobuki_ros_interfaces/kobuki_ros_interfaces/msg/detail/keyboard_input__struct.hpp
[3.013s] -- Up-to-date: /home/samar/takwa_ws/install/kobuki_ros_interfaces/include/kobuki_ros_interfaces/kobuki_ros_interfaces/msg/detail/scan_angle__builder.hpp
[3.014s] -- Up-to-date: /home/samar/takwa_ws/install/kobuki_ros_interfaces/include/kobuki_ros_interfaces/kobuki_ros_interfaces/msg/detail/sensor_state__traits.hpp
[3.014s] -- Up-to-date: /home/samar/takwa_ws/install/kobuki_ros_interfaces/include/kobuki_ros_interfaces/kobuki_ros_interfaces/msg/detail/cliff_event__struct.hpp
[3.014s] -- Up-to-date: /home/samar/takwa_ws/install/kobuki_ros_interfaces/include/kobuki_ros_interfaces/kobuki_ros_interfaces/msg/detail/external_power__traits.hpp
[3.014s] -- Up-to-date: /home/samar/takwa_ws/install/kobuki_ros_interfaces/include/kobuki_ros_interfaces/kobuki_ros_interfaces/msg/detail/motor_power__traits.hpp
[3.014s] -- Up-to-date: /home/samar/takwa_ws/install/kobuki_ros_interfaces/include/kobuki_ros_interfaces/kobuki_ros_interfaces/msg/detail/dock_infra_red__traits.hpp
[3.014s] -- Up-to-date: /home/samar/takwa_ws/install/kobuki_ros_interfaces/include/kobuki_ros_interfaces/kobuki_ros_interfaces/msg/detail/version_info__traits.hpp
[3.014s] -- Up-to-date: /home/samar/takwa_ws/install/kobuki_ros_interfaces/include/kobuki_ros_interfaces/kobuki_ros_interfaces/msg/detail/sensor_state__struct.hpp
[3.014s] -- Up-to-date: /home/samar/takwa_ws/install/kobuki_ros_interfaces/include/kobuki_ros_interfaces/kobuki_ros_interfaces/msg/detail/robot_state_event__struct.hpp
[3.015s] -- Up-to-date: /home/samar/takwa_ws/install/kobuki_ros_interfaces/include/kobuki_ros_interfaces/kobuki_ros_interfaces/msg/detail/controller_info__builder.hpp
[3.015s] -- Up-to-date: /home/samar/takwa_ws/install/kobuki_ros_interfaces/include/kobuki_ros_interfaces/kobuki_ros_interfaces/msg/detail/wheel_drop_event__traits.hpp
[3.015s] -- Up-to-date: /home/samar/takwa_ws/install/kobuki_ros_interfaces/include/kobuki_ros_interfaces/kobuki_ros_interfaces/msg/detail/power_system_event__struct.hpp
[3.015s] -- Up-to-date: /home/samar/takwa_ws/install/kobuki_ros_interfaces/include/kobuki_ros_interfaces/kobuki_ros_interfaces/msg/detail/cliff_event__traits.hpp
[3.015s] -- Up-to-date: /home/samar/takwa_ws/install/kobuki_ros_interfaces/include/kobuki_ros_interfaces/kobuki_ros_interfaces/msg/detail/external_power__struct.hpp
[3.015s] -- Up-to-date: /home/samar/takwa_ws/install/kobuki_ros_interfaces/include/kobuki_ros_interfaces/kobuki_ros_interfaces/msg/detail/digital_output__traits.hpp
[3.015s] -- Up-to-date: /home/samar/takwa_ws/install/kobuki_ros_interfaces/include/kobuki_ros_interfaces/kobuki_ros_interfaces/msg/detail/version_info__builder.hpp
[3.016s] -- Up-to-date: /home/samar/takwa_ws/install/kobuki_ros_interfaces/include/kobuki_ros_interfaces/kobuki_ros_interfaces/msg/detail/motor_power__struct.hpp
[3.019s] -- Up-to-date: /home/samar/takwa_ws/install/kobuki_ros_interfaces/include/kobuki_ros_interfaces/kobuki_ros_interfaces/msg/detail/dock_infra_red__struct.hpp
[3.019s] -- Up-to-date: /home/samar/takwa_ws/install/kobuki_ros_interfaces/include/kobuki_ros_interfaces/kobuki_ros_interfaces/msg/detail/bumper_event__builder.hpp
[3.019s] -- Up-to-date: /home/samar/takwa_ws/install/kobuki_ros_interfaces/include/kobuki_ros_interfaces/kobuki_ros_interfaces/msg/detail/sound__struct.hpp
[3.019s] -- Up-to-date: /home/samar/takwa_ws/install/kobuki_ros_interfaces/include/kobuki_ros_interfaces/kobuki_ros_interfaces/msg/detail/sensor_state__builder.hpp
[3.019s] -- Up-to-date: /home/samar/takwa_ws/install/kobuki_ros_interfaces/include/kobuki_ros_interfaces/kobuki_ros_interfaces/msg/detail/scan_angle__traits.hpp
[3.019s] -- Up-to-date: /home/samar/takwa_ws/install/kobuki_ros_interfaces/include/kobuki_ros_interfaces/kobuki_ros_interfaces/msg/detail/wheel_drop_event__struct.hpp
[3.020s] -- Up-to-date: /home/samar/takwa_ws/install/kobuki_ros_interfaces/include/kobuki_ros_interfaces/kobuki_ros_interfaces/msg/detail/button_event__traits.hpp
[3.020s] -- Up-to-date: /home/samar/takwa_ws/install/kobuki_ros_interfaces/include/kobuki_ros_interfaces/kobuki_ros_interfaces/msg/detail/dock_infra_red__builder.hpp
[3.020s] -- Up-to-date: /home/samar/takwa_ws/install/kobuki_ros_interfaces/include/kobuki_ros_interfaces/kobuki_ros_interfaces/msg/detail/digital_input_event__struct.hpp
[3.020s] -- Up-to-date: /home/samar/takwa_ws/install/kobuki_ros_interfaces/include/kobuki_ros_interfaces/kobuki_ros_interfaces/msg/detail/digital_output__struct.hpp
[3.020s] -- Up-to-date: /home/samar/takwa_ws/install/kobuki_ros_interfaces/include/kobuki_ros_interfaces/kobuki_ros_interfaces/msg/detail/digital_input_event__builder.hpp
[3.020s] -- Up-to-date: /home/samar/takwa_ws/install/kobuki_ros_interfaces/include/kobuki_ros_interfaces/kobuki_ros_interfaces/msg/detail/keyboard_input__traits.hpp
[3.020s] -- Up-to-date: /home/samar/takwa_ws/install/kobuki_ros_interfaces/include/kobuki_ros_interfaces/kobuki_ros_interfaces/msg/detail/robot_state_event__traits.hpp
[3.020s] -- Up-to-date: /home/samar/takwa_ws/install/kobuki_ros_interfaces/include/kobuki_ros_interfaces/kobuki_ros_interfaces/msg/detail/power_system_event__builder.hpp
[3.020s] -- Up-to-date: /home/samar/takwa_ws/install/kobuki_ros_interfaces/include/kobuki_ros_interfaces/kobuki_ros_interfaces/msg/detail/motor_power__builder.hpp
[3.021s] -- Up-to-date: /home/samar/takwa_ws/install/kobuki_ros_interfaces/include/kobuki_ros_interfaces/kobuki_ros_interfaces/msg/detail/digital_output__builder.hpp
[3.021s] -- Up-to-date: /home/samar/takwa_ws/install/kobuki_ros_interfaces/include/kobuki_ros_interfaces/kobuki_ros_interfaces/msg/detail/button_event__struct.hpp
[3.021s] -- Up-to-date: /home/samar/takwa_ws/install/kobuki_ros_interfaces/include/kobuki_ros_interfaces/kobuki_ros_interfaces/msg/detail/scan_angle__struct.hpp
[3.021s] -- Up-to-date: /home/samar/takwa_ws/install/kobuki_ros_interfaces/include/kobuki_ros_interfaces/kobuki_ros_interfaces/msg/detail/bumper_event__struct.hpp
[3.021s] -- Up-to-date: /home/samar/takwa_ws/install/kobuki_ros_interfaces/include/kobuki_ros_interfaces/kobuki_ros_interfaces/msg/detail/keyboard_input__builder.hpp
[3.021s] -- Up-to-date: /home/samar/takwa_ws/install/kobuki_ros_interfaces/include/kobuki_ros_interfaces/kobuki_ros_interfaces/msg/power_system_event.hpp
[3.021s] -- Up-to-date: /home/samar/takwa_ws/install/kobuki_ros_interfaces/include/kobuki_ros_interfaces/kobuki_ros_interfaces/msg/external_power.hpp
[3.021s] -- Up-to-date: /home/samar/takwa_ws/install/kobuki_ros_interfaces/include/kobuki_ros_interfaces/kobuki_ros_interfaces/msg/scan_angle.hpp
[3.022s] -- Up-to-date: /home/samar/takwa_ws/install/kobuki_ros_interfaces/include/kobuki_ros_interfaces/kobuki_ros_interfaces
[3.022s] -- Up-to-date: /home/samar/takwa_ws/install/kobuki_ros_interfaces/include/kobuki_ros_interfaces/kobuki_ros_interfaces/action
[3.024s] -- Up-to-date: /home/samar/takwa_ws/install/kobuki_ros_interfaces/include/kobuki_ros_interfaces/kobuki_ros_interfaces/action/detail
[3.024s] -- Up-to-date: /home/samar/takwa_ws/install/kobuki_ros_interfaces/include/kobuki_ros_interfaces/kobuki_ros_interfaces/action/detail/dds_fastrtps
[3.024s] -- Up-to-date: /home/samar/takwa_ws/install/kobuki_ros_interfaces/include/kobuki_ros_interfaces/kobuki_ros_interfaces/action/detail/auto_docking__rosidl_typesupport_fastrtps_cpp.hpp
[3.024s] -- Up-to-date: /home/samar/takwa_ws/install/kobuki_ros_interfaces/include/kobuki_ros_interfaces/kobuki_ros_interfaces/msg
[3.024s] -- Up-to-date: /home/samar/takwa_ws/install/kobuki_ros_interfaces/include/kobuki_ros_interfaces/kobuki_ros_interfaces/msg/rosidl_typesupport_fastrtps_cpp__visibility_control.h
[3.024s] -- Up-to-date: /home/samar/takwa_ws/install/kobuki_ros_interfaces/include/kobuki_ros_interfaces/kobuki_ros_interfaces/msg/detail
[3.024s] -- Up-to-date: /home/samar/takwa_ws/install/kobuki_ros_interfaces/include/kobuki_ros_interfaces/kobuki_ros_interfaces/msg/detail/cliff_event__rosidl_typesupport_fastrtps_cpp.hpp
[3.024s] -- Up-to-date: /home/samar/takwa_ws/install/kobuki_ros_interfaces/include/kobuki_ros_interfaces/kobuki_ros_interfaces/msg/detail/dds_fastrtps
[3.025s] -- Up-to-date: /home/samar/takwa_ws/install/kobuki_ros_interfaces/include/kobuki_ros_interfaces/kobuki_ros_interfaces/msg/detail/robot_state_event__rosidl_typesupport_fastrtps_cpp.hpp
[3.025s] -- Up-to-date: /home/samar/takwa_ws/install/kobuki_ros_interfaces/include/kobuki_ros_interfaces/kobuki_ros_interfaces/msg/detail/power_system_event__rosidl_typesupport_fastrtps_cpp.hpp
[3.025s] -- Up-to-date: /home/samar/takwa_ws/install/kobuki_ros_interfaces/include/kobuki_ros_interfaces/kobuki_ros_interfaces/msg/detail/digital_input_event__rosidl_typesupport_fastrtps_cpp.hpp
[3.025s] -- Up-to-date: /home/samar/takwa_ws/install/kobuki_ros_interfaces/include/kobuki_ros_interfaces/kobuki_ros_interfaces/msg/detail/sensor_state__rosidl_typesupport_fastrtps_cpp.hpp
[3.025s] -- Up-to-date: /home/samar/takwa_ws/install/kobuki_ros_interfaces/include/kobuki_ros_interfaces/kobuki_ros_interfaces/msg/detail/led__rosidl_typesupport_fastrtps_cpp.hpp
[3.025s] -- Up-to-date: /home/samar/takwa_ws/install/kobuki_ros_interfaces/include/kobuki_ros_interfaces/kobuki_ros_interfaces/msg/detail/digital_output__rosidl_typesupport_fastrtps_cpp.hpp
[3.025s] -- Up-to-date: /home/samar/takwa_ws/install/kobuki_ros_interfaces/include/kobuki_ros_interfaces/kobuki_ros_interfaces/msg/detail/wheel_drop_event__rosidl_typesupport_fastrtps_cpp.hpp
[3.025s] -- Up-to-date: /home/samar/takwa_ws/install/kobuki_ros_interfaces/include/kobuki_ros_interfaces/kobuki_ros_interfaces/msg/detail/motor_power__rosidl_typesupport_fastrtps_cpp.hpp
[3.025s] -- Up-to-date: /home/samar/takwa_ws/install/kobuki_ros_interfaces/include/kobuki_ros_interfaces/kobuki_ros_interfaces/msg/detail/controller_info__rosidl_typesupport_fastrtps_cpp.hpp
[3.026s] -- Up-to-date: /home/samar/takwa_ws/install/kobuki_ros_interfaces/include/kobuki_ros_interfaces/kobuki_ros_interfaces/msg/detail/button_event__rosidl_typesupport_fastrtps_cpp.hpp
[3.026s] -- Up-to-date: /home/samar/takwa_ws/install/kobuki_ros_interfaces/include/kobuki_ros_interfaces/kobuki_ros_interfaces/msg/detail/external_power__rosidl_typesupport_fastrtps_cpp.hpp
[3.026s] -- Up-to-date: /home/samar/takwa_ws/install/kobuki_ros_interfaces/include/kobuki_ros_interfaces/kobuki_ros_interfaces/msg/detail/version_info__rosidl_typesupport_fastrtps_cpp.hpp
[3.026s] -- Up-to-date: /home/samar/takwa_ws/install/kobuki_ros_interfaces/include/kobuki_ros_interfaces/kobuki_ros_interfaces/msg/detail/keyboard_input__rosidl_typesupport_fastrtps_cpp.hpp
[3.026s] -- Up-to-date: /home/samar/takwa_ws/install/kobuki_ros_interfaces/include/kobuki_ros_interfaces/kobuki_ros_interfaces/msg/detail/scan_angle__rosidl_typesupport_fastrtps_cpp.hpp
[3.026s] -- Up-to-date: /home/samar/takwa_ws/install/kobuki_ros_interfaces/include/kobuki_ros_interfaces/kobuki_ros_interfaces/msg/detail/sound__rosidl_typesupport_fastrtps_cpp.hpp
[3.026s] -- Up-to-date: /home/samar/takwa_ws/install/kobuki_ros_interfaces/include/kobuki_ros_interfaces/kobuki_ros_interfaces/msg/detail/dock_infra_red__rosidl_typesupport_fastrtps_cpp.hpp
[3.026s] -- Up-to-date: /home/samar/takwa_ws/install/kobuki_ros_interfaces/include/kobuki_ros_interfaces/kobuki_ros_interfaces/msg/detail/bumper_event__rosidl_typesupport_fastrtps_cpp.hpp
[3.026s] -- Up-to-date: /home/samar/takwa_ws/install/kobuki_ros_interfaces/lib/libkobuki_ros_interfaces__rosidl_typesupport_fastrtps_cpp.so
[3.031s] -- Up-to-date: /home/samar/takwa_ws/install/kobuki_ros_interfaces/include/kobuki_ros_interfaces/kobuki_ros_interfaces
[3.031s] -- Up-to-date: /home/samar/takwa_ws/install/kobuki_ros_interfaces/include/kobuki_ros_interfaces/kobuki_ros_interfaces/action
[3.031s] -- Up-to-date: /home/samar/takwa_ws/install/kobuki_ros_interfaces/include/kobuki_ros_interfaces/kobuki_ros_interfaces/action/detail
[3.031s] -- Up-to-date: /home/samar/takwa_ws/install/kobuki_ros_interfaces/include/kobuki_ros_interfaces/kobuki_ros_interfaces/action/detail/auto_docking__rosidl_typesupport_introspection_c.h
[3.031s] -- Installing: /home/samar/takwa_ws/install/kobuki_ros_interfaces/include/kobuki_ros_interfaces/kobuki_ros_interfaces/action/detail/auto_docking__type_support.c
[3.032s] -- Up-to-date: /home/samar/takwa_ws/install/kobuki_ros_interfaces/include/kobuki_ros_interfaces/kobuki_ros_interfaces/msg
[3.032s] -- Up-to-date: /home/samar/takwa_ws/install/kobuki_ros_interfaces/include/kobuki_ros_interfaces/kobuki_ros_interfaces/msg/rosidl_typesupport_introspection_c__visibility_control.h
[3.032s] -- Up-to-date: /home/samar/takwa_ws/install/kobuki_ros_interfaces/include/kobuki_ros_interfaces/kobuki_ros_interfaces/msg/detail
[3.032s] -- Installing: /home/samar/takwa_ws/install/kobuki_ros_interfaces/include/kobuki_ros_interfaces/kobuki_ros_interfaces/msg/detail/robot_state_event__type_support.c
[3.032s] -- Installing: /home/samar/takwa_ws/install/kobuki_ros_interfaces/include/kobuki_ros_interfaces/kobuki_ros_interfaces/msg/detail/sound__type_support.c
[3.032s] -- Installing: /home/samar/takwa_ws/install/kobuki_ros_interfaces/include/kobuki_ros_interfaces/kobuki_ros_interfaces/msg/detail/dock_infra_red__type_support.c
[3.032s] -- Up-to-date: /home/samar/takwa_ws/install/kobuki_ros_interfaces/include/kobuki_ros_interfaces/kobuki_ros_interfaces/msg/detail/sensor_state__rosidl_typesupport_introspection_c.h
[3.032s] -- Up-to-date: /home/samar/takwa_ws/install/kobuki_ros_interfaces/include/kobuki_ros_interfaces/kobuki_ros_interfaces/msg/detail/wheel_drop_event__rosidl_typesupport_introspection_c.h
[3.032s] -- Installing: /home/samar/takwa_ws/install/kobuki_ros_interfaces/include/kobuki_ros_interfaces/kobuki_ros_interfaces/msg/detail/power_system_event__type_support.c
[3.032s] -- Installing: /home/samar/takwa_ws/install/kobuki_ros_interfaces/include/kobuki_ros_interfaces/kobuki_ros_interfaces/msg/detail/keyboard_input__type_support.c
[3.033s] -- Installing: /home/samar/takwa_ws/install/kobuki_ros_interfaces/include/kobuki_ros_interfaces/kobuki_ros_interfaces/msg/detail/version_info__type_support.c
[3.033s] -- Installing: /home/samar/takwa_ws/install/kobuki_ros_interfaces/include/kobuki_ros_interfaces/kobuki_ros_interfaces/msg/detail/button_event__type_support.c
[3.033s] -- Up-to-date: /home/samar/takwa_ws/install/kobuki_ros_interfaces/include/kobuki_ros_interfaces/kobuki_ros_interfaces/msg/detail/dock_infra_red__rosidl_typesupport_introspection_c.h
[3.033s] -- Up-to-date: /home/samar/takwa_ws/install/kobuki_ros_interfaces/include/kobuki_ros_interfaces/kobuki_ros_interfaces/msg/detail/external_power__rosidl_typesupport_introspection_c.h
[3.033s] -- Up-to-date: /home/samar/takwa_ws/install/kobuki_ros_interfaces/include/kobuki_ros_interfaces/kobuki_ros_interfaces/msg/detail/button_event__rosidl_typesupport_introspection_c.h
[3.033s] -- Installing: /home/samar/takwa_ws/install/kobuki_ros_interfaces/include/kobuki_ros_interfaces/kobuki_ros_interfaces/msg/detail/scan_angle__type_support.c
[3.033s] -- Installing: /home/samar/takwa_ws/install/kobuki_ros_interfaces/include/kobuki_ros_interfaces/kobuki_ros_interfaces/msg/detail/external_power__type_support.c
[3.033s] -- Up-to-date: /home/samar/takwa_ws/install/kobuki_ros_interfaces/include/kobuki_ros_interfaces/kobuki_ros_interfaces/msg/detail/bumper_event__rosidl_typesupport_introspection_c.h
[3.033s] -- Installing: /home/samar/takwa_ws/install/kobuki_ros_interfaces/include/kobuki_ros_interfaces/kobuki_ros_interfaces/msg/detail/controller_info__type_support.c
[3.033s] -- Up-to-date: /home/samar/takwa_ws/install/kobuki_ros_interfaces/include/kobuki_ros_interfaces/kobuki_ros_interfaces/msg/detail/keyboard_input__rosidl_typesupport_introspection_c.h
[3.034s] -- Installing: /home/samar/takwa_ws/install/kobuki_ros_interfaces/include/kobuki_ros_interfaces/kobuki_ros_interfaces/msg/detail/wheel_drop_event__type_support.c
[3.034s] -- Up-to-date: /home/samar/takwa_ws/install/kobuki_ros_interfaces/include/kobuki_ros_interfaces/kobuki_ros_interfaces/msg/detail/robot_state_event__rosidl_typesupport_introspection_c.h
[3.037s] -- Installing: /home/samar/takwa_ws/install/kobuki_ros_interfaces/include/kobuki_ros_interfaces/kobuki_ros_interfaces/msg/detail/motor_power__type_support.c
[3.037s] -- Up-to-date: /home/samar/takwa_ws/install/kobuki_ros_interfaces/include/kobuki_ros_interfaces/kobuki_ros_interfaces/msg/detail/cliff_event__rosidl_typesupport_introspection_c.h
[3.037s] -- Installing: /home/samar/takwa_ws/install/kobuki_ros_interfaces/include/kobuki_ros_interfaces/kobuki_ros_interfaces/msg/detail/digital_input_event__type_support.c
[3.037s] -- Up-to-date: /home/samar/takwa_ws/install/kobuki_ros_interfaces/include/kobuki_ros_interfaces/kobuki_ros_interfaces/msg/detail/scan_angle__rosidl_typesupport_introspection_c.h
[3.037s] -- Up-to-date: /home/samar/takwa_ws/install/kobuki_ros_interfaces/include/kobuki_ros_interfaces/kobuki_ros_interfaces/msg/detail/digital_input_event__rosidl_typesupport_introspection_c.h
[3.037s] -- Installing: /home/samar/takwa_ws/install/kobuki_ros_interfaces/include/kobuki_ros_interfaces/kobuki_ros_interfaces/msg/detail/sensor_state__type_support.c
[3.037s] -- Up-to-date: /home/samar/takwa_ws/install/kobuki_ros_interfaces/include/kobuki_ros_interfaces/kobuki_ros_interfaces/msg/detail/motor_power__rosidl_typesupport_introspection_c.h
[3.038s] -- Installing: /home/samar/takwa_ws/install/kobuki_ros_interfaces/include/kobuki_ros_interfaces/kobuki_ros_interfaces/msg/detail/cliff_event__type_support.c
[3.038s] -- Installing: /home/samar/takwa_ws/install/kobuki_ros_interfaces/include/kobuki_ros_interfaces/kobuki_ros_interfaces/msg/detail/bumper_event__type_support.c
[3.038s] -- Up-to-date: /home/samar/takwa_ws/install/kobuki_ros_interfaces/include/kobuki_ros_interfaces/kobuki_ros_interfaces/msg/detail/led__rosidl_typesupport_introspection_c.h
[3.038s] -- Up-to-date: /home/samar/takwa_ws/install/kobuki_ros_interfaces/include/kobuki_ros_interfaces/kobuki_ros_interfaces/msg/detail/digital_output__rosidl_typesupport_introspection_c.h
[3.038s] -- Installing: /home/samar/takwa_ws/install/kobuki_ros_interfaces/include/kobuki_ros_interfaces/kobuki_ros_interfaces/msg/detail/digital_output__type_support.c
[3.038s] -- Up-to-date: /home/samar/takwa_ws/install/kobuki_ros_interfaces/include/kobuki_ros_interfaces/kobuki_ros_interfaces/msg/detail/sound__rosidl_typesupport_introspection_c.h
[3.038s] -- Installing: /home/samar/takwa_ws/install/kobuki_ros_interfaces/include/kobuki_ros_interfaces/kobuki_ros_interfaces/msg/detail/led__type_support.c
[3.038s] -- Up-to-date: /home/samar/takwa_ws/install/kobuki_ros_interfaces/include/kobuki_ros_interfaces/kobuki_ros_interfaces/msg/detail/power_system_event__rosidl_typesupport_introspection_c.h
[3.038s] -- Up-to-date: /home/samar/takwa_ws/install/kobuki_ros_interfaces/include/kobuki_ros_interfaces/kobuki_ros_interfaces/msg/detail/version_info__rosidl_typesupport_introspection_c.h
[3.038s] -- Up-to-date: /home/samar/takwa_ws/install/kobuki_ros_interfaces/include/kobuki_ros_interfaces/kobuki_ros_interfaces/msg/detail/controller_info__rosidl_typesupport_introspection_c.h
[3.039s] -- Up-to-date: /home/samar/takwa_ws/install/kobuki_ros_interfaces/lib/libkobuki_ros_interfaces__rosidl_typesupport_introspection_c.so
[3.042s] -- Up-to-date: /home/samar/takwa_ws/install/kobuki_ros_interfaces/lib/libkobuki_ros_interfaces__rosidl_typesupport_c.so
[3.042s] -- Up-to-date: /home/samar/takwa_ws/install/kobuki_ros_interfaces/include/kobuki_ros_interfaces/kobuki_ros_interfaces
[3.042s] -- Up-to-date: /home/samar/takwa_ws/install/kobuki_ros_interfaces/include/kobuki_ros_interfaces/kobuki_ros_interfaces/action
[3.042s] -- Up-to-date: /home/samar/takwa_ws/install/kobuki_ros_interfaces/include/kobuki_ros_interfaces/kobuki_ros_interfaces/action/detail
[3.042s] -- Up-to-date: /home/samar/takwa_ws/install/kobuki_ros_interfaces/include/kobuki_ros_interfaces/kobuki_ros_interfaces/action/detail/auto_docking__rosidl_typesupport_introspection_cpp.hpp
[3.043s] -- Up-to-date: /home/samar/takwa_ws/install/kobuki_ros_interfaces/include/kobuki_ros_interfaces/kobuki_ros_interfaces/action/detail/auto_docking__type_support.cpp
[3.043s] -- Up-to-date: /home/samar/takwa_ws/install/kobuki_ros_interfaces/include/kobuki_ros_interfaces/kobuki_ros_interfaces/msg
[3.043s] -- Up-to-date: /home/samar/takwa_ws/install/kobuki_ros_interfaces/include/kobuki_ros_interfaces/kobuki_ros_interfaces/msg/detail
[3.043s] -- Up-to-date: /home/samar/takwa_ws/install/kobuki_ros_interfaces/include/kobuki_ros_interfaces/kobuki_ros_interfaces/msg/detail/sound__type_support.cpp
[3.043s] -- Up-to-date: /home/samar/takwa_ws/install/kobuki_ros_interfaces/include/kobuki_ros_interfaces/kobuki_ros_interfaces/msg/detail/robot_state_event__rosidl_typesupport_introspection_cpp.hpp
[3.043s] -- Up-to-date: /home/samar/takwa_ws/install/kobuki_ros_interfaces/include/kobuki_ros_interfaces/kobuki_ros_interfaces/msg/detail/motor_power__type_support.cpp
[3.043s] -- Up-to-date: /home/samar/takwa_ws/install/kobuki_ros_interfaces/include/kobuki_ros_interfaces/kobuki_ros_interfaces/msg/detail/external_power__type_support.cpp
[3.043s] -- Up-to-date: /home/samar/takwa_ws/install/kobuki_ros_interfaces/include/kobuki_ros_interfaces/kobuki_ros_interfaces/msg/detail/digital_output__rosidl_typesupport_introspection_cpp.hpp
[3.044s] -- Up-to-date: /home/samar/takwa_ws/install/kobuki_ros_interfaces/include/kobuki_ros_interfaces/kobuki_ros_interfaces/msg/detail/sound__rosidl_typesupport_introspection_cpp.hpp
[3.044s] -- Up-to-date: /home/samar/takwa_ws/install/kobuki_ros_interfaces/include/kobuki_ros_interfaces/kobuki_ros_interfaces/msg/detail/bumper_event__rosidl_typesupport_introspection_cpp.hpp
[3.044s] -- Up-to-date: /home/samar/takwa_ws/install/kobuki_ros_interfaces/include/kobuki_ros_interfaces/kobuki_ros_interfaces/msg/detail/wheel_drop_event__rosidl_typesupport_introspection_cpp.hpp
[3.044s] -- Up-to-date: /home/samar/takwa_ws/install/kobuki_ros_interfaces/include/kobuki_ros_interfaces/kobuki_ros_interfaces/msg/detail/bumper_event__type_support.cpp
[3.044s] -- Up-to-date: /home/samar/takwa_ws/install/kobuki_ros_interfaces/include/kobuki_ros_interfaces/kobuki_ros_interfaces/msg/detail/button_event__rosidl_typesupport_introspection_cpp.hpp
[3.044s] -- Up-to-date: /home/samar/takwa_ws/install/kobuki_ros_interfaces/include/kobuki_ros_interfaces/kobuki_ros_interfaces/msg/detail/robot_state_event__type_support.cpp
[3.044s] -- Up-to-date: /home/samar/takwa_ws/install/kobuki_ros_interfaces/include/kobuki_ros_interfaces/kobuki_ros_interfaces/msg/detail/version_info__rosidl_typesupport_introspection_cpp.hpp
[3.044s] -- Up-to-date: /home/samar/takwa_ws/install/kobuki_ros_interfaces/include/kobuki_ros_interfaces/kobuki_ros_interfaces/msg/detail/digital_output__type_support.cpp
[3.045s] -- Up-to-date: /home/samar/takwa_ws/install/kobuki_ros_interfaces/include/kobuki_ros_interfaces/kobuki_ros_interfaces/msg/detail/scan_angle__type_support.cpp
[3.045s] -- Up-to-date: /home/samar/takwa_ws/install/kobuki_ros_interfaces/include/kobuki_ros_interfaces/kobuki_ros_interfaces/msg/detail/motor_power__rosidl_typesupport_introspection_cpp.hpp
[3.048s] -- Up-to-date: /home/samar/takwa_ws/install/kobuki_ros_interfaces/include/kobuki_ros_interfaces/kobuki_ros_interfaces/msg/detail/keyboard_input__rosidl_typesupport_introspection_cpp.hpp
[3.048s] -- Up-to-date: /home/samar/takwa_ws/install/kobuki_ros_interfaces/include/kobuki_ros_interfaces/kobuki_ros_interfaces/msg/detail/dock_infra_red__rosidl_typesupport_introspection_cpp.hpp
[3.048s] -- Up-to-date: /home/samar/takwa_ws/install/kobuki_ros_interfaces/include/kobuki_ros_interfaces/kobuki_ros_interfaces/msg/detail/controller_info__type_support.cpp
[3.048s] -- Up-to-date: /home/samar/takwa_ws/install/kobuki_ros_interfaces/include/kobuki_ros_interfaces/kobuki_ros_interfaces/msg/detail/digital_input_event__type_support.cpp
[3.048s] -- Up-to-date: /home/samar/takwa_ws/install/kobuki_ros_interfaces/include/kobuki_ros_interfaces/kobuki_ros_interfaces/msg/detail/version_info__type_support.cpp
[3.049s] -- Up-to-date: /home/samar/takwa_ws/install/kobuki_ros_interfaces/include/kobuki_ros_interfaces/kobuki_ros_interfaces/msg/detail/sensor_state__type_support.cpp
[3.049s] -- Up-to-date: /home/samar/takwa_ws/install/kobuki_ros_interfaces/include/kobuki_ros_interfaces/kobuki_ros_interfaces/msg/detail/cliff_event__rosidl_typesupport_introspection_cpp.hpp
[3.049s] -- Up-to-date: /home/samar/takwa_ws/install/kobuki_ros_interfaces/include/kobuki_ros_interfaces/kobuki_ros_interfaces/msg/detail/keyboard_input__type_support.cpp
[3.049s] -- Up-to-date: /home/samar/takwa_ws/install/kobuki_ros_interfaces/include/kobuki_ros_interfaces/kobuki_ros_interfaces/msg/detail/led__type_support.cpp
[3.049s] -- Up-to-date: /home/samar/takwa_ws/install/kobuki_ros_interfaces/include/kobuki_ros_interfaces/kobuki_ros_interfaces/msg/detail/wheel_drop_event__type_support.cpp
[3.049s] -- Up-to-date: /home/samar/takwa_ws/install/kobuki_ros_interfaces/include/kobuki_ros_interfaces/kobuki_ros_interfaces/msg/detail/power_system_event__type_support.cpp
[3.049s] -- Up-to-date: /home/samar/takwa_ws/install/kobuki_ros_interfaces/include/kobuki_ros_interfaces/kobuki_ros_interfaces/msg/detail/power_system_event__rosidl_typesupport_introspection_cpp.hpp
[3.049s] -- Up-to-date: /home/samar/takwa_ws/install/kobuki_ros_interfaces/include/kobuki_ros_interfaces/kobuki_ros_interfaces/msg/detail/cliff_event__type_support.cpp
[3.050s] -- Up-to-date: /home/samar/takwa_ws/install/kobuki_ros_interfaces/include/kobuki_ros_interfaces/kobuki_ros_interfaces/msg/detail/led__rosidl_typesupport_introspection_cpp.hpp
[3.050s] -- Up-to-date: /home/samar/takwa_ws/install/kobuki_ros_interfaces/include/kobuki_ros_interfaces/kobuki_ros_interfaces/msg/detail/scan_angle__rosidl_typesupport_introspection_cpp.hpp
[3.050s] -- Up-to-date: /home/samar/takwa_ws/install/kobuki_ros_interfaces/include/kobuki_ros_interfaces/kobuki_ros_interfaces/msg/detail/digital_input_event__rosidl_typesupport_introspection_cpp.hpp
[3.050s] -- Up-to-date: /home/samar/takwa_ws/install/kobuki_ros_interfaces/include/kobuki_ros_interfaces/kobuki_ros_interfaces/msg/detail/external_power__rosidl_typesupport_introspection_cpp.hpp
[3.050s] -- Up-to-date: /home/samar/takwa_ws/install/kobuki_ros_interfaces/include/kobuki_ros_interfaces/kobuki_ros_interfaces/msg/detail/sensor_state__rosidl_typesupport_introspection_cpp.hpp
[3.050s] -- Up-to-date: /home/samar/takwa_ws/install/kobuki_ros_interfaces/include/kobuki_ros_interfaces/kobuki_ros_interfaces/msg/detail/button_event__type_support.cpp
[3.056s] -- Up-to-date: /home/samar/takwa_ws/install/kobuki_ros_interfaces/include/kobuki_ros_interfaces/kobuki_ros_interfaces/msg/detail/controller_info__rosidl_typesupport_introspection_cpp.hpp
[3.056s] -- Up-to-date: /home/samar/takwa_ws/install/kobuki_ros_interfaces/include/kobuki_ros_interfaces/kobuki_ros_interfaces/msg/detail/dock_infra_red__type_support.cpp
[3.057s] -- Up-to-date: /home/samar/takwa_ws/install/kobuki_ros_interfaces/lib/libkobuki_ros_interfaces__rosidl_typesupport_introspection_cpp.so
[3.057s] -- Up-to-date: /home/samar/takwa_ws/install/kobuki_ros_interfaces/lib/libkobuki_ros_interfaces__rosidl_typesupport_cpp.so
[3.057s] -- Up-to-date: /home/samar/takwa_ws/install/kobuki_ros_interfaces/share/kobuki_ros_interfaces/environment/pythonpath.sh
[3.057s] -- Up-to-date: /home/samar/takwa_ws/install/kobuki_ros_interfaces/share/kobuki_ros_interfaces/environment/pythonpath.dsv
[3.057s] -- Up-to-date: /home/samar/takwa_ws/install/kobuki_ros_interfaces/lib/python3.10/site-packages/kobuki_ros_interfaces-1.0.0-py3.10.egg-info
[3.057s] -- Installing: /home/samar/takwa_ws/install/kobuki_ros_interfaces/lib/python3.10/site-packages/kobuki_ros_interfaces-1.0.0-py3.10.egg-info/top_level.txt
[3.057s] -- Installing: /home/samar/takwa_ws/install/kobuki_ros_interfaces/lib/python3.10/site-packages/kobuki_ros_interfaces-1.0.0-py3.10.egg-info/PKG-INFO
[3.057s] -- Installing: /home/samar/takwa_ws/install/kobuki_ros_interfaces/lib/python3.10/site-packages/kobuki_ros_interfaces-1.0.0-py3.10.egg-info/dependency_links.txt
[3.058s] -- Installing: /home/samar/takwa_ws/install/kobuki_ros_interfaces/lib/python3.10/site-packages/kobuki_ros_interfaces-1.0.0-py3.10.egg-info/SOURCES.txt
[3.058s] -- Up-to-date: /home/samar/takwa_ws/install/kobuki_ros_interfaces/lib/python3.10/site-packages/kobuki_ros_interfaces
[3.058s] -- Up-to-date: /home/samar/takwa_ws/install/kobuki_ros_interfaces/lib/python3.10/site-packages/kobuki_ros_interfaces/kobuki_ros_interfaces_s__rosidl_typesupport_c.cpython-310-x86_64-linux-gnu.so
[3.058s] -- Up-to-date: /home/samar/takwa_ws/install/kobuki_ros_interfaces/lib/python3.10/site-packages/kobuki_ros_interfaces/_kobuki_ros_interfaces_s.ep.rosidl_typesupport_introspection_c.c
[3.058s] -- Up-to-date: /home/samar/takwa_ws/install/kobuki_ros_interfaces/lib/python3.10/site-packages/kobuki_ros_interfaces/_kobuki_ros_interfaces_s.ep.rosidl_typesupport_c.c
[3.058s] -- Up-to-date: /home/samar/takwa_ws/install/kobuki_ros_interfaces/lib/python3.10/site-packages/kobuki_ros_interfaces/libkobuki_ros_interfaces__rosidl_generator_py.so
[3.058s] -- Up-to-date: /home/samar/takwa_ws/install/kobuki_ros_interfaces/lib/python3.10/site-packages/kobuki_ros_interfaces/__init__.py
[3.058s] -- Up-to-date: /home/samar/takwa_ws/install/kobuki_ros_interfaces/lib/python3.10/site-packages/kobuki_ros_interfaces/action
[3.058s] -- Up-to-date: /home/samar/takwa_ws/install/kobuki_ros_interfaces/lib/python3.10/site-packages/kobuki_ros_interfaces/action/__init__.py
[3.059s] -- Up-to-date: /home/samar/takwa_ws/install/kobuki_ros_interfaces/lib/python3.10/site-packages/kobuki_ros_interfaces/action/_auto_docking_s.c
[3.059s] -- Up-to-date: /home/samar/takwa_ws/install/kobuki_ros_interfaces/lib/python3.10/site-packages/kobuki_ros_interfaces/action/_auto_docking.py
[3.059s] -- Up-to-date: /home/samar/takwa_ws/install/kobuki_ros_interfaces/lib/python3.10/site-packages/kobuki_ros_interfaces/kobuki_ros_interfaces_s__rosidl_typesupport_fastrtps_c.cpython-310-x86_64-linux-gnu.so
[3.059s] -- Up-to-date: /home/samar/takwa_ws/install/kobuki_ros_interfaces/lib/python3.10/site-packages/kobuki_ros_interfaces/msg
[3.059s] -- Up-to-date: /home/samar/takwa_ws/install/kobuki_ros_interfaces/lib/python3.10/site-packages/kobuki_ros_interfaces/msg/_wheel_drop_event.py
[3.059s] -- Up-to-date: /home/samar/takwa_ws/install/kobuki_ros_interfaces/lib/python3.10/site-packages/kobuki_ros_interfaces/msg/_cliff_event.py
[3.059s] -- Up-to-date: /home/samar/takwa_ws/install/kobuki_ros_interfaces/lib/python3.10/site-packages/kobuki_ros_interfaces/msg/_button_event_s.c
[3.059s] -- Up-to-date: /home/samar/takwa_ws/install/kobuki_ros_interfaces/lib/python3.10/site-packages/kobuki_ros_interfaces/msg/_external_power_s.c
[3.059s] -- Up-to-date: /home/samar/takwa_ws/install/kobuki_ros_interfaces/lib/python3.10/site-packages/kobuki_ros_interfaces/msg/_robot_state_event_s.c
[3.059s] -- Up-to-date: /home/samar/takwa_ws/install/kobuki_ros_interfaces/lib/python3.10/site-packages/kobuki_ros_interfaces/msg/_dock_infra_red.py
[3.060s] -- Up-to-date: /home/samar/takwa_ws/install/kobuki_ros_interfaces/lib/python3.10/site-packages/kobuki_ros_interfaces/msg/_digital_output_s.c
[3.060s] -- Up-to-date: /home/samar/takwa_ws/install/kobuki_ros_interfaces/lib/python3.10/site-packages/kobuki_ros_interfaces/msg/_dock_infra_red_s.c
[3.060s] -- Up-to-date: /home/samar/takwa_ws/install/kobuki_ros_interfaces/lib/python3.10/site-packages/kobuki_ros_interfaces/msg/__init__.py
[3.060s] -- Up-to-date: /home/samar/takwa_ws/install/kobuki_ros_interfaces/lib/python3.10/site-packages/kobuki_ros_interfaces/msg/_power_system_event_s.c
[3.060s] -- Up-to-date: /home/samar/takwa_ws/install/kobuki_ros_interfaces/lib/python3.10/site-packages/kobuki_ros_interfaces/msg/_sensor_state_s.c
[3.060s] -- Up-to-date: /home/samar/takwa_ws/install/kobuki_ros_interfaces/lib/python3.10/site-packages/kobuki_ros_interfaces/msg/_robot_state_event.py
[3.060s] -- Up-to-date: /home/samar/takwa_ws/install/kobuki_ros_interfaces/lib/python3.10/site-packages/kobuki_ros_interfaces/msg/_power_system_event.py
[3.060s] -- Up-to-date: /home/samar/takwa_ws/install/kobuki_ros_interfaces/lib/python3.10/site-packages/kobuki_ros_interfaces/msg/_keyboard_input.py
[3.060s] -- Up-to-date: /home/samar/takwa_ws/install/kobuki_ros_interfaces/lib/python3.10/site-packages/kobuki_ros_interfaces/msg/_bumper_event.py
[3.060s] -- Up-to-date: /home/samar/takwa_ws/install/kobuki_ros_interfaces/lib/python3.10/site-packages/kobuki_ros_interfaces/msg/_led.py
[3.063s] -- Up-to-date: /home/samar/takwa_ws/install/kobuki_ros_interfaces/lib/python3.10/site-packages/kobuki_ros_interfaces/msg/_led_s.c
[3.063s] -- Up-to-date: /home/samar/takwa_ws/install/kobuki_ros_interfaces/lib/python3.10/site-packages/kobuki_ros_interfaces/msg/_button_event.py
[3.063s] -- Up-to-date: /home/samar/takwa_ws/install/kobuki_ros_interfaces/lib/python3.10/site-packages/kobuki_ros_interfaces/msg/_motor_power_s.c
[3.063s] -- Up-to-date: /home/samar/takwa_ws/install/kobuki_ros_interfaces/lib/python3.10/site-packages/kobuki_ros_interfaces/msg/_digital_output.py
[3.063s] -- Up-to-date: /home/samar/takwa_ws/install/kobuki_ros_interfaces/lib/python3.10/site-packages/kobuki_ros_interfaces/msg/_sound_s.c
[3.064s] -- Up-to-date: /home/samar/takwa_ws/install/kobuki_ros_interfaces/lib/python3.10/site-packages/kobuki_ros_interfaces/msg/_digital_input_event.py
[3.064s] -- Up-to-date: /home/samar/takwa_ws/install/kobuki_ros_interfaces/lib/python3.10/site-packages/kobuki_ros_interfaces/msg/_sensor_state.py
[3.064s] -- Up-to-date: /home/samar/takwa_ws/install/kobuki_ros_interfaces/lib/python3.10/site-packages/kobuki_ros_interfaces/msg/_controller_info_s.c
[3.064s] -- Up-to-date: /home/samar/takwa_ws/install/kobuki_ros_interfaces/lib/python3.10/site-packages/kobuki_ros_interfaces/msg/_keyboard_input_s.c
[3.064s] -- Up-to-date: /home/samar/takwa_ws/install/kobuki_ros_interfaces/lib/python3.10/site-packages/kobuki_ros_interfaces/msg/_bumper_event_s.c
[3.064s] -- Up-to-date: /home/samar/takwa_ws/install/kobuki_ros_interfaces/lib/python3.10/site-packages/kobuki_ros_interfaces/msg/_external_power.py
[3.064s] -- Up-to-date: /home/samar/takwa_ws/install/kobuki_ros_interfaces/lib/python3.10/site-packages/kobuki_ros_interfaces/msg/_wheel_drop_event_s.c
[3.064s] -- Up-to-date: /home/samar/takwa_ws/install/kobuki_ros_interfaces/lib/python3.10/site-packages/kobuki_ros_interfaces/msg/_version_info.py
[3.064s] -- Up-to-date: /home/samar/takwa_ws/install/kobuki_ros_interfaces/lib/python3.10/site-packages/kobuki_ros_interfaces/msg/_version_info_s.c
[3.065s] -- Up-to-date: /home/samar/takwa_ws/install/kobuki_ros_interfaces/lib/python3.10/site-packages/kobuki_ros_interfaces/msg/_sound.py
[3.065s] -- Up-to-date: /home/samar/takwa_ws/install/kobuki_ros_interfaces/lib/python3.10/site-packages/kobuki_ros_interfaces/msg/_digital_input_event_s.c
[3.065s] -- Up-to-date: /home/samar/takwa_ws/install/kobuki_ros_interfaces/lib/python3.10/site-packages/kobuki_ros_interfaces/msg/_scan_angle_s.c
[3.065s] -- Up-to-date: /home/samar/takwa_ws/install/kobuki_ros_interfaces/lib/python3.10/site-packages/kobuki_ros_interfaces/msg/_scan_angle.py
[3.065s] -- Up-to-date: /home/samar/takwa_ws/install/kobuki_ros_interfaces/lib/python3.10/site-packages/kobuki_ros_interfaces/msg/_cliff_event_s.c
[3.065s] -- Up-to-date: /home/samar/takwa_ws/install/kobuki_ros_interfaces/lib/python3.10/site-packages/kobuki_ros_interfaces/msg/_controller_info.py
[3.065s] -- Up-to-date: /home/samar/takwa_ws/install/kobuki_ros_interfaces/lib/python3.10/site-packages/kobuki_ros_interfaces/msg/_motor_power.py
[3.065s] -- Up-to-date: /home/samar/takwa_ws/install/kobuki_ros_interfaces/lib/python3.10/site-packages/kobuki_ros_interfaces/_kobuki_ros_interfaces_s.ep.rosidl_typesupport_fastrtps_c.c
[3.065s] -- Up-to-date: /home/samar/takwa_ws/install/kobuki_ros_interfaces/lib/python3.10/site-packages/kobuki_ros_interfaces/kobuki_ros_interfaces_s__rosidl_typesupport_introspection_c.cpython-310-x86_64-linux-gnu.so
[3.065s] Listing '/home/samar/takwa_ws/install/kobuki_ros_interfaces/lib/python3.10/site-packages/kobuki_ros_interfaces'...
[3.065s] Listing '/home/samar/takwa_ws/install/kobuki_ros_interfaces/lib/python3.10/site-packages/kobuki_ros_interfaces/action'...
[3.067s] Listing '/home/samar/takwa_ws/install/kobuki_ros_interfaces/lib/python3.10/site-packages/kobuki_ros_interfaces/msg'...
[3.070s] -- Up-to-date: /home/samar/takwa_ws/install/kobuki_ros_interfaces/lib/python3.10/site-packages/kobuki_ros_interfaces/kobuki_ros_interfaces_s__rosidl_typesupport_fastrtps_c.cpython-310-x86_64-linux-gnu.so
[3.070s] -- Up-to-date: /home/samar/takwa_ws/install/kobuki_ros_interfaces/lib/python3.10/site-packages/kobuki_ros_interfaces/kobuki_ros_interfaces_s__rosidl_typesupport_introspection_c.cpython-310-x86_64-linux-gnu.so
[3.070s] -- Up-to-date: /home/samar/takwa_ws/install/kobuki_ros_interfaces/lib/python3.10/site-packages/kobuki_ros_interfaces/kobuki_ros_interfaces_s__rosidl_typesupport_c.cpython-310-x86_64-linux-gnu.so
[3.070s] -- Up-to-date: /home/samar/takwa_ws/install/kobuki_ros_interfaces/lib/libkobuki_ros_interfaces__rosidl_generator_py.so
[3.070s] -- Up-to-date: /home/samar/takwa_ws/install/kobuki_ros_interfaces/share/kobuki_ros_interfaces/msg/BumperEvent.idl
[3.070s] -- Up-to-date: /home/samar/takwa_ws/install/kobuki_ros_interfaces/share/kobuki_ros_interfaces/msg/CliffEvent.idl
[3.071s] -- Up-to-date: /home/samar/takwa_ws/install/kobuki_ros_interfaces/share/kobuki_ros_interfaces/msg/DigitalOutput.idl
[3.071s] -- Up-to-date: /home/samar/takwa_ws/install/kobuki_ros_interfaces/share/kobuki_ros_interfaces/msg/ExternalPower.idl
[3.071s] -- Up-to-date: /home/samar/takwa_ws/install/kobuki_ros_interfaces/share/kobuki_ros_interfaces/msg/Led.idl
[3.071s] -- Up-to-date: /home/samar/takwa_ws/install/kobuki_ros_interfaces/share/kobuki_ros_interfaces/msg/PowerSystemEvent.idl
[3.071s] -- Up-to-date: /home/samar/takwa_ws/install/kobuki_ros_interfaces/share/kobuki_ros_interfaces/msg/SensorState.idl
[3.071s] -- Up-to-date: /home/samar/takwa_ws/install/kobuki_ros_interfaces/share/kobuki_ros_interfaces/msg/VersionInfo.idl
[3.077s] -- Up-to-date: /home/samar/takwa_ws/install/kobuki_ros_interfaces/share/kobuki_ros_interfaces/msg/ControllerInfo.idl
[3.083s] -- Up-to-date: /home/samar/takwa_ws/install/kobuki_ros_interfaces/share/kobuki_ros_interfaces/msg/ButtonEvent.idl
[3.084s] -- Up-to-date: /home/samar/takwa_ws/install/kobuki_ros_interfaces/share/kobuki_ros_interfaces/msg/DigitalInputEvent.idl
[3.086s] -- Up-to-date: /home/samar/takwa_ws/install/kobuki_ros_interfaces/share/kobuki_ros_interfaces/msg/DockInfraRed.idl
[3.087s] -- Up-to-date: /home/samar/takwa_ws/install/kobuki_ros_interfaces/share/kobuki_ros_interfaces/msg/KeyboardInput.idl
[3.087s] -- Up-to-date: /home/samar/takwa_ws/install/kobuki_ros_interfaces/share/kobuki_ros_interfaces/msg/MotorPower.idl
[3.088s] -- Up-to-date: /home/samar/takwa_ws/install/kobuki_ros_interfaces/share/kobuki_ros_interfaces/msg/RobotStateEvent.idl
[3.088s] -- Up-to-date: /home/samar/takwa_ws/install/kobuki_ros_interfaces/share/kobuki_ros_interfaces/msg/Sound.idl
[3.088s] -- Up-to-date: /home/samar/takwa_ws/install/kobuki_ros_interfaces/share/kobuki_ros_interfaces/msg/ScanAngle.idl
[3.089s] -- Up-to-date: /home/samar/takwa_ws/install/kobuki_ros_interfaces/share/kobuki_ros_interfaces/msg/WheelDropEvent.idl
[3.092s] -- Up-to-date: /home/samar/takwa_ws/install/kobuki_ros_interfaces/share/kobuki_ros_interfaces/action/AutoDocking.idl
[3.092s] -- Up-to-date: /home/samar/takwa_ws/install/kobuki_ros_interfaces/share/kobuki_ros_interfaces/msg/BumperEvent.msg
[3.094s] -- Up-to-date: /home/samar/takwa_ws/install/kobuki_ros_interfaces/share/kobuki_ros_interfaces/msg/CliffEvent.msg
[3.094s] -- Up-to-date: /home/samar/takwa_ws/install/kobuki_ros_interfaces/share/kobuki_ros_interfaces/msg/DigitalOutput.msg
[3.095s] -- Up-to-date: /home/samar/takwa_ws/install/kobuki_ros_interfaces/share/kobuki_ros_interfaces/msg/ExternalPower.msg
[3.095s] -- Up-to-date: /home/samar/takwa_ws/install/kobuki_ros_interfaces/share/kobuki_ros_interfaces/msg/Led.msg
[3.095s] -- Up-to-date: /home/samar/takwa_ws/install/kobuki_ros_interfaces/share/kobuki_ros_interfaces/msg/PowerSystemEvent.msg
[3.096s] -- Up-to-date: /home/samar/takwa_ws/install/kobuki_ros_interfaces/share/kobuki_ros_interfaces/msg/SensorState.msg
[3.096s] -- Up-to-date: /home/samar/takwa_ws/install/kobuki_ros_interfaces/share/kobuki_ros_interfaces/msg/VersionInfo.msg
[3.096s] -- Up-to-date: /home/samar/takwa_ws/install/kobuki_ros_interfaces/share/kobuki_ros_interfaces/msg/ControllerInfo.msg
[3.097s] -- Up-to-date: /home/samar/takwa_ws/install/kobuki_ros_interfaces/share/kobuki_ros_interfaces/msg/ButtonEvent.msg
[3.100s] -- Up-to-date: /home/samar/takwa_ws/install/kobuki_ros_interfaces/share/kobuki_ros_interfaces/msg/DigitalInputEvent.msg
[3.100s] -- Up-to-date: /home/samar/takwa_ws/install/kobuki_ros_interfaces/share/kobuki_ros_interfaces/msg/DockInfraRed.msg
[3.100s] -- Up-to-date: /home/samar/takwa_ws/install/kobuki_ros_interfaces/share/kobuki_ros_interfaces/msg/KeyboardInput.msg
[3.101s] -- Up-to-date: /home/samar/takwa_ws/install/kobuki_ros_interfaces/share/kobuki_ros_interfaces/msg/MotorPower.msg
[3.101s] -- Up-to-date: /home/samar/takwa_ws/install/kobuki_ros_interfaces/share/kobuki_ros_interfaces/msg/RobotStateEvent.msg
[3.101s] -- Up-to-date: /home/samar/takwa_ws/install/kobuki_ros_interfaces/share/kobuki_ros_interfaces/msg/Sound.msg
[3.101s] -- Up-to-date: /home/samar/takwa_ws/install/kobuki_ros_interfaces/share/kobuki_ros_interfaces/msg/ScanAngle.msg
[3.102s] -- Up-to-date: /home/samar/takwa_ws/install/kobuki_ros_interfaces/share/kobuki_ros_interfaces/msg/WheelDropEvent.msg
[3.102s] -- Up-to-date: /home/samar/takwa_ws/install/kobuki_ros_interfaces/share/kobuki_ros_interfaces/action/AutoDocking.action
[3.102s] -- Up-to-date: /home/samar/takwa_ws/install/kobuki_ros_interfaces/share/ament_index/resource_index/package_run_dependencies/kobuki_ros_interfaces
[3.102s] -- Up-to-date: /home/samar/takwa_ws/install/kobuki_ros_interfaces/share/ament_index/resource_index/parent_prefix_path/kobuki_ros_interfaces
[3.103s] -- Up-to-date: /home/samar/takwa_ws/install/kobuki_ros_interfaces/share/kobuki_ros_interfaces/environment/ament_prefix_path.sh
[3.106s] -- Up-to-date: /home/samar/takwa_ws/install/kobuki_ros_interfaces/share/kobuki_ros_interfaces/environment/ament_prefix_path.dsv
[3.106s] -- Up-to-date: /home/samar/takwa_ws/install/kobuki_ros_interfaces/share/kobuki_ros_interfaces/environment/path.sh
[3.108s] -- Up-to-date: /home/samar/takwa_ws/install/kobuki_ros_interfaces/share/kobuki_ros_interfaces/environment/path.dsv
[3.108s] -- Up-to-date: /home/samar/takwa_ws/install/kobuki_ros_interfaces/share/kobuki_ros_interfaces/local_setup.bash
[3.109s] -- Up-to-date: /home/samar/takwa_ws/install/kobuki_ros_interfaces/share/kobuki_ros_interfaces/local_setup.sh
[3.109s] -- Up-to-date: /home/samar/takwa_ws/install/kobuki_ros_interfaces/share/kobuki_ros_interfaces/local_setup.zsh
[3.109s] -- Up-to-date: /home/samar/takwa_ws/install/kobuki_ros_interfaces/share/kobuki_ros_interfaces/local_setup.dsv
[3.109s] -- Installing: /home/samar/takwa_ws/install/kobuki_ros_interfaces/share/kobuki_ros_interfaces/package.dsv
[3.109s] -- Up-to-date: /home/samar/takwa_ws/install/kobuki_ros_interfaces/share/ament_index/resource_index/packages/kobuki_ros_interfaces
[3.110s] -- Up-to-date: /home/samar/takwa_ws/install/kobuki_ros_interfaces/share/kobuki_ros_interfaces/cmake/export_kobuki_ros_interfaces__rosidl_generator_cExport.cmake
[3.110s] -- Up-to-date: /home/samar/takwa_ws/install/kobuki_ros_interfaces/share/kobuki_ros_interfaces/cmake/export_kobuki_ros_interfaces__rosidl_generator_cExport-noconfig.cmake
[3.110s] -- Up-to-date: /home/samar/takwa_ws/install/kobuki_ros_interfaces/share/kobuki_ros_interfaces/cmake/export_kobuki_ros_interfaces__rosidl_typesupport_fastrtps_cExport.cmake
[3.110s] -- Up-to-date: /home/samar/takwa_ws/install/kobuki_ros_interfaces/share/kobuki_ros_interfaces/cmake/export_kobuki_ros_interfaces__rosidl_typesupport_fastrtps_cExport-noconfig.cmake
[3.110s] -- Up-to-date: /home/samar/takwa_ws/install/kobuki_ros_interfaces/share/kobuki_ros_interfaces/cmake/export_kobuki_ros_interfaces__rosidl_generator_cppExport.cmake
[3.110s] -- Up-to-date: /home/samar/takwa_ws/install/kobuki_ros_interfaces/share/kobuki_ros_interfaces/cmake/export_kobuki_ros_interfaces__rosidl_typesupport_fastrtps_cppExport.cmake
[3.111s] -- Up-to-date: /home/samar/takwa_ws/install/kobuki_ros_interfaces/share/kobuki_ros_interfaces/cmake/export_kobuki_ros_interfaces__rosidl_typesupport_fastrtps_cppExport-noconfig.cmake
[3.113s] -- Up-to-date: /home/samar/takwa_ws/install/kobuki_ros_interfaces/share/kobuki_ros_interfaces/cmake/kobuki_ros_interfaces__rosidl_typesupport_introspection_cExport.cmake
[3.114s] -- Up-to-date: /home/samar/takwa_ws/install/kobuki_ros_interfaces/share/kobuki_ros_interfaces/cmake/kobuki_ros_interfaces__rosidl_typesupport_introspection_cExport-noconfig.cmake
[3.114s] -- Up-to-date: /home/samar/takwa_ws/install/kobuki_ros_interfaces/share/kobuki_ros_interfaces/cmake/kobuki_ros_interfaces__rosidl_typesupport_cExport.cmake
[3.114s] -- Up-to-date: /home/samar/takwa_ws/install/kobuki_ros_interfaces/share/kobuki_ros_interfaces/cmake/kobuki_ros_interfaces__rosidl_typesupport_cExport-noconfig.cmake
[3.114s] -- Up-to-date: /home/samar/takwa_ws/install/kobuki_ros_interfaces/share/kobuki_ros_interfaces/cmake/kobuki_ros_interfaces__rosidl_typesupport_introspection_cppExport.cmake
[3.117s] -- Up-to-date: /home/samar/takwa_ws/install/kobuki_ros_interfaces/share/kobuki_ros_interfaces/cmake/kobuki_ros_interfaces__rosidl_typesupport_introspection_cppExport-noconfig.cmake
[3.117s] -- Up-to-date: /home/samar/takwa_ws/install/kobuki_ros_interfaces/share/kobuki_ros_interfaces/cmake/kobuki_ros_interfaces__rosidl_typesupport_cppExport.cmake
[3.117s] -- Up-to-date: /home/samar/takwa_ws/install/kobuki_ros_interfaces/share/kobuki_ros_interfaces/cmake/kobuki_ros_interfaces__rosidl_typesupport_cppExport-noconfig.cmake
[3.117s] -- Up-to-date: /home/samar/takwa_ws/install/kobuki_ros_interfaces/share/kobuki_ros_interfaces/cmake/export_kobuki_ros_interfaces__rosidl_generator_pyExport.cmake
[3.117s] -- Up-to-date: /home/samar/takwa_ws/install/kobuki_ros_interfaces/share/kobuki_ros_interfaces/cmake/export_kobuki_ros_interfaces__rosidl_generator_pyExport-noconfig.cmake
[3.118s] -- Up-to-date: /home/samar/takwa_ws/install/kobuki_ros_interfaces/share/kobuki_ros_interfaces/cmake/rosidl_cmake-extras.cmake
[3.118s] -- Up-to-date: /home/samar/takwa_ws/install/kobuki_ros_interfaces/share/kobuki_ros_interfaces/cmake/ament_cmake_export_dependencies-extras.cmake
[3.118s] -- Up-to-date: /home/samar/takwa_ws/install/kobuki_ros_interfaces/share/kobuki_ros_interfaces/cmake/ament_cmake_export_include_directories-extras.cmake
[3.118s] -- Up-to-date: /home/samar/takwa_ws/install/kobuki_ros_interfaces/share/kobuki_ros_interfaces/cmake/ament_cmake_export_libraries-extras.cmake
[3.118s] -- Up-to-date: /home/samar/takwa_ws/install/kobuki_ros_interfaces/share/kobuki_ros_interfaces/cmake/ament_cmake_export_targets-extras.cmake
[3.118s] -- Up-to-date: /home/samar/takwa_ws/install/kobuki_ros_interfaces/share/kobuki_ros_interfaces/cmake/rosidl_cmake_export_typesupport_targets-extras.cmake
[3.119s] -- Up-to-date: /home/samar/takwa_ws/install/kobuki_ros_interfaces/share/kobuki_ros_interfaces/cmake/rosidl_cmake_export_typesupport_libraries-extras.cmake
[3.119s] -- Up-to-date: /home/samar/takwa_ws/install/kobuki_ros_interfaces/share/kobuki_ros_interfaces/cmake/kobuki_ros_interfacesConfig.cmake
[3.119s] -- Up-to-date: /home/samar/takwa_ws/install/kobuki_ros_interfaces/share/kobuki_ros_interfaces/cmake/kobuki_ros_interfacesConfig-version.cmake
[3.119s] -- Up-to-date: /home/samar/takwa_ws/install/kobuki_ros_interfaces/share/kobuki_ros_interfaces/package.xml
[3.119s] Invoked command in '/home/samar/takwa_ws/build/kobuki_ros_interfaces' returned '0': CMAKE_PREFIX_PATH=${CMAKE_PREFIX_PATH}:/home/samar/takwa_ws/install/slam_launch:/home/samar/takwa_ws/install/nav2_launch:/home/samar/takwa_ws/install/mon_package:/home/samar/takwa_ws/install/follow_waypoints:/opt/ros/iron /usr/bin/cmake --install /home/samar/takwa_ws/build/kobuki_ros_interfaces
