running egg_info
writing ../../build/mon_package/mon_package.egg-info/PKG-INFO
writing dependency_links to ../../build/mon_package/mon_package.egg-info/dependency_links.txt
writing entry points to ../../build/mon_package/mon_package.egg-info/entry_points.txt
writing requirements to ../../build/mon_package/mon_package.egg-info/requires.txt
writing top-level names to ../../build/mon_package/mon_package.egg-info/top_level.txt
reading manifest file '../../build/mon_package/mon_package.egg-info/SOURCES.txt'
writing manifest file '../../build/mon_package/mon_package.egg-info/SOURCES.txt'
running build
running build_py
copying mon_package/checkpoint_monitor_node.py -> /home/samar/takwa_ws/build/mon_package/build/lib/mon_package
copying mon_package/__init__.py -> /home/samar/takwa_ws/build/mon_package/build/lib/mon_package
copying mon_package/influxdb_logger_node.py -> /home/samar/takwa_ws/build/mon_package/build/lib/mon_package
copying mon_package/mqtt_subscriber_node.py -> /home/samar/takwa_ws/build/mon_package/build/lib/mon_package
copying mon_package/diagnostic_saver.py -> /home/samar/takwa_ws/build/mon_package/build/lib/mon_package
copying mon_package/anomaly_detector_node.py -> /home/samar/takwa_ws/build/mon_package/build/lib/mon_package
running install
running install_lib
copying /home/samar/takwa_ws/build/mon_package/build/lib/mon_package/diagnostic_saver.py -> /home/samar/takwa_ws/install/mon_package/lib/python3.10/site-packages/mon_package
byte-compiling /home/samar/takwa_ws/install/mon_package/lib/python3.10/site-packages/mon_package/diagnostic_saver.py to diagnostic_saver.cpython-310.pyc
running install_data
copying resource/mon_package -> /home/samar/takwa_ws/install/mon_package/share/ament_index/resource_index/packages
copying package.xml -> /home/samar/takwa_ws/install/mon_package/share/mon_package
copying launch/main_launch.py -> /home/samar/takwa_ws/install/mon_package/share/mon_package/launch
running install_egg_info
removing '/home/samar/takwa_ws/install/mon_package/lib/python3.10/site-packages/mon_package-0.0.0-py3.10.egg-info' (and everything under it)
Copying ../../build/mon_package/mon_package.egg-info to /home/samar/takwa_ws/install/mon_package/lib/python3.10/site-packages/mon_package-0.0.0-py3.10.egg-info
running install_scripts
Installing anomaly_detector_node script to /home/samar/takwa_ws/install/mon_package/lib/mon_package
Installing checkpoint_monitor_node script to /home/samar/takwa_ws/install/mon_package/lib/mon_package
Installing diagnostic_saver_node script to /home/samar/takwa_ws/install/mon_package/lib/mon_package
Installing influxdb_logger_node script to /home/samar/takwa_ws/install/mon_package/lib/mon_package
Installing mqtt_subscriber_node script to /home/samar/takwa_ws/install/mon_package/lib/mon_package
writing list of installed files to '/home/samar/takwa_ws/build/mon_package/install.log'
