[0.039s] Invoking command in '/home/samar/takwa_ws/build/kobuki_core': CMAKE_PREFIX_PATH=${CMAKE_PREFIX_PATH}:/home/samar/takwa_ws/install/slam_launch:/home/samar/takwa_ws/install/nav2_launch:/home/samar/takwa_ws/install/mon_package:/home/samar/takwa_ws/install/follow_waypoints:/opt/ros/iron /usr/bin/cmake /home/samar/takwa_ws/src/pkg-tbot/kobuki_core -DCMAKE_INSTALL_PREFIX=/home/samar/takwa_ws/install/kobuki_core
[0.430s] -- The C compiler identification is GNU 11.4.0
[0.433s] -- The CXX compiler identification is GNU 11.4.0
[0.434s] -- Detecting C compiler ABI info
[0.435s] -- Detecting C compiler ABI info - done
[0.437s] -- Check for working C compiler: /usr/bin/cc - skipped
[0.437s] -- Detecting C compile features
[0.437s] -- Detecting C compile features - done
[0.437s] -- Detecting CXX compiler ABI info
[0.571s] -- Detecting CXX compiler ABI info - done
[0.584s] -- Check for working CXX compiler: /usr/bin/c++ - skipped
[0.585s] -- Detecting CXX compile features
[0.586s] -- Detecting CXX compile features - done
[0.589s] -- Found ament_cmake_ros: 0.11.2 (/opt/ros/iron/share/ament_cmake_ros/cmake)
[1.294s] -- Found Python3: /usr/bin/python3.10 (found version "3.10.12") found components: Interpreter 
[1.505s] -- Found ecl_build: 1.0.3 (/opt/ros/iron/share/ecl_build/cmake)
[1.519s] -- Found ecl_command_line: 1.2.1 (/opt/ros/iron/share/ecl_command_line/cmake)
[1.525s] -- Found ecl_config: 1.2.0 (/opt/ros/iron/share/ecl_config/cmake)
[1.530s] -- Found ecl_console: 1.2.0 (/opt/ros/iron/share/ecl_console/cmake)
[1.541s] -- Found ecl_converters: 1.2.1 (/opt/ros/iron/share/ecl_converters/cmake)
[1.595s] -- Found ecl_devices: 1.2.1 (/opt/ros/iron/share/ecl_devices/cmake)
[1.646s] -- Looking for pthread.h
[1.824s] -- Looking for pthread.h - found
[1.824s] -- Performing Test CMAKE_HAVE_LIBC_PTHREAD
[1.971s] -- Performing Test CMAKE_HAVE_LIBC_PTHREAD - Success
[1.973s] [33mCMake Warning (dev) at /usr/share/cmake-3.22/Modules/FindPackageHandleStandardArgs.cmake:438 (message):
[1.973s]   The package name passed to `find_package_handle_standard_args` (Threads)
[1.973s]   does not match the name of the calling package (ecl_threads).  This can
[1.973s]   lead to problems in calling code that expects `find_package` result
[1.973s]   variables (e.g., `_FOUND`) to follow a certain pattern.
[1.974s] Call Stack (most recent call first):
[1.974s]   /usr/share/cmake-3.22/Modules/FindThreads.cmake:238 (FIND_PACKAGE_HANDLE_STANDARD_ARGS)
[1.974s]   /opt/ros/iron/share/ecl_build/cmake/ecl_platform_detection.cmake:225 (include)
[1.974s]   /opt/ros/iron/share/ecl_threads/cmake/ecl_threads-extras.cmake:4 (ecl_detect_threads)
[1.974s]   /opt/ros/iron/share/ecl_threads/cmake/ecl_threadsConfig.cmake:41 (include)
[1.974s]   /opt/ros/iron/share/ecl_devices/cmake/ament_cmake_export_dependencies-extras.cmake:21 (find_package)
[1.974s]   /opt/ros/iron/share/ecl_devices/cmake/ecl_devicesConfig.cmake:41 (include)
[1.974s]   CMakeLists.txt:26 (find_package)
[1.974s] This warning is for project developers.  Use -Wno-dev to suppress it.
[1.974s] [0m
[1.975s] -- Found Threads: TRUE  
[2.006s] -- Found ecl_geometry: 1.2.1 (/opt/ros/iron/share/ecl_geometry/cmake)
[2.087s] -- Found ecl_mobile_robot: 1.2.1 (/opt/ros/iron/share/ecl_mobile_robot/cmake)
[2.106s] -- Found ecl_sigslots: 1.2.1 (/opt/ros/iron/share/ecl_sigslots/cmake)
[2.264s] -- Configuring done
[2.344s] -- Generating done
[2.347s] -- Build files have been written to: /home/samar/takwa_ws/build/kobuki_core
[2.355s] Invoked command in '/home/samar/takwa_ws/build/kobuki_core' returned '0': CMAKE_PREFIX_PATH=${CMAKE_PREFIX_PATH}:/home/samar/takwa_ws/install/slam_launch:/home/samar/takwa_ws/install/nav2_launch:/home/samar/takwa_ws/install/mon_package:/home/samar/takwa_ws/install/follow_waypoints:/opt/ros/iron /usr/bin/cmake /home/samar/takwa_ws/src/pkg-tbot/kobuki_core -DCMAKE_INSTALL_PREFIX=/home/samar/takwa_ws/install/kobuki_core
[2.364s] Invoking command in '/home/samar/takwa_ws/build/kobuki_core': CMAKE_PREFIX_PATH=${CMAKE_PREFIX_PATH}:/home/samar/takwa_ws/install/slam_launch:/home/samar/takwa_ws/install/nav2_launch:/home/samar/takwa_ws/install/mon_package:/home/samar/takwa_ws/install/follow_waypoints:/opt/ros/iron /usr/bin/cmake --build /home/samar/takwa_ws/build/kobuki_core -- -j4 -l4
[2.434s] [  2%] [32mBuilding CXX object src/driver/CMakeFiles/kobuki_core.dir/battery.cpp.o[0m
[2.435s] [  5%] [32mBuilding CXX object src/driver/CMakeFiles/kobuki_core.dir/command.cpp.o[0m
[2.447s] [  8%] [32mBuilding CXX object src/driver/CMakeFiles/kobuki_core.dir/core_sensors.cpp.o[0m
[2.447s] [ 11%] [32mBuilding CXX object src/driver/CMakeFiles/kobuki_core.dir/diff_drive.cpp.o[0m
[3.278s] [ 14%] [32mBuilding CXX object src/driver/CMakeFiles/kobuki_core.dir/dock_drive.cpp.o[0m
[3.699s] [ 17%] [32mBuilding CXX object src/driver/CMakeFiles/kobuki_core.dir/dock_drive_debug.cpp.o[0m
[6.934s] [ 20%] [32mBuilding CXX object src/driver/CMakeFiles/kobuki_core.dir/dock_drive_states.cpp.o[0m
[7.011s] [ 23%] [32mBuilding CXX object src/driver/CMakeFiles/kobuki_core.dir/event_manager.cpp.o[0m
[8.065s] [ 26%] [32mBuilding CXX object src/driver/CMakeFiles/kobuki_core.dir/firmware.cpp.o[0m
[8.823s] [ 29%] [32mBuilding CXX object src/driver/CMakeFiles/kobuki_core.dir/kobuki.cpp.o[0m
[8.945s] [ 32%] [32mBuilding CXX object src/driver/CMakeFiles/kobuki_core.dir/logging.cpp.o[0m
[9.561s] [ 35%] [32mBuilding CXX object src/driver/CMakeFiles/kobuki_core.dir/packet_finder.cpp.o[0m
[10.298s] [ 38%] [32mBuilding CXX object src/driver/CMakeFiles/kobuki_core.dir/__/__/version_info.cpp.o[0m
[16.299s] [ 41%] [32m[1mLinking CXX shared library libkobuki_core.so[0m
[16.652s] [ 41%] Built target kobuki_core
[16.692s] [ 44%] [32mBuilding CXX object src/demos/CMakeFiles/kobuki_core_demo_buttons.dir/buttons.cpp.o[0m
[16.706s] [ 47%] [32mBuilding CXX object src/demos/CMakeFiles/kobuki_core_demo_data_stream.dir/data_stream.cpp.o[0m
[16.714s] [ 50%] [32mBuilding CXX object src/demos/CMakeFiles/kobuki_core_demo_chirp.dir/chirp.cpp.o[0m
[16.719s] [ 52%] [32mBuilding CXX object src/demos/CMakeFiles/kobuki_core_demo_custom_logging.dir/custom_logging.cpp.o[0m
[23.105s] [ 55%] [32m[1mLinking CXX executable demo_chirp[0m
[23.338s] [ 55%] Built target kobuki_core_demo_chirp
[23.405s] [ 58%] [32mBuilding CXX object src/demos/CMakeFiles/kobuki_core_demo_log_levels.dir/log_levels.cpp.o[0m
[24.888s] [ 61%] [32m[1mLinking CXX executable demo_data_stream[0m
[24.962s] [ 64%] [32m[1mLinking CXX executable demo_custom_logging[0m
[25.220s] [ 64%] Built target kobuki_core_demo_data_stream
[25.278s] [ 67%] [32mBuilding CXX object src/demos/CMakeFiles/kobuki_core_demo_raw_data_stream.dir/raw_data_stream.cpp.o[0m
[25.316s] [ 67%] Built target kobuki_core_demo_custom_logging
[25.366s] [ 70%] [32m[1mLinking CXX executable demo_buttons[0m
[25.384s] [ 73%] [32mBuilding CXX object src/demos/CMakeFiles/kobuki_core_demo_simple_loop.dir/simple_loop.cpp.o[0m
[25.816s] [ 73%] Built target kobuki_core_demo_buttons
[25.896s] [ 76%] [32mBuilding CXX object src/demos/CMakeFiles/kobuki_core_demo_velocity_commands.dir/velocity_commands.cpp.o[0m
[26.984s] [ 79%] [32m[1mLinking CXX executable demo_velocity_commands[0m
[27.355s] [ 79%] Built target kobuki_core_demo_velocity_commands
[27.431s] [ 82%] [32mBuilding CXX object src/tools/CMakeFiles/kobuki_core_tool_version_info.dir/version_info.cpp.o[0m
[35.818s] [ 85%] [32m[1mLinking CXX executable demo_log_levels[0m
[36.379s] [ 85%] Built target kobuki_core_demo_log_levels
[36.473s] [ 88%] [32m[1mLinking CXX executable demo_raw_data_stream[0m
[36.876s] [ 88%] Built target kobuki_core_demo_raw_data_stream
[37.833s] [ 91%] [32m[1mLinking CXX executable demo_simple_loop[0m
[38.208s] [ 91%] Built target kobuki_core_demo_simple_loop
[38.582s] [ 94%] [32m[1mLinking CXX executable kobuki-version-info[0m
[38.844s] [ 94%] Built target kobuki_core_tool_version_info
[38.908s] [ 97%] [32mBuilding CXX object src/tools/CMakeFiles/kobuki_core_tool_simple_keyop.dir/simple_keyop.cpp.o[0m
[44.830s] [100%] [32m[1mLinking CXX executable kobuki-simple-keyop[0m
[45.079s] [100%] Built target kobuki_core_tool_simple_keyop
[45.102s] Invoked command in '/home/samar/takwa_ws/build/kobuki_core' returned '0': CMAKE_PREFIX_PATH=${CMAKE_PREFIX_PATH}:/home/samar/takwa_ws/install/slam_launch:/home/samar/takwa_ws/install/nav2_launch:/home/samar/takwa_ws/install/mon_package:/home/samar/takwa_ws/install/follow_waypoints:/opt/ros/iron /usr/bin/cmake --build /home/samar/takwa_ws/build/kobuki_core -- -j4 -l4
[45.159s] Invoking command in '/home/samar/takwa_ws/build/kobuki_core': CMAKE_PREFIX_PATH=${CMAKE_PREFIX_PATH}:/home/samar/takwa_ws/install/slam_launch:/home/samar/takwa_ws/install/nav2_launch:/home/samar/takwa_ws/install/mon_package:/home/samar/takwa_ws/install/follow_waypoints:/opt/ros/iron /usr/bin/cmake --install /home/samar/takwa_ws/build/kobuki_core
[45.173s] -- Install configuration: ""
[45.173s] -- Installing: /home/samar/takwa_ws/install/kobuki_core/include
[45.173s] -- Installing: /home/samar/takwa_ws/install/kobuki_core/include/CMakeLists.txt
[45.175s] -- Installing: /home/samar/takwa_ws/install/kobuki_core/include/kobuki_core
[45.176s] -- Installing: /home/samar/takwa_ws/install/kobuki_core/include/kobuki_core/kobuki.hpp
[45.177s] -- Installing: /home/samar/takwa_ws/install/kobuki_core/include/kobuki_core/parameters.hpp
[45.177s] -- Installing: /home/samar/takwa_ws/install/kobuki_core/include/kobuki_core/dock_drive.hpp
[45.177s] -- Installing: /home/samar/takwa_ws/install/kobuki_core/include/kobuki_core/modules
[45.177s] -- Installing: /home/samar/takwa_ws/install/kobuki_core/include/kobuki_core/modules/battery.hpp
[45.177s] -- Installing: /home/samar/takwa_ws/install/kobuki_core/include/kobuki_core/modules/digital_output.hpp
[45.177s] -- Installing: /home/samar/takwa_ws/install/kobuki_core/include/kobuki_core/modules/sound.hpp
[45.177s] -- Installing: /home/samar/takwa_ws/install/kobuki_core/include/kobuki_core/modules/led_array.hpp
[45.177s] -- Installing: /home/samar/takwa_ws/install/kobuki_core/include/kobuki_core/modules/acceleration_limiter.hpp
[45.178s] -- Installing: /home/samar/takwa_ws/install/kobuki_core/include/kobuki_core/modules/diff_drive.hpp
[45.178s] -- Installing: /home/samar/takwa_ws/install/kobuki_core/include/kobuki_core/command.hpp
[45.178s] -- Installing: /home/samar/takwa_ws/install/kobuki_core/include/kobuki_core/event_manager.hpp
[45.178s] -- Installing: /home/samar/takwa_ws/install/kobuki_core/include/kobuki_core/modules.hpp
[45.179s] -- Installing: /home/samar/takwa_ws/install/kobuki_core/include/kobuki_core/logging.hpp
[45.179s] -- Installing: /home/samar/takwa_ws/install/kobuki_core/include/kobuki_core/packets.hpp
[45.179s] -- Installing: /home/samar/takwa_ws/install/kobuki_core/include/kobuki_core/packet_handler
[45.179s] -- Installing: /home/samar/takwa_ws/install/kobuki_core/include/kobuki_core/packet_handler/payload_base.hpp
[45.179s] -- Installing: /home/samar/takwa_ws/install/kobuki_core/include/kobuki_core/packet_handler/payload_headers.hpp
[45.179s] -- Installing: /home/samar/takwa_ws/install/kobuki_core/include/kobuki_core/packet_handler/packet_finder.hpp
[45.180s] -- Installing: /home/samar/takwa_ws/install/kobuki_core/include/kobuki_core/packets
[45.180s] -- Installing: /home/samar/takwa_ws/install/kobuki_core/include/kobuki_core/packets/eeprom.hpp
[45.180s] -- Installing: /home/samar/takwa_ws/install/kobuki_core/include/kobuki_core/packets/gp_input.hpp
[45.180s] -- Installing: /home/samar/takwa_ws/install/kobuki_core/include/kobuki_core/packets/controller_info.hpp
[45.180s] -- Installing: /home/samar/takwa_ws/install/kobuki_core/include/kobuki_core/packets/dock_ir.hpp
[45.180s] -- Installing: /home/samar/takwa_ws/install/kobuki_core/include/kobuki_core/packets/inertia.hpp
[45.180s] -- Installing: /home/samar/takwa_ws/install/kobuki_core/include/kobuki_core/packets/three_axis_gyro.hpp
[45.180s] -- Installing: /home/samar/takwa_ws/install/kobuki_core/include/kobuki_core/packets/core_sensors.hpp
[45.180s] -- Installing: /home/samar/takwa_ws/install/kobuki_core/include/kobuki_core/packets/current.hpp
[45.181s] -- Installing: /home/samar/takwa_ws/install/kobuki_core/include/kobuki_core/packets/firmware.hpp
[45.181s] -- Installing: /home/samar/takwa_ws/install/kobuki_core/include/kobuki_core/packets/hardware.hpp
[45.181s] -- Installing: /home/samar/takwa_ws/install/kobuki_core/include/kobuki_core/packets/cliff.hpp
[45.181s] -- Installing: /home/samar/takwa_ws/install/kobuki_core/include/kobuki_core/packets/unique_device_id.hpp
[45.184s] -- Installing: /home/samar/takwa_ws/install/kobuki_core/include/kobuki_core/version_info.hpp
[45.185s] -- Installing: /home/samar/takwa_ws/install/kobuki_core/include/kobuki_core/macros.hpp
[45.186s] -- Installing: /home/samar/takwa_ws/install/kobuki_core/share/kobuki_core/environment/library_path.sh
[45.186s] -- Installing: /home/samar/takwa_ws/install/kobuki_core/share/kobuki_core/environment/library_path.dsv
[45.186s] -- Installing: /home/samar/takwa_ws/install/kobuki_core/share/ament_index/resource_index/package_run_dependencies/kobuki_core
[45.186s] -- Installing: /home/samar/takwa_ws/install/kobuki_core/share/ament_index/resource_index/parent_prefix_path/kobuki_core
[45.186s] -- Installing: /home/samar/takwa_ws/install/kobuki_core/share/kobuki_core/environment/ament_prefix_path.sh
[45.186s] -- Installing: /home/samar/takwa_ws/install/kobuki_core/share/kobuki_core/environment/ament_prefix_path.dsv
[45.186s] -- Installing: /home/samar/takwa_ws/install/kobuki_core/share/kobuki_core/environment/path.sh
[45.186s] -- Installing: /home/samar/takwa_ws/install/kobuki_core/share/kobuki_core/environment/path.dsv
[45.187s] -- Installing: /home/samar/takwa_ws/install/kobuki_core/share/kobuki_core/local_setup.bash
[45.187s] -- Installing: /home/samar/takwa_ws/install/kobuki_core/share/kobuki_core/local_setup.sh
[45.188s] -- Installing: /home/samar/takwa_ws/install/kobuki_core/share/kobuki_core/local_setup.zsh
[45.188s] -- Installing: /home/samar/takwa_ws/install/kobuki_core/share/kobuki_core/local_setup.dsv
[45.189s] -- Installing: /home/samar/takwa_ws/install/kobuki_core/share/kobuki_core/package.dsv
[45.189s] -- Installing: /home/samar/takwa_ws/install/kobuki_core/share/ament_index/resource_index/packages/kobuki_core
[45.190s] -- Installing: /home/samar/takwa_ws/install/kobuki_core/share/kobuki_core/cmake/kobuki_coreExport.cmake
[45.190s] -- Installing: /home/samar/takwa_ws/install/kobuki_core/share/kobuki_core/cmake/kobuki_coreExport-noconfig.cmake
[45.191s] -- Installing: /home/samar/takwa_ws/install/kobuki_core/share/kobuki_core/cmake/ament_cmake_export_targets-extras.cmake
[45.191s] -- Installing: /home/samar/takwa_ws/install/kobuki_core/share/kobuki_core/cmake/ament_cmake_export_dependencies-extras.cmake
[45.192s] -- Installing: /home/samar/takwa_ws/install/kobuki_core/share/kobuki_core/cmake/ament_cmake_export_include_directories-extras.cmake
[45.192s] -- Installing: /home/samar/takwa_ws/install/kobuki_core/share/kobuki_core/cmake/ament_cmake_export_libraries-extras.cmake
[45.193s] -- Installing: /home/samar/takwa_ws/install/kobuki_core/share/kobuki_core/cmake/kobuki_coreConfig.cmake
[45.193s] -- Installing: /home/samar/takwa_ws/install/kobuki_core/share/kobuki_core/cmake/kobuki_coreConfig-version.cmake
[45.195s] -- Installing: /home/samar/takwa_ws/install/kobuki_core/share/kobuki_core/package.xml
[45.195s] -- Up-to-date: /home/samar/takwa_ws/install/kobuki_core/include/kobuki_core
[45.195s] -- Up-to-date: /home/samar/takwa_ws/install/kobuki_core/include/kobuki_core/kobuki.hpp
[45.195s] -- Up-to-date: /home/samar/takwa_ws/install/kobuki_core/include/kobuki_core/parameters.hpp
[45.195s] -- Up-to-date: /home/samar/takwa_ws/install/kobuki_core/include/kobuki_core/dock_drive.hpp
[45.195s] -- Up-to-date: /home/samar/takwa_ws/install/kobuki_core/include/kobuki_core/modules
[45.195s] -- Up-to-date: /home/samar/takwa_ws/install/kobuki_core/include/kobuki_core/modules/battery.hpp
[45.195s] -- Up-to-date: /home/samar/takwa_ws/install/kobuki_core/include/kobuki_core/modules/digital_output.hpp
[45.195s] -- Up-to-date: /home/samar/takwa_ws/install/kobuki_core/include/kobuki_core/modules/sound.hpp
[45.196s] -- Up-to-date: /home/samar/takwa_ws/install/kobuki_core/include/kobuki_core/modules/led_array.hpp
[45.196s] -- Up-to-date: /home/samar/takwa_ws/install/kobuki_core/include/kobuki_core/modules/acceleration_limiter.hpp
[45.196s] -- Up-to-date: /home/samar/takwa_ws/install/kobuki_core/include/kobuki_core/modules/diff_drive.hpp
[45.196s] -- Up-to-date: /home/samar/takwa_ws/install/kobuki_core/include/kobuki_core/command.hpp
[45.196s] -- Up-to-date: /home/samar/takwa_ws/install/kobuki_core/include/kobuki_core/event_manager.hpp
[45.196s] -- Up-to-date: /home/samar/takwa_ws/install/kobuki_core/include/kobuki_core/modules.hpp
[45.196s] -- Up-to-date: /home/samar/takwa_ws/install/kobuki_core/include/kobuki_core/logging.hpp
[45.196s] -- Up-to-date: /home/samar/takwa_ws/install/kobuki_core/include/kobuki_core/packets.hpp
[45.200s] -- Up-to-date: /home/samar/takwa_ws/install/kobuki_core/include/kobuki_core/packet_handler
[45.200s] -- Up-to-date: /home/samar/takwa_ws/install/kobuki_core/include/kobuki_core/packet_handler/payload_base.hpp
[45.200s] -- Up-to-date: /home/samar/takwa_ws/install/kobuki_core/include/kobuki_core/packet_handler/payload_headers.hpp
[45.200s] -- Up-to-date: /home/samar/takwa_ws/install/kobuki_core/include/kobuki_core/packet_handler/packet_finder.hpp
[45.200s] -- Up-to-date: /home/samar/takwa_ws/install/kobuki_core/include/kobuki_core/packets
[45.200s] -- Up-to-date: /home/samar/takwa_ws/install/kobuki_core/include/kobuki_core/packets/eeprom.hpp
[45.200s] -- Up-to-date: /home/samar/takwa_ws/install/kobuki_core/include/kobuki_core/packets/gp_input.hpp
[45.200s] -- Up-to-date: /home/samar/takwa_ws/install/kobuki_core/include/kobuki_core/packets/controller_info.hpp
[45.201s] -- Up-to-date: /home/samar/takwa_ws/install/kobuki_core/include/kobuki_core/packets/dock_ir.hpp
[45.201s] -- Up-to-date: /home/samar/takwa_ws/install/kobuki_core/include/kobuki_core/packets/inertia.hpp
[45.201s] -- Up-to-date: /home/samar/takwa_ws/install/kobuki_core/include/kobuki_core/packets/three_axis_gyro.hpp
[45.201s] -- Up-to-date: /home/samar/takwa_ws/install/kobuki_core/include/kobuki_core/packets/core_sensors.hpp
[45.201s] -- Up-to-date: /home/samar/takwa_ws/install/kobuki_core/include/kobuki_core/packets/current.hpp
[45.201s] -- Up-to-date: /home/samar/takwa_ws/install/kobuki_core/include/kobuki_core/packets/firmware.hpp
[45.201s] -- Up-to-date: /home/samar/takwa_ws/install/kobuki_core/include/kobuki_core/packets/hardware.hpp
[45.201s] -- Up-to-date: /home/samar/takwa_ws/install/kobuki_core/include/kobuki_core/packets/cliff.hpp
[45.201s] -- Up-to-date: /home/samar/takwa_ws/install/kobuki_core/include/kobuki_core/packets/unique_device_id.hpp
[45.202s] -- Up-to-date: /home/samar/takwa_ws/install/kobuki_core/include/kobuki_core/version_info.hpp
[45.202s] -- Up-to-date: /home/samar/takwa_ws/install/kobuki_core/include/kobuki_core/macros.hpp
[45.202s] -- Installing: /home/samar/takwa_ws/install/kobuki_core/lib/libkobuki_core.so.1.4.0
[45.205s] -- Set runtime path of "/home/samar/takwa_ws/install/kobuki_core/lib/libkobuki_core.so.1.4.0" to ""
[45.206s] -- Installing: /home/samar/takwa_ws/install/kobuki_core/lib/libkobuki_core.so
[45.206s] -- Installing: /home/samar/takwa_ws/install/kobuki_core/lib/kobuki_core/demo_buttons
[45.208s] -- Set runtime path of "/home/samar/takwa_ws/install/kobuki_core/lib/kobuki_core/demo_buttons" to ""
[45.208s] -- Installing: /home/samar/takwa_ws/install/kobuki_core/lib/kobuki_core/demo_chirp
[45.210s] -- Set runtime path of "/home/samar/takwa_ws/install/kobuki_core/lib/kobuki_core/demo_chirp" to ""
[45.210s] -- Installing: /home/samar/takwa_ws/install/kobuki_core/lib/kobuki_core/demo_custom_logging
[45.211s] -- Set runtime path of "/home/samar/takwa_ws/install/kobuki_core/lib/kobuki_core/demo_custom_logging" to ""
[45.212s] -- Installing: /home/samar/takwa_ws/install/kobuki_core/lib/kobuki_core/demo_data_stream
[45.213s] -- Set runtime path of "/home/samar/takwa_ws/install/kobuki_core/lib/kobuki_core/demo_data_stream" to ""
[45.215s] -- Installing: /home/samar/takwa_ws/install/kobuki_core/lib/kobuki_core/demo_log_levels
[45.215s] -- Set runtime path of "/home/samar/takwa_ws/install/kobuki_core/lib/kobuki_core/demo_log_levels" to ""
[45.215s] -- Installing: /home/samar/takwa_ws/install/kobuki_core/lib/kobuki_core/demo_raw_data_stream
[45.218s] -- Set runtime path of "/home/samar/takwa_ws/install/kobuki_core/lib/kobuki_core/demo_raw_data_stream" to ""
[45.219s] -- Installing: /home/samar/takwa_ws/install/kobuki_core/lib/kobuki_core/demo_simple_loop
[45.219s] -- Set runtime path of "/home/samar/takwa_ws/install/kobuki_core/lib/kobuki_core/demo_simple_loop" to ""
[45.219s] -- Installing: /home/samar/takwa_ws/install/kobuki_core/lib/kobuki_core/demo_velocity_commands
[45.219s] -- Set runtime path of "/home/samar/takwa_ws/install/kobuki_core/lib/kobuki_core/demo_velocity_commands" to ""
[45.220s] -- Installing: /home/samar/takwa_ws/install/kobuki_core/bin/kobuki-version-info
[45.222s] -- Set runtime path of "/home/samar/takwa_ws/install/kobuki_core/bin/kobuki-version-info" to ""
[45.222s] -- Installing: /home/samar/takwa_ws/install/kobuki_core/bin/kobuki-simple-keyop
[45.224s] -- Set runtime path of "/home/samar/takwa_ws/install/kobuki_core/bin/kobuki-simple-keyop" to ""
[45.227s] Invoked command in '/home/samar/takwa_ws/build/kobuki_core' returned '0': CMAKE_PREFIX_PATH=${CMAKE_PREFIX_PATH}:/home/samar/takwa_ws/install/slam_launch:/home/samar/takwa_ws/install/nav2_launch:/home/samar/takwa_ws/install/mon_package:/home/samar/takwa_ws/install/follow_waypoints:/opt/ros/iron /usr/bin/cmake --install /home/samar/takwa_ws/build/kobuki_core
