[3.242s] Invoking command in '/home/samar/takwa_ws/src/mon_package': PYTHONPATH=/home/samar/takwa_ws/build/mon_package/prefix_override:/usr/lib/python3/dist-packages/colcon_core/task/python/colcon_distutils_commands:/home/samar/takwa_ws/install/mon_package/lib/python3.10/site-packages:${PYTHONPATH} /usr/bin/python3 -W ignore:setup.py install is deprecated setup.py egg_info --egg-base ../../build/mon_package build --build-base /home/samar/takwa_ws/build/mon_package/build install --record /home/samar/takwa_ws/build/mon_package/install.log --single-version-externally-managed install_data
[4.131s] running egg_info
[4.170s] writing ../../build/mon_package/mon_package.egg-info/PKG-INFO
[4.172s] writing dependency_links to ../../build/mon_package/mon_package.egg-info/dependency_links.txt
[4.172s] writing entry points to ../../build/mon_package/mon_package.egg-info/entry_points.txt
[4.175s] writing requirements to ../../build/mon_package/mon_package.egg-info/requires.txt
[4.175s] writing top-level names to ../../build/mon_package/mon_package.egg-info/top_level.txt
[4.584s] reading manifest file '../../build/mon_package/mon_package.egg-info/SOURCES.txt'
[4.587s] writing manifest file '../../build/mon_package/mon_package.egg-info/SOURCES.txt'
[4.588s] running build
[4.590s] running build_py
[4.591s] copying mon_package/diagnostic_file_logger.py -> /home/samar/takwa_ws/build/mon_package/build/lib/mon_package
[4.592s] copying mon_package/checkpoint_monitor_node.py -> /home/samar/takwa_ws/build/mon_package/build/lib/mon_package
[4.597s] copying mon_package/__init__.py -> /home/samar/takwa_ws/build/mon_package/build/lib/mon_package
[4.597s] copying mon_package/influxdb_logger_node.py -> /home/samar/takwa_ws/build/mon_package/build/lib/mon_package
[4.597s] copying mon_package/mqtt_subscriber_node.py -> /home/samar/takwa_ws/build/mon_package/build/lib/mon_package
[4.597s] copying mon_package/diagnostic_saver.py -> /home/samar/takwa_ws/build/mon_package/build/lib/mon_package
[4.598s] copying mon_package/anomaly_detector_node.py -> /home/samar/takwa_ws/build/mon_package/build/lib/mon_package
[4.598s] running install
[4.617s] running install_lib
[4.662s] copying /home/samar/takwa_ws/build/mon_package/build/lib/mon_package/diagnostic_file_logger.py -> /home/samar/takwa_ws/install/mon_package/lib/python3.10/site-packages/mon_package
[4.664s] byte-compiling /home/samar/takwa_ws/install/mon_package/lib/python3.10/site-packages/mon_package/diagnostic_file_logger.py to diagnostic_file_logger.cpython-310.pyc
[4.666s] running install_data
[4.668s] copying resource/mon_package -> /home/samar/takwa_ws/install/mon_package/share/ament_index/resource_index/packages
[4.668s] copying package.xml -> /home/samar/takwa_ws/install/mon_package/share/mon_package
[4.668s] copying launch/main_launch.py -> /home/samar/takwa_ws/install/mon_package/share/mon_package/launch
[4.668s] running install_egg_info
[4.713s] removing '/home/samar/takwa_ws/install/mon_package/lib/python3.10/site-packages/mon_package-0.0.0-py3.10.egg-info' (and everything under it)
[4.715s] Copying ../../build/mon_package/mon_package.egg-info to /home/samar/takwa_ws/install/mon_package/lib/python3.10/site-packages/mon_package-0.0.0-py3.10.egg-info
[4.716s] running install_scripts
[4.821s] Installing anomaly_detector_node script to /home/samar/takwa_ws/install/mon_package/lib/mon_package
[4.822s] Installing checkpoint_monitor_node script to /home/samar/takwa_ws/install/mon_package/lib/mon_package
[4.823s] Installing diagnostic_file_logger_node script to /home/samar/takwa_ws/install/mon_package/lib/mon_package
[4.823s] Installing diagnostic_saver_node script to /home/samar/takwa_ws/install/mon_package/lib/mon_package
[4.823s] Installing influxdb_logger_node script to /home/samar/takwa_ws/install/mon_package/lib/mon_package
[4.824s] Installing mqtt_subscriber_node script to /home/samar/takwa_ws/install/mon_package/lib/mon_package
[4.825s] writing list of installed files to '/home/samar/takwa_ws/build/mon_package/install.log'
[5.299s] Invoked command in '/home/samar/takwa_ws/src/mon_package' returned '0': PYTHONPATH=/home/samar/takwa_ws/build/mon_package/prefix_override:/usr/lib/python3/dist-packages/colcon_core/task/python/colcon_distutils_commands:/home/samar/takwa_ws/install/mon_package/lib/python3.10/site-packages:${PYTHONPATH} /usr/bin/python3 -W ignore:setup.py install is deprecated setup.py egg_info --egg-base ../../build/mon_package build --build-base /home/samar/takwa_ws/build/mon_package/build install --record /home/samar/takwa_ws/build/mon_package/install.log --single-version-externally-managed install_data
