[2.468s] Invoking command in '/home/samar/takwa_ws/src/nav2_launch': PYTHONPATH=/home/samar/takwa_ws/build/nav2_launch/prefix_override:/usr/lib/python3/dist-packages/colcon_core/task/python/colcon_distutils_commands:/home/samar/takwa_ws/install/nav2_launch/lib/python3.10/site-packages:${PYTHONPATH} /usr/bin/python3 -W ignore:setup.py install is deprecated setup.py egg_info --egg-base ../../build/nav2_launch build --build-base /home/samar/takwa_ws/build/nav2_launch/build install --record /home/samar/takwa_ws/build/nav2_launch/install.log --single-version-externally-managed install_data
[3.106s] running egg_info
[3.148s] writing ../../build/nav2_launch/nav2_launch.egg-info/PKG-INFO
[3.150s] writing dependency_links to ../../build/nav2_launch/nav2_launch.egg-info/dependency_links.txt
[3.151s] writing entry points to ../../build/nav2_launch/nav2_launch.egg-info/entry_points.txt
[3.152s] writing requirements to ../../build/nav2_launch/nav2_launch.egg-info/requires.txt
[3.153s] writing top-level names to ../../build/nav2_launch/nav2_launch.egg-info/top_level.txt
[3.464s] reading manifest file '../../build/nav2_launch/nav2_launch.egg-info/SOURCES.txt'
[3.464s] writing manifest file '../../build/nav2_launch/nav2_launch.egg-info/SOURCES.txt'
[3.464s] running build
[3.465s] running build_py
[3.465s] copying nav2_launch/__init__.py -> /home/samar/takwa_ws/build/nav2_launch/build/lib/nav2_launch
[3.467s] running install
[3.472s] running install_lib
[3.493s] running install_data
[3.493s] copying resource/nav2_launch -> /home/samar/takwa_ws/install/nav2_launch/share/ament_index/resource_index/packages
[3.493s] copying package.xml -> /home/samar/takwa_ws/install/nav2_launch/share/nav2_launch
[3.494s] copying launch/amcl_and_map.launch.py -> /home/samar/takwa_ws/install/nav2_launch/share/nav2_launch/launch
[3.494s] copying launch/slam.launch.py -> /home/samar/takwa_ws/install/nav2_launch/share/nav2_launch/launch
[3.494s] copying launch/navigation_launch.py -> /home/samar/takwa_ws/install/nav2_launch/share/nav2_launch/launch
[3.494s] copying config/slam_params.yaml -> /home/samar/takwa_ws/install/nav2_launch/share/nav2_launch/config
[3.494s] running install_egg_info
[3.519s] removing '/home/samar/takwa_ws/install/nav2_launch/lib/python3.10/site-packages/nav2_launch-0.0.0-py3.10.egg-info' (and everything under it)
[3.520s] Copying ../../build/nav2_launch/nav2_launch.egg-info to /home/samar/takwa_ws/install/nav2_launch/lib/python3.10/site-packages/nav2_launch-0.0.0-py3.10.egg-info
[3.521s] running install_scripts
[3.569s] Installing nav2_launch script to /home/samar/takwa_ws/install/nav2_launch/lib/nav2_launch
[3.569s] writing list of installed files to '/home/samar/takwa_ws/build/nav2_launch/install.log'
[3.623s] Invoked command in '/home/samar/takwa_ws/src/nav2_launch' returned '0': PYTHONPATH=/home/samar/takwa_ws/build/nav2_launch/prefix_override:/usr/lib/python3/dist-packages/colcon_core/task/python/colcon_distutils_commands:/home/samar/takwa_ws/install/nav2_launch/lib/python3.10/site-packages:${PYTHONPATH} /usr/bin/python3 -W ignore:setup.py install is deprecated setup.py egg_info --egg-base ../../build/nav2_launch build --build-base /home/samar/takwa_ws/build/nav2_launch/build install --record /home/samar/takwa_ws/build/nav2_launch/install.log --single-version-externally-managed install_data
