[0.043s] Invoking command in '/home/samar/takwa_ws/build/kobuki_core': CMAKE_PREFIX_PATH=${CMAKE_PREFIX_PATH}:/home/samar/takwa_ws/install/slam_launch:/home/samar/takwa_ws/install/nav2_launch:/home/samar/takwa_ws/install/mon_package:/home/samar/takwa_ws/install/follow_waypoints:/opt/ros/iron /usr/bin/cmake --build /home/samar/takwa_ws/build/kobuki_core -- -j4 -l4
[0.677s] [35m[1mConsolidate compiler generated dependencies of target kobuki_core[0m
[0.677s] [ 41%] Built target kobuki_core
[0.677s] [35m[1mConsolidate compiler generated dependencies of target kobuki_core_demo_buttons[0m
[0.677s] [35m[1mConsolidate compiler generated dependencies of target kobuki_core_demo_data_stream[0m
[0.677s] [35m[1mConsolidate compiler generated dependencies of target kobuki_core_demo_custom_logging[0m
[0.677s] [35m[1mConsolidate compiler generated dependencies of target kobuki_core_demo_chirp[0m
[0.677s] [ 47%] Built target kobuki_core_demo_buttons
[0.677s] [ 52%] Built target kobuki_core_demo_data_stream
[0.677s] [ 58%] Built target kobuki_core_demo_custom_logging
[0.677s] [35m[1mConsolidate compiler generated dependencies of target kobuki_core_demo_log_levels[0m
[0.678s] [ 64%] Built target kobuki_core_demo_chirp
[0.678s] [35m[1mConsolidate compiler generated dependencies of target kobuki_core_demo_raw_data_stream[0m
[0.678s] [35m[1mConsolidate compiler generated dependencies of target kobuki_core_demo_simple_loop[0m
[0.678s] [ 70%] Built target kobuki_core_demo_log_levels
[0.678s] [35m[1mConsolidate compiler generated dependencies of target kobuki_core_demo_velocity_commands[0m
[0.678s] [ 76%] Built target kobuki_core_demo_raw_data_stream
[0.678s] [35m[1mConsolidate compiler generated dependencies of target kobuki_core_tool_version_info[0m
[0.678s] [ 82%] Built target kobuki_core_demo_velocity_commands
[0.678s] [ 88%] Built target kobuki_core_demo_simple_loop
[0.678s] [35m[1mConsolidate compiler generated dependencies of target kobuki_core_tool_simple_keyop[0m
[0.679s] [ 94%] Built target kobuki_core_tool_version_info
[0.679s] [100%] Built target kobuki_core_tool_simple_keyop
[1.097s] Invoked command in '/home/samar/takwa_ws/build/kobuki_core' returned '0': CMAKE_PREFIX_PATH=${CMAKE_PREFIX_PATH}:/home/samar/takwa_ws/install/slam_launch:/home/samar/takwa_ws/install/nav2_launch:/home/samar/takwa_ws/install/mon_package:/home/samar/takwa_ws/install/follow_waypoints:/opt/ros/iron /usr/bin/cmake --build /home/samar/takwa_ws/build/kobuki_core -- -j4 -l4
[1.214s] Invoking command in '/home/samar/takwa_ws/build/kobuki_core': CMAKE_PREFIX_PATH=${CMAKE_PREFIX_PATH}:/home/samar/takwa_ws/install/slam_launch:/home/samar/takwa_ws/install/nav2_launch:/home/samar/takwa_ws/install/mon_package:/home/samar/takwa_ws/install/follow_waypoints:/opt/ros/iron /usr/bin/cmake --install /home/samar/takwa_ws/build/kobuki_core
[1.234s] -- Install configuration: ""
[1.235s] -- Up-to-date: /home/samar/takwa_ws/install/kobuki_core/include
[1.238s] -- Up-to-date: /home/samar/takwa_ws/install/kobuki_core/include/CMakeLists.txt
[1.238s] -- Up-to-date: /home/samar/takwa_ws/install/kobuki_core/include/kobuki_core
[1.238s] -- Up-to-date: /home/samar/takwa_ws/install/kobuki_core/include/kobuki_core/kobuki.hpp
[1.239s] -- Up-to-date: /home/samar/takwa_ws/install/kobuki_core/include/kobuki_core/parameters.hpp
[1.239s] -- Up-to-date: /home/samar/takwa_ws/install/kobuki_core/include/kobuki_core/dock_drive.hpp
[1.239s] -- Up-to-date: /home/samar/takwa_ws/install/kobuki_core/include/kobuki_core/modules
[1.239s] -- Up-to-date: /home/samar/takwa_ws/install/kobuki_core/include/kobuki_core/modules/battery.hpp
[1.239s] -- Up-to-date: /home/samar/takwa_ws/install/kobuki_core/include/kobuki_core/modules/digital_output.hpp
[1.239s] -- Up-to-date: /home/samar/takwa_ws/install/kobuki_core/include/kobuki_core/modules/sound.hpp
[1.239s] -- Up-to-date: /home/samar/takwa_ws/install/kobuki_core/include/kobuki_core/modules/led_array.hpp
[1.239s] -- Up-to-date: /home/samar/takwa_ws/install/kobuki_core/include/kobuki_core/modules/acceleration_limiter.hpp
[1.240s] -- Up-to-date: /home/samar/takwa_ws/install/kobuki_core/include/kobuki_core/modules/diff_drive.hpp
[1.240s] -- Up-to-date: /home/samar/takwa_ws/install/kobuki_core/include/kobuki_core/command.hpp
[1.240s] -- Up-to-date: /home/samar/takwa_ws/install/kobuki_core/include/kobuki_core/event_manager.hpp
[1.240s] -- Up-to-date: /home/samar/takwa_ws/install/kobuki_core/include/kobuki_core/modules.hpp
[1.240s] -- Up-to-date: /home/samar/takwa_ws/install/kobuki_core/include/kobuki_core/logging.hpp
[1.240s] -- Up-to-date: /home/samar/takwa_ws/install/kobuki_core/include/kobuki_core/packets.hpp
[1.240s] -- Up-to-date: /home/samar/takwa_ws/install/kobuki_core/include/kobuki_core/packet_handler
[1.240s] -- Up-to-date: /home/samar/takwa_ws/install/kobuki_core/include/kobuki_core/packet_handler/payload_base.hpp
[1.240s] -- Up-to-date: /home/samar/takwa_ws/install/kobuki_core/include/kobuki_core/packet_handler/payload_headers.hpp
[1.240s] -- Up-to-date: /home/samar/takwa_ws/install/kobuki_core/include/kobuki_core/packet_handler/packet_finder.hpp
[1.241s] -- Up-to-date: /home/samar/takwa_ws/install/kobuki_core/include/kobuki_core/packets
[1.241s] -- Up-to-date: /home/samar/takwa_ws/install/kobuki_core/include/kobuki_core/packets/eeprom.hpp
[1.241s] -- Up-to-date: /home/samar/takwa_ws/install/kobuki_core/include/kobuki_core/packets/gp_input.hpp
[1.241s] -- Up-to-date: /home/samar/takwa_ws/install/kobuki_core/include/kobuki_core/packets/controller_info.hpp
[1.241s] -- Up-to-date: /home/samar/takwa_ws/install/kobuki_core/include/kobuki_core/packets/dock_ir.hpp
[1.241s] -- Up-to-date: /home/samar/takwa_ws/install/kobuki_core/include/kobuki_core/packets/inertia.hpp
[1.241s] -- Up-to-date: /home/samar/takwa_ws/install/kobuki_core/include/kobuki_core/packets/three_axis_gyro.hpp
[1.241s] -- Up-to-date: /home/samar/takwa_ws/install/kobuki_core/include/kobuki_core/packets/core_sensors.hpp
[1.241s] -- Up-to-date: /home/samar/takwa_ws/install/kobuki_core/include/kobuki_core/packets/current.hpp
[1.241s] -- Up-to-date: /home/samar/takwa_ws/install/kobuki_core/include/kobuki_core/packets/firmware.hpp
[1.242s] -- Up-to-date: /home/samar/takwa_ws/install/kobuki_core/include/kobuki_core/packets/hardware.hpp
[1.245s] -- Up-to-date: /home/samar/takwa_ws/install/kobuki_core/include/kobuki_core/packets/cliff.hpp
[1.245s] -- Up-to-date: /home/samar/takwa_ws/install/kobuki_core/include/kobuki_core/packets/unique_device_id.hpp
[1.245s] -- Up-to-date: /home/samar/takwa_ws/install/kobuki_core/include/kobuki_core/version_info.hpp
[1.245s] -- Up-to-date: /home/samar/takwa_ws/install/kobuki_core/include/kobuki_core/macros.hpp
[1.246s] -- Up-to-date: /home/samar/takwa_ws/install/kobuki_core/share/kobuki_core/environment/library_path.sh
[1.246s] -- Up-to-date: /home/samar/takwa_ws/install/kobuki_core/share/kobuki_core/environment/library_path.dsv
[1.246s] -- Up-to-date: /home/samar/takwa_ws/install/kobuki_core/share/ament_index/resource_index/package_run_dependencies/kobuki_core
[1.246s] -- Up-to-date: /home/samar/takwa_ws/install/kobuki_core/share/ament_index/resource_index/parent_prefix_path/kobuki_core
[1.246s] -- Up-to-date: /home/samar/takwa_ws/install/kobuki_core/share/kobuki_core/environment/ament_prefix_path.sh
[1.247s] -- Up-to-date: /home/samar/takwa_ws/install/kobuki_core/share/kobuki_core/environment/ament_prefix_path.dsv
[1.248s] -- Up-to-date: /home/samar/takwa_ws/install/kobuki_core/share/kobuki_core/environment/path.sh
[1.248s] -- Up-to-date: /home/samar/takwa_ws/install/kobuki_core/share/kobuki_core/environment/path.dsv
[1.248s] -- Up-to-date: /home/samar/takwa_ws/install/kobuki_core/share/kobuki_core/local_setup.bash
[1.248s] -- Up-to-date: /home/samar/takwa_ws/install/kobuki_core/share/kobuki_core/local_setup.sh
[1.249s] -- Up-to-date: /home/samar/takwa_ws/install/kobuki_core/share/kobuki_core/local_setup.zsh
[1.249s] -- Up-to-date: /home/samar/takwa_ws/install/kobuki_core/share/kobuki_core/local_setup.dsv
[1.249s] -- Installing: /home/samar/takwa_ws/install/kobuki_core/share/kobuki_core/package.dsv
[1.250s] -- Up-to-date: /home/samar/takwa_ws/install/kobuki_core/share/ament_index/resource_index/packages/kobuki_core
[1.251s] -- Up-to-date: /home/samar/takwa_ws/install/kobuki_core/share/kobuki_core/cmake/kobuki_coreExport.cmake
[1.251s] -- Up-to-date: /home/samar/takwa_ws/install/kobuki_core/share/kobuki_core/cmake/kobuki_coreExport-noconfig.cmake
[1.251s] -- Up-to-date: /home/samar/takwa_ws/install/kobuki_core/share/kobuki_core/cmake/ament_cmake_export_targets-extras.cmake
[1.251s] -- Up-to-date: /home/samar/takwa_ws/install/kobuki_core/share/kobuki_core/cmake/ament_cmake_export_dependencies-extras.cmake
[1.251s] -- Up-to-date: /home/samar/takwa_ws/install/kobuki_core/share/kobuki_core/cmake/ament_cmake_export_include_directories-extras.cmake
[1.253s] -- Up-to-date: /home/samar/takwa_ws/install/kobuki_core/share/kobuki_core/cmake/ament_cmake_export_libraries-extras.cmake
[1.253s] -- Up-to-date: /home/samar/takwa_ws/install/kobuki_core/share/kobuki_core/cmake/kobuki_coreConfig.cmake
[1.253s] -- Up-to-date: /home/samar/takwa_ws/install/kobuki_core/share/kobuki_core/cmake/kobuki_coreConfig-version.cmake
[1.253s] -- Up-to-date: /home/samar/takwa_ws/install/kobuki_core/share/kobuki_core/package.xml
[1.253s] -- Up-to-date: /home/samar/takwa_ws/install/kobuki_core/include/kobuki_core
[1.254s] -- Up-to-date: /home/samar/takwa_ws/install/kobuki_core/include/kobuki_core/kobuki.hpp
[1.254s] -- Up-to-date: /home/samar/takwa_ws/install/kobuki_core/include/kobuki_core/parameters.hpp
[1.254s] -- Up-to-date: /home/samar/takwa_ws/install/kobuki_core/include/kobuki_core/dock_drive.hpp
[1.254s] -- Up-to-date: /home/samar/takwa_ws/install/kobuki_core/include/kobuki_core/modules
[1.254s] -- Up-to-date: /home/samar/takwa_ws/install/kobuki_core/include/kobuki_core/modules/battery.hpp
[1.254s] -- Up-to-date: /home/samar/takwa_ws/install/kobuki_core/include/kobuki_core/modules/digital_output.hpp
[1.255s] -- Up-to-date: /home/samar/takwa_ws/install/kobuki_core/include/kobuki_core/modules/sound.hpp
[1.255s] -- Up-to-date: /home/samar/takwa_ws/install/kobuki_core/include/kobuki_core/modules/led_array.hpp
[1.255s] -- Up-to-date: /home/samar/takwa_ws/install/kobuki_core/include/kobuki_core/modules/acceleration_limiter.hpp
[1.255s] -- Up-to-date: /home/samar/takwa_ws/install/kobuki_core/include/kobuki_core/modules/diff_drive.hpp
[1.255s] -- Up-to-date: /home/samar/takwa_ws/install/kobuki_core/include/kobuki_core/command.hpp
[1.255s] -- Up-to-date: /home/samar/takwa_ws/install/kobuki_core/include/kobuki_core/event_manager.hpp
[1.255s] -- Up-to-date: /home/samar/takwa_ws/install/kobuki_core/include/kobuki_core/modules.hpp
[1.255s] -- Up-to-date: /home/samar/takwa_ws/install/kobuki_core/include/kobuki_core/logging.hpp
[1.256s] -- Up-to-date: /home/samar/takwa_ws/install/kobuki_core/include/kobuki_core/packets.hpp
[1.256s] -- Up-to-date: /home/samar/takwa_ws/install/kobuki_core/include/kobuki_core/packet_handler
[1.256s] -- Up-to-date: /home/samar/takwa_ws/install/kobuki_core/include/kobuki_core/packet_handler/payload_base.hpp
[1.256s] -- Up-to-date: /home/samar/takwa_ws/install/kobuki_core/include/kobuki_core/packet_handler/payload_headers.hpp
[1.256s] -- Up-to-date: /home/samar/takwa_ws/install/kobuki_core/include/kobuki_core/packet_handler/packet_finder.hpp
[1.256s] -- Up-to-date: /home/samar/takwa_ws/install/kobuki_core/include/kobuki_core/packets
[1.256s] -- Up-to-date: /home/samar/takwa_ws/install/kobuki_core/include/kobuki_core/packets/eeprom.hpp
[1.256s] -- Up-to-date: /home/samar/takwa_ws/install/kobuki_core/include/kobuki_core/packets/gp_input.hpp
[1.256s] -- Up-to-date: /home/samar/takwa_ws/install/kobuki_core/include/kobuki_core/packets/controller_info.hpp
[1.257s] -- Up-to-date: /home/samar/takwa_ws/install/kobuki_core/include/kobuki_core/packets/dock_ir.hpp
[1.257s] -- Up-to-date: /home/samar/takwa_ws/install/kobuki_core/include/kobuki_core/packets/inertia.hpp
[1.260s] -- Up-to-date: /home/samar/takwa_ws/install/kobuki_core/include/kobuki_core/packets/three_axis_gyro.hpp
[1.260s] -- Up-to-date: /home/samar/takwa_ws/install/kobuki_core/include/kobuki_core/packets/core_sensors.hpp
[1.260s] -- Up-to-date: /home/samar/takwa_ws/install/kobuki_core/include/kobuki_core/packets/current.hpp
[1.260s] -- Up-to-date: /home/samar/takwa_ws/install/kobuki_core/include/kobuki_core/packets/firmware.hpp
[1.260s] -- Up-to-date: /home/samar/takwa_ws/install/kobuki_core/include/kobuki_core/packets/hardware.hpp
[1.261s] -- Up-to-date: /home/samar/takwa_ws/install/kobuki_core/include/kobuki_core/packets/cliff.hpp
[1.261s] -- Up-to-date: /home/samar/takwa_ws/install/kobuki_core/include/kobuki_core/packets/unique_device_id.hpp
[1.264s] -- Up-to-date: /home/samar/takwa_ws/install/kobuki_core/include/kobuki_core/version_info.hpp
[1.264s] -- Up-to-date: /home/samar/takwa_ws/install/kobuki_core/include/kobuki_core/macros.hpp
[1.264s] -- Up-to-date: /home/samar/takwa_ws/install/kobuki_core/lib/libkobuki_core.so.1.4.0
[1.265s] -- Up-to-date: /home/samar/takwa_ws/install/kobuki_core/lib/libkobuki_core.so
[1.265s] -- Up-to-date: /home/samar/takwa_ws/install/kobuki_core/lib/kobuki_core/demo_buttons
[1.265s] -- Up-to-date: /home/samar/takwa_ws/install/kobuki_core/lib/kobuki_core/demo_chirp
[1.265s] -- Up-to-date: /home/samar/takwa_ws/install/kobuki_core/lib/kobuki_core/demo_custom_logging
[1.265s] -- Up-to-date: /home/samar/takwa_ws/install/kobuki_core/lib/kobuki_core/demo_data_stream
[1.265s] -- Up-to-date: /home/samar/takwa_ws/install/kobuki_core/lib/kobuki_core/demo_log_levels
[1.265s] -- Up-to-date: /home/samar/takwa_ws/install/kobuki_core/lib/kobuki_core/demo_raw_data_stream
[1.265s] -- Up-to-date: /home/samar/takwa_ws/install/kobuki_core/lib/kobuki_core/demo_simple_loop
[1.265s] -- Up-to-date: /home/samar/takwa_ws/install/kobuki_core/lib/kobuki_core/demo_velocity_commands
[1.266s] -- Up-to-date: /home/samar/takwa_ws/install/kobuki_core/bin/kobuki-version-info
[1.266s] -- Up-to-date: /home/samar/takwa_ws/install/kobuki_core/bin/kobuki-simple-keyop
[1.266s] Invoked command in '/home/samar/takwa_ws/build/kobuki_core' returned '0': CMAKE_PREFIX_PATH=${CMAKE_PREFIX_PATH}:/home/samar/takwa_ws/install/slam_launch:/home/samar/takwa_ws/install/nav2_launch:/home/samar/takwa_ws/install/mon_package:/home/samar/takwa_ws/install/follow_waypoints:/opt/ros/iron /usr/bin/cmake --install /home/samar/takwa_ws/build/kobuki_core
