[3.019s] Invoking command in '/home/samar/takwa_ws/src/mon_package': PYTHONPATH=/home/samar/takwa_ws/build/mon_package/prefix_override:/usr/lib/python3/dist-packages/colcon_core/task/python/colcon_distutils_commands:/home/samar/takwa_ws/install/mon_package/lib/python3.10/site-packages:${PYTHONPATH} /usr/bin/python3 -W ignore:setup.py install is deprecated setup.py egg_info --egg-base ../../build/mon_package build --build-base /home/samar/takwa_ws/build/mon_package/build install --record /home/samar/takwa_ws/build/mon_package/install.log --single-version-externally-managed install_data
[3.706s] running egg_info
[3.741s] writing ../../build/mon_package/mon_package.egg-info/PKG-INFO
[3.742s] writing dependency_links to ../../build/mon_package/mon_package.egg-info/dependency_links.txt
[3.743s] writing entry points to ../../build/mon_package/mon_package.egg-info/entry_points.txt
[3.744s] writing requirements to ../../build/mon_package/mon_package.egg-info/requires.txt
[3.745s] writing top-level names to ../../build/mon_package/mon_package.egg-info/top_level.txt
[4.155s] reading manifest file '../../build/mon_package/mon_package.egg-info/SOURCES.txt'
[4.159s] writing manifest file '../../build/mon_package/mon_package.egg-info/SOURCES.txt'
[4.159s] running build
[4.160s] running build_py
[4.160s] copying mon_package/checkpoint_monitor_node.py -> /home/samar/takwa_ws/build/mon_package/build/lib/mon_package
[4.160s] copying mon_package/__init__.py -> /home/samar/takwa_ws/build/mon_package/build/lib/mon_package
[4.160s] copying mon_package/influxdb_logger_node.py -> /home/samar/takwa_ws/build/mon_package/build/lib/mon_package
[4.160s] copying mon_package/mqtt_subscriber_node.py -> /home/samar/takwa_ws/build/mon_package/build/lib/mon_package
[4.161s] copying mon_package/anomaly_detector_node.py -> /home/samar/takwa_ws/build/mon_package/build/lib/mon_package
[4.162s] running install
[4.185s] running install_lib
[4.234s] copying /home/samar/takwa_ws/build/mon_package/build/lib/mon_package/mqtt_subscriber_node.py -> /home/samar/takwa_ws/install/mon_package/lib/python3.10/site-packages/mon_package
[4.236s] byte-compiling /home/samar/takwa_ws/install/mon_package/lib/python3.10/site-packages/mon_package/mqtt_subscriber_node.py to mqtt_subscriber_node.cpython-310.pyc
[4.237s] running install_data
[4.237s] copying resource/mon_package -> /home/samar/takwa_ws/install/mon_package/share/ament_index/resource_index/packages
[4.238s] copying package.xml -> /home/samar/takwa_ws/install/mon_package/share/mon_package
[4.239s] copying launch/main_launch.py -> /home/samar/takwa_ws/install/mon_package/share/mon_package/launch
[4.240s] running install_egg_info
[4.303s] removing '/home/samar/takwa_ws/install/mon_package/lib/python3.10/site-packages/mon_package-0.0.0-py3.10.egg-info' (and everything under it)
[4.303s] Copying ../../build/mon_package/mon_package.egg-info to /home/samar/takwa_ws/install/mon_package/lib/python3.10/site-packages/mon_package-0.0.0-py3.10.egg-info
[4.303s] running install_scripts
[4.430s] Installing anomaly_detector_node script to /home/samar/takwa_ws/install/mon_package/lib/mon_package
[4.434s] Installing checkpoint_monitor_node script to /home/samar/takwa_ws/install/mon_package/lib/mon_package
[4.434s] Installing influxdb_logger_node script to /home/samar/takwa_ws/install/mon_package/lib/mon_package
[4.434s] Installing mqtt_subscriber_node script to /home/samar/takwa_ws/install/mon_package/lib/mon_package
[4.434s] writing list of installed files to '/home/samar/takwa_ws/build/mon_package/install.log'
[4.597s] Invoked command in '/home/samar/takwa_ws/src/mon_package' returned '0': PYTHONPATH=/home/samar/takwa_ws/build/mon_package/prefix_override:/usr/lib/python3/dist-packages/colcon_core/task/python/colcon_distutils_commands:/home/samar/takwa_ws/install/mon_package/lib/python3.10/site-packages:${PYTHONPATH} /usr/bin/python3 -W ignore:setup.py install is deprecated setup.py egg_info --egg-base ../../build/mon_package build --build-base /home/samar/takwa_ws/build/mon_package/build install --record /home/samar/takwa_ws/build/mon_package/install.log --single-version-externally-managed install_data
