[3.408s] Invoking command in '/home/samar/takwa_ws/src/mon_package': PYTHONPATH=/home/samar/takwa_ws/build/mon_package/prefix_override:/usr/lib/python3/dist-packages/colcon_core/task/python/colcon_distutils_commands:/home/samar/takwa_ws/install/mon_package/lib/python3.10/site-packages:${PYTHONPATH} /usr/bin/python3 -W ignore:setup.py install is deprecated setup.py egg_info --egg-base ../../build/mon_package build --build-base /home/samar/takwa_ws/build/mon_package/build install --record /home/samar/takwa_ws/build/mon_package/install.log --single-version-externally-managed install_data
[4.513s] running egg_info
[4.595s] writing ../../build/mon_package/mon_package.egg-info/PKG-INFO
[4.597s] writing dependency_links to ../../build/mon_package/mon_package.egg-info/dependency_links.txt
[4.599s] writing entry points to ../../build/mon_package/mon_package.egg-info/entry_points.txt
[4.599s] writing requirements to ../../build/mon_package/mon_package.egg-info/requires.txt
[4.599s] writing top-level names to ../../build/mon_package/mon_package.egg-info/top_level.txt
[5.128s] reading manifest file '../../build/mon_package/mon_package.egg-info/SOURCES.txt'
[5.131s] writing manifest file '../../build/mon_package/mon_package.egg-info/SOURCES.txt'
[5.132s] running build
[5.132s] running build_py
[5.132s] copying mon_package/checkpoint_monitor_node.py -> /home/samar/takwa_ws/build/mon_package/build/lib/mon_package
[5.134s] copying mon_package/__init__.py -> /home/samar/takwa_ws/build/mon_package/build/lib/mon_package
[5.139s] copying mon_package/influxdb_logger_node.py -> /home/samar/takwa_ws/build/mon_package/build/lib/mon_package
[5.139s] copying mon_package/mqtt_subscriber_node.py -> /home/samar/takwa_ws/build/mon_package/build/lib/mon_package
[5.139s] copying mon_package/anomaly_detector_node.py -> /home/samar/takwa_ws/build/mon_package/build/lib/mon_package
[5.139s] running install
[5.151s] running install_lib
[5.206s] copying /home/samar/takwa_ws/build/mon_package/build/lib/mon_package/checkpoint_monitor_node.py -> /home/samar/takwa_ws/install/mon_package/lib/python3.10/site-packages/mon_package
[5.209s] byte-compiling /home/samar/takwa_ws/install/mon_package/lib/python3.10/site-packages/mon_package/checkpoint_monitor_node.py to checkpoint_monitor_node.cpython-310.pyc
[5.213s] running install_data
[5.213s] copying resource/mon_package -> /home/samar/takwa_ws/install/mon_package/share/ament_index/resource_index/packages
[5.216s] copying package.xml -> /home/samar/takwa_ws/install/mon_package/share/mon_package
[5.217s] copying launch/main_launch.py -> /home/samar/takwa_ws/install/mon_package/share/mon_package/launch
[5.217s] running install_egg_info
[5.287s] removing '/home/samar/takwa_ws/install/mon_package/lib/python3.10/site-packages/mon_package-0.0.0-py3.10.egg-info' (and everything under it)
[5.290s] Copying ../../build/mon_package/mon_package.egg-info to /home/samar/takwa_ws/install/mon_package/lib/python3.10/site-packages/mon_package-0.0.0-py3.10.egg-info
[5.291s] running install_scripts
[5.467s] Installing anomaly_detector_node script to /home/samar/takwa_ws/install/mon_package/lib/mon_package
[5.468s] Installing checkpoint_monitor_node script to /home/samar/takwa_ws/install/mon_package/lib/mon_package
[5.468s] Installing influxdb_logger_node script to /home/samar/takwa_ws/install/mon_package/lib/mon_package
[5.468s] Installing mqtt_subscriber_node script to /home/samar/takwa_ws/install/mon_package/lib/mon_package
[5.468s] writing list of installed files to '/home/samar/takwa_ws/build/mon_package/install.log'
[5.529s] Invoked command in '/home/samar/takwa_ws/src/mon_package' returned '0': PYTHONPATH=/home/samar/takwa_ws/build/mon_package/prefix_override:/usr/lib/python3/dist-packages/colcon_core/task/python/colcon_distutils_commands:/home/samar/takwa_ws/install/mon_package/lib/python3.10/site-packages:${PYTHONPATH} /usr/bin/python3 -W ignore:setup.py install is deprecated setup.py egg_info --egg-base ../../build/mon_package build --build-base /home/samar/takwa_ws/build/mon_package/build install --record /home/samar/takwa_ws/build/mon_package/install.log --single-version-externally-managed install_data
