[3.077s] Invoking command in '/home/samar/takwa_ws/src/slam_launch': PYTHONPATH=/home/samar/takwa_ws/build/slam_launch/prefix_override:/usr/lib/python3/dist-packages/colcon_core/task/python/colcon_distutils_commands:/home/samar/takwa_ws/install/slam_launch/lib/python3.10/site-packages:${PYTHONPATH} /usr/bin/python3 -W ignore:setup.py install is deprecated setup.py egg_info --egg-base ../../build/slam_launch build --build-base /home/samar/takwa_ws/build/slam_launch/build install --record /home/samar/takwa_ws/build/slam_launch/install.log --single-version-externally-managed install_data
[3.505s] running egg_info
[3.540s] writing ../../build/slam_launch/slam_launch.egg-info/PKG-INFO
[3.541s] writing dependency_links to ../../build/slam_launch/slam_launch.egg-info/dependency_links.txt
[3.541s] writing requirements to ../../build/slam_launch/slam_launch.egg-info/requires.txt
[3.542s] writing top-level names to ../../build/slam_launch/slam_launch.egg-info/top_level.txt
[3.844s] reading manifest file '../../build/slam_launch/slam_launch.egg-info/SOURCES.txt'
[3.847s] writing manifest file '../../build/slam_launch/slam_launch.egg-info/SOURCES.txt'
[3.847s] running build
[3.847s] running build_py
[3.847s] copying slam_launch/__init__.py -> /home/samar/takwa_ws/build/slam_launch/build/lib/slam_launch
[3.848s] running install
[3.854s] running install_lib
[3.885s] running install_data
[3.886s] copying resource/slam_launch -> /home/samar/takwa_ws/install/slam_launch/share/ament_index/resource_index/packages
[3.886s] copying package.xml -> /home/samar/takwa_ws/install/slam_launch/share/slam_launch
[3.886s] running install_egg_info
[3.919s] removing '/home/samar/takwa_ws/install/slam_launch/lib/python3.10/site-packages/slam_launch-0.0.0-py3.10.egg-info' (and everything under it)
[3.919s] Copying ../../build/slam_launch/slam_launch.egg-info to /home/samar/takwa_ws/install/slam_launch/lib/python3.10/site-packages/slam_launch-0.0.0-py3.10.egg-info
[3.920s] running install_scripts
[3.987s] writing list of installed files to '/home/samar/takwa_ws/build/slam_launch/install.log'
[4.027s] Invoked command in '/home/samar/takwa_ws/src/slam_launch' returned '0': PYTHONPATH=/home/samar/takwa_ws/build/slam_launch/prefix_override:/usr/lib/python3/dist-packages/colcon_core/task/python/colcon_distutils_commands:/home/samar/takwa_ws/install/slam_launch/lib/python3.10/site-packages:${PYTHONPATH} /usr/bin/python3 -W ignore:setup.py install is deprecated setup.py egg_info --egg-base ../../build/slam_launch build --build-base /home/samar/takwa_ws/build/slam_launch/build install --record /home/samar/takwa_ws/build/slam_launch/install.log --single-version-externally-managed install_data
