running egg_info
creating ../../build/mon_package/mon_package.egg-info
writing ../../build/mon_package/mon_package.egg-info/PKG-INFO
writing dependency_links to ../../build/mon_package/mon_package.egg-info/dependency_links.txt
writing entry points to ../../build/mon_package/mon_package.egg-info/entry_points.txt
writing requirements to ../../build/mon_package/mon_package.egg-info/requires.txt
writing top-level names to ../../build/mon_package/mon_package.egg-info/top_level.txt
writing manifest file '../../build/mon_package/mon_package.egg-info/SOURCES.txt'
reading manifest file '../../build/mon_package/mon_package.egg-info/SOURCES.txt'
writing manifest file '../../build/mon_package/mon_package.egg-info/SOURCES.txt'
running build
running build_py
creating /home/samar/takwa_ws/build/mon_package/build
creating /home/samar/takwa_ws/build/mon_package/build/lib
creating /home/samar/takwa_ws/build/mon_package/build/lib/mon_package
copying mon_package/checkpoint_monitor_node.py -> /home/samar/takwa_ws/build/mon_package/build/lib/mon_package
copying mon_package/__init__.py -> /home/samar/takwa_ws/build/mon_package/build/lib/mon_package
copying mon_package/influxdb_logger_node.py -> /home/samar/takwa_ws/build/mon_package/build/lib/mon_package
copying mon_package/mqtt_subscriber_node.py -> /home/samar/takwa_ws/build/mon_package/build/lib/mon_package
copying mon_package/anomaly_detector_node.py -> /home/samar/takwa_ws/build/mon_package/build/lib/mon_package
running install
running install_lib
creating /home/samar/takwa_ws/install/mon_package/lib/python3.10/site-packages/mon_package
copying /home/samar/takwa_ws/build/mon_package/build/lib/mon_package/checkpoint_monitor_node.py -> /home/samar/takwa_ws/install/mon_package/lib/python3.10/site-packages/mon_package
copying /home/samar/takwa_ws/build/mon_package/build/lib/mon_package/__init__.py -> /home/samar/takwa_ws/install/mon_package/lib/python3.10/site-packages/mon_package
copying /home/samar/takwa_ws/build/mon_package/build/lib/mon_package/influxdb_logger_node.py -> /home/samar/takwa_ws/install/mon_package/lib/python3.10/site-packages/mon_package
copying /home/samar/takwa_ws/build/mon_package/build/lib/mon_package/mqtt_subscriber_node.py -> /home/samar/takwa_ws/install/mon_package/lib/python3.10/site-packages/mon_package
copying /home/samar/takwa_ws/build/mon_package/build/lib/mon_package/anomaly_detector_node.py -> /home/samar/takwa_ws/install/mon_package/lib/python3.10/site-packages/mon_package
byte-compiling /home/samar/takwa_ws/install/mon_package/lib/python3.10/site-packages/mon_package/checkpoint_monitor_node.py to checkpoint_monitor_node.cpython-310.pyc
byte-compiling /home/samar/takwa_ws/install/mon_package/lib/python3.10/site-packages/mon_package/__init__.py to __init__.cpython-310.pyc
byte-compiling /home/samar/takwa_ws/install/mon_package/lib/python3.10/site-packages/mon_package/influxdb_logger_node.py to influxdb_logger_node.cpython-310.pyc
byte-compiling /home/samar/takwa_ws/install/mon_package/lib/python3.10/site-packages/mon_package/mqtt_subscriber_node.py to mqtt_subscriber_node.cpython-310.pyc
byte-compiling /home/samar/takwa_ws/install/mon_package/lib/python3.10/site-packages/mon_package/anomaly_detector_node.py to anomaly_detector_node.cpython-310.pyc
running install_data
creating /home/samar/takwa_ws/install/mon_package/share/ament_index
creating /home/samar/takwa_ws/install/mon_package/share/ament_index/resource_index
creating /home/samar/takwa_ws/install/mon_package/share/ament_index/resource_index/packages
copying resource/mon_package -> /home/samar/takwa_ws/install/mon_package/share/ament_index/resource_index/packages
copying package.xml -> /home/samar/takwa_ws/install/mon_package/share/mon_package
creating /home/samar/takwa_ws/install/mon_package/share/mon_package/launch
copying launch/main_launch.py -> /home/samar/takwa_ws/install/mon_package/share/mon_package/launch
running install_egg_info
Copying ../../build/mon_package/mon_package.egg-info to /home/samar/takwa_ws/install/mon_package/lib/python3.10/site-packages/mon_package-0.0.0-py3.10.egg-info
running install_scripts
Installing anomaly_detector_node script to /home/samar/takwa_ws/install/mon_package/lib/mon_package
Installing checkpoint_monitor_node script to /home/samar/takwa_ws/install/mon_package/lib/mon_package
Installing influxdb_logger_node script to /home/samar/takwa_ws/install/mon_package/lib/mon_package
Installing mqtt_subscriber_node script to /home/samar/takwa_ws/install/mon_package/lib/mon_package
writing list of installed files to '/home/samar/takwa_ws/build/mon_package/install.log'
