[2.379s] Invoking command in '/home/samar/takwa_ws/src/mon_package': PYTHONPATH=/home/samar/takwa_ws/build/mon_package/prefix_override:/usr/lib/python3/dist-packages/colcon_core/task/python/colcon_distutils_commands:/home/samar/takwa_ws/install/mon_package/lib/python3.10/site-packages:${PYTHONPATH} /usr/bin/python3 -W ignore:setup.py install is deprecated setup.py egg_info --egg-base ../../build/mon_package build --build-base /home/samar/takwa_ws/build/mon_package/build install --record /home/samar/takwa_ws/build/mon_package/install.log --single-version-externally-managed install_data
[3.253s] running egg_info
[3.253s] creating ../../build/mon_package/mon_package.egg-info
[3.296s] writing ../../build/mon_package/mon_package.egg-info/PKG-INFO
[3.296s] writing dependency_links to ../../build/mon_package/mon_package.egg-info/dependency_links.txt
[3.297s] writing entry points to ../../build/mon_package/mon_package.egg-info/entry_points.txt
[3.297s] writing requirements to ../../build/mon_package/mon_package.egg-info/requires.txt
[3.297s] writing top-level names to ../../build/mon_package/mon_package.egg-info/top_level.txt
[3.546s] writing manifest file '../../build/mon_package/mon_package.egg-info/SOURCES.txt'
[3.673s] reading manifest file '../../build/mon_package/mon_package.egg-info/SOURCES.txt'
[3.675s] writing manifest file '../../build/mon_package/mon_package.egg-info/SOURCES.txt'
[3.677s] running build
[3.678s] running build_py
[3.678s] creating /home/samar/takwa_ws/build/mon_package/build
[3.678s] creating /home/samar/takwa_ws/build/mon_package/build/lib
[3.678s] creating /home/samar/takwa_ws/build/mon_package/build/lib/mon_package
[3.678s] copying mon_package/checkpoint_monitor_node.py -> /home/samar/takwa_ws/build/mon_package/build/lib/mon_package
[3.679s] copying mon_package/__init__.py -> /home/samar/takwa_ws/build/mon_package/build/lib/mon_package
[3.679s] copying mon_package/influxdb_logger_node.py -> /home/samar/takwa_ws/build/mon_package/build/lib/mon_package
[3.679s] copying mon_package/mqtt_subscriber_node.py -> /home/samar/takwa_ws/build/mon_package/build/lib/mon_package
[3.680s] copying mon_package/anomaly_detector_node.py -> /home/samar/takwa_ws/build/mon_package/build/lib/mon_package
[3.685s] running install
[3.701s] running install_lib
[3.783s] creating /home/samar/takwa_ws/install/mon_package/lib/python3.10/site-packages/mon_package
[3.783s] copying /home/samar/takwa_ws/build/mon_package/build/lib/mon_package/checkpoint_monitor_node.py -> /home/samar/takwa_ws/install/mon_package/lib/python3.10/site-packages/mon_package
[3.783s] copying /home/samar/takwa_ws/build/mon_package/build/lib/mon_package/__init__.py -> /home/samar/takwa_ws/install/mon_package/lib/python3.10/site-packages/mon_package
[3.783s] copying /home/samar/takwa_ws/build/mon_package/build/lib/mon_package/influxdb_logger_node.py -> /home/samar/takwa_ws/install/mon_package/lib/python3.10/site-packages/mon_package
[3.784s] copying /home/samar/takwa_ws/build/mon_package/build/lib/mon_package/mqtt_subscriber_node.py -> /home/samar/takwa_ws/install/mon_package/lib/python3.10/site-packages/mon_package
[3.784s] copying /home/samar/takwa_ws/build/mon_package/build/lib/mon_package/anomaly_detector_node.py -> /home/samar/takwa_ws/install/mon_package/lib/python3.10/site-packages/mon_package
[3.788s] byte-compiling /home/samar/takwa_ws/install/mon_package/lib/python3.10/site-packages/mon_package/checkpoint_monitor_node.py to checkpoint_monitor_node.cpython-310.pyc
[3.794s] byte-compiling /home/samar/takwa_ws/install/mon_package/lib/python3.10/site-packages/mon_package/__init__.py to __init__.cpython-310.pyc
[3.794s] byte-compiling /home/samar/takwa_ws/install/mon_package/lib/python3.10/site-packages/mon_package/influxdb_logger_node.py to influxdb_logger_node.cpython-310.pyc
[3.798s] byte-compiling /home/samar/takwa_ws/install/mon_package/lib/python3.10/site-packages/mon_package/mqtt_subscriber_node.py to mqtt_subscriber_node.cpython-310.pyc
[3.799s] byte-compiling /home/samar/takwa_ws/install/mon_package/lib/python3.10/site-packages/mon_package/anomaly_detector_node.py to anomaly_detector_node.cpython-310.pyc
[3.802s] running install_data
[3.802s] creating /home/samar/takwa_ws/install/mon_package/share/ament_index
[3.802s] creating /home/samar/takwa_ws/install/mon_package/share/ament_index/resource_index
[3.802s] creating /home/samar/takwa_ws/install/mon_package/share/ament_index/resource_index/packages
[3.802s] copying resource/mon_package -> /home/samar/takwa_ws/install/mon_package/share/ament_index/resource_index/packages
[3.805s] copying package.xml -> /home/samar/takwa_ws/install/mon_package/share/mon_package
[3.806s] creating /home/samar/takwa_ws/install/mon_package/share/mon_package/launch
[3.806s] copying launch/main_launch.py -> /home/samar/takwa_ws/install/mon_package/share/mon_package/launch
[3.806s] running install_egg_info
[3.893s] Copying ../../build/mon_package/mon_package.egg-info to /home/samar/takwa_ws/install/mon_package/lib/python3.10/site-packages/mon_package-0.0.0-py3.10.egg-info
[3.894s] running install_scripts
[4.073s] Installing anomaly_detector_node script to /home/samar/takwa_ws/install/mon_package/lib/mon_package
[4.075s] Installing checkpoint_monitor_node script to /home/samar/takwa_ws/install/mon_package/lib/mon_package
[4.076s] Installing influxdb_logger_node script to /home/samar/takwa_ws/install/mon_package/lib/mon_package
[4.076s] Installing mqtt_subscriber_node script to /home/samar/takwa_ws/install/mon_package/lib/mon_package
[4.076s] writing list of installed files to '/home/samar/takwa_ws/build/mon_package/install.log'
[4.635s] Invoked command in '/home/samar/takwa_ws/src/mon_package' returned '0': PYTHONPATH=/home/samar/takwa_ws/build/mon_package/prefix_override:/usr/lib/python3/dist-packages/colcon_core/task/python/colcon_distutils_commands:/home/samar/takwa_ws/install/mon_package/lib/python3.10/site-packages:${PYTHONPATH} /usr/bin/python3 -W ignore:setup.py install is deprecated setup.py egg_info --egg-base ../../build/mon_package build --build-base /home/samar/takwa_ws/build/mon_package/build install --record /home/samar/takwa_ws/build/mon_package/install.log --single-version-externally-managed install_data
