[0.046s] Invoking command in '/home/samar/takwa_ws/build/kobuki_core': CMAKE_PREFIX_PATH=${CMAKE_PREFIX_PATH}:/home/samar/takwa_ws/install/slam_launch:/home/samar/takwa_ws/install/nav2_launch:/home/samar/takwa_ws/install/mon_package:/home/samar/takwa_ws/install/follow_waypoints:/opt/ros/iron /usr/bin/cmake --build /home/samar/takwa_ws/build/kobuki_core -- -j4 -l4
[0.771s] [ 41%] Built target kobuki_core
[0.773s] [ 47%] Built target kobuki_core_demo_custom_logging
[0.773s] [ 52%] Built target kobuki_core_demo_buttons
[0.773s] [ 58%] Built target kobuki_core_demo_data_stream
[0.774s] [ 64%] Built target kobuki_core_demo_chirp
[0.774s] [ 70%] Built target kobuki_core_demo_raw_data_stream
[0.775s] [ 76%] Built target kobuki_core_demo_log_levels
[0.775s] [ 82%] Built target kobuki_core_demo_velocity_commands
[0.775s] [ 88%] Built target kobuki_core_demo_simple_loop
[0.775s] [ 94%] Built target kobuki_core_tool_version_info
[0.775s] [100%] Built target kobuki_core_tool_simple_keyop
[1.069s] Invoked command in '/home/samar/takwa_ws/build/kobuki_core' returned '0': CMAKE_PREFIX_PATH=${CMAKE_PREFIX_PATH}:/home/samar/takwa_ws/install/slam_launch:/home/samar/takwa_ws/install/nav2_launch:/home/samar/takwa_ws/install/mon_package:/home/samar/takwa_ws/install/follow_waypoints:/opt/ros/iron /usr/bin/cmake --build /home/samar/takwa_ws/build/kobuki_core -- -j4 -l4
[1.263s] Invoking command in '/home/samar/takwa_ws/build/kobuki_core': CMAKE_PREFIX_PATH=${CMAKE_PREFIX_PATH}:/home/samar/takwa_ws/install/slam_launch:/home/samar/takwa_ws/install/nav2_launch:/home/samar/takwa_ws/install/mon_package:/home/samar/takwa_ws/install/follow_waypoints:/opt/ros/iron /usr/bin/cmake --install /home/samar/takwa_ws/build/kobuki_core
[1.279s] -- Install configuration: ""
[1.279s] -- Up-to-date: /home/samar/takwa_ws/install/kobuki_core/include
[1.279s] -- Up-to-date: /home/samar/takwa_ws/install/kobuki_core/include/CMakeLists.txt
[1.280s] -- Up-to-date: /home/samar/takwa_ws/install/kobuki_core/include/kobuki_core
[1.280s] -- Up-to-date: /home/samar/takwa_ws/install/kobuki_core/include/kobuki_core/kobuki.hpp
[1.280s] -- Up-to-date: /home/samar/takwa_ws/install/kobuki_core/include/kobuki_core/parameters.hpp
[1.280s] -- Up-to-date: /home/samar/takwa_ws/install/kobuki_core/include/kobuki_core/dock_drive.hpp
[1.280s] -- Up-to-date: /home/samar/takwa_ws/install/kobuki_core/include/kobuki_core/modules
[1.280s] -- Up-to-date: /home/samar/takwa_ws/install/kobuki_core/include/kobuki_core/modules/battery.hpp
[1.281s] -- Up-to-date: /home/samar/takwa_ws/install/kobuki_core/include/kobuki_core/modules/digital_output.hpp
[1.281s] -- Up-to-date: /home/samar/takwa_ws/install/kobuki_core/include/kobuki_core/modules/sound.hpp
[1.281s] -- Up-to-date: /home/samar/takwa_ws/install/kobuki_core/include/kobuki_core/modules/led_array.hpp
[1.281s] -- Up-to-date: /home/samar/takwa_ws/install/kobuki_core/include/kobuki_core/modules/acceleration_limiter.hpp
[1.281s] -- Up-to-date: /home/samar/takwa_ws/install/kobuki_core/include/kobuki_core/modules/diff_drive.hpp
[1.281s] -- Up-to-date: /home/samar/takwa_ws/install/kobuki_core/include/kobuki_core/command.hpp
[1.281s] -- Up-to-date: /home/samar/takwa_ws/install/kobuki_core/include/kobuki_core/event_manager.hpp
[1.281s] -- Up-to-date: /home/samar/takwa_ws/install/kobuki_core/include/kobuki_core/modules.hpp
[1.282s] -- Up-to-date: /home/samar/takwa_ws/install/kobuki_core/include/kobuki_core/logging.hpp
[1.282s] -- Up-to-date: /home/samar/takwa_ws/install/kobuki_core/include/kobuki_core/packets.hpp
[1.282s] -- Up-to-date: /home/samar/takwa_ws/install/kobuki_core/include/kobuki_core/packet_handler
[1.282s] -- Up-to-date: /home/samar/takwa_ws/install/kobuki_core/include/kobuki_core/packet_handler/payload_base.hpp
[1.290s] -- Up-to-date: /home/samar/takwa_ws/install/kobuki_core/include/kobuki_core/packet_handler/payload_headers.hpp
[1.290s] -- Up-to-date: /home/samar/takwa_ws/install/kobuki_core/include/kobuki_core/packet_handler/packet_finder.hpp
[1.290s] -- Up-to-date: /home/samar/takwa_ws/install/kobuki_core/include/kobuki_core/packets
[1.290s] -- Up-to-date: /home/samar/takwa_ws/install/kobuki_core/include/kobuki_core/packets/eeprom.hpp
[1.290s] -- Up-to-date: /home/samar/takwa_ws/install/kobuki_core/include/kobuki_core/packets/gp_input.hpp
[1.290s] -- Up-to-date: /home/samar/takwa_ws/install/kobuki_core/include/kobuki_core/packets/controller_info.hpp
[1.291s] -- Up-to-date: /home/samar/takwa_ws/install/kobuki_core/include/kobuki_core/packets/dock_ir.hpp
[1.291s] -- Up-to-date: /home/samar/takwa_ws/install/kobuki_core/include/kobuki_core/packets/inertia.hpp
[1.291s] -- Up-to-date: /home/samar/takwa_ws/install/kobuki_core/include/kobuki_core/packets/three_axis_gyro.hpp
[1.291s] -- Up-to-date: /home/samar/takwa_ws/install/kobuki_core/include/kobuki_core/packets/core_sensors.hpp
[1.291s] -- Up-to-date: /home/samar/takwa_ws/install/kobuki_core/include/kobuki_core/packets/current.hpp
[1.291s] -- Up-to-date: /home/samar/takwa_ws/install/kobuki_core/include/kobuki_core/packets/firmware.hpp
[1.291s] -- Up-to-date: /home/samar/takwa_ws/install/kobuki_core/include/kobuki_core/packets/hardware.hpp
[1.292s] -- Up-to-date: /home/samar/takwa_ws/install/kobuki_core/include/kobuki_core/packets/cliff.hpp
[1.292s] -- Up-to-date: /home/samar/takwa_ws/install/kobuki_core/include/kobuki_core/packets/unique_device_id.hpp
[1.292s] -- Up-to-date: /home/samar/takwa_ws/install/kobuki_core/include/kobuki_core/version_info.hpp
[1.292s] -- Up-to-date: /home/samar/takwa_ws/install/kobuki_core/include/kobuki_core/macros.hpp
[1.296s] -- Up-to-date: /home/samar/takwa_ws/install/kobuki_core/share/kobuki_core/environment/library_path.sh
[1.296s] -- Up-to-date: /home/samar/takwa_ws/install/kobuki_core/share/kobuki_core/environment/library_path.dsv
[1.297s] -- Up-to-date: /home/samar/takwa_ws/install/kobuki_core/share/ament_index/resource_index/package_run_dependencies/kobuki_core
[1.297s] -- Up-to-date: /home/samar/takwa_ws/install/kobuki_core/share/ament_index/resource_index/parent_prefix_path/kobuki_core
[1.297s] -- Up-to-date: /home/samar/takwa_ws/install/kobuki_core/share/kobuki_core/environment/ament_prefix_path.sh
[1.297s] -- Up-to-date: /home/samar/takwa_ws/install/kobuki_core/share/kobuki_core/environment/ament_prefix_path.dsv
[1.297s] -- Up-to-date: /home/samar/takwa_ws/install/kobuki_core/share/kobuki_core/environment/path.sh
[1.297s] -- Up-to-date: /home/samar/takwa_ws/install/kobuki_core/share/kobuki_core/environment/path.dsv
[1.297s] -- Up-to-date: /home/samar/takwa_ws/install/kobuki_core/share/kobuki_core/local_setup.bash
[1.297s] -- Up-to-date: /home/samar/takwa_ws/install/kobuki_core/share/kobuki_core/local_setup.sh
[1.297s] -- Up-to-date: /home/samar/takwa_ws/install/kobuki_core/share/kobuki_core/local_setup.zsh
[1.298s] -- Up-to-date: /home/samar/takwa_ws/install/kobuki_core/share/kobuki_core/local_setup.dsv
[1.298s] -- Installing: /home/samar/takwa_ws/install/kobuki_core/share/kobuki_core/package.dsv
[1.298s] -- Up-to-date: /home/samar/takwa_ws/install/kobuki_core/share/ament_index/resource_index/packages/kobuki_core
[1.298s] -- Up-to-date: /home/samar/takwa_ws/install/kobuki_core/share/kobuki_core/cmake/kobuki_coreExport.cmake
[1.298s] -- Up-to-date: /home/samar/takwa_ws/install/kobuki_core/share/kobuki_core/cmake/kobuki_coreExport-noconfig.cmake
[1.298s] -- Up-to-date: /home/samar/takwa_ws/install/kobuki_core/share/kobuki_core/cmake/ament_cmake_export_targets-extras.cmake
[1.298s] -- Up-to-date: /home/samar/takwa_ws/install/kobuki_core/share/kobuki_core/cmake/ament_cmake_export_dependencies-extras.cmake
[1.298s] -- Up-to-date: /home/samar/takwa_ws/install/kobuki_core/share/kobuki_core/cmake/ament_cmake_export_include_directories-extras.cmake
[1.299s] -- Up-to-date: /home/samar/takwa_ws/install/kobuki_core/share/kobuki_core/cmake/ament_cmake_export_libraries-extras.cmake
[1.299s] -- Up-to-date: /home/samar/takwa_ws/install/kobuki_core/share/kobuki_core/cmake/kobuki_coreConfig.cmake
[1.299s] -- Up-to-date: /home/samar/takwa_ws/install/kobuki_core/share/kobuki_core/cmake/kobuki_coreConfig-version.cmake
[1.299s] -- Up-to-date: /home/samar/takwa_ws/install/kobuki_core/share/kobuki_core/package.xml
[1.299s] -- Up-to-date: /home/samar/takwa_ws/install/kobuki_core/include/kobuki_core
[1.304s] -- Up-to-date: /home/samar/takwa_ws/install/kobuki_core/include/kobuki_core/kobuki.hpp
[1.305s] -- Up-to-date: /home/samar/takwa_ws/install/kobuki_core/include/kobuki_core/parameters.hpp
[1.305s] -- Up-to-date: /home/samar/takwa_ws/install/kobuki_core/include/kobuki_core/dock_drive.hpp
[1.305s] -- Up-to-date: /home/samar/takwa_ws/install/kobuki_core/include/kobuki_core/modules
[1.305s] -- Up-to-date: /home/samar/takwa_ws/install/kobuki_core/include/kobuki_core/modules/battery.hpp
[1.305s] -- Up-to-date: /home/samar/takwa_ws/install/kobuki_core/include/kobuki_core/modules/digital_output.hpp
[1.305s] -- Up-to-date: /home/samar/takwa_ws/install/kobuki_core/include/kobuki_core/modules/sound.hpp
[1.306s] -- Up-to-date: /home/samar/takwa_ws/install/kobuki_core/include/kobuki_core/modules/led_array.hpp
[1.306s] -- Up-to-date: /home/samar/takwa_ws/install/kobuki_core/include/kobuki_core/modules/acceleration_limiter.hpp
[1.306s] -- Up-to-date: /home/samar/takwa_ws/install/kobuki_core/include/kobuki_core/modules/diff_drive.hpp
[1.306s] -- Up-to-date: /home/samar/takwa_ws/install/kobuki_core/include/kobuki_core/command.hpp
[1.306s] -- Up-to-date: /home/samar/takwa_ws/install/kobuki_core/include/kobuki_core/event_manager.hpp
[1.306s] -- Up-to-date: /home/samar/takwa_ws/install/kobuki_core/include/kobuki_core/modules.hpp
[1.306s] -- Up-to-date: /home/samar/takwa_ws/install/kobuki_core/include/kobuki_core/logging.hpp
[1.307s] -- Up-to-date: /home/samar/takwa_ws/install/kobuki_core/include/kobuki_core/packets.hpp
[1.307s] -- Up-to-date: /home/samar/takwa_ws/install/kobuki_core/include/kobuki_core/packet_handler
[1.307s] -- Up-to-date: /home/samar/takwa_ws/install/kobuki_core/include/kobuki_core/packet_handler/payload_base.hpp
[1.312s] -- Up-to-date: /home/samar/takwa_ws/install/kobuki_core/include/kobuki_core/packet_handler/payload_headers.hpp
[1.313s] -- Up-to-date: /home/samar/takwa_ws/install/kobuki_core/include/kobuki_core/packet_handler/packet_finder.hpp
[1.313s] -- Up-to-date: /home/samar/takwa_ws/install/kobuki_core/include/kobuki_core/packets
[1.313s] -- Up-to-date: /home/samar/takwa_ws/install/kobuki_core/include/kobuki_core/packets/eeprom.hpp
[1.313s] -- Up-to-date: /home/samar/takwa_ws/install/kobuki_core/include/kobuki_core/packets/gp_input.hpp
[1.313s] -- Up-to-date: /home/samar/takwa_ws/install/kobuki_core/include/kobuki_core/packets/controller_info.hpp
[1.313s] -- Up-to-date: /home/samar/takwa_ws/install/kobuki_core/include/kobuki_core/packets/dock_ir.hpp
[1.313s] -- Up-to-date: /home/samar/takwa_ws/install/kobuki_core/include/kobuki_core/packets/inertia.hpp
[1.313s] -- Up-to-date: /home/samar/takwa_ws/install/kobuki_core/include/kobuki_core/packets/three_axis_gyro.hpp
[1.313s] -- Up-to-date: /home/samar/takwa_ws/install/kobuki_core/include/kobuki_core/packets/core_sensors.hpp
[1.314s] -- Up-to-date: /home/samar/takwa_ws/install/kobuki_core/include/kobuki_core/packets/current.hpp
[1.314s] -- Up-to-date: /home/samar/takwa_ws/install/kobuki_core/include/kobuki_core/packets/firmware.hpp
[1.314s] -- Up-to-date: /home/samar/takwa_ws/install/kobuki_core/include/kobuki_core/packets/hardware.hpp
[1.314s] -- Up-to-date: /home/samar/takwa_ws/install/kobuki_core/include/kobuki_core/packets/cliff.hpp
[1.314s] -- Up-to-date: /home/samar/takwa_ws/install/kobuki_core/include/kobuki_core/packets/unique_device_id.hpp
[1.314s] -- Up-to-date: /home/samar/takwa_ws/install/kobuki_core/include/kobuki_core/version_info.hpp
[1.314s] -- Up-to-date: /home/samar/takwa_ws/install/kobuki_core/include/kobuki_core/macros.hpp
[1.314s] -- Up-to-date: /home/samar/takwa_ws/install/kobuki_core/lib/libkobuki_core.so.1.4.0
[1.314s] -- Up-to-date: /home/samar/takwa_ws/install/kobuki_core/lib/libkobuki_core.so
[1.315s] -- Up-to-date: /home/samar/takwa_ws/install/kobuki_core/lib/kobuki_core/demo_buttons
[1.315s] -- Up-to-date: /home/samar/takwa_ws/install/kobuki_core/lib/kobuki_core/demo_chirp
[1.315s] -- Up-to-date: /home/samar/takwa_ws/install/kobuki_core/lib/kobuki_core/demo_custom_logging
[1.315s] -- Up-to-date: /home/samar/takwa_ws/install/kobuki_core/lib/kobuki_core/demo_data_stream
[1.315s] -- Up-to-date: /home/samar/takwa_ws/install/kobuki_core/lib/kobuki_core/demo_log_levels
[1.319s] -- Up-to-date: /home/samar/takwa_ws/install/kobuki_core/lib/kobuki_core/demo_raw_data_stream
[1.320s] -- Up-to-date: /home/samar/takwa_ws/install/kobuki_core/lib/kobuki_core/demo_simple_loop
[1.320s] -- Up-to-date: /home/samar/takwa_ws/install/kobuki_core/lib/kobuki_core/demo_velocity_commands
[1.320s] -- Up-to-date: /home/samar/takwa_ws/install/kobuki_core/bin/kobuki-version-info
[1.320s] -- Up-to-date: /home/samar/takwa_ws/install/kobuki_core/bin/kobuki-simple-keyop
[1.320s] Invoked command in '/home/samar/takwa_ws/build/kobuki_core' returned '0': CMAKE_PREFIX_PATH=${CMAKE_PREFIX_PATH}:/home/samar/takwa_ws/install/slam_launch:/home/samar/takwa_ws/install/nav2_launch:/home/samar/takwa_ws/install/mon_package:/home/samar/takwa_ws/install/follow_waypoints:/opt/ros/iron /usr/bin/cmake --install /home/samar/takwa_ws/build/kobuki_core
