running egg_info
creating ../../build/slam_launch/slam_launch.egg-info
writing ../../build/slam_launch/slam_launch.egg-info/PKG-INFO
writing dependency_links to ../../build/slam_launch/slam_launch.egg-info/dependency_links.txt
writing requirements to ../../build/slam_launch/slam_launch.egg-info/requires.txt
writing top-level names to ../../build/slam_launch/slam_launch.egg-info/top_level.txt
writing manifest file '../../build/slam_launch/slam_launch.egg-info/SOURCES.txt'
reading manifest file '../../build/slam_launch/slam_launch.egg-info/SOURCES.txt'
writing manifest file '../../build/slam_launch/slam_launch.egg-info/SOURCES.txt'
running build
running build_py
creating /home/samar/takwa_ws/build/slam_launch/build
creating /home/samar/takwa_ws/build/slam_launch/build/lib
creating /home/samar/takwa_ws/build/slam_launch/build/lib/slam_launch
copying slam_launch/__init__.py -> /home/samar/takwa_ws/build/slam_launch/build/lib/slam_launch
running install
running install_lib
creating /home/samar/takwa_ws/install/slam_launch/lib/python3.10/site-packages/slam_launch
copying /home/samar/takwa_ws/build/slam_launch/build/lib/slam_launch/__init__.py -> /home/samar/takwa_ws/install/slam_launch/lib/python3.10/site-packages/slam_launch
byte-compiling /home/samar/takwa_ws/install/slam_launch/lib/python3.10/site-packages/slam_launch/__init__.py to __init__.cpython-310.pyc
running install_data
creating /home/samar/takwa_ws/install/slam_launch/share/ament_index
creating /home/samar/takwa_ws/install/slam_launch/share/ament_index/resource_index
creating /home/samar/takwa_ws/install/slam_launch/share/ament_index/resource_index/packages
copying resource/slam_launch -> /home/samar/takwa_ws/install/slam_launch/share/ament_index/resource_index/packages
copying package.xml -> /home/samar/takwa_ws/install/slam_launch/share/slam_launch
running install_egg_info
Copying ../../build/slam_launch/slam_launch.egg-info to /home/samar/takwa_ws/install/slam_launch/lib/python3.10/site-packages/slam_launch-0.0.0-py3.10.egg-info
running install_scripts
writing list of installed files to '/home/samar/takwa_ws/build/slam_launch/install.log'
