[8.090s] Invoking command in '/home/samar/takwa_ws/src/nav2_launch': PYTHONPATH=/home/samar/takwa_ws/build/nav2_launch/prefix_override:/usr/lib/python3/dist-packages/colcon_core/task/python/colcon_distutils_commands:/home/samar/takwa_ws/install/nav2_launch/lib/python3.10/site-packages:${PYTHONPATH} /usr/bin/python3 -W ignore:setup.py install is deprecated setup.py egg_info --egg-base ../../build/nav2_launch build --build-base /home/samar/takwa_ws/build/nav2_launch/build install --record /home/samar/takwa_ws/build/nav2_launch/install.log --single-version-externally-managed install_data
[9.076s] running egg_info
[9.119s] writing ../../build/nav2_launch/nav2_launch.egg-info/PKG-INFO
[9.122s] writing dependency_links to ../../build/nav2_launch/nav2_launch.egg-info/dependency_links.txt
[9.122s] writing entry points to ../../build/nav2_launch/nav2_launch.egg-info/entry_points.txt
[9.122s] writing requirements to ../../build/nav2_launch/nav2_launch.egg-info/requires.txt
[9.122s] writing top-level names to ../../build/nav2_launch/nav2_launch.egg-info/top_level.txt
[9.514s] reading manifest file '../../build/nav2_launch/nav2_launch.egg-info/SOURCES.txt'
[9.515s] writing manifest file '../../build/nav2_launch/nav2_launch.egg-info/SOURCES.txt'
[9.516s] running build
[9.516s] running build_py
[9.517s] copying nav2_launch/__init__.py -> /home/samar/takwa_ws/build/nav2_launch/build/lib/nav2_launch
[9.517s] running install
[9.533s] running install_lib
[9.610s] running install_data
[9.611s] copying resource/nav2_launch -> /home/samar/takwa_ws/install/nav2_launch/share/ament_index/resource_index/packages
[9.617s] copying package.xml -> /home/samar/takwa_ws/install/nav2_launch/share/nav2_launch
[9.617s] copying launch/amcl_and_map.launch.py -> /home/samar/takwa_ws/install/nav2_launch/share/nav2_launch/launch
[9.618s] copying launch/slam.launch.py -> /home/samar/takwa_ws/install/nav2_launch/share/nav2_launch/launch
[9.619s] copying launch/navigation_launch.py -> /home/samar/takwa_ws/install/nav2_launch/share/nav2_launch/launch
[9.619s] copying config/slam_params.yaml -> /home/samar/takwa_ws/install/nav2_launch/share/nav2_launch/config
[9.619s] running install_egg_info
[9.718s] removing '/home/samar/takwa_ws/install/nav2_launch/lib/python3.10/site-packages/nav2_launch-0.0.0-py3.10.egg-info' (and everything under it)
[9.718s] Copying ../../build/nav2_launch/nav2_launch.egg-info to /home/samar/takwa_ws/install/nav2_launch/lib/python3.10/site-packages/nav2_launch-0.0.0-py3.10.egg-info
[9.718s] running install_scripts
[9.843s] Installing nav2_launch script to /home/samar/takwa_ws/install/nav2_launch/lib/nav2_launch
[9.843s] writing list of installed files to '/home/samar/takwa_ws/build/nav2_launch/install.log'
[9.934s] Invoked command in '/home/samar/takwa_ws/src/nav2_launch' returned '0': PYTHONPATH=/home/samar/takwa_ws/build/nav2_launch/prefix_override:/usr/lib/python3/dist-packages/colcon_core/task/python/colcon_distutils_commands:/home/samar/takwa_ws/install/nav2_launch/lib/python3.10/site-packages:${PYTHONPATH} /usr/bin/python3 -W ignore:setup.py install is deprecated setup.py egg_info --egg-base ../../build/nav2_launch build --build-base /home/samar/takwa_ws/build/nav2_launch/build install --record /home/samar/takwa_ws/build/nav2_launch/install.log --single-version-externally-managed install_data
