[0mCMake Error: The current CMakeCache.txt directory /home/samar/takwa_ws4/build/tbot_node/CMakeCache.txt is different than the directory /home/samar/takwa_ws/build/tbot_node where CMakeCache.txt was created. This may result in binaries being created in the wrong place. If you are not sure, reedit the CMakeCache.txt[0m
-- Install configuration: ""
-- Up-to-date: /home/samar/takwa_ws/install/tbot_node/share/tbot_node//launch
-- Up-to-date: /home/samar/takwa_ws/install/tbot_node/share/tbot_node//launch/pibot_launch.yaml
-- Up-to-date: /home/samar/takwa_ws/install/tbot_node/share/tbot_node//launch/minimal_launch.yaml
-- Up-to-date: /home/samar/takwa_ws/install/tbot_node/share/tbot_node//launch/super_launch.yaml
-- Up-to-date: /home/samar/takwa_ws/install/tbot_node/share/tbot_node//urdf
-- Up-to-date: /home/samar/takwa_ws/install/tbot_node/share/tbot_node//urdf/kobuki_standalone.urdf
-- Up-to-date: /home/samar/takwa_ws/install/tbot_node/share/tbot_node//urdf/tbot.urdf
-- Up-to-date: /home/samar/takwa_ws/install/tbot_node/share/tbot_node//urdf/create.urdf
-- Up-to-date: /home/samar/takwa_ws/install/tbot_node/share/tbot_node//rviz
-- Up-to-date: /home/samar/takwa_ws/install/tbot_node/share/tbot_node//rviz/super.rviz
-- Up-to-date: /home/samar/takwa_ws/install/tbot_node/share/ament_index/resource_index/package_run_dependencies/tbot_node
-- Up-to-date: /home/samar/takwa_ws/install/tbot_node/share/ament_index/resource_index/parent_prefix_path/tbot_node
-- Up-to-date: /home/samar/takwa_ws/install/tbot_node/share/tbot_node/environment/ament_prefix_path.sh
-- Up-to-date: /home/samar/takwa_ws/install/tbot_node/share/tbot_node/environment/ament_prefix_path.dsv
-- Up-to-date: /home/samar/takwa_ws/install/tbot_node/share/tbot_node/environment/path.sh
-- Up-to-date: /home/samar/takwa_ws/install/tbot_node/share/tbot_node/environment/path.dsv
-- Up-to-date: /home/samar/takwa_ws/install/tbot_node/share/tbot_node/local_setup.bash
-- Up-to-date: /home/samar/takwa_ws/install/tbot_node/share/tbot_node/local_setup.sh
-- Up-to-date: /home/samar/takwa_ws/install/tbot_node/share/tbot_node/local_setup.zsh
-- Up-to-date: /home/samar/takwa_ws/install/tbot_node/share/tbot_node/local_setup.dsv
-- Installing: /home/samar/takwa_ws/install/tbot_node/share/tbot_node/package.dsv
-- Up-to-date: /home/samar/takwa_ws/install/tbot_node/share/ament_index/resource_index/packages/tbot_node
-- Up-to-date: /home/samar/takwa_ws/install/tbot_node/share/tbot_node/cmake/tbot_nodeConfig.cmake
-- Up-to-date: /home/samar/takwa_ws/install/tbot_node/share/tbot_node/cmake/tbot_nodeConfig-version.cmake
-- Up-to-date: /home/samar/takwa_ws/install/tbot_node/share/tbot_node/package.xml
