[0.022s] Invoking command in '/home/samar/takwa_ws4/build/tbot_node': CMAKE_PREFIX_PATH=${CMAKE_PREFIX_PATH}:/home/samar/takwa_ws3/install/slam_launch:/home/samar/takwa_ws3/install/nav2_launch:/home/samar/takwa_ws3/install/mon_package:/home/samar/takwa_ws3/install/follow_waypoints:/home/samar/takwa_ws/install/slam_launch:/home/samar/takwa_ws/install/nav2_launch:/home/samar/takwa_ws/install/mon_package:/home/samar/takwa_ws/install/follow_waypoints:/opt/ros/iron /usr/bin/cmake --build /home/samar/takwa_ws4/build/tbot_node -- -j4 -l4
[0.036s] [0mCMake Error: The current CMakeCache.txt directory /home/samar/takwa_ws4/build/tbot_node/CMakeCache.txt is different than the directory /home/samar/takwa_ws/build/tbot_node where CMakeCache.txt was created. This may result in binaries being created in the wrong place. If you are not sure, reedit the CMakeCache.txt[0m
[0.094s] Invoked command in '/home/samar/takwa_ws4/build/tbot_node' returned '0': CMAKE_PREFIX_PATH=${CMAKE_PREFIX_PATH}:/home/samar/takwa_ws3/install/slam_launch:/home/samar/takwa_ws3/install/nav2_launch:/home/samar/takwa_ws3/install/mon_package:/home/samar/takwa_ws3/install/follow_waypoints:/home/samar/takwa_ws/install/slam_launch:/home/samar/takwa_ws/install/nav2_launch:/home/samar/takwa_ws/install/mon_package:/home/samar/takwa_ws/install/follow_waypoints:/opt/ros/iron /usr/bin/cmake --build /home/samar/takwa_ws4/build/tbot_node -- -j4 -l4
[0.137s] Invoking command in '/home/samar/takwa_ws4/build/tbot_node': CMAKE_PREFIX_PATH=${CMAKE_PREFIX_PATH}:/home/samar/takwa_ws3/install/slam_launch:/home/samar/takwa_ws3/install/nav2_launch:/home/samar/takwa_ws3/install/mon_package:/home/samar/takwa_ws3/install/follow_waypoints:/home/samar/takwa_ws/install/slam_launch:/home/samar/takwa_ws/install/nav2_launch:/home/samar/takwa_ws/install/mon_package:/home/samar/takwa_ws/install/follow_waypoints:/opt/ros/iron /usr/bin/cmake --install /home/samar/takwa_ws4/build/tbot_node
[0.151s] -- Install configuration: ""
[0.152s] -- Up-to-date: /home/samar/takwa_ws/install/tbot_node/share/tbot_node//launch
[0.153s] -- Up-to-date: /home/samar/takwa_ws/install/tbot_node/share/tbot_node//launch/pibot_launch.yaml
[0.153s] -- Up-to-date: /home/samar/takwa_ws/install/tbot_node/share/tbot_node//launch/minimal_launch.yaml
[0.153s] -- Up-to-date: /home/samar/takwa_ws/install/tbot_node/share/tbot_node//launch/super_launch.yaml
[0.153s] -- Up-to-date: /home/samar/takwa_ws/install/tbot_node/share/tbot_node//urdf
[0.153s] -- Up-to-date: /home/samar/takwa_ws/install/tbot_node/share/tbot_node//urdf/kobuki_standalone.urdf
[0.153s] -- Up-to-date: /home/samar/takwa_ws/install/tbot_node/share/tbot_node//urdf/tbot.urdf
[0.153s] -- Up-to-date: /home/samar/takwa_ws/install/tbot_node/share/tbot_node//urdf/create.urdf
[0.157s] -- Up-to-date: /home/samar/takwa_ws/install/tbot_node/share/tbot_node//rviz
[0.158s] -- Up-to-date: /home/samar/takwa_ws/install/tbot_node/share/tbot_node//rviz/super.rviz
[0.158s] -- Up-to-date: /home/samar/takwa_ws/install/tbot_node/share/ament_index/resource_index/package_run_dependencies/tbot_node
[0.158s] -- Up-to-date: /home/samar/takwa_ws/install/tbot_node/share/ament_index/resource_index/parent_prefix_path/tbot_node
[0.158s] -- Up-to-date: /home/samar/takwa_ws/install/tbot_node/share/tbot_node/environment/ament_prefix_path.sh
[0.158s] -- Up-to-date: /home/samar/takwa_ws/install/tbot_node/share/tbot_node/environment/ament_prefix_path.dsv
[0.158s] -- Up-to-date: /home/samar/takwa_ws/install/tbot_node/share/tbot_node/environment/path.sh
[0.158s] -- Up-to-date: /home/samar/takwa_ws/install/tbot_node/share/tbot_node/environment/path.dsv
[0.158s] -- Up-to-date: /home/samar/takwa_ws/install/tbot_node/share/tbot_node/local_setup.bash
[0.158s] -- Up-to-date: /home/samar/takwa_ws/install/tbot_node/share/tbot_node/local_setup.sh
[0.158s] -- Up-to-date: /home/samar/takwa_ws/install/tbot_node/share/tbot_node/local_setup.zsh
[0.159s] -- Up-to-date: /home/samar/takwa_ws/install/tbot_node/share/tbot_node/local_setup.dsv
[0.159s] -- Installing: /home/samar/takwa_ws/install/tbot_node/share/tbot_node/package.dsv
[0.159s] -- Up-to-date: /home/samar/takwa_ws/install/tbot_node/share/ament_index/resource_index/packages/tbot_node
[0.159s] -- Up-to-date: /home/samar/takwa_ws/install/tbot_node/share/tbot_node/cmake/tbot_nodeConfig.cmake
[0.159s] -- Up-to-date: /home/samar/takwa_ws/install/tbot_node/share/tbot_node/cmake/tbot_nodeConfig-version.cmake
[0.159s] -- Up-to-date: /home/samar/takwa_ws/install/tbot_node/share/tbot_node/package.xml
[0.159s] Invoked command in '/home/samar/takwa_ws4/build/tbot_node' returned '0': CMAKE_PREFIX_PATH=${CMAKE_PREFIX_PATH}:/home/samar/takwa_ws3/install/slam_launch:/home/samar/takwa_ws3/install/nav2_launch:/home/samar/takwa_ws3/install/mon_package:/home/samar/takwa_ws3/install/follow_waypoints:/home/samar/takwa_ws/install/slam_launch:/home/samar/takwa_ws/install/nav2_launch:/home/samar/takwa_ws/install/mon_package:/home/samar/takwa_ws/install/follow_waypoints:/opt/ros/iron /usr/bin/cmake --install /home/samar/takwa_ws4/build/tbot_node
